2025-05-19 17:34:18,712 [INFO] ==== DQN training started ====
2025-05-19 17:34:18,790 [INFO] EP 0001 | steps:349 | reward:  64.80 | length:06 | eps:0.238
2025-05-19 17:34:18,814 [INFO] EP 0002 | steps:142 | reward:  54.10 | length:07 | eps:0.117
2025-05-19 17:34:18,821 [INFO] EP 0003 | steps:040 | reward:  13.90 | length:04 | eps:0.096
2025-05-19 17:34:18,879 [INFO] EP 0004 | steps:313 | reward: 161.20 | length:16 | eps:0.050
2025-05-19 17:34:19,001 [INFO] EP 0005 | steps:750 | reward: 315.00 | length:26 | eps:0.050
2025-05-19 17:34:19,112 [INFO] EP 0006 | steps:651 | reward: 255.00 | length:22 | eps:0.050
2025-05-19 17:34:19,201 [INFO] EP 0007 | steps:463 | reward: 186.20 | length:17 | eps:0.050
2025-05-19 17:34:19,259 [INFO] EP 0008 | steps:345 | reward: 134.40 | length:13 | eps:0.050
2025-05-19 17:34:19,304 [INFO] EP 0009 | steps:259 | reward: 125.80 | length:13 | eps:0.050
2025-05-19 17:34:19,369 [INFO] EP 0010 | steps:373 | reward: 167.20 | length:16 | eps:0.050
2025-05-19 17:34:19,466 [INFO] EP 0011 | steps:521 | reward: 222.00 | length:20 | eps:0.050
2025-05-19 17:34:19,488 [INFO] EP 0012 | steps:134 | reward:  63.30 | length:08 | eps:0.050
2025-05-19 17:34:19,580 [INFO] EP 0013 | steps:481 | reward: 208.00 | length:19 | eps:0.050
2025-05-19 17:34:19,669 [INFO] EP 0014 | steps:485 | reward: 218.40 | length:20 | eps:0.050
2025-05-19 17:34:19,787 [INFO] EP 0015 | steps:592 | reward: 239.10 | length:21 | eps:0.050
2025-05-19 17:34:19,814 [INFO] EP 0016 | steps:134 | reward:  43.30 | length:06 | eps:0.050
2025-05-19 17:34:19,858 [INFO] EP 0017 | steps:221 | reward: 102.00 | length:11 | eps:0.050
2025-05-19 17:34:20,002 [INFO] EP 0018 | steps:750 | reward: 345.00 | length:29 | eps:0.050
2025-05-19 17:34:20,071 [INFO] EP 0019 | steps:382 | reward: 148.10 | length:14 | eps:0.050
2025-05-19 17:34:20,125 [INFO] EP 0020 | steps:283 | reward: 138.20 | length:14 | eps:0.050
2025-05-19 17:34:20,164 [INFO] EP 0021 | steps:193 | reward:  69.20 | length:08 | eps:0.050
2025-05-19 17:34:20,189 [INFO] EP 0022 | steps:139 | reward:  53.80 | length:07 | eps:0.050
2025-05-19 17:34:20,270 [INFO] EP 0023 | steps:410 | reward: 140.90 | length:13 | eps:0.050
2025-05-19 17:34:20,339 [INFO] EP 0024 | steps:366 | reward: 166.50 | length:16 | eps:0.050
2025-05-19 17:34:20,415 [INFO] EP 0025 | steps:411 | reward: 221.00 | length:21 | eps:0.050
2025-05-19 17:34:20,438 [INFO] EP 0026 | steps:121 | reward:  42.00 | length:06 | eps:0.050
2025-05-19 17:34:20,492 [INFO] EP 0027 | steps:270 | reward: 106.90 | length:11 | eps:0.050
2025-05-19 17:34:20,602 [INFO] EP 0028 | steps:613 | reward: 291.20 | length:26 | eps:0.050
2025-05-19 17:34:20,637 [INFO] EP 0029 | steps:186 | reward:  68.50 | length:08 | eps:0.050
2025-05-19 17:34:20,664 [INFO] EP 0030 | steps:149 | reward:  24.80 | length:04 | eps:0.050
2025-05-19 17:34:20,804 [INFO] EP 0031 | steps:750 | reward: 385.00 | length:33 | eps:0.050
2025-05-19 17:34:20,843 [INFO] EP 0032 | steps:191 | reward:  69.00 | length:08 | eps:0.050
2025-05-19 17:34:20,926 [INFO] EP 0033 | steps:442 | reward: 214.10 | length:20 | eps:0.050
2025-05-19 17:34:21,015 [INFO] EP 0034 | steps:477 | reward: 197.60 | length:18 | eps:0.050
2025-05-19 17:34:21,031 [INFO] EP 0035 | steps:083 | reward:  18.20 | length:04 | eps:0.050
2025-05-19 17:34:21,041 [INFO] EP 0036 | steps:059 | reward:  15.80 | length:04 | eps:0.050
2025-05-19 17:34:21,048 [INFO] EP 0037 | steps:036 | reward:  13.50 | length:04 | eps:0.050
2025-05-19 17:34:21,113 [INFO] EP 0038 | steps:349 | reward: 134.80 | length:13 | eps:0.050
2025-05-19 17:34:21,148 [INFO] EP 0039 | steps:160 | reward:  65.90 | length:08 | eps:0.050
2025-05-19 17:34:21,163 [INFO] EP 0040 | steps:068 | reward:   6.70 | length:03 | eps:0.050
2025-05-19 17:34:21,185 [INFO] EP 0041 | steps:108 | reward:  40.70 | length:06 | eps:0.050
2025-05-19 17:34:21,217 [INFO] EP 0042 | steps:148 | reward:  64.70 | length:08 | eps:0.050
2025-05-19 17:34:21,333 [INFO] EP 0043 | steps:556 | reward: 245.50 | length:22 | eps:0.050
2025-05-19 17:34:21,486 [INFO] EP 0044 | steps:632 | reward: 273.10 | length:24 | eps:0.050
2025-05-19 17:34:21,531 [INFO] EP 0045 | steps:206 | reward:  80.50 | length:09 | eps:0.050
2025-05-19 17:34:21,633 [INFO] EP 0046 | steps:522 | reward: 242.10 | length:22 | eps:0.050
2025-05-19 17:34:21,715 [INFO] EP 0047 | steps:344 | reward: 124.30 | length:12 | eps:0.050
2025-05-19 17:34:21,825 [INFO] EP 0048 | steps:524 | reward: 262.30 | length:24 | eps:0.050
2025-05-19 17:34:21,945 [INFO] EP 0049 | steps:568 | reward: 286.70 | length:26 | eps:0.050
2025-05-19 17:34:22,031 [INFO] EP 0050 | steps:413 | reward: 221.20 | length:21 | eps:0.050
2025-05-19 17:34:22,053 [INFO] EP 0051 | steps:122 | reward:  62.10 | length:08 | eps:0.050
2025-05-19 17:34:22,142 [INFO] EP 0052 | steps:485 | reward: 158.40 | length:14 | eps:0.050
2025-05-19 17:34:22,297 [INFO] EP 0053 | steps:750 | reward: 345.00 | length:29 | eps:0.050
2025-05-19 17:34:22,318 [INFO] EP 0054 | steps:095 | reward:  29.40 | length:05 | eps:0.050
2025-05-19 17:34:22,336 [INFO] EP 0055 | steps:087 | reward:   8.60 | length:03 | eps:0.050
2025-05-19 17:34:22,422 [INFO] EP 0056 | steps:407 | reward: 160.60 | length:15 | eps:0.050
2025-05-19 17:34:22,439 [INFO] EP 0057 | steps:072 | reward:  27.10 | length:05 | eps:0.050
2025-05-19 17:34:22,521 [INFO] EP 0058 | steps:418 | reward: 181.70 | length:17 | eps:0.050
2025-05-19 17:34:22,548 [INFO] EP 0059 | steps:147 | reward:  64.60 | length:08 | eps:0.050
2025-05-19 17:34:22,613 [INFO] EP 0060 | steps:342 | reward: 194.10 | length:19 | eps:0.050
2025-05-19 17:34:22,661 [INFO] EP 0061 | steps:251 | reward: 125.00 | length:13 | eps:0.050
2025-05-19 17:34:22,817 [INFO] EP 0062 | steps:750 | reward: 375.00 | length:32 | eps:0.050
2025-05-19 17:34:22,831 [INFO] EP 0063 | steps:064 | reward:  36.30 | length:06 | eps:0.050
2025-05-19 17:34:22,870 [INFO] EP 0064 | steps:190 | reward:  98.90 | length:11 | eps:0.050
2025-05-19 17:34:23,017 [INFO] EP 0065 | steps:750 | reward: 405.00 | length:35 | eps:0.050
2025-05-19 17:34:23,169 [INFO] EP 0066 | steps:750 | reward: 325.00 | length:27 | eps:0.050
2025-05-19 17:34:23,303 [INFO] EP 0067 | steps:645 | reward: 294.40 | length:26 | eps:0.050
2025-05-19 17:34:23,383 [INFO] EP 0068 | steps:374 | reward: 167.30 | length:16 | eps:0.050
2025-05-19 17:34:23,400 [INFO] EP 0069 | steps:065 | reward:  26.40 | length:05 | eps:0.050
2025-05-19 17:34:23,435 [INFO] EP 0070 | steps:136 | reward:  73.50 | length:09 | eps:0.050
2025-05-19 17:34:23,526 [INFO] EP 0071 | steps:430 | reward: 212.90 | length:20 | eps:0.050
2025-05-19 17:34:23,661 [INFO] EP 0072 | steps:713 | reward: 401.20 | length:36 | eps:0.050
2025-05-19 17:34:23,706 [INFO] EP 0073 | steps:254 | reward: 145.30 | length:15 | eps:0.050
2025-05-19 17:34:23,858 [INFO] EP 0074 | steps:750 | reward: 385.00 | length:33 | eps:0.050
2025-05-19 17:34:23,982 [INFO] EP 0075 | steps:610 | reward: 300.90 | length:27 | eps:0.050
2025-05-19 17:34:24,061 [INFO] EP 0076 | steps:396 | reward: 209.50 | length:20 | eps:0.050
2025-05-19 17:34:24,211 [INFO] EP 0077 | steps:750 | reward: 365.00 | length:31 | eps:0.050
2025-05-19 17:34:24,265 [INFO] EP 0078 | steps:288 | reward: 118.70 | length:12 | eps:0.050
2025-05-19 17:34:24,405 [INFO] EP 0079 | steps:750 | reward: 395.00 | length:34 | eps:0.050
2025-05-19 17:34:24,521 [INFO] EP 0080 | steps:622 | reward: 242.10 | length:21 | eps:0.050
2025-05-19 17:34:24,587 [INFO] EP 0081 | steps:362 | reward: 156.10 | length:15 | eps:0.050
2025-05-19 17:34:24,664 [INFO] EP 0082 | steps:400 | reward: 189.90 | length:18 | eps:0.050
2025-05-19 17:34:24,695 [INFO] EP 0083 | steps:154 | reward:  55.30 | length:07 | eps:0.050
2025-05-19 17:34:24,780 [INFO] EP 0084 | steps:467 | reward: 246.60 | length:23 | eps:0.050
2025-05-19 17:34:24,921 [INFO] EP 0085 | steps:750 | reward: 325.00 | length:27 | eps:0.050
2025-05-19 17:34:24,994 [INFO] EP 0086 | steps:413 | reward: 211.20 | length:20 | eps:0.050
2025-05-19 17:34:25,113 [INFO] EP 0087 | steps:605 | reward: 230.40 | length:20 | eps:0.050
2025-05-19 17:34:25,137 [INFO] EP 0088 | steps:124 | reward:  82.30 | length:10 | eps:0.050
2025-05-19 17:34:25,177 [INFO] EP 0089 | steps:212 | reward: 131.10 | length:14 | eps:0.050
2025-05-19 17:34:25,327 [INFO] EP 0090 | steps:747 | reward: 364.60 | length:32 | eps:0.050
2025-05-19 17:34:25,467 [INFO] EP 0091 | steps:705 | reward: 320.40 | length:28 | eps:0.050
2025-05-19 17:34:25,488 [INFO] EP 0092 | steps:111 | reward:  31.00 | length:05 | eps:0.050
2025-05-19 17:34:25,515 [INFO] EP 0093 | steps:142 | reward: 104.10 | length:12 | eps:0.050
2025-05-19 17:34:25,626 [INFO] EP 0094 | steps:548 | reward: 284.70 | length:26 | eps:0.050
2025-05-19 17:34:25,654 [INFO] EP 0095 | steps:140 | reward:  93.90 | length:11 | eps:0.050
2025-05-19 17:34:25,754 [INFO] EP 0096 | steps:515 | reward: 251.40 | length:23 | eps:0.050
2025-05-19 17:34:25,778 [INFO] EP 0097 | steps:114 | reward:  51.30 | length:07 | eps:0.050
2025-05-19 17:34:25,821 [INFO] EP 0098 | steps:228 | reward:  72.70 | length:08 | eps:0.050
2025-05-19 17:34:25,828 [INFO] EP 0099 | steps:037 | reward:  -6.40 | length:02 | eps:0.050
2025-05-19 17:34:30,545 [INFO] EP 0100 | steps:489 | reward: 148.80 | length:13 | eps:0.050
2025-05-19 17:34:30,616 [INFO] EP 0101 | steps:331 | reward: 143.00 | length:14 | eps:0.050
2025-05-19 17:34:30,643 [INFO] EP 0102 | steps:138 | reward:  53.70 | length:07 | eps:0.050
2025-05-19 17:34:30,750 [INFO] EP 0103 | steps:514 | reward: 231.30 | length:21 | eps:0.050
2025-05-19 17:34:30,760 [INFO] EP 0104 | steps:048 | reward:  14.70 | length:04 | eps:0.050
2025-05-19 17:34:30,841 [INFO] EP 0105 | steps:385 | reward: 168.40 | length:16 | eps:0.050
2025-05-19 17:34:30,862 [INFO] EP 0106 | steps:099 | reward:  39.80 | length:06 | eps:0.050
2025-05-19 17:34:31,019 [INFO] EP 0107 | steps:750 | reward: 395.00 | length:34 | eps:0.050
2025-05-19 17:34:31,138 [INFO] EP 0108 | steps:530 | reward: 252.90 | length:23 | eps:0.050
2025-05-19 17:34:31,286 [INFO] EP 0109 | steps:690 | reward: 328.90 | length:29 | eps:0.050
2025-05-19 17:34:31,325 [INFO] EP 0110 | steps:203 | reward:  90.20 | length:10 | eps:0.050
2025-05-19 17:34:31,339 [INFO] EP 0111 | steps:073 | reward:  27.20 | length:05 | eps:0.050
2025-05-19 17:34:31,402 [INFO] EP 0112 | steps:319 | reward: 151.80 | length:15 | eps:0.050
2025-05-19 17:34:31,522 [INFO] EP 0113 | steps:595 | reward: 269.40 | length:24 | eps:0.050
2025-05-19 17:34:31,633 [INFO] EP 0114 | steps:532 | reward: 263.10 | length:24 | eps:0.050
2025-05-19 17:34:31,679 [INFO] EP 0115 | steps:232 | reward: 153.10 | length:16 | eps:0.050
2025-05-19 17:34:31,856 [INFO] EP 0116 | steps:750 | reward: 335.00 | length:28 | eps:0.050
2025-05-19 17:34:32,045 [INFO] EP 0117 | steps:681 | reward: 338.00 | length:30 | eps:0.050
2025-05-19 17:34:32,127 [INFO] EP 0118 | steps:431 | reward: 213.00 | length:20 | eps:0.050
2025-05-19 17:34:32,170 [INFO] EP 0119 | steps:195 | reward:  69.40 | length:08 | eps:0.050
2025-05-19 17:34:32,279 [INFO] EP 0120 | steps:571 | reward: 277.00 | length:25 | eps:0.050
2025-05-19 17:34:32,408 [INFO] EP 0121 | steps:626 | reward: 302.50 | length:27 | eps:0.050
2025-05-19 17:34:32,478 [INFO] EP 0122 | steps:355 | reward: 185.40 | length:18 | eps:0.050
2025-05-19 17:34:32,557 [INFO] EP 0123 | steps:359 | reward: 165.80 | length:16 | eps:0.050
2025-05-19 17:34:32,669 [INFO] EP 0124 | steps:559 | reward: 245.80 | length:22 | eps:0.050
2025-05-19 17:34:32,688 [INFO] EP 0125 | steps:099 | reward:  49.80 | length:07 | eps:0.050
2025-05-19 17:34:32,787 [INFO] EP 0126 | steps:495 | reward: 259.40 | length:24 | eps:0.050
2025-05-19 17:34:32,911 [INFO] EP 0127 | steps:577 | reward: 277.60 | length:25 | eps:0.050
2025-05-19 17:34:32,939 [INFO] EP 0128 | steps:153 | reward:  85.20 | length:10 | eps:0.050
2025-05-19 17:34:33,071 [INFO] EP 0129 | steps:750 | reward: 355.00 | length:30 | eps:0.050
2025-05-19 17:34:33,186 [INFO] EP 0130 | steps:650 | reward: 274.90 | length:24 | eps:0.050
2025-05-19 17:34:33,335 [INFO] EP 0131 | steps:750 | reward: 375.00 | length:32 | eps:0.050
2025-05-19 17:34:33,480 [INFO] EP 0132 | steps:750 | reward: 345.00 | length:29 | eps:0.050
2025-05-19 17:34:33,579 [INFO] EP 0133 | steps:557 | reward: 255.60 | length:23 | eps:0.050
2025-05-19 17:34:33,595 [INFO] EP 0134 | steps:093 | reward:  19.20 | length:04 | eps:0.050
2025-05-19 17:34:33,630 [INFO] EP 0135 | steps:199 | reward:  79.80 | length:09 | eps:0.050
2025-05-19 17:34:33,721 [INFO] EP 0136 | steps:504 | reward: 260.30 | length:24 | eps:0.050
2025-05-19 17:34:33,833 [INFO] EP 0137 | steps:620 | reward: 331.90 | length:30 | eps:0.050
2025-05-19 17:34:33,972 [INFO] EP 0138 | steps:750 | reward: 355.00 | length:30 | eps:0.050
2025-05-19 17:34:34,047 [INFO] EP 0139 | steps:409 | reward: 180.80 | length:17 | eps:0.050
2025-05-19 17:34:34,185 [INFO] EP 0140 | steps:750 | reward: 355.00 | length:30 | eps:0.050
2025-05-19 17:34:34,250 [INFO] EP 0141 | steps:361 | reward: 146.00 | length:14 | eps:0.050
2025-05-19 17:34:34,339 [INFO] EP 0142 | steps:467 | reward: 166.60 | length:15 | eps:0.050
2025-05-19 17:34:34,378 [INFO] EP 0143 | steps:216 | reward: 101.50 | length:11 | eps:0.050
2025-05-19 17:34:34,484 [INFO] EP 0144 | steps:547 | reward: 274.60 | length:25 | eps:0.050
2025-05-19 17:34:34,520 [INFO] EP 0145 | steps:184 | reward:  78.30 | length:09 | eps:0.050
2025-05-19 17:34:34,540 [INFO] EP 0146 | steps:109 | reward:  50.80 | length:07 | eps:0.050
2025-05-19 17:34:34,553 [INFO] EP 0147 | steps:071 | reward:  17.00 | length:04 | eps:0.050
2025-05-19 17:34:34,589 [INFO] EP 0148 | steps:202 | reward:  70.10 | length:08 | eps:0.050
2025-05-19 17:34:34,641 [INFO] EP 0149 | steps:267 | reward: 116.60 | length:12 | eps:0.050
2025-05-19 17:34:34,712 [INFO] EP 0150 | steps:392 | reward: 179.10 | length:17 | eps:0.050
2025-05-19 17:34:34,737 [INFO] EP 0151 | steps:142 | reward:  64.10 | length:08 | eps:0.050
2025-05-19 17:34:34,878 [INFO] EP 0152 | steps:750 | reward: 315.00 | length:26 | eps:0.050
2025-05-19 17:34:34,942 [INFO] EP 0153 | steps:332 | reward: 153.10 | length:15 | eps:0.050
2025-05-19 17:34:35,042 [INFO] EP 0154 | steps:555 | reward: 245.40 | length:22 | eps:0.050
2025-05-19 17:34:35,118 [INFO] EP 0155 | steps:418 | reward: 151.70 | length:14 | eps:0.050
2025-05-19 17:34:35,253 [INFO] EP 0156 | steps:750 | reward: 325.00 | length:27 | eps:0.050
2025-05-19 17:34:35,387 [INFO] EP 0157 | steps:724 | reward: 352.30 | length:31 | eps:0.050
2025-05-19 17:34:35,501 [INFO] EP 0158 | steps:605 | reward: 250.40 | length:22 | eps:0.050
2025-05-19 17:34:35,593 [INFO] EP 0159 | steps:510 | reward: 210.90 | length:19 | eps:0.050
2025-05-19 17:34:35,660 [INFO] EP 0160 | steps:376 | reward: 177.50 | length:17 | eps:0.050
2025-05-19 17:34:35,737 [INFO] EP 0161 | steps:402 | reward: 180.10 | length:17 | eps:0.050
2025-05-19 17:34:35,865 [INFO] EP 0162 | steps:702 | reward: 330.10 | length:29 | eps:0.050
2025-05-19 17:34:35,966 [INFO] EP 0163 | steps:479 | reward: 217.80 | length:20 | eps:0.050
2025-05-19 17:34:35,997 [INFO] EP 0164 | steps:159 | reward:  85.80 | length:10 | eps:0.050
2025-05-19 17:34:36,103 [INFO] EP 0165 | steps:548 | reward: 264.70 | length:24 | eps:0.050
2025-05-19 17:34:36,130 [INFO] EP 0166 | steps:145 | reward:  84.40 | length:10 | eps:0.050
2025-05-19 17:34:36,266 [INFO] EP 0167 | steps:750 | reward: 405.00 | length:35 | eps:0.050
2025-05-19 17:34:36,319 [INFO] EP 0168 | steps:287 | reward: 108.60 | length:11 | eps:0.050
2025-05-19 17:34:36,458 [INFO] EP 0169 | steps:750 | reward: 365.00 | length:31 | eps:0.050
2025-05-19 17:34:36,611 [INFO] EP 0170 | steps:750 | reward: 355.00 | length:30 | eps:0.050
2025-05-19 17:34:36,676 [INFO] EP 0171 | steps:355 | reward: 125.40 | length:12 | eps:0.050
2025-05-19 17:34:36,770 [INFO] EP 0172 | steps:512 | reward: 221.10 | length:20 | eps:0.050
2025-05-19 17:34:36,899 [INFO] EP 0173 | steps:694 | reward: 279.30 | length:24 | eps:0.050
2025-05-19 17:34:36,937 [INFO] EP 0174 | steps:223 | reward: 112.20 | length:12 | eps:0.050
2025-05-19 17:34:36,948 [INFO] EP 0175 | steps:059 | reward:  25.80 | length:05 | eps:0.050
2025-05-19 17:34:37,043 [INFO] EP 0176 | steps:473 | reward: 197.20 | length:18 | eps:0.050
2025-05-19 17:34:37,200 [INFO] EP 0177 | steps:750 | reward: 345.00 | length:29 | eps:0.050
2025-05-19 17:34:37,337 [INFO] EP 0178 | steps:714 | reward: 321.30 | length:28 | eps:0.050
2025-05-19 17:34:37,347 [INFO] EP 0179 | steps:057 | reward:  15.60 | length:04 | eps:0.050
2025-05-19 17:34:37,486 [INFO] EP 0180 | steps:750 | reward: 385.00 | length:33 | eps:0.050
2025-05-19 17:34:37,584 [INFO] EP 0181 | steps:530 | reward: 242.90 | length:22 | eps:0.050
2025-05-19 17:34:37,649 [INFO] EP 0182 | steps:371 | reward: 217.00 | length:21 | eps:0.050
2025-05-19 17:34:37,726 [INFO] EP 0183 | steps:422 | reward: 182.10 | length:17 | eps:0.050
2025-05-19 17:34:37,738 [INFO] EP 0184 | steps:063 | reward:  16.20 | length:04 | eps:0.050
2025-05-19 17:34:37,839 [INFO] EP 0185 | steps:546 | reward: 294.50 | length:27 | eps:0.050
2025-05-19 17:34:37,911 [INFO] EP 0186 | steps:375 | reward: 177.40 | length:17 | eps:0.050
2025-05-19 17:34:37,983 [INFO] EP 0187 | steps:399 | reward: 159.80 | length:15 | eps:0.050
2025-05-19 17:34:38,119 [INFO] EP 0188 | steps:750 | reward: 295.00 | length:24 | eps:0.050
2025-05-19 17:34:38,191 [INFO] EP 0189 | steps:338 | reward: 143.70 | length:14 | eps:0.050
2025-05-19 17:34:38,344 [INFO] EP 0190 | steps:750 | reward: 305.00 | length:25 | eps:0.050
2025-05-19 17:34:38,372 [INFO] EP 0191 | steps:146 | reward:  54.50 | length:07 | eps:0.050
2025-05-19 17:34:38,519 [INFO] EP 0192 | steps:750 | reward: 405.00 | length:35 | eps:0.050
2025-05-19 17:34:38,601 [INFO] EP 0193 | steps:434 | reward: 203.30 | length:19 | eps:0.050
2025-05-19 17:34:38,670 [INFO] EP 0194 | steps:358 | reward: 165.70 | length:16 | eps:0.050
2025-05-19 17:34:38,813 [INFO] EP 0195 | steps:750 | reward: 365.00 | length:31 | eps:0.050
2025-05-19 17:34:38,832 [INFO] EP 0196 | steps:108 | reward:  50.70 | length:07 | eps:0.050
2025-05-19 17:34:38,960 [INFO] EP 0197 | steps:636 | reward: 333.50 | length:30 | eps:0.050
2025-05-19 17:34:39,104 [INFO] EP 0198 | steps:750 | reward: 345.00 | length:29 | eps:0.050
2025-05-19 17:34:39,250 [INFO] EP 0199 | steps:750 | reward: 455.00 | length:40 | eps:0.050
2025-05-19 17:34:42,629 [INFO] EP 0200 | steps:351 | reward: 155.00 | length:15 | eps:0.050
2025-05-19 17:34:42,711 [INFO] EP 0201 | steps:410 | reward: 180.90 | length:17 | eps:0.050
2025-05-19 17:34:42,861 [INFO] EP 0202 | steps:750 | reward: 375.00 | length:32 | eps:0.050
2025-05-19 17:34:42,917 [INFO] EP 0203 | steps:304 | reward: 120.30 | length:12 | eps:0.050
2025-05-19 17:34:42,969 [INFO] EP 0204 | steps:291 | reward: 159.00 | length:16 | eps:0.050
2025-05-19 17:34:43,022 [INFO] EP 0205 | steps:275 | reward: 117.40 | length:12 | eps:0.050
2025-05-19 17:34:43,079 [INFO] EP 0206 | steps:305 | reward: 120.40 | length:12 | eps:0.050
2025-05-19 17:34:43,121 [INFO] EP 0207 | steps:225 | reward:  82.40 | length:09 | eps:0.050
2025-05-19 17:34:43,191 [INFO] EP 0208 | steps:328 | reward: 152.70 | length:15 | eps:0.050
2025-05-19 17:34:43,243 [INFO] EP 0209 | steps:272 | reward: 117.10 | length:12 | eps:0.050
2025-05-19 17:34:43,351 [INFO] EP 0210 | steps:532 | reward: 223.10 | length:20 | eps:0.050
2025-05-19 17:34:43,408 [INFO] EP 0211 | steps:284 | reward: 138.30 | length:14 | eps:0.050
2025-05-19 17:34:43,554 [INFO] EP 0212 | steps:750 | reward: 355.00 | length:30 | eps:0.050
2025-05-19 17:34:43,629 [INFO] EP 0213 | steps:354 | reward: 135.30 | length:13 | eps:0.050
2025-05-19 17:34:43,723 [INFO] EP 0214 | steps:409 | reward: 220.80 | length:21 | eps:0.050
2025-05-19 17:34:43,793 [INFO] EP 0215 | steps:290 | reward: 128.90 | length:13 | eps:0.050
2025-05-19 17:34:43,891 [INFO] EP 0216 | steps:387 | reward: 128.60 | length:12 | eps:0.050
2025-05-19 17:34:43,909 [INFO] EP 0217 | steps:089 | reward:  18.80 | length:04 | eps:0.050
2025-05-19 17:34:43,951 [INFO] EP 0218 | steps:193 | reward:  99.20 | length:11 | eps:0.050
2025-05-19 17:34:44,091 [INFO] EP 0219 | steps:642 | reward: 334.10 | length:30 | eps:0.050
2025-05-19 17:34:44,245 [INFO] EP 0220 | steps:648 | reward: 304.70 | length:27 | eps:0.050
2025-05-19 17:34:44,334 [INFO] EP 0221 | steps:452 | reward: 185.10 | length:17 | eps:0.050
2025-05-19 17:34:44,350 [INFO] EP 0222 | steps:080 | reward:  17.90 | length:04 | eps:0.050
2025-05-19 17:34:44,509 [INFO] EP 0223 | steps:750 | reward: 385.00 | length:33 | eps:0.050
2025-05-19 17:34:44,533 [INFO] EP 0224 | steps:114 | reward:  31.30 | length:05 | eps:0.050
2025-05-19 17:34:44,599 [INFO] EP 0225 | steps:335 | reward: 123.40 | length:12 | eps:0.050
2025-05-19 17:34:44,680 [INFO] EP 0226 | steps:390 | reward: 198.90 | length:19 | eps:0.050
2025-05-19 17:34:44,766 [INFO] EP 0227 | steps:395 | reward: 159.40 | length:15 | eps:0.050
2025-05-19 17:34:44,814 [INFO] EP 0228 | steps:244 | reward: 134.30 | length:14 | eps:0.050
2025-05-19 17:34:44,895 [INFO] EP 0229 | steps:450 | reward: 204.90 | length:19 | eps:0.050
2025-05-19 17:34:44,924 [INFO] EP 0230 | steps:133 | reward:  53.20 | length:07 | eps:0.050
2025-05-19 17:34:45,006 [INFO] EP 0231 | steps:403 | reward: 170.20 | length:16 | eps:0.050
2025-05-19 17:34:45,151 [INFO] EP 0232 | steps:750 | reward: 365.00 | length:31 | eps:0.050
2025-05-19 17:34:45,170 [INFO] EP 0233 | steps:092 | reward:  29.10 | length:05 | eps:0.050
2025-05-19 17:34:45,198 [INFO] EP 0234 | steps:145 | reward:  44.40 | length:06 | eps:0.050
2025-05-19 17:34:45,227 [INFO] EP 0235 | steps:158 | reward:  65.70 | length:08 | eps:0.050
2025-05-19 17:34:45,360 [INFO] EP 0236 | steps:666 | reward: 316.50 | length:28 | eps:0.050
2025-05-19 17:34:45,468 [INFO] EP 0237 | steps:546 | reward: 254.50 | length:23 | eps:0.050
2025-05-19 17:34:45,551 [INFO] EP 0238 | steps:396 | reward: 189.50 | length:18 | eps:0.050
2025-05-19 17:34:45,630 [INFO] EP 0239 | steps:394 | reward: 189.30 | length:18 | eps:0.050
2025-05-19 17:34:45,751 [INFO] EP 0240 | steps:495 | reward: 229.40 | length:21 | eps:0.050
2025-05-19 17:34:45,785 [INFO] EP 0241 | steps:164 | reward:  66.30 | length:08 | eps:0.050
2025-05-19 17:34:45,914 [INFO] EP 0242 | steps:638 | reward: 283.70 | length:25 | eps:0.050
2025-05-19 17:34:46,064 [INFO] EP 0243 | steps:750 | reward: 355.00 | length:30 | eps:0.050
2025-05-19 17:34:46,102 [INFO] EP 0244 | steps:184 | reward:  78.30 | length:09 | eps:0.050
2025-05-19 17:34:46,224 [INFO] EP 0245 | steps:584 | reward: 238.30 | length:21 | eps:0.050
2025-05-19 17:34:46,377 [INFO] EP 0246 | steps:750 | reward: 345.00 | length:29 | eps:0.050
2025-05-19 17:34:46,449 [INFO] EP 0247 | steps:344 | reward: 184.30 | length:18 | eps:0.050
2025-05-19 17:34:46,580 [INFO] EP 0248 | steps:662 | reward: 356.10 | length:32 | eps:0.050
2025-05-19 17:34:46,672 [INFO] EP 0249 | steps:447 | reward: 204.60 | length:19 | eps:0.050
2025-05-19 17:34:46,818 [INFO] EP 0250 | steps:750 | reward: 335.00 | length:28 | eps:0.050
2025-05-19 17:34:46,896 [INFO] EP 0251 | steps:365 | reward: 166.40 | length:16 | eps:0.050
2025-05-19 17:34:47,012 [INFO] EP 0252 | steps:572 | reward: 227.10 | length:20 | eps:0.050
2025-05-19 17:34:47,101 [INFO] EP 0253 | steps:459 | reward: 225.80 | length:21 | eps:0.050
2025-05-19 17:34:47,156 [INFO] EP 0254 | steps:293 | reward: 139.20 | length:14 | eps:0.050
2025-05-19 17:34:47,239 [INFO] EP 0255 | steps:465 | reward: 226.40 | length:21 | eps:0.050
2025-05-19 17:34:47,301 [INFO] EP 0256 | steps:315 | reward: 151.40 | length:15 | eps:0.050
2025-05-19 17:34:47,372 [INFO] EP 0257 | steps:335 | reward: 133.40 | length:13 | eps:0.050
2025-05-19 17:34:47,385 [INFO] EP 0258 | steps:067 | reward:  16.60 | length:04 | eps:0.050
2025-05-19 17:34:47,409 [INFO] EP 0259 | steps:112 | reward:  71.10 | length:09 | eps:0.050
2025-05-19 17:34:47,419 [INFO] EP 0260 | steps:054 | reward:  25.30 | length:05 | eps:0.050
2025-05-19 17:34:47,536 [INFO] EP 0261 | steps:633 | reward: 313.20 | length:28 | eps:0.050
2025-05-19 17:34:47,629 [INFO] EP 0262 | steps:457 | reward: 195.60 | length:18 | eps:0.050
2025-05-19 17:34:47,647 [INFO] EP 0263 | steps:088 | reward:  38.70 | length:06 | eps:0.050
2025-05-19 17:34:47,655 [INFO] EP 0264 | steps:041 | reward:  14.00 | length:04 | eps:0.050
2025-05-19 17:34:47,747 [INFO] EP 0265 | steps:442 | reward: 224.10 | length:21 | eps:0.050
2025-05-19 17:34:47,860 [INFO] EP 0266 | steps:630 | reward: 312.90 | length:28 | eps:0.050
2025-05-19 17:34:47,971 [INFO] EP 0267 | steps:596 | reward: 269.50 | length:24 | eps:0.050
2025-05-19 17:34:48,050 [INFO] EP 0268 | steps:375 | reward: 157.40 | length:15 | eps:0.050
2025-05-19 17:34:48,130 [INFO] EP 0269 | steps:359 | reward: 155.80 | length:15 | eps:0.050
2025-05-19 17:34:48,217 [INFO] EP 0270 | steps:454 | reward: 195.30 | length:18 | eps:0.050
2025-05-19 17:34:48,269 [INFO] EP 0271 | steps:252 | reward: 105.10 | length:11 | eps:0.050
2025-05-19 17:34:48,371 [INFO] EP 0272 | steps:517 | reward: 241.60 | length:22 | eps:0.050
2025-05-19 17:34:48,522 [INFO] EP 0273 | steps:750 | reward: 365.00 | length:31 | eps:0.050
2025-05-19 17:34:48,633 [INFO] EP 0274 | steps:572 | reward: 287.10 | length:26 | eps:0.050
2025-05-19 17:34:48,710 [INFO] EP 0275 | steps:380 | reward: 167.90 | length:16 | eps:0.050
2025-05-19 17:34:48,811 [INFO] EP 0276 | steps:501 | reward: 240.00 | length:22 | eps:0.050
2025-05-19 17:34:48,963 [INFO] EP 0277 | steps:750 | reward: 395.00 | length:34 | eps:0.050
2025-05-19 17:34:49,017 [INFO] EP 0278 | steps:273 | reward: 157.20 | length:16 | eps:0.050
2025-05-19 17:34:49,139 [INFO] EP 0279 | steps:542 | reward: 284.10 | length:26 | eps:0.050
2025-05-19 17:34:49,156 [INFO] EP 0280 | steps:069 | reward:  26.80 | length:05 | eps:0.050
2025-05-19 17:34:49,196 [INFO] EP 0281 | steps:190 | reward:  98.90 | length:11 | eps:0.050
2025-05-19 17:34:49,232 [INFO] EP 0282 | steps:176 | reward:  57.50 | length:07 | eps:0.050
2025-05-19 17:34:49,287 [INFO] EP 0283 | steps:273 | reward: 147.20 | length:15 | eps:0.050
2025-05-19 17:34:49,401 [INFO] EP 0284 | steps:552 | reward: 255.10 | length:23 | eps:0.050
2025-05-19 17:34:49,484 [INFO] EP 0285 | steps:372 | reward: 167.10 | length:16 | eps:0.050
2025-05-19 17:34:49,571 [INFO] EP 0286 | steps:425 | reward: 202.40 | length:19 | eps:0.050
2025-05-19 17:34:49,711 [INFO] EP 0287 | steps:726 | reward: 332.50 | length:29 | eps:0.050
2025-05-19 17:34:49,760 [INFO] EP 0288 | steps:254 | reward: 125.30 | length:13 | eps:0.050
2025-05-19 17:34:49,864 [INFO] EP 0289 | steps:553 | reward: 265.20 | length:24 | eps:0.050
2025-05-19 17:34:50,003 [INFO] EP 0290 | steps:750 | reward: 325.00 | length:27 | eps:0.050
2025-05-19 17:34:50,060 [INFO] EP 0291 | steps:324 | reward: 172.30 | length:17 | eps:0.050
2025-05-19 17:34:50,157 [INFO] EP 0292 | steps:495 | reward: 229.40 | length:21 | eps:0.050
2025-05-19 17:34:50,295 [INFO] EP 0293 | steps:721 | reward: 342.00 | length:30 | eps:0.050
2025-05-19 17:34:50,353 [INFO] EP 0294 | steps:305 | reward: 160.40 | length:16 | eps:0.050
2025-05-19 17:34:50,501 [INFO] EP 0295 | steps:750 | reward: 355.00 | length:30 | eps:0.050
2025-05-19 17:34:50,518 [INFO] EP 0296 | steps:081 | reward:  28.00 | length:05 | eps:0.050
2025-05-19 17:34:50,567 [INFO] EP 0297 | steps:261 | reward: 116.00 | length:12 | eps:0.050
2025-05-19 17:34:50,581 [INFO] EP 0298 | steps:079 | reward:  17.80 | length:04 | eps:0.050
2025-05-19 17:34:50,601 [INFO] EP 0299 | steps:102 | reward:  40.10 | length:06 | eps:0.050
2025-05-19 17:34:57,382 [INFO] EP 0300 | steps:695 | reward: 299.40 | length:26 | eps:0.050
2025-05-19 17:34:57,432 [INFO] EP 0301 | steps:224 | reward: 102.30 | length:11 | eps:0.050
2025-05-19 17:34:57,489 [INFO] EP 0302 | steps:237 | reward: 123.60 | length:13 | eps:0.050
2025-05-19 17:34:57,565 [INFO] EP 0303 | steps:294 | reward: 149.30 | length:15 | eps:0.050
2025-05-19 17:34:57,656 [INFO] EP 0304 | steps:366 | reward: 206.50 | length:20 | eps:0.050
2025-05-19 17:34:57,847 [INFO] EP 0305 | steps:750 | reward: 355.00 | length:30 | eps:0.050
2025-05-19 17:34:58,020 [INFO] EP 0306 | steps:709 | reward: 280.80 | length:24 | eps:0.050
2025-05-19 17:34:58,142 [INFO] EP 0307 | steps:518 | reward: 221.70 | length:20 | eps:0.050
2025-05-19 17:34:58,302 [INFO] EP 0308 | steps:750 | reward: 335.00 | length:28 | eps:0.050
2025-05-19 17:34:58,337 [INFO] EP 0309 | steps:166 | reward:  56.50 | length:07 | eps:0.050
2025-05-19 17:34:58,355 [INFO] EP 0310 | steps:093 | reward:  49.20 | length:07 | eps:0.050
2025-05-19 17:34:58,510 [INFO] EP 0311 | steps:750 | reward: 375.00 | length:32 | eps:0.050
2025-05-19 17:34:58,626 [INFO] EP 0312 | steps:451 | reward: 225.00 | length:21 | eps:0.050
2025-05-19 17:34:58,741 [INFO] EP 0313 | steps:434 | reward: 183.30 | length:17 | eps:0.050
2025-05-19 17:34:58,857 [INFO] EP 0314 | steps:540 | reward: 243.90 | length:22 | eps:0.050
2025-05-19 17:34:58,863 [INFO] EP 0315 | steps:029 | reward:  -7.20 | length:02 | eps:0.050
2025-05-19 17:34:58,887 [INFO] EP 0316 | steps:118 | reward:  61.70 | length:08 | eps:0.050
2025-05-19 17:34:59,044 [INFO] EP 0317 | steps:750 | reward: 425.00 | length:37 | eps:0.050
2025-05-19 17:34:59,136 [INFO] EP 0318 | steps:427 | reward: 162.60 | length:15 | eps:0.050
2025-05-19 17:34:59,271 [INFO] EP 0319 | steps:616 | reward: 261.50 | length:23 | eps:0.050
2025-05-19 17:34:59,298 [INFO] EP 0320 | steps:143 | reward:  64.20 | length:08 | eps:0.050
2025-05-19 17:34:59,436 [INFO] EP 0321 | steps:654 | reward: 305.30 | length:27 | eps:0.050
2025-05-19 17:34:59,507 [INFO] EP 0322 | steps:343 | reward: 144.20 | length:14 | eps:0.050
2025-05-19 17:34:59,639 [INFO] EP 0323 | steps:586 | reward: 238.50 | length:21 | eps:0.050
2025-05-19 17:34:59,710 [INFO] EP 0324 | steps:352 | reward: 175.10 | length:17 | eps:0.050
2025-05-19 17:34:59,746 [INFO] EP 0325 | steps:177 | reward:  97.60 | length:11 | eps:0.050
2025-05-19 17:34:59,776 [INFO] EP 0326 | steps:131 | reward:  63.00 | length:08 | eps:0.050
2025-05-19 17:34:59,857 [INFO] EP 0327 | steps:370 | reward: 176.90 | length:17 | eps:0.050
2025-05-19 17:34:59,956 [INFO] EP 0328 | steps:480 | reward: 217.90 | length:20 | eps:0.050
2025-05-19 17:35:00,031 [INFO] EP 0329 | steps:353 | reward: 185.20 | length:18 | eps:0.050
2025-05-19 17:35:00,061 [INFO] EP 0330 | steps:141 | reward:  74.00 | length:09 | eps:0.050
2025-05-19 17:35:00,111 [INFO] EP 0331 | steps:254 | reward: 125.30 | length:13 | eps:0.050
2025-05-19 17:35:00,149 [INFO] EP 0332 | steps:187 | reward:  68.60 | length:08 | eps:0.050
2025-05-19 17:35:00,199 [INFO] EP 0333 | steps:255 | reward:  85.40 | length:09 | eps:0.050
2025-05-19 17:35:00,286 [INFO] EP 0334 | steps:391 | reward: 199.00 | length:19 | eps:0.050
2025-05-19 17:35:00,318 [INFO] EP 0335 | steps:147 | reward:  64.60 | length:08 | eps:0.050
2025-05-19 17:35:00,400 [INFO] EP 0336 | steps:400 | reward: 209.90 | length:20 | eps:0.050
2025-05-19 17:35:00,450 [INFO] EP 0337 | steps:223 | reward:  82.20 | length:09 | eps:0.050
2025-05-19 17:35:00,607 [INFO] EP 0338 | steps:750 | reward: 405.00 | length:35 | eps:0.050
2025-05-19 17:35:00,664 [INFO] EP 0339 | steps:288 | reward: 138.70 | length:14 | eps:0.050
2025-05-19 17:35:00,762 [INFO] EP 0340 | steps:435 | reward: 193.40 | length:18 | eps:0.050
2025-05-19 17:35:00,887 [INFO] EP 0341 | steps:590 | reward: 288.90 | length:26 | eps:0.050
2025-05-19 17:35:01,029 [INFO] EP 0342 | steps:750 | reward: 395.00 | length:34 | eps:0.050
2025-05-19 17:35:01,080 [INFO] EP 0343 | steps:271 | reward: 127.00 | length:13 | eps:0.050
2025-05-19 17:35:01,113 [INFO] EP 0344 | steps:179 | reward:  77.80 | length:09 | eps:0.050
2025-05-19 17:35:01,141 [INFO] EP 0345 | steps:137 | reward:  53.60 | length:07 | eps:0.050
2025-05-19 17:35:01,173 [INFO] EP 0346 | steps:178 | reward: 107.70 | length:12 | eps:0.050
2025-05-19 17:35:01,311 [INFO] EP 0347 | steps:750 | reward: 335.00 | length:28 | eps:0.050
2025-05-19 17:35:01,447 [INFO] EP 0348 | steps:750 | reward: 365.00 | length:31 | eps:0.050
2025-05-19 17:35:01,543 [INFO] EP 0349 | steps:513 | reward: 261.20 | length:24 | eps:0.050
2025-05-19 17:35:01,569 [INFO] EP 0350 | steps:131 | reward:  33.00 | length:05 | eps:0.050
2025-05-19 17:35:01,594 [INFO] EP 0351 | steps:134 | reward:  43.30 | length:06 | eps:0.050
2025-05-19 17:35:01,652 [INFO] EP 0352 | steps:309 | reward: 120.80 | length:12 | eps:0.050
2025-05-19 17:35:01,791 [INFO] EP 0353 | steps:750 | reward: 335.00 | length:28 | eps:0.050
2025-05-19 17:35:01,871 [INFO] EP 0354 | steps:363 | reward: 176.20 | length:17 | eps:0.050
2025-05-19 17:35:01,903 [INFO] EP 0355 | steps:166 | reward:  76.50 | length:09 | eps:0.050
2025-05-19 17:35:02,040 [INFO] EP 0356 | steps:689 | reward: 318.80 | length:28 | eps:0.050
2025-05-19 17:35:02,160 [INFO] EP 0357 | steps:621 | reward: 252.00 | length:22 | eps:0.050
2025-05-19 17:35:02,228 [INFO] EP 0358 | steps:360 | reward: 165.90 | length:16 | eps:0.050
2025-05-19 17:35:02,359 [INFO] EP 0359 | steps:660 | reward: 255.90 | length:22 | eps:0.050
2025-05-19 17:35:02,470 [INFO] EP 0360 | steps:612 | reward: 231.10 | length:20 | eps:0.050
2025-05-19 17:35:02,543 [INFO] EP 0361 | steps:386 | reward: 178.50 | length:17 | eps:0.050
2025-05-19 17:35:02,600 [INFO] EP 0362 | steps:313 | reward: 151.20 | length:15 | eps:0.050
2025-05-19 17:35:02,656 [INFO] EP 0363 | steps:270 | reward: 146.90 | length:15 | eps:0.050
2025-05-19 17:35:02,677 [INFO] EP 0364 | steps:073 | reward:  47.20 | length:07 | eps:0.050
2025-05-19 17:35:02,699 [INFO] EP 0365 | steps:110 | reward:  40.90 | length:06 | eps:0.050
2025-05-19 17:35:02,728 [INFO] EP 0366 | steps:130 | reward:  42.90 | length:06 | eps:0.050
2025-05-19 17:35:02,864 [INFO] EP 0367 | steps:713 | reward: 341.20 | length:30 | eps:0.050
2025-05-19 17:35:02,956 [INFO] EP 0368 | steps:502 | reward: 230.10 | length:21 | eps:0.050
2025-05-19 17:35:03,017 [INFO] EP 0369 | steps:328 | reward: 162.70 | length:16 | eps:0.050
2025-05-19 17:35:03,034 [INFO] EP 0370 | steps:098 | reward:  29.70 | length:05 | eps:0.050
2025-05-19 17:35:03,108 [INFO] EP 0371 | steps:380 | reward: 207.90 | length:20 | eps:0.050
2025-05-19 17:35:03,210 [INFO] EP 0372 | steps:530 | reward: 262.90 | length:24 | eps:0.050
2025-05-19 17:35:03,233 [INFO] EP 0373 | steps:117 | reward:  41.60 | length:06 | eps:0.050
2025-05-19 17:35:03,384 [INFO] EP 0374 | steps:750 | reward: 385.00 | length:33 | eps:0.050
2025-05-19 17:35:03,434 [INFO] EP 0375 | steps:270 | reward: 126.90 | length:13 | eps:0.050
2025-05-19 17:35:03,455 [INFO] EP 0376 | steps:102 | reward:  30.10 | length:05 | eps:0.050
2025-05-19 17:35:03,552 [INFO] EP 0377 | steps:506 | reward: 230.50 | length:21 | eps:0.050
2025-05-19 17:35:03,683 [INFO] EP 0378 | steps:678 | reward: 327.70 | length:29 | eps:0.050
2025-05-19 17:35:03,827 [INFO] EP 0379 | steps:750 | reward: 355.00 | length:30 | eps:0.050
2025-05-19 17:35:03,833 [INFO] EP 0380 | steps:033 | reward:  13.20 | length:04 | eps:0.050
2025-05-19 17:35:03,848 [INFO] EP 0381 | steps:076 | reward:  37.50 | length:06 | eps:0.050
2025-05-19 17:35:03,923 [INFO] EP 0382 | steps:389 | reward: 168.80 | length:16 | eps:0.050
2025-05-19 17:35:03,967 [INFO] EP 0383 | steps:223 | reward:  92.20 | length:10 | eps:0.050
2025-05-19 17:35:04,000 [INFO] EP 0384 | steps:170 | reward:  76.90 | length:09 | eps:0.050
2025-05-19 17:35:04,114 [INFO] EP 0385 | steps:573 | reward: 267.20 | length:24 | eps:0.050
2025-05-19 17:35:04,173 [INFO] EP 0386 | steps:274 | reward: 127.30 | length:13 | eps:0.050
2025-05-19 17:35:04,321 [INFO] EP 0387 | steps:750 | reward: 295.00 | length:24 | eps:0.050
2025-05-19 17:35:04,430 [INFO] EP 0388 | steps:522 | reward: 252.10 | length:23 | eps:0.050
2025-05-19 17:35:04,523 [INFO] EP 0389 | steps:494 | reward: 209.30 | length:19 | eps:0.050
2025-05-19 17:35:04,576 [INFO] EP 0390 | steps:286 | reward: 138.50 | length:14 | eps:0.050
2025-05-19 17:35:04,655 [INFO] EP 0391 | steps:422 | reward: 152.10 | length:14 | eps:0.050
2025-05-19 17:35:04,774 [INFO] EP 0392 | steps:636 | reward: 273.50 | length:24 | eps:0.050
2025-05-19 17:35:04,789 [INFO] EP 0393 | steps:081 | reward:  28.00 | length:05 | eps:0.050
2025-05-19 17:35:04,878 [INFO] EP 0394 | steps:468 | reward: 226.70 | length:21 | eps:0.050
2025-05-19 17:35:04,948 [INFO] EP 0395 | steps:383 | reward: 168.20 | length:16 | eps:0.050
2025-05-19 17:35:05,011 [INFO] EP 0396 | steps:348 | reward: 164.70 | length:16 | eps:0.050
2025-05-19 17:35:05,062 [INFO] EP 0397 | steps:251 | reward: 105.00 | length:11 | eps:0.050
2025-05-19 17:35:05,156 [INFO] EP 0398 | steps:499 | reward: 259.80 | length:24 | eps:0.050
2025-05-19 17:35:05,171 [INFO] EP 0399 | steps:083 | reward:  28.20 | length:05 | eps:0.050
2025-05-19 17:35:11,059 [INFO] EP 0400 | steps:611 | reward: 291.00 | length:26 | eps:0.050
2025-05-19 17:35:11,126 [INFO] EP 0401 | steps:320 | reward: 201.90 | length:20 | eps:0.050
2025-05-19 17:35:11,197 [INFO] EP 0402 | steps:352 | reward: 135.10 | length:13 | eps:0.050
2025-05-19 17:35:11,285 [INFO] EP 0403 | steps:393 | reward: 179.20 | length:17 | eps:0.050
2025-05-19 17:35:11,455 [INFO] EP 0404 | steps:750 | reward: 335.00 | length:28 | eps:0.050
2025-05-19 17:35:11,537 [INFO] EP 0405 | steps:402 | reward: 220.10 | length:21 | eps:0.050
2025-05-19 17:35:11,591 [INFO] EP 0406 | steps:275 | reward: 127.40 | length:13 | eps:0.050
2025-05-19 17:35:11,748 [INFO] EP 0407 | steps:714 | reward: 301.30 | length:26 | eps:0.050
2025-05-19 17:35:11,810 [INFO] EP 0408 | steps:310 | reward: 150.90 | length:15 | eps:0.050
2025-05-19 17:35:11,851 [INFO] EP 0409 | steps:192 | reward:  89.10 | length:10 | eps:0.050
2025-05-19 17:35:11,894 [INFO] EP 0410 | steps:191 | reward: 129.00 | length:14 | eps:0.050
2025-05-19 17:35:12,054 [INFO] EP 0411 | steps:750 | reward: 375.00 | length:32 | eps:0.050
2025-05-19 17:35:12,091 [INFO] EP 0412 | steps:163 | reward:  56.20 | length:07 | eps:0.050
2025-05-19 17:35:12,115 [INFO] EP 0413 | steps:110 | reward:  50.90 | length:07 | eps:0.050
2025-05-19 17:35:12,252 [INFO] EP 0414 | steps:586 | reward: 268.50 | length:24 | eps:0.050
2025-05-19 17:35:12,398 [INFO] EP 0415 | steps:473 | reward: 217.20 | length:20 | eps:0.050
2025-05-19 17:35:12,575 [INFO] EP 0416 | steps:750 | reward: 355.00 | length:30 | eps:0.050
2025-05-19 17:35:12,711 [INFO] EP 0417 | steps:494 | reward: 219.30 | length:20 | eps:0.050
2025-05-19 17:35:12,751 [INFO] EP 0418 | steps:157 | reward:  55.60 | length:07 | eps:0.050
2025-05-19 17:35:12,998 [INFO] EP 0419 | steps:750 | reward: 365.00 | length:31 | eps:0.050
2025-05-19 17:35:13,208 [INFO] EP 0420 | steps:750 | reward: 365.00 | length:31 | eps:0.050
2025-05-19 17:35:13,294 [INFO] EP 0421 | steps:334 | reward: 173.30 | length:17 | eps:0.050
2025-05-19 17:35:13,503 [INFO] EP 0422 | steps:750 | reward: 395.00 | length:34 | eps:0.050
2025-05-19 17:35:13,510 [INFO] EP 0423 | steps:033 | reward:  23.20 | length:05 | eps:0.050
2025-05-19 17:35:13,554 [INFO] EP 0424 | steps:188 | reward:  68.70 | length:08 | eps:0.050
2025-05-19 17:35:13,562 [INFO] EP 0425 | steps:035 | reward:  -6.60 | length:02 | eps:0.050
2025-05-19 17:35:13,727 [INFO] EP 0426 | steps:750 | reward: 355.00 | length:30 | eps:0.050
2025-05-19 17:35:13,835 [INFO] EP 0427 | steps:464 | reward: 206.30 | length:19 | eps:0.050
2025-05-19 17:35:14,008 [INFO] EP 0428 | steps:750 | reward: 345.00 | length:29 | eps:0.050
2025-05-19 17:35:14,104 [INFO] EP 0429 | steps:408 | reward: 210.70 | length:20 | eps:0.050
2025-05-19 17:35:14,201 [INFO] EP 0430 | steps:445 | reward: 204.40 | length:19 | eps:0.050
2025-05-19 17:35:14,410 [INFO] EP 0431 | steps:750 | reward: 365.00 | length:31 | eps:0.050
2025-05-19 17:35:14,500 [INFO] EP 0432 | steps:411 | reward: 201.00 | length:19 | eps:0.050
2025-05-19 17:35:14,534 [INFO] EP 0433 | steps:166 | reward: 116.50 | length:13 | eps:0.050
2025-05-19 17:35:14,642 [INFO] EP 0434 | steps:480 | reward: 237.90 | length:22 | eps:0.050
2025-05-19 17:35:14,655 [INFO] EP 0435 | steps:060 | reward:   5.90 | length:03 | eps:0.050
2025-05-19 17:35:14,718 [INFO] EP 0436 | steps:265 | reward: 126.40 | length:13 | eps:0.050
2025-05-19 17:35:14,806 [INFO] EP 0437 | steps:376 | reward: 157.50 | length:15 | eps:0.050
2025-05-19 17:35:14,839 [INFO] EP 0438 | steps:165 | reward:  76.40 | length:09 | eps:0.050
2025-05-19 17:35:14,922 [INFO] EP 0439 | steps:338 | reward: 173.70 | length:17 | eps:0.050
2025-05-19 17:35:14,966 [INFO] EP 0440 | steps:182 | reward:  78.10 | length:09 | eps:0.050
2025-05-19 17:35:14,995 [INFO] EP 0441 | steps:125 | reward:  72.40 | length:09 | eps:0.050
2025-05-19 17:35:15,040 [INFO] EP 0442 | steps:197 | reward:  79.60 | length:09 | eps:0.050
2025-05-19 17:35:15,083 [INFO] EP 0443 | steps:203 | reward:  90.20 | length:10 | eps:0.050
2025-05-19 17:35:15,100 [INFO] EP 0444 | steps:075 | reward:  37.40 | length:06 | eps:0.050
2025-05-19 17:35:15,138 [INFO] EP 0445 | steps:165 | reward:  86.40 | length:10 | eps:0.050
2025-05-19 17:35:15,159 [INFO] EP 0446 | steps:099 | reward:  29.80 | length:05 | eps:0.050
2025-05-19 17:35:15,209 [INFO] EP 0447 | steps:250 | reward: 144.90 | length:15 | eps:0.050
2025-05-19 17:35:15,307 [INFO] EP 0448 | steps:504 | reward: 220.30 | length:20 | eps:0.050
2025-05-19 17:35:15,377 [INFO] EP 0449 | steps:347 | reward: 184.60 | length:18 | eps:0.050
2025-05-19 17:35:15,449 [INFO] EP 0450 | steps:378 | reward: 127.70 | length:12 | eps:0.050
2025-05-19 17:35:15,554 [INFO] EP 0451 | steps:510 | reward: 250.90 | length:23 | eps:0.050
2025-05-19 17:35:15,572 [INFO] EP 0452 | steps:087 | reward:  28.60 | length:05 | eps:0.050
2025-05-19 17:35:15,717 [INFO] EP 0453 | steps:750 | reward: 425.00 | length:37 | eps:0.050
2025-05-19 17:35:15,814 [INFO] EP 0454 | steps:463 | reward: 256.20 | length:24 | eps:0.050
2025-05-19 17:35:15,965 [INFO] EP 0455 | steps:750 | reward: 355.00 | length:30 | eps:0.050
2025-05-19 17:35:16,005 [INFO] EP 0456 | steps:193 | reward:  79.20 | length:09 | eps:0.050
2025-05-19 17:35:16,069 [INFO] EP 0457 | steps:313 | reward: 121.20 | length:12 | eps:0.050
2025-05-19 17:35:16,073 [INFO] EP 0458 | steps:022 | reward:  12.10 | length:04 | eps:0.050
2025-05-19 17:35:16,087 [INFO] EP 0459 | steps:063 | reward:  36.20 | length:06 | eps:0.050
2025-05-19 17:35:16,135 [INFO] EP 0460 | steps:205 | reward:  60.40 | length:07 | eps:0.050
2025-05-19 17:35:16,199 [INFO] EP 0461 | steps:308 | reward: 130.70 | length:13 | eps:0.050
2025-05-19 17:35:16,366 [INFO] EP 0462 | steps:750 | reward: 345.00 | length:29 | eps:0.050
2025-05-19 17:35:16,515 [INFO] EP 0463 | steps:713 | reward: 301.20 | length:26 | eps:0.050
2025-05-19 17:35:16,645 [INFO] EP 0464 | steps:634 | reward: 293.30 | length:26 | eps:0.050
2025-05-19 17:35:16,765 [INFO] EP 0465 | steps:586 | reward: 268.50 | length:24 | eps:0.050
2025-05-19 17:35:16,901 [INFO] EP 0466 | steps:668 | reward: 296.70 | length:26 | eps:0.050
2025-05-19 17:35:17,055 [INFO] EP 0467 | steps:750 | reward: 365.00 | length:31 | eps:0.050
2025-05-19 17:35:17,062 [INFO] EP 0468 | steps:034 | reward:  13.30 | length:04 | eps:0.050
2025-05-19 17:35:17,104 [INFO] EP 0469 | steps:203 | reward: 100.20 | length:11 | eps:0.050
2025-05-19 17:35:17,178 [INFO] EP 0470 | steps:374 | reward: 177.30 | length:17 | eps:0.050
2025-05-19 17:35:17,301 [INFO] EP 0471 | steps:590 | reward: 248.90 | length:22 | eps:0.050
2025-05-19 17:35:17,478 [INFO] EP 0472 | steps:750 | reward: 355.00 | length:30 | eps:0.050
2025-05-19 17:35:17,584 [INFO] EP 0473 | steps:524 | reward: 222.30 | length:20 | eps:0.050
2025-05-19 17:35:17,742 [INFO] EP 0474 | steps:750 | reward: 345.00 | length:29 | eps:0.050
2025-05-19 17:35:17,780 [INFO] EP 0475 | steps:200 | reward:  89.90 | length:10 | eps:0.050
2025-05-19 17:35:17,885 [INFO] EP 0476 | steps:527 | reward: 272.60 | length:25 | eps:0.050
2025-05-19 17:35:18,024 [INFO] EP 0477 | steps:649 | reward: 344.80 | length:31 | eps:0.050
2025-05-19 17:35:18,113 [INFO] EP 0478 | steps:438 | reward: 183.70 | length:17 | eps:0.050
2025-05-19 17:35:18,179 [INFO] EP 0479 | steps:341 | reward: 114.00 | length:11 | eps:0.050
2025-05-19 17:35:18,247 [INFO] EP 0480 | steps:311 | reward: 151.00 | length:15 | eps:0.050
2025-05-19 17:35:18,317 [INFO] EP 0481 | steps:361 | reward: 126.00 | length:12 | eps:0.050
2025-05-19 17:35:18,364 [INFO] EP 0482 | steps:236 | reward: 133.50 | length:14 | eps:0.050
2025-05-19 17:35:18,390 [INFO] EP 0483 | steps:135 | reward:  93.40 | length:11 | eps:0.050
2025-05-19 17:35:18,430 [INFO] EP 0484 | steps:209 | reward: 120.80 | length:13 | eps:0.050
2025-05-19 17:35:18,507 [INFO] EP 0485 | steps:388 | reward: 218.70 | length:21 | eps:0.050
2025-05-19 17:35:18,555 [INFO] EP 0486 | steps:268 | reward: 106.70 | length:11 | eps:0.050
2025-05-19 17:35:18,673 [INFO] EP 0487 | steps:663 | reward: 296.20 | length:26 | eps:0.050
2025-05-19 17:35:18,745 [INFO] EP 0488 | steps:399 | reward: 169.80 | length:16 | eps:0.050
2025-05-19 17:35:18,814 [INFO] EP 0489 | steps:377 | reward: 167.60 | length:16 | eps:0.050
2025-05-19 17:35:18,909 [INFO] EP 0490 | steps:477 | reward: 197.60 | length:18 | eps:0.050
2025-05-19 17:35:18,955 [INFO] EP 0491 | steps:233 | reward:  93.20 | length:10 | eps:0.050
2025-05-19 17:35:19,078 [INFO] EP 0492 | steps:610 | reward: 310.90 | length:28 | eps:0.050
2025-05-19 17:35:19,113 [INFO] EP 0493 | steps:189 | reward: 118.80 | length:13 | eps:0.050
2025-05-19 17:35:19,148 [INFO] EP 0494 | steps:171 | reward:  77.00 | length:09 | eps:0.050
2025-05-19 17:35:19,249 [INFO] EP 0495 | steps:504 | reward: 240.30 | length:22 | eps:0.050
2025-05-19 17:35:19,333 [INFO] EP 0496 | steps:405 | reward: 210.40 | length:20 | eps:0.050
2025-05-19 17:35:19,343 [INFO] EP 0497 | steps:052 | reward:  -4.90 | length:02 | eps:0.050
2025-05-19 17:35:19,387 [INFO] EP 0498 | steps:216 | reward: 111.50 | length:12 | eps:0.050
2025-05-19 17:35:19,416 [INFO] EP 0499 | steps:143 | reward:  34.20 | length:05 | eps:0.050
2025-05-19 17:35:20,420 [INFO] EP 0500 | steps:091 | reward:  39.00 | length:06 | eps:0.050
2025-05-19 17:35:20,454 [INFO] EP 0501 | steps:117 | reward:  41.60 | length:06 | eps:0.050
2025-05-19 17:35:20,475 [INFO] EP 0502 | steps:088 | reward:  38.70 | length:06 | eps:0.050
2025-05-19 17:35:20,595 [INFO] EP 0503 | steps:544 | reward: 284.30 | length:26 | eps:0.050
2025-05-19 17:35:20,628 [INFO] EP 0504 | steps:165 | reward:  86.40 | length:10 | eps:0.050
2025-05-19 17:35:20,727 [INFO] EP 0505 | steps:394 | reward: 169.30 | length:16 | eps:0.050
2025-05-19 17:35:20,747 [INFO] EP 0506 | steps:100 | reward:  39.90 | length:06 | eps:0.050
2025-05-19 17:35:20,752 [INFO] EP 0507 | steps:028 | reward:  -7.30 | length:02 | eps:0.050
2025-05-19 17:35:20,779 [INFO] EP 0508 | steps:132 | reward:  53.10 | length:07 | eps:0.050
2025-05-19 17:35:20,841 [INFO] EP 0509 | steps:301 | reward: 190.00 | length:19 | eps:0.050
2025-05-19 17:35:20,940 [INFO] EP 0510 | steps:440 | reward: 233.90 | length:22 | eps:0.050
2025-05-19 17:35:21,002 [INFO] EP 0511 | steps:282 | reward: 128.10 | length:13 | eps:0.050
2025-05-19 17:35:21,044 [INFO] EP 0512 | steps:198 | reward:  79.70 | length:09 | eps:0.050
2025-05-19 17:35:21,105 [INFO] EP 0513 | steps:267 | reward: 106.60 | length:11 | eps:0.050
2025-05-19 17:35:21,144 [INFO] EP 0514 | steps:168 | reward:  66.70 | length:08 | eps:0.050
2025-05-19 17:35:21,156 [INFO] EP 0515 | steps:054 | reward:  15.30 | length:04 | eps:0.050
2025-05-19 17:35:21,328 [INFO] EP 0516 | steps:750 | reward: 355.00 | length:30 | eps:0.050
2025-05-19 17:35:21,418 [INFO] EP 0517 | steps:409 | reward: 200.80 | length:19 | eps:0.050
2025-05-19 17:35:21,462 [INFO] EP 0518 | steps:197 | reward: 109.60 | length:12 | eps:0.050
2025-05-19 17:35:21,467 [INFO] EP 0519 | steps:022 | reward:  12.10 | length:04 | eps:0.050
2025-05-19 17:35:21,563 [INFO] EP 0520 | steps:421 | reward: 162.00 | length:15 | eps:0.050
2025-05-19 17:35:21,693 [INFO] EP 0521 | steps:582 | reward: 258.10 | length:23 | eps:0.050
2025-05-19 17:35:21,796 [INFO] EP 0522 | steps:516 | reward: 251.50 | length:23 | eps:0.050
2025-05-19 17:35:21,930 [INFO] EP 0523 | steps:643 | reward: 314.20 | length:28 | eps:0.050
2025-05-19 17:35:21,990 [INFO] EP 0524 | steps:296 | reward: 169.50 | length:17 | eps:0.050
2025-05-19 17:35:22,017 [INFO] EP 0525 | steps:140 | reward:  53.90 | length:07 | eps:0.050
2025-05-19 17:35:22,110 [INFO] EP 0526 | steps:463 | reward: 216.20 | length:20 | eps:0.050
2025-05-19 17:35:22,155 [INFO] EP 0527 | steps:217 | reward: 101.60 | length:11 | eps:0.050
2025-05-19 17:35:22,241 [INFO] EP 0528 | steps:417 | reward: 191.60 | length:18 | eps:0.050
2025-05-19 17:35:22,291 [INFO] EP 0529 | steps:276 | reward: 137.50 | length:14 | eps:0.050
2025-05-19 17:35:22,458 [INFO] EP 0530 | steps:750 | reward: 305.00 | length:25 | eps:0.050
2025-05-19 17:35:22,470 [INFO] EP 0531 | steps:049 | reward:  24.80 | length:05 | eps:0.050
2025-05-19 17:35:22,577 [INFO] EP 0532 | steps:536 | reward: 223.50 | length:20 | eps:0.050
2025-05-19 17:35:22,684 [INFO] EP 0533 | steps:577 | reward: 247.60 | length:22 | eps:0.050
2025-05-19 17:35:22,748 [INFO] EP 0534 | steps:318 | reward: 121.70 | length:12 | eps:0.050
2025-05-19 17:35:22,812 [INFO] EP 0535 | steps:305 | reward: 130.40 | length:13 | eps:0.050
2025-05-19 17:35:22,967 [INFO] EP 0536 | steps:750 | reward: 345.00 | length:29 | eps:0.050
2025-05-19 17:35:23,121 [INFO] EP 0537 | steps:678 | reward: 297.70 | length:26 | eps:0.050
2025-05-19 17:35:23,172 [INFO] EP 0538 | steps:209 | reward:  90.80 | length:10 | eps:0.050
2025-05-19 17:35:23,259 [INFO] EP 0539 | steps:399 | reward: 159.80 | length:15 | eps:0.050
2025-05-19 17:35:23,310 [INFO] EP 0540 | steps:218 | reward: 121.70 | length:13 | eps:0.050
2025-05-19 17:35:23,460 [INFO] EP 0541 | steps:694 | reward: 269.30 | length:23 | eps:0.050
2025-05-19 17:35:23,479 [INFO] EP 0542 | steps:096 | reward:  49.50 | length:07 | eps:0.050
2025-05-19 17:35:23,625 [INFO] EP 0543 | steps:711 | reward: 361.00 | length:32 | eps:0.050
2025-05-19 17:35:23,699 [INFO] EP 0544 | steps:295 | reward: 169.40 | length:17 | eps:0.050
2025-05-19 17:35:23,822 [INFO] EP 0545 | steps:646 | reward: 294.50 | length:26 | eps:0.050
2025-05-19 17:35:23,906 [INFO] EP 0546 | steps:451 | reward: 175.00 | length:16 | eps:0.050
2025-05-19 17:35:23,976 [INFO] EP 0547 | steps:388 | reward: 208.70 | length:20 | eps:0.050
2025-05-19 17:35:24,132 [INFO] EP 0548 | steps:750 | reward: 365.00 | length:31 | eps:0.050
2025-05-19 17:35:24,167 [INFO] EP 0549 | steps:168 | reward: 106.70 | length:12 | eps:0.050
2025-05-19 17:35:24,276 [INFO] EP 0550 | steps:492 | reward: 229.10 | length:21 | eps:0.050
2025-05-19 17:35:24,372 [INFO] EP 0551 | steps:472 | reward: 237.10 | length:22 | eps:0.050
2025-05-19 17:35:24,541 [INFO] EP 0552 | steps:750 | reward: 325.00 | length:27 | eps:0.050
2025-05-19 17:35:24,584 [INFO] EP 0553 | steps:207 | reward:  80.60 | length:09 | eps:0.050
2025-05-19 17:35:24,588 [INFO] EP 0554 | steps:022 | reward:  -7.90 | length:02 | eps:0.050
2025-05-19 17:35:24,754 [INFO] EP 0555 | steps:750 | reward: 325.00 | length:27 | eps:0.050
2025-05-19 17:35:24,916 [INFO] EP 0556 | steps:662 | reward: 316.10 | length:28 | eps:0.050
2025-05-19 17:35:25,016 [INFO] EP 0557 | steps:480 | reward: 107.90 | length:09 | eps:0.050
2025-05-19 17:35:25,121 [INFO] EP 0558 | steps:497 | reward: 229.60 | length:21 | eps:0.050
2025-05-19 17:35:25,163 [INFO] EP 0559 | steps:208 | reward: 110.70 | length:12 | eps:0.050
2025-05-19 17:35:25,315 [INFO] EP 0560 | steps:750 | reward: 295.00 | length:24 | eps:0.050
2025-05-19 17:35:25,473 [INFO] EP 0561 | steps:750 | reward: 335.00 | length:28 | eps:0.050
2025-05-19 17:35:25,484 [INFO] EP 0562 | steps:058 | reward:  15.70 | length:04 | eps:0.050
2025-05-19 17:35:25,629 [INFO] EP 0563 | steps:720 | reward: 351.90 | length:31 | eps:0.050
2025-05-19 17:35:25,656 [INFO] EP 0564 | steps:136 | reward:  53.50 | length:07 | eps:0.050
2025-05-19 17:35:25,750 [INFO] EP 0565 | steps:471 | reward: 247.00 | length:23 | eps:0.050
2025-05-19 17:35:25,916 [INFO] EP 0566 | steps:750 | reward: 345.00 | length:29 | eps:0.050
2025-05-19 17:35:26,011 [INFO] EP 0567 | steps:369 | reward: 186.80 | length:18 | eps:0.050
2025-05-19 17:35:26,023 [INFO] EP 0568 | steps:056 | reward:  45.50 | length:07 | eps:0.050
2025-05-19 17:35:26,206 [INFO] EP 0569 | steps:750 | reward: 355.00 | length:30 | eps:0.050
2025-05-19 17:35:26,253 [INFO] EP 0570 | steps:190 | reward:  78.90 | length:09 | eps:0.050
2025-05-19 17:35:26,357 [INFO] EP 0571 | steps:485 | reward: 188.40 | length:17 | eps:0.050
2025-05-19 17:35:26,445 [INFO] EP 0572 | steps:422 | reward: 202.10 | length:19 | eps:0.050
2025-05-19 17:35:26,577 [INFO] EP 0573 | steps:605 | reward: 300.40 | length:27 | eps:0.050
2025-05-19 17:35:26,667 [INFO] EP 0574 | steps:428 | reward: 222.70 | length:21 | eps:0.050
2025-05-19 17:35:26,715 [INFO] EP 0575 | steps:188 | reward: 108.70 | length:12 | eps:0.050
2025-05-19 17:35:26,811 [INFO] EP 0576 | steps:457 | reward: 145.60 | length:13 | eps:0.050
2025-05-19 17:35:26,898 [INFO] EP 0577 | steps:427 | reward: 192.60 | length:18 | eps:0.050
2025-05-19 17:35:27,036 [INFO] EP 0578 | steps:657 | reward: 265.60 | length:23 | eps:0.050
2025-05-19 17:35:27,174 [INFO] EP 0579 | steps:697 | reward: 309.60 | length:27 | eps:0.050
2025-05-19 17:35:27,228 [INFO] EP 0580 | steps:255 | reward: 105.40 | length:11 | eps:0.050
2025-05-19 17:35:27,280 [INFO] EP 0581 | steps:249 | reward: 124.80 | length:13 | eps:0.050
2025-05-19 17:35:27,379 [INFO] EP 0582 | steps:490 | reward: 248.90 | length:23 | eps:0.050
2025-05-19 17:35:27,463 [INFO] EP 0583 | steps:405 | reward: 170.40 | length:16 | eps:0.050
2025-05-19 17:35:27,606 [INFO] EP 0584 | steps:667 | reward: 296.60 | length:26 | eps:0.050
2025-05-19 17:35:27,688 [INFO] EP 0585 | steps:397 | reward: 169.60 | length:16 | eps:0.050
2025-05-19 17:35:27,746 [INFO] EP 0586 | steps:274 | reward: 107.30 | length:11 | eps:0.050
2025-05-19 17:35:27,796 [INFO] EP 0587 | steps:233 | reward:  83.20 | length:09 | eps:0.050
2025-05-19 17:35:27,849 [INFO] EP 0588 | steps:262 | reward:  96.10 | length:10 | eps:0.050
2025-05-19 17:35:27,940 [INFO] EP 0589 | steps:435 | reward: 233.40 | length:22 | eps:0.050
2025-05-19 17:35:27,999 [INFO] EP 0590 | steps:289 | reward: 108.80 | length:11 | eps:0.050
2025-05-19 17:35:28,065 [INFO] EP 0591 | steps:300 | reward: 169.90 | length:17 | eps:0.050
2025-05-19 17:35:28,137 [INFO] EP 0592 | steps:358 | reward: 125.70 | length:12 | eps:0.050
2025-05-19 17:35:28,205 [INFO] EP 0593 | steps:357 | reward: 155.60 | length:15 | eps:0.050
2025-05-19 17:35:28,297 [INFO] EP 0594 | steps:335 | reward: 173.40 | length:17 | eps:0.050
2025-05-19 17:35:28,427 [INFO] EP 0595 | steps:581 | reward: 248.00 | length:22 | eps:0.050
2025-05-19 17:35:28,500 [INFO] EP 0596 | steps:307 | reward:  90.60 | length:09 | eps:0.050
2025-05-19 17:35:28,549 [INFO] EP 0597 | steps:244 | reward: 104.30 | length:11 | eps:0.050
2025-05-19 17:35:28,613 [INFO] EP 0598 | steps:313 | reward: 171.20 | length:17 | eps:0.050
2025-05-19 17:35:28,705 [INFO] EP 0599 | steps:414 | reward: 171.30 | length:16 | eps:0.050
2025-05-19 17:35:30,824 [INFO] EP 0600 | steps:211 | reward: 111.00 | length:12 | eps:0.050
2025-05-19 17:35:30,913 [INFO] EP 0601 | steps:414 | reward: 191.30 | length:18 | eps:0.050
2025-05-19 17:35:30,957 [INFO] EP 0602 | steps:185 | reward:  78.40 | length:09 | eps:0.050
2025-05-19 17:35:31,051 [INFO] EP 0603 | steps:452 | reward: 255.10 | length:24 | eps:0.050
2025-05-19 17:35:31,159 [INFO] EP 0604 | steps:425 | reward: 182.40 | length:17 | eps:0.050
2025-05-19 17:35:31,203 [INFO] EP 0605 | steps:175 | reward:  87.40 | length:10 | eps:0.050
2025-05-19 17:35:31,293 [INFO] EP 0606 | steps:402 | reward: 190.10 | length:18 | eps:0.050
2025-05-19 17:35:31,386 [INFO] EP 0607 | steps:458 | reward: 205.70 | length:19 | eps:0.050
2025-05-19 17:35:31,549 [INFO] EP 0608 | steps:750 | reward: 365.00 | length:31 | eps:0.050
2025-05-19 17:35:31,594 [INFO] EP 0609 | steps:231 | reward: 113.00 | length:12 | eps:0.050
2025-05-19 17:35:31,762 [INFO] EP 0610 | steps:750 | reward: 375.00 | length:32 | eps:0.050
2025-05-19 17:35:31,806 [INFO] EP 0611 | steps:214 | reward:  81.30 | length:09 | eps:0.050
2025-05-19 17:35:31,850 [INFO] EP 0612 | steps:197 | reward:  79.60 | length:09 | eps:0.050
2025-05-19 17:35:31,895 [INFO] EP 0613 | steps:219 | reward: 111.80 | length:12 | eps:0.050
2025-05-19 17:35:32,015 [INFO] EP 0614 | steps:534 | reward: 303.30 | length:28 | eps:0.050
2025-05-19 17:35:32,142 [INFO] EP 0615 | steps:512 | reward: 261.10 | length:24 | eps:0.050
2025-05-19 17:35:32,275 [INFO] EP 0616 | steps:622 | reward: 282.10 | length:25 | eps:0.050
2025-05-19 17:35:32,330 [INFO] EP 0617 | steps:236 | reward:  53.50 | length:06 | eps:0.050
2025-05-19 17:35:32,406 [INFO] EP 0618 | steps:365 | reward: 176.40 | length:17 | eps:0.050
2025-05-19 17:35:32,456 [INFO] EP 0619 | steps:248 | reward: 104.70 | length:11 | eps:0.050
2025-05-19 17:35:32,501 [INFO] EP 0620 | steps:220 | reward: 101.90 | length:11 | eps:0.050
2025-05-19 17:35:32,526 [INFO] EP 0621 | steps:116 | reward:  61.50 | length:08 | eps:0.050
2025-05-19 17:35:32,610 [INFO] EP 0622 | steps:379 | reward: 207.80 | length:20 | eps:0.050
2025-05-19 17:35:32,660 [INFO] EP 0623 | steps:218 | reward:  71.70 | length:08 | eps:0.050
2025-05-19 17:35:32,725 [INFO] EP 0624 | steps:306 | reward: 130.50 | length:13 | eps:0.050
