2025-05-19 17:17:02,560 [INFO] ==== Training started ====
2025-05-19 17:17:02,561 [INFO] EP 0001 | steps: 162 | reward: 6.1 | eps: 0.995 | len: 2
2025-05-19 17:17:02,563 [INFO] EP 0002 | steps: 187 | reward: 18.6 | eps: 0.990 | len: 3
2025-05-19 17:17:02,565 [INFO] EP 0003 | steps: 150 | reward: 4.9 | eps: 0.985 | len: 2
2025-05-19 17:17:02,566 [INFO] EP 0004 | steps: 237 | reward: 13.6 | eps: 0.980 | len: 2
2025-05-19 17:17:02,566 [INFO] EP 0005 | steps: 080 | reward: 7.9 | eps: 0.975 | len: 3
2025-05-19 17:17:02,567 [INFO] EP 0006 | steps: 050 | reward: 4.9 | eps: 0.970 | len: 3
2025-05-19 17:17:02,567 [INFO] EP 0007 | steps: 034 | reward: -6.7 | eps: 0.966 | len: 2
2025-05-19 17:17:02,568 [INFO] EP 0008 | steps: 176 | reward: 7.5 | eps: 0.961 | len: 2
2025-05-19 17:17:02,568 [INFO] EP 0009 | steps: 030 | reward: -7.1 | eps: 0.956 | len: 2
2025-05-19 17:17:02,569 [INFO] EP 0010 | steps: 196 | reward: 9.5 | eps: 0.951 | len: 2
2025-05-19 17:17:02,569 [INFO] EP 0011 | steps: 019 | reward: -8.2 | eps: 0.946 | len: 2
2025-05-19 17:17:02,570 [INFO] EP 0012 | steps: 105 | reward: 0.4 | eps: 0.942 | len: 2
2025-05-19 17:17:02,571 [INFO] EP 0013 | steps: 309 | reward: 30.8 | eps: 0.937 | len: 3
2025-05-19 17:17:02,572 [INFO] Loop detected at EP 0014 after 189 steps.
2025-05-19 17:17:02,572 [INFO] EP 0014 | steps: 189 | reward: 18.9 | eps: 0.932 | len: 2
2025-05-19 17:17:02,573 [INFO] EP 0015 | steps: 149 | reward: 4.8 | eps: 0.928 | len: 2
2025-05-19 17:17:02,574 [INFO] EP 0016 | steps: 160 | reward: 5.9 | eps: 0.923 | len: 2
2025-05-19 17:17:02,574 [INFO] EP 0017 | steps: 060 | reward: -4.1 | eps: 0.918 | len: 2
2025-05-19 17:17:02,575 [INFO] EP 0018 | steps: 059 | reward: -4.2 | eps: 0.914 | len: 2
2025-05-19 17:17:02,575 [INFO] EP 0019 | steps: 049 | reward: 4.8 | eps: 0.909 | len: 3
2025-05-19 17:17:02,576 [INFO] EP 0020 | steps: 174 | reward: 7.3 | eps: 0.905 | len: 2
2025-05-19 17:17:02,576 [INFO] EP 0021 | steps: 026 | reward: -7.5 | eps: 0.900 | len: 2
2025-05-19 17:17:02,576 [INFO] EP 0022 | steps: 041 | reward: -6.0 | eps: 0.896 | len: 2
2025-05-19 17:17:02,577 [INFO] EP 0023 | steps: 025 | reward: -7.6 | eps: 0.891 | len: 2
2025-05-19 17:17:02,578 [INFO] EP 0024 | steps: 186 | reward: 8.5 | eps: 0.887 | len: 2
2025-05-19 17:17:02,578 [INFO] EP 0025 | steps: 059 | reward: -4.2 | eps: 0.882 | len: 2
2025-05-19 17:17:02,578 [INFO] EP 0026 | steps: 023 | reward: -7.8 | eps: 0.878 | len: 2
2025-05-19 17:17:02,579 [INFO] EP 0027 | steps: 143 | reward: 14.2 | eps: 0.873 | len: 3
2025-05-19 17:17:02,579 [INFO] EP 0028 | steps: 023 | reward: -7.8 | eps: 0.869 | len: 2
2025-05-19 17:17:02,579 [INFO] EP 0029 | steps: 064 | reward: -3.7 | eps: 0.865 | len: 2
2025-05-19 17:17:02,579 [INFO] EP 0030 | steps: 022 | reward: -7.9 | eps: 0.860 | len: 2
2025-05-19 17:17:02,580 [INFO] EP 0031 | steps: 187 | reward: 8.6 | eps: 0.856 | len: 2
2025-05-19 17:17:02,581 [INFO] EP 0032 | steps: 098 | reward: -0.3 | eps: 0.852 | len: 2
2025-05-19 17:17:02,581 [INFO] EP 0033 | steps: 046 | reward: -5.5 | eps: 0.848 | len: 2
2025-05-19 17:17:02,581 [INFO] EP 0034 | steps: 037 | reward: -6.4 | eps: 0.843 | len: 2
2025-05-19 17:17:02,582 [INFO] EP 0035 | steps: 059 | reward: -4.2 | eps: 0.839 | len: 2
2025-05-19 17:17:02,582 [INFO] EP 0036 | steps: 028 | reward: -7.3 | eps: 0.835 | len: 2
2025-05-19 17:17:02,582 [INFO] EP 0037 | steps: 035 | reward: -6.6 | eps: 0.831 | len: 2
2025-05-19 17:17:02,582 [INFO] EP 0038 | steps: 037 | reward: -6.4 | eps: 0.827 | len: 2
2025-05-19 17:17:02,583 [INFO] EP 0039 | steps: 049 | reward: -5.2 | eps: 0.822 | len: 2
2025-05-19 17:17:02,583 [INFO] EP 0040 | steps: 135 | reward: 3.4 | eps: 0.818 | len: 2
2025-05-19 17:17:02,584 [INFO] EP 0041 | steps: 059 | reward: 15.8 | eps: 0.814 | len: 4
2025-05-19 17:17:02,585 [INFO] EP 0042 | steps: 241 | reward: 14.0 | eps: 0.810 | len: 2
2025-05-19 17:17:02,586 [INFO] EP 0043 | steps: 149 | reward: 4.8 | eps: 0.806 | len: 2
2025-05-19 17:17:02,587 [INFO] EP 0044 | steps: 111 | reward: 1.0 | eps: 0.802 | len: 2
2025-05-19 17:17:02,587 [INFO] EP 0045 | steps: 036 | reward: -6.5 | eps: 0.798 | len: 2
2025-05-19 17:17:02,587 [INFO] EP 0046 | steps: 076 | reward: -2.5 | eps: 0.794 | len: 2
2025-05-19 17:17:02,588 [INFO] EP 0047 | steps: 041 | reward: -6.0 | eps: 0.790 | len: 2
2025-05-19 17:17:02,588 [INFO] EP 0048 | steps: 066 | reward: -3.5 | eps: 0.786 | len: 2
2025-05-19 17:17:02,589 [INFO] EP 0049 | steps: 101 | reward: 10.0 | eps: 0.782 | len: 3
2025-05-19 17:17:02,589 [INFO] EP 0050 | steps: 099 | reward: -0.2 | eps: 0.778 | len: 2
2025-05-19 17:17:02,589 [INFO] EP 0051 | steps: 047 | reward: -5.4 | eps: 0.774 | len: 2
2025-05-19 17:17:02,590 [INFO] EP 0052 | steps: 035 | reward: -6.6 | eps: 0.771 | len: 2
2025-05-19 17:17:02,590 [INFO] EP 0053 | steps: 120 | reward: 1.9 | eps: 0.767 | len: 2
2025-05-19 17:17:02,591 [INFO] EP 0054 | steps: 040 | reward: -6.1 | eps: 0.763 | len: 2
2025-05-19 17:17:02,592 [INFO] EP 0055 | steps: 239 | reward: 23.8 | eps: 0.759 | len: 3
2025-05-19 17:17:02,592 [INFO] EP 0056 | steps: 042 | reward: -5.9 | eps: 0.755 | len: 2
2025-05-19 17:17:02,592 [INFO] EP 0057 | steps: 077 | reward: -2.4 | eps: 0.751 | len: 2
2025-05-19 17:17:02,594 [INFO] EP 0058 | steps: 205 | reward: 10.4 | eps: 0.748 | len: 2
2025-05-19 17:17:02,594 [INFO] EP 0059 | steps: 027 | reward: -7.4 | eps: 0.744 | len: 2
2025-05-19 17:17:02,594 [INFO] EP 0060 | steps: 033 | reward: -6.8 | eps: 0.740 | len: 2
2025-05-19 17:17:02,595 [INFO] EP 0061 | steps: 112 | reward: 11.1 | eps: 0.737 | len: 3
2025-05-19 17:17:02,595 [INFO] EP 0062 | steps: 036 | reward: -6.5 | eps: 0.733 | len: 2
2025-05-19 17:17:02,595 [INFO] EP 0063 | steps: 065 | reward: -3.6 | eps: 0.729 | len: 2
2025-05-19 17:17:02,595 [INFO] EP 0064 | steps: 015 | reward: -8.6 | eps: 0.726 | len: 2
2025-05-19 17:17:02,596 [INFO] EP 0065 | steps: 135 | reward: 3.4 | eps: 0.722 | len: 2
2025-05-19 17:17:02,597 [INFO] EP 0066 | steps: 066 | reward: -3.5 | eps: 0.718 | len: 2
2025-05-19 17:17:02,597 [INFO] EP 0067 | steps: 028 | reward: -7.3 | eps: 0.715 | len: 2
2025-05-19 17:17:02,597 [INFO] EP 0068 | steps: 040 | reward: -6.1 | eps: 0.711 | len: 2
2025-05-19 17:17:02,597 [INFO] EP 0069 | steps: 057 | reward: -4.4 | eps: 0.708 | len: 2
2025-05-19 17:17:02,597 [INFO] EP 0070 | steps: 023 | reward: -7.8 | eps: 0.704 | len: 2
2025-05-19 17:17:02,598 [INFO] EP 0071 | steps: 020 | reward: -8.1 | eps: 0.701 | len: 2
2025-05-19 17:17:02,598 [INFO] EP 0072 | steps: 055 | reward: -4.6 | eps: 0.697 | len: 2
2025-05-19 17:17:02,599 [INFO] EP 0073 | steps: 174 | reward: 7.3 | eps: 0.694 | len: 2
2025-05-19 17:17:02,599 [INFO] EP 0074 | steps: 079 | reward: -2.2 | eps: 0.690 | len: 2
2025-05-19 17:17:02,600 [INFO] EP 0075 | steps: 047 | reward: -5.4 | eps: 0.687 | len: 2
2025-05-19 17:17:02,600 [INFO] EP 0076 | steps: 029 | reward: -7.2 | eps: 0.683 | len: 2
2025-05-19 17:17:02,600 [INFO] EP 0077 | steps: 047 | reward: -5.4 | eps: 0.680 | len: 2
2025-05-19 17:17:02,601 [INFO] EP 0078 | steps: 083 | reward: -1.8 | eps: 0.676 | len: 2
2025-05-19 17:17:02,601 [INFO] EP 0079 | steps: 158 | reward: 15.7 | eps: 0.673 | len: 3
2025-05-19 17:17:02,602 [INFO] EP 0080 | steps: 146 | reward: 4.5 | eps: 0.670 | len: 2
2025-05-19 17:17:02,603 [INFO] EP 0081 | steps: 113 | reward: 21.2 | eps: 0.666 | len: 4
2025-05-19 17:17:02,603 [INFO] EP 0082 | steps: 074 | reward: 17.3 | eps: 0.663 | len: 4
2025-05-19 17:17:02,604 [INFO] EP 0083 | steps: 087 | reward: -1.4 | eps: 0.660 | len: 2
2025-05-19 17:17:02,604 [INFO] EP 0084 | steps: 062 | reward: 6.1 | eps: 0.656 | len: 3
2025-05-19 17:17:02,605 [INFO] EP 0085 | steps: 104 | reward: 0.3 | eps: 0.653 | len: 2
2025-05-19 17:17:02,605 [INFO] EP 0086 | steps: 064 | reward: 6.3 | eps: 0.650 | len: 3
2025-05-19 17:17:02,605 [INFO] EP 0087 | steps: 028 | reward: -7.3 | eps: 0.647 | len: 2
2025-05-19 17:17:02,606 [INFO] EP 0088 | steps: 063 | reward: -3.8 | eps: 0.643 | len: 2
2025-05-19 17:17:02,607 [INFO] EP 0089 | steps: 190 | reward: 28.9 | eps: 0.640 | len: 4
2025-05-19 17:17:02,607 [INFO] EP 0090 | steps: 064 | reward: 16.3 | eps: 0.637 | len: 4
2025-05-19 17:17:02,608 [INFO] EP 0091 | steps: 115 | reward: 11.4 | eps: 0.634 | len: 3
2025-05-19 17:17:02,609 [INFO] EP 0092 | steps: 147 | reward: 14.6 | eps: 0.631 | len: 3
2025-05-19 17:17:02,609 [INFO] EP 0093 | steps: 061 | reward: 16.0 | eps: 0.627 | len: 4
2025-05-19 17:17:02,610 [INFO] EP 0094 | steps: 155 | reward: 25.4 | eps: 0.624 | len: 4
2025-05-19 17:17:02,610 [INFO] EP 0095 | steps: 078 | reward: 17.7 | eps: 0.621 | len: 4
2025-05-19 17:17:02,611 [INFO] EP 0096 | steps: 060 | reward: -4.1 | eps: 0.618 | len: 2
2025-05-19 17:17:02,611 [INFO] EP 0097 | steps: 090 | reward: -1.1 | eps: 0.615 | len: 2
2025-05-19 17:17:02,612 [INFO] EP 0098 | steps: 118 | reward: 11.7 | eps: 0.612 | len: 3
2025-05-19 17:17:02,613 [INFO] EP 0099 | steps: 174 | reward: 17.3 | eps: 0.609 | len: 3
2025-05-19 17:17:02,613 [INFO] EP 0100 | steps: 035 | reward: -6.6 | eps: 0.606 | len: 2
2025-05-19 17:17:55,004 [INFO] Episode 100 saved to runs\ep_0100
2025-05-19 17:17:55,005 [INFO] EP 0101 | steps: 066 | reward: -3.5 | eps: 0.603 | len: 2
2025-05-19 17:17:55,007 [INFO] EP 0102 | steps: 062 | reward: -3.9 | eps: 0.600 | len: 2
2025-05-19 17:17:55,009 [INFO] EP 0103 | steps: 132 | reward: 23.1 | eps: 0.597 | len: 4
2025-05-19 17:17:55,010 [INFO] EP 0104 | steps: 059 | reward: 5.8 | eps: 0.594 | len: 3
2025-05-19 17:17:55,010 [INFO] EP 0105 | steps: 057 | reward: -4.4 | eps: 0.591 | len: 2
2025-05-19 17:17:55,012 [INFO] EP 0106 | steps: 218 | reward: 21.7 | eps: 0.588 | len: 3
2025-05-19 17:17:55,013 [INFO] EP 0107 | steps: 093 | reward: 19.2 | eps: 0.585 | len: 4
2025-05-19 17:17:55,014 [INFO] EP 0108 | steps: 066 | reward: -3.5 | eps: 0.582 | len: 2
2025-05-19 17:17:55,014 [INFO] EP 0109 | steps: 052 | reward: -4.9 | eps: 0.579 | len: 2
2025-05-19 17:17:55,015 [INFO] EP 0110 | steps: 192 | reward: 19.1 | eps: 0.576 | len: 3
2025-05-19 17:17:55,016 [INFO] EP 0111 | steps: 073 | reward: 7.2 | eps: 0.573 | len: 3
2025-05-19 17:17:55,016 [INFO] EP 0112 | steps: 064 | reward: 16.3 | eps: 0.570 | len: 4
2025-05-19 17:17:55,016 [INFO] EP 0113 | steps: 030 | reward: -7.1 | eps: 0.568 | len: 2
2025-05-19 17:17:55,017 [INFO] EP 0114 | steps: 067 | reward: 6.6 | eps: 0.565 | len: 3
2025-05-19 17:17:55,017 [INFO] EP 0115 | steps: 069 | reward: 16.8 | eps: 0.562 | len: 4
2025-05-19 17:17:55,018 [INFO] EP 0116 | steps: 137 | reward: 23.6 | eps: 0.559 | len: 4
2025-05-19 17:17:55,019 [INFO] EP 0117 | steps: 070 | reward: 6.9 | eps: 0.556 | len: 3
2025-05-19 17:17:55,019 [INFO] EP 0118 | steps: 034 | reward: -6.7 | eps: 0.554 | len: 2
2025-05-19 17:17:55,019 [INFO] EP 0119 | steps: 030 | reward: -7.1 | eps: 0.551 | len: 2
2025-05-19 17:17:55,019 [INFO] EP 0120 | steps: 017 | reward: -8.4 | eps: 0.548 | len: 2
2025-05-19 17:17:55,020 [INFO] EP 0121 | steps: 039 | reward: -6.2 | eps: 0.545 | len: 2
2025-05-19 17:17:55,020 [INFO] EP 0122 | steps: 043 | reward: 4.2 | eps: 0.543 | len: 3
2025-05-19 17:17:55,020 [INFO] EP 0123 | steps: 065 | reward: 16.4 | eps: 0.540 | len: 4
2025-05-19 17:17:55,021 [INFO] EP 0124 | steps: 085 | reward: -1.6 | eps: 0.537 | len: 2
2025-05-19 17:17:55,021 [INFO] EP 0125 | steps: 029 | reward: -7.2 | eps: 0.534 | len: 2
2025-05-19 17:17:55,021 [INFO] EP 0126 | steps: 034 | reward: -6.7 | eps: 0.532 | len: 2
2025-05-19 17:17:55,022 [INFO] EP 0127 | steps: 042 | reward: 4.1 | eps: 0.529 | len: 3
2025-05-19 17:17:55,022 [INFO] EP 0128 | steps: 025 | reward: -7.6 | eps: 0.526 | len: 2
2025-05-19 17:17:55,023 [INFO] EP 0129 | steps: 149 | reward: 24.8 | eps: 0.524 | len: 4
2025-05-19 17:17:55,023 [INFO] EP 0130 | steps: 027 | reward: -7.4 | eps: 0.521 | len: 2
2025-05-19 17:17:55,023 [INFO] EP 0131 | steps: 029 | reward: -7.2 | eps: 0.519 | len: 2
2025-05-19 17:17:55,024 [INFO] EP 0132 | steps: 122 | reward: 22.1 | eps: 0.516 | len: 4
2025-05-19 17:17:55,025 [INFO] EP 0133 | steps: 053 | reward: 5.2 | eps: 0.513 | len: 3
2025-05-19 17:17:55,025 [INFO] EP 0134 | steps: 062 | reward: 16.1 | eps: 0.511 | len: 4
2025-05-19 17:17:55,025 [INFO] EP 0135 | steps: 055 | reward: -4.6 | eps: 0.508 | len: 2
2025-05-19 17:17:55,026 [INFO] EP 0136 | steps: 046 | reward: 4.5 | eps: 0.506 | len: 3
2025-05-19 17:17:55,026 [INFO] EP 0137 | steps: 034 | reward: 3.3 | eps: 0.503 | len: 3
2025-05-19 17:17:55,026 [INFO] EP 0138 | steps: 025 | reward: 12.4 | eps: 0.501 | len: 4
2025-05-19 17:17:55,027 [INFO] EP 0139 | steps: 116 | reward: 11.5 | eps: 0.498 | len: 3
2025-05-19 17:17:55,027 [INFO] EP 0140 | steps: 024 | reward: -7.7 | eps: 0.496 | len: 2
2025-05-19 17:17:55,027 [INFO] EP 0141 | steps: 051 | reward: 5.0 | eps: 0.493 | len: 3
2025-05-19 17:17:55,028 [INFO] EP 0142 | steps: 023 | reward: -7.8 | eps: 0.491 | len: 2
2025-05-19 17:17:55,028 [INFO] EP 0143 | steps: 042 | reward: 14.1 | eps: 0.488 | len: 4
2025-05-19 17:17:55,028 [INFO] EP 0144 | steps: 043 | reward: -5.8 | eps: 0.486 | len: 2
2025-05-19 17:17:55,028 [INFO] EP 0145 | steps: 028 | reward: -7.3 | eps: 0.483 | len: 2
2025-05-19 17:17:55,030 [INFO] EP 0146 | steps: 234 | reward: 53.3 | eps: 0.481 | len: 6
2025-05-19 17:17:55,031 [INFO] EP 0147 | steps: 042 | reward: 4.1 | eps: 0.479 | len: 3
2025-05-19 17:17:55,031 [INFO] EP 0148 | steps: 022 | reward: 2.1 | eps: 0.476 | len: 3
2025-05-19 17:17:55,031 [INFO] EP 0149 | steps: 048 | reward: 4.7 | eps: 0.474 | len: 3
2025-05-19 17:17:55,032 [INFO] EP 0150 | steps: 053 | reward: 15.2 | eps: 0.471 | len: 4
2025-05-19 17:17:55,032 [INFO] EP 0151 | steps: 053 | reward: 15.2 | eps: 0.469 | len: 4
2025-05-19 17:17:55,032 [INFO] EP 0152 | steps: 101 | reward: 20.0 | eps: 0.467 | len: 4
2025-05-19 17:17:55,033 [INFO] EP 0153 | steps: 080 | reward: 27.9 | eps: 0.464 | len: 5
2025-05-19 17:17:55,033 [INFO] EP 0154 | steps: 056 | reward: -4.5 | eps: 0.462 | len: 2
2025-05-19 17:17:55,034 [INFO] EP 0155 | steps: 138 | reward: 23.7 | eps: 0.460 | len: 4
2025-05-19 17:17:55,034 [INFO] EP 0156 | steps: 033 | reward: -6.8 | eps: 0.458 | len: 2
2025-05-19 17:17:55,035 [INFO] EP 0157 | steps: 078 | reward: 27.7 | eps: 0.455 | len: 5
2025-05-19 17:17:55,036 [INFO] EP 0158 | steps: 180 | reward: 27.9 | eps: 0.453 | len: 4
2025-05-19 17:17:55,037 [INFO] EP 0159 | steps: 107 | reward: 20.6 | eps: 0.451 | len: 4
2025-05-19 17:17:55,037 [INFO] EP 0160 | steps: 076 | reward: 7.5 | eps: 0.448 | len: 3
2025-05-19 17:17:55,038 [INFO] EP 0161 | steps: 079 | reward: 17.8 | eps: 0.446 | len: 4
2025-05-19 17:17:55,038 [INFO] EP 0162 | steps: 063 | reward: 16.2 | eps: 0.444 | len: 4
2025-05-19 17:17:55,038 [INFO] EP 0163 | steps: 023 | reward: 2.2 | eps: 0.442 | len: 3
2025-05-19 17:17:55,038 [INFO] EP 0164 | steps: 038 | reward: 3.7 | eps: 0.440 | len: 3
2025-05-19 17:17:55,039 [INFO] EP 0165 | steps: 091 | reward: 29.0 | eps: 0.437 | len: 5
2025-05-19 17:17:55,039 [INFO] EP 0166 | steps: 060 | reward: 5.9 | eps: 0.435 | len: 3
2025-05-19 17:17:55,040 [INFO] EP 0167 | steps: 122 | reward: 22.1 | eps: 0.433 | len: 4
2025-05-19 17:17:55,041 [INFO] EP 0168 | steps: 104 | reward: 20.3 | eps: 0.431 | len: 4
2025-05-19 17:17:55,041 [INFO] EP 0169 | steps: 047 | reward: 24.6 | eps: 0.429 | len: 5
2025-05-19 17:17:55,042 [INFO] EP 0170 | steps: 140 | reward: 43.9 | eps: 0.427 | len: 6
2025-05-19 17:17:55,042 [INFO] EP 0171 | steps: 073 | reward: 17.2 | eps: 0.424 | len: 4
2025-05-19 17:17:55,043 [INFO] EP 0172 | steps: 050 | reward: 24.9 | eps: 0.422 | len: 5
2025-05-19 17:17:55,043 [INFO] EP 0173 | steps: 026 | reward: 12.5 | eps: 0.420 | len: 4
2025-05-19 17:17:55,043 [INFO] EP 0174 | steps: 038 | reward: 3.7 | eps: 0.418 | len: 3
2025-05-19 17:17:55,044 [INFO] EP 0175 | steps: 079 | reward: 7.8 | eps: 0.416 | len: 3
2025-05-19 17:17:55,044 [INFO] EP 0176 | steps: 066 | reward: 26.5 | eps: 0.414 | len: 5
2025-05-19 17:17:55,044 [INFO] EP 0177 | steps: 038 | reward: 13.7 | eps: 0.412 | len: 4
2025-05-19 17:17:55,045 [INFO] EP 0178 | steps: 067 | reward: 16.6 | eps: 0.410 | len: 4
2025-05-19 17:17:55,045 [INFO] EP 0179 | steps: 062 | reward: 36.1 | eps: 0.408 | len: 6
2025-05-19 17:17:55,046 [INFO] EP 0180 | steps: 053 | reward: 15.2 | eps: 0.406 | len: 4
2025-05-19 17:17:55,046 [INFO] EP 0181 | steps: 118 | reward: 21.7 | eps: 0.404 | len: 4
2025-05-19 17:17:55,047 [INFO] EP 0182 | steps: 100 | reward: 9.9 | eps: 0.402 | len: 3
2025-05-19 17:17:55,047 [INFO] EP 0183 | steps: 033 | reward: 3.2 | eps: 0.400 | len: 3
2025-05-19 17:17:55,047 [INFO] EP 0184 | steps: 031 | reward: 13.0 | eps: 0.398 | len: 4
2025-05-19 17:17:55,048 [INFO] EP 0185 | steps: 136 | reward: 53.5 | eps: 0.396 | len: 7
2025-05-19 17:17:55,049 [INFO] EP 0186 | steps: 020 | reward: -8.1 | eps: 0.394 | len: 2
2025-05-19 17:17:55,050 [INFO] EP 0187 | steps: 101 | reward: 10.0 | eps: 0.392 | len: 3
2025-05-19 17:17:55,050 [INFO] EP 0188 | steps: 047 | reward: 14.6 | eps: 0.390 | len: 4
2025-05-19 17:17:55,051 [INFO] EP 0189 | steps: 118 | reward: 21.7 | eps: 0.388 | len: 4
2025-05-19 17:17:55,052 [INFO] EP 0190 | steps: 139 | reward: 43.8 | eps: 0.386 | len: 6
2025-05-19 17:17:55,053 [INFO] EP 0191 | steps: 156 | reward: 55.5 | eps: 0.384 | len: 7
2025-05-19 17:17:55,053 [INFO] EP 0192 | steps: 098 | reward: 49.7 | eps: 0.382 | len: 7
2025-05-19 17:17:55,054 [INFO] EP 0193 | steps: 062 | reward: 16.1 | eps: 0.380 | len: 4
2025-05-19 17:17:55,054 [INFO] EP 0194 | steps: 026 | reward: 2.5 | eps: 0.378 | len: 3
2025-05-19 17:17:55,054 [INFO] EP 0195 | steps: 058 | reward: 5.7 | eps: 0.376 | len: 3
2025-05-19 17:17:55,055 [INFO] EP 0196 | steps: 044 | reward: 14.3 | eps: 0.374 | len: 4
2025-05-19 17:17:55,055 [INFO] EP 0197 | steps: 052 | reward: 15.1 | eps: 0.373 | len: 4
2025-05-19 17:17:55,056 [INFO] EP 0198 | steps: 084 | reward: 38.3 | eps: 0.371 | len: 6
2025-05-19 17:17:55,056 [INFO] EP 0199 | steps: 090 | reward: 18.9 | eps: 0.369 | len: 4
2025-05-19 17:17:55,057 [INFO] EP 0200 | steps: 096 | reward: 19.5 | eps: 0.367 | len: 4
2025-05-19 17:17:57,161 [INFO] Episode 200 saved to runs\ep_0200
2025-05-19 17:17:57,163 [INFO] EP 0201 | steps: 151 | reward: 45.0 | eps: 0.365 | len: 6
2025-05-19 17:17:57,165 [INFO] EP 0202 | steps: 113 | reward: 41.2 | eps: 0.363 | len: 6
2025-05-19 17:17:57,168 [INFO] EP 0203 | steps: 254 | reward: 55.3 | eps: 0.361 | len: 6
2025-05-19 17:17:57,168 [INFO] EP 0204 | steps: 067 | reward: 16.6 | eps: 0.360 | len: 4
2025-05-19 17:17:57,170 [INFO] EP 0205 | steps: 173 | reward: 67.2 | eps: 0.358 | len: 8
2025-05-19 17:17:57,171 [INFO] EP 0206 | steps: 122 | reward: 22.1 | eps: 0.356 | len: 4
2025-05-19 17:17:57,171 [INFO] EP 0207 | steps: 020 | reward: 1.9 | eps: 0.354 | len: 3
2025-05-19 17:17:57,172 [INFO] EP 0208 | steps: 052 | reward: -4.9 | eps: 0.353 | len: 2
2025-05-19 17:17:57,172 [INFO] EP 0209 | steps: 023 | reward: -7.8 | eps: 0.351 | len: 2
2025-05-19 17:17:57,172 [INFO] EP 0210 | steps: 112 | reward: 31.1 | eps: 0.349 | len: 5
2025-05-19 17:17:57,173 [INFO] EP 0211 | steps: 096 | reward: 39.5 | eps: 0.347 | len: 6
2025-05-19 17:17:57,173 [INFO] EP 0212 | steps: 046 | reward: 14.5 | eps: 0.346 | len: 4
2025-05-19 17:17:57,173 [INFO] EP 0213 | steps: 037 | reward: -6.4 | eps: 0.344 | len: 2
2025-05-19 17:17:57,174 [INFO] EP 0214 | steps: 039 | reward: 3.8 | eps: 0.342 | len: 3
2025-05-19 17:17:57,174 [INFO] EP 0215 | steps: 090 | reward: 18.9 | eps: 0.340 | len: 4
2025-05-19 17:17:57,175 [INFO] EP 0216 | steps: 036 | reward: 3.5 | eps: 0.339 | len: 3
2025-05-19 17:17:57,175 [INFO] EP 0217 | steps: 046 | reward: 14.5 | eps: 0.337 | len: 4
2025-05-19 17:17:57,175 [INFO] EP 0218 | steps: 035 | reward: 13.4 | eps: 0.335 | len: 4
2025-05-19 17:17:57,176 [INFO] EP 0219 | steps: 062 | reward: 16.1 | eps: 0.334 | len: 4
2025-05-19 17:17:57,176 [INFO] EP 0220 | steps: 034 | reward: 13.3 | eps: 0.332 | len: 4
2025-05-19 17:17:57,176 [INFO] EP 0221 | steps: 050 | reward: 14.9 | eps: 0.330 | len: 4
2025-05-19 17:17:57,176 [INFO] EP 0222 | steps: 024 | reward: -7.7 | eps: 0.329 | len: 2
2025-05-19 17:17:57,177 [INFO] EP 0223 | steps: 083 | reward: 28.2 | eps: 0.327 | len: 5
2025-05-19 17:17:57,178 [INFO] EP 0224 | steps: 104 | reward: 40.3 | eps: 0.325 | len: 6
2025-05-19 17:17:57,178 [INFO] EP 0225 | steps: 067 | reward: 26.6 | eps: 0.324 | len: 5
2025-05-19 17:17:57,178 [INFO] EP 0226 | steps: 091 | reward: 39.0 | eps: 0.322 | len: 6
2025-05-19 17:17:57,179 [INFO] EP 0227 | steps: 048 | reward: 4.7 | eps: 0.321 | len: 3
2025-05-19 17:17:57,180 [INFO] EP 0228 | steps: 150 | reward: 64.9 | eps: 0.319 | len: 8
2025-05-19 17:17:57,180 [INFO] EP 0229 | steps: 075 | reward: 37.4 | eps: 0.317 | len: 6
2025-05-19 17:17:57,181 [INFO] EP 0230 | steps: 153 | reward: 45.2 | eps: 0.316 | len: 6
2025-05-19 17:17:57,182 [INFO] EP 0231 | steps: 064 | reward: 26.3 | eps: 0.314 | len: 5
2025-05-19 17:17:57,182 [INFO] EP 0232 | steps: 059 | reward: 15.8 | eps: 0.313 | len: 4
2025-05-19 17:17:57,182 [INFO] EP 0233 | steps: 029 | reward: 2.8 | eps: 0.311 | len: 3
2025-05-19 17:17:57,183 [INFO] EP 0234 | steps: 093 | reward: 9.2 | eps: 0.309 | len: 3
2025-05-19 17:17:57,183 [INFO] EP 0235 | steps: 081 | reward: 18.0 | eps: 0.308 | len: 4
2025-05-19 17:17:57,184 [INFO] EP 0236 | steps: 089 | reward: 18.8 | eps: 0.306 | len: 4
2025-05-19 17:17:57,184 [INFO] EP 0237 | steps: 020 | reward: -8.1 | eps: 0.305 | len: 2
2025-05-19 17:17:57,185 [INFO] EP 0238 | steps: 144 | reward: 64.3 | eps: 0.303 | len: 8
2025-05-19 17:17:57,186 [INFO] EP 0239 | steps: 108 | reward: 50.7 | eps: 0.302 | len: 7
2025-05-19 17:17:57,186 [INFO] EP 0240 | steps: 094 | reward: 19.3 | eps: 0.300 | len: 4
2025-05-19 17:17:57,186 [INFO] EP 0241 | steps: 059 | reward: 35.8 | eps: 0.299 | len: 6
2025-05-19 17:17:57,188 [INFO] EP 0242 | steps: 208 | reward: 50.7 | eps: 0.297 | len: 6
2025-05-19 17:17:57,188 [INFO] EP 0243 | steps: 061 | reward: 26.0 | eps: 0.296 | len: 5
2025-05-19 17:17:57,188 [INFO] EP 0244 | steps: 052 | reward: 35.1 | eps: 0.294 | len: 6
2025-05-19 17:17:57,189 [INFO] EP 0245 | steps: 076 | reward: 37.5 | eps: 0.293 | len: 6
2025-05-19 17:17:57,189 [INFO] EP 0246 | steps: 070 | reward: 26.9 | eps: 0.291 | len: 5
2025-05-19 17:17:57,190 [INFO] EP 0247 | steps: 072 | reward: 27.1 | eps: 0.290 | len: 5
2025-05-19 17:17:57,190 [INFO] EP 0248 | steps: 109 | reward: 40.8 | eps: 0.288 | len: 6
2025-05-19 17:17:57,191 [INFO] EP 0249 | steps: 057 | reward: 15.6 | eps: 0.287 | len: 4
2025-05-19 17:17:57,191 [INFO] EP 0250 | steps: 043 | reward: -5.8 | eps: 0.286 | len: 2
2025-05-19 17:17:57,192 [INFO] EP 0251 | steps: 140 | reward: 43.9 | eps: 0.284 | len: 6
2025-05-19 17:17:57,193 [INFO] EP 0252 | steps: 183 | reward: 78.2 | eps: 0.283 | len: 9
2025-05-19 17:17:57,194 [INFO] EP 0253 | steps: 087 | reward: 38.6 | eps: 0.281 | len: 6
2025-05-19 17:17:57,195 [INFO] EP 0254 | steps: 105 | reward: 40.4 | eps: 0.280 | len: 6
2025-05-19 17:17:57,196 [INFO] EP 0255 | steps: 156 | reward: 75.5 | eps: 0.279 | len: 9
2025-05-19 17:17:57,197 [INFO] EP 0256 | steps: 145 | reward: 44.4 | eps: 0.277 | len: 6
2025-05-19 17:17:57,197 [INFO] EP 0257 | steps: 059 | reward: 5.8 | eps: 0.276 | len: 3
2025-05-19 17:17:57,198 [INFO] EP 0258 | steps: 078 | reward: 17.7 | eps: 0.274 | len: 4
2025-05-19 17:17:57,198 [INFO] EP 0259 | steps: 064 | reward: 26.3 | eps: 0.273 | len: 5
2025-05-19 17:17:57,199 [INFO] EP 0260 | steps: 030 | reward: 2.9 | eps: 0.272 | len: 3
2025-05-19 17:17:57,199 [INFO] EP 0261 | steps: 124 | reward: 62.3 | eps: 0.270 | len: 8
2025-05-19 17:17:57,200 [INFO] EP 0262 | steps: 120 | reward: 31.9 | eps: 0.269 | len: 5
2025-05-19 17:17:57,200 [INFO] EP 0263 | steps: 035 | reward: 13.4 | eps: 0.268 | len: 4
2025-05-19 17:17:57,201 [INFO] EP 0264 | steps: 089 | reward: 38.8 | eps: 0.266 | len: 6
2025-05-19 17:17:57,201 [INFO] EP 0265 | steps: 116 | reward: 41.5 | eps: 0.265 | len: 6
2025-05-19 17:17:57,202 [INFO] EP 0266 | steps: 054 | reward: 15.3 | eps: 0.264 | len: 4
2025-05-19 17:17:57,203 [INFO] EP 0267 | steps: 239 | reward: 93.8 | eps: 0.262 | len: 10
2025-05-19 17:17:57,204 [INFO] EP 0268 | steps: 069 | reward: 26.8 | eps: 0.261 | len: 5
2025-05-19 17:17:57,205 [INFO] EP 0269 | steps: 080 | reward: 37.9 | eps: 0.260 | len: 6
2025-05-19 17:17:57,205 [INFO] EP 0270 | steps: 029 | reward: -7.2 | eps: 0.258 | len: 2
2025-05-19 17:17:57,206 [INFO] EP 0271 | steps: 119 | reward: 51.8 | eps: 0.257 | len: 7
2025-05-19 17:17:57,207 [INFO] EP 0272 | steps: 153 | reward: 55.2 | eps: 0.256 | len: 7
2025-05-19 17:17:57,208 [INFO] EP 0273 | steps: 134 | reward: 43.3 | eps: 0.255 | len: 6
2025-05-19 17:17:57,208 [INFO] EP 0274 | steps: 053 | reward: 15.2 | eps: 0.253 | len: 4
2025-05-19 17:17:57,208 [INFO] EP 0275 | steps: 105 | reward: 30.4 | eps: 0.252 | len: 5
2025-05-19 17:17:57,209 [INFO] EP 0276 | steps: 138 | reward: 63.7 | eps: 0.251 | len: 8
2025-05-19 17:17:57,210 [INFO] EP 0277 | steps: 059 | reward: 15.8 | eps: 0.249 | len: 4
2025-05-19 17:17:57,210 [INFO] EP 0278 | steps: 055 | reward: 25.4 | eps: 0.248 | len: 5
2025-05-19 17:17:57,211 [INFO] EP 0279 | steps: 184 | reward: 58.3 | eps: 0.247 | len: 7
2025-05-19 17:17:57,212 [INFO] EP 0280 | steps: 131 | reward: 43.0 | eps: 0.246 | len: 6
2025-05-19 17:17:57,212 [INFO] EP 0281 | steps: 097 | reward: 69.6 | eps: 0.245 | len: 9
2025-05-19 17:17:57,213 [INFO] EP 0282 | steps: 056 | reward: 15.5 | eps: 0.243 | len: 4
2025-05-19 17:17:57,213 [INFO] EP 0283 | steps: 057 | reward: 25.6 | eps: 0.242 | len: 5
2025-05-19 17:17:57,214 [INFO] EP 0284 | steps: 076 | reward: 27.5 | eps: 0.241 | len: 5
2025-05-19 17:17:57,215 [INFO] EP 0285 | steps: 203 | reward: 70.2 | eps: 0.240 | len: 8
2025-05-19 17:17:57,216 [INFO] EP 0286 | steps: 186 | reward: 88.5 | eps: 0.238 | len: 10
2025-05-19 17:17:57,216 [INFO] EP 0287 | steps: 030 | reward: 2.9 | eps: 0.237 | len: 3
2025-05-19 17:17:57,217 [INFO] EP 0288 | steps: 047 | reward: 34.6 | eps: 0.236 | len: 6
2025-05-19 17:17:57,217 [INFO] EP 0289 | steps: 145 | reward: 74.4 | eps: 0.235 | len: 9
2025-05-19 17:17:57,218 [INFO] EP 0290 | steps: 146 | reward: 64.5 | eps: 0.234 | len: 8
2025-05-19 17:17:57,219 [INFO] EP 0291 | steps: 120 | reward: 31.9 | eps: 0.233 | len: 5
2025-05-19 17:17:57,220 [INFO] EP 0292 | steps: 125 | reward: 52.4 | eps: 0.231 | len: 7
2025-05-19 17:17:57,220 [INFO] EP 0293 | steps: 052 | reward: 5.1 | eps: 0.230 | len: 3
2025-05-19 17:17:57,221 [INFO] EP 0294 | steps: 123 | reward: 72.2 | eps: 0.229 | len: 9
2025-05-19 17:17:57,221 [INFO] EP 0295 | steps: 049 | reward: 14.8 | eps: 0.228 | len: 4
2025-05-19 17:17:57,222 [INFO] EP 0296 | steps: 136 | reward: 53.5 | eps: 0.227 | len: 7
2025-05-19 17:17:57,223 [INFO] EP 0297 | steps: 121 | reward: 52.0 | eps: 0.226 | len: 7
2025-05-19 17:17:57,224 [INFO] EP 0298 | steps: 170 | reward: 66.9 | eps: 0.225 | len: 8
2025-05-19 17:17:57,224 [INFO] EP 0299 | steps: 085 | reward: 28.4 | eps: 0.223 | len: 5
2025-05-19 17:17:57,224 [INFO] EP 0300 | steps: 031 | reward: 13.0 | eps: 0.222 | len: 4
2025-05-19 17:18:02,237 [INFO] Episode 300 saved to runs\ep_0300
2025-05-19 17:18:02,239 [INFO] EP 0301 | steps: 178 | reward: 77.7 | eps: 0.221 | len: 9
2025-05-19 17:18:02,239 [INFO] EP 0302 | steps: 091 | reward: 39.0 | eps: 0.220 | len: 6
2025-05-19 17:18:02,240 [INFO] EP 0303 | steps: 100 | reward: 39.9 | eps: 0.219 | len: 6
2025-05-19 17:18:02,240 [INFO] EP 0304 | steps: 041 | reward: 14.0 | eps: 0.218 | len: 4
2025-05-19 17:18:02,240 [INFO] EP 0305 | steps: 011 | reward: 1.0 | eps: 0.217 | len: 3
2025-05-19 17:18:02,241 [INFO] EP 0306 | steps: 125 | reward: 62.4 | eps: 0.216 | len: 8
2025-05-19 17:18:02,241 [INFO] EP 0307 | steps: 040 | reward: 13.9 | eps: 0.215 | len: 4
2025-05-19 17:18:02,242 [INFO] EP 0308 | steps: 044 | reward: 14.3 | eps: 0.214 | len: 4
2025-05-19 17:18:02,242 [INFO] EP 0309 | steps: 081 | reward: 28.0 | eps: 0.212 | len: 5
2025-05-19 17:18:02,243 [INFO] EP 0310 | steps: 051 | reward: 25.0 | eps: 0.211 | len: 5
2025-05-19 17:18:02,243 [INFO] EP 0311 | steps: 138 | reward: 73.7 | eps: 0.210 | len: 9
2025-05-19 17:18:02,244 [INFO] EP 0312 | steps: 068 | reward: 26.7 | eps: 0.209 | len: 5
2025-05-19 17:18:02,244 [INFO] EP 0313 | steps: 028 | reward: 12.7 | eps: 0.208 | len: 4
2025-05-19 17:18:02,244 [INFO] EP 0314 | steps: 021 | reward: -8.0 | eps: 0.207 | len: 2
2025-05-19 17:18:02,244 [INFO] EP 0315 | steps: 025 | reward: -7.6 | eps: 0.206 | len: 2
2025-05-19 17:18:02,245 [INFO] EP 0316 | steps: 143 | reward: 74.2 | eps: 0.205 | len: 9
2025-05-19 17:18:02,246 [INFO] EP 0317 | steps: 074 | reward: 27.3 | eps: 0.204 | len: 5
2025-05-19 17:18:02,246 [INFO] EP 0318 | steps: 105 | reward: 30.4 | eps: 0.203 | len: 5
2025-05-19 17:18:02,247 [INFO] EP 0319 | steps: 126 | reward: 52.5 | eps: 0.202 | len: 7
2025-05-19 17:18:02,247 [INFO] EP 0320 | steps: 021 | reward: -8.0 | eps: 0.201 | len: 2
2025-05-19 17:18:02,248 [INFO] EP 0321 | steps: 065 | reward: 36.4 | eps: 0.200 | len: 6
2025-05-19 17:18:02,248 [INFO] EP 0322 | steps: 020 | reward: 1.9 | eps: 0.199 | len: 3
2025-05-19 17:18:02,249 [INFO] EP 0323 | steps: 112 | reward: 51.1 | eps: 0.198 | len: 7
2025-05-19 17:18:02,249 [INFO] EP 0324 | steps: 110 | reward: 40.9 | eps: 0.197 | len: 6
2025-05-19 17:18:02,250 [INFO] EP 0325 | steps: 061 | reward: 16.0 | eps: 0.196 | len: 4
2025-05-19 17:18:02,251 [INFO] EP 0326 | steps: 147 | reward: 44.6 | eps: 0.195 | len: 6
2025-05-19 17:18:02,251 [INFO] EP 0327 | steps: 118 | reward: 51.7 | eps: 0.194 | len: 7
2025-05-19 17:18:02,252 [INFO] EP 0328 | steps: 099 | reward: 79.8 | eps: 0.193 | len: 10
2025-05-19 17:18:02,252 [INFO] EP 0329 | steps: 025 | reward: 12.4 | eps: 0.192 | len: 4
2025-05-19 17:18:02,252 [INFO] EP 0330 | steps: 053 | reward: 15.2 | eps: 0.191 | len: 4
2025-05-19 17:18:02,253 [INFO] EP 0331 | steps: 124 | reward: 52.3 | eps: 0.190 | len: 7
2025-05-19 17:18:02,254 [INFO] EP 0332 | steps: 121 | reward: 42.0 | eps: 0.189 | len: 6
2025-05-19 17:18:02,254 [INFO] EP 0333 | steps: 025 | reward: 12.4 | eps: 0.188 | len: 4
2025-05-19 17:18:02,255 [INFO] EP 0334 | steps: 147 | reward: 64.6 | eps: 0.187 | len: 8
2025-05-19 17:18:02,256 [INFO] Loop detected at EP 0335 after 215 steps.
2025-05-19 17:18:02,256 [INFO] EP 0335 | steps: 215 | reward: 101.5 | eps: 0.187 | len: 10
2025-05-19 17:18:02,257 [INFO] EP 0336 | steps: 047 | reward: 14.6 | eps: 0.186 | len: 4
2025-05-19 17:18:02,258 [INFO] EP 0337 | steps: 156 | reward: 85.5 | eps: 0.185 | len: 10
2025-05-19 17:18:02,258 [INFO] EP 0338 | steps: 106 | reward: 50.5 | eps: 0.184 | len: 7
2025-05-19 17:18:02,259 [INFO] EP 0339 | steps: 066 | reward: 46.5 | eps: 0.183 | len: 7
2025-05-19 17:18:02,259 [INFO] EP 0340 | steps: 125 | reward: 72.4 | eps: 0.182 | len: 9
2025-05-19 17:18:02,260 [INFO] EP 0341 | steps: 057 | reward: 35.6 | eps: 0.181 | len: 6
2025-05-19 17:18:02,260 [INFO] EP 0342 | steps: 065 | reward: 36.4 | eps: 0.180 | len: 6
2025-05-19 17:18:02,261 [INFO] EP 0343 | steps: 182 | reward: 118.1 | eps: 0.179 | len: 13
2025-05-19 17:18:02,262 [INFO] EP 0344 | steps: 031 | reward: 23.0 | eps: 0.178 | len: 5
2025-05-19 17:18:02,262 [INFO] EP 0345 | steps: 023 | reward: 12.2 | eps: 0.177 | len: 4
2025-05-19 17:18:02,262 [INFO] EP 0346 | steps: 013 | reward: 1.2 | eps: 0.177 | len: 3
2025-05-19 17:18:02,263 [INFO] EP 0347 | steps: 156 | reward: 85.5 | eps: 0.176 | len: 10
2025-05-19 17:18:02,264 [INFO] EP 0348 | steps: 081 | reward: 58.0 | eps: 0.175 | len: 8
2025-05-19 17:18:02,264 [INFO] EP 0349 | steps: 043 | reward: 14.2 | eps: 0.174 | len: 4
2025-05-19 17:18:02,265 [INFO] EP 0350 | steps: 227 | reward: 132.6 | eps: 0.173 | len: 14
2025-05-19 17:18:02,266 [INFO] EP 0351 | steps: 064 | reward: 16.3 | eps: 0.172 | len: 4
2025-05-19 17:18:02,267 [INFO] EP 0352 | steps: 192 | reward: 89.1 | eps: 0.171 | len: 10
2025-05-19 17:18:02,268 [INFO] EP 0353 | steps: 070 | reward: 46.9 | eps: 0.170 | len: 7
2025-05-19 17:18:02,269 [INFO] EP 0354 | steps: 194 | reward: 129.3 | eps: 0.170 | len: 14
2025-05-19 17:18:02,270 [INFO] EP 0355 | steps: 096 | reward: 29.5 | eps: 0.169 | len: 5
2025-05-19 17:18:02,270 [INFO] EP 0356 | steps: 086 | reward: 28.5 | eps: 0.168 | len: 5
2025-05-19 17:18:02,271 [INFO] EP 0357 | steps: 066 | reward: 26.5 | eps: 0.167 | len: 5
2025-05-19 17:18:02,271 [INFO] EP 0358 | steps: 048 | reward: 4.7 | eps: 0.166 | len: 3
2025-05-19 17:18:02,271 [INFO] EP 0359 | steps: 095 | reward: 29.4 | eps: 0.165 | len: 5
2025-05-19 17:18:02,272 [INFO] EP 0360 | steps: 068 | reward: 26.7 | eps: 0.165 | len: 5
2025-05-19 17:18:02,273 [INFO] EP 0361 | steps: 130 | reward: 92.9 | eps: 0.164 | len: 11
2025-05-19 17:18:02,273 [INFO] EP 0362 | steps: 058 | reward: 25.7 | eps: 0.163 | len: 5
2025-05-19 17:18:02,274 [INFO] EP 0363 | steps: 115 | reward: 61.4 | eps: 0.162 | len: 8
2025-05-19 17:18:02,275 [INFO] EP 0364 | steps: 237 | reward: 123.6 | eps: 0.161 | len: 13
2025-05-19 17:18:02,276 [INFO] EP 0365 | steps: 104 | reward: 40.3 | eps: 0.160 | len: 6
2025-05-19 17:18:02,276 [INFO] EP 0366 | steps: 056 | reward: 35.5 | eps: 0.160 | len: 6
2025-05-19 17:18:02,277 [INFO] EP 0367 | steps: 102 | reward: 40.1 | eps: 0.159 | len: 6
2025-05-19 17:18:02,278 [INFO] EP 0368 | steps: 195 | reward: 89.4 | eps: 0.158 | len: 10
2025-05-19 17:18:02,279 [INFO] EP 0369 | steps: 198 | reward: 129.7 | eps: 0.157 | len: 14
2025-05-19 17:18:02,280 [INFO] EP 0370 | steps: 172 | reward: 77.1 | eps: 0.157 | len: 9
2025-05-19 17:18:02,281 [INFO] EP 0371 | steps: 133 | reward: 63.2 | eps: 0.156 | len: 8
2025-05-19 17:18:02,282 [INFO] EP 0372 | steps: 142 | reward: 104.1 | eps: 0.155 | len: 12
2025-05-19 17:18:02,283 [INFO] EP 0373 | steps: 148 | reward: 94.7 | eps: 0.154 | len: 11
2025-05-19 17:18:02,284 [INFO] EP 0374 | steps: 053 | reward: 15.2 | eps: 0.153 | len: 4
2025-05-19 17:18:02,285 [INFO] EP 0375 | steps: 123 | reward: 52.2 | eps: 0.153 | len: 7
2025-05-19 17:18:02,285 [INFO] EP 0376 | steps: 083 | reward: 38.2 | eps: 0.152 | len: 6
2025-05-19 17:18:02,286 [INFO] EP 0377 | steps: 074 | reward: 17.3 | eps: 0.151 | len: 4
2025-05-19 17:18:02,286 [INFO] EP 0378 | steps: 069 | reward: 16.8 | eps: 0.150 | len: 4
2025-05-19 17:18:02,287 [INFO] EP 0379 | steps: 171 | reward: 107.0 | eps: 0.150 | len: 12
2025-05-19 17:18:02,288 [INFO] EP 0380 | steps: 111 | reward: 51.0 | eps: 0.149 | len: 7
2025-05-19 17:18:02,290 [INFO] EP 0381 | steps: 385 | reward: 188.4 | eps: 0.148 | len: 18
2025-05-19 17:18:02,291 [INFO] EP 0382 | steps: 077 | reward: 37.6 | eps: 0.147 | len: 6
2025-05-19 17:18:02,292 [INFO] EP 0383 | steps: 096 | reward: 19.5 | eps: 0.147 | len: 4
2025-05-19 17:18:02,292 [INFO] EP 0384 | steps: 095 | reward: 39.4 | eps: 0.146 | len: 6
2025-05-19 17:18:02,293 [INFO] EP 0385 | steps: 116 | reward: 41.5 | eps: 0.145 | len: 6
2025-05-19 17:18:02,294 [INFO] EP 0386 | steps: 255 | reward: 135.4 | eps: 0.144 | len: 14
2025-05-19 17:18:02,295 [INFO] EP 0387 | steps: 021 | reward: 2.0 | eps: 0.144 | len: 3
2025-05-19 17:18:02,295 [INFO] EP 0388 | steps: 111 | reward: 41.0 | eps: 0.143 | len: 6
2025-05-19 17:18:02,297 [INFO] Loop detected at EP 0389 after 255 steps.
2025-05-19 17:18:02,297 [INFO] EP 0389 | steps: 255 | reward: 145.5 | eps: 0.142 | len: 14
2025-05-19 17:18:02,297 [INFO] EP 0390 | steps: 077 | reward: 27.6 | eps: 0.142 | len: 5
2025-05-19 17:18:02,298 [INFO] EP 0391 | steps: 214 | reward: 91.3 | eps: 0.141 | len: 10
2025-05-19 17:18:02,299 [INFO] EP 0392 | steps: 135 | reward: 73.4 | eps: 0.140 | len: 9
2025-05-19 17:18:02,300 [INFO] EP 0393 | steps: 161 | reward: 106.0 | eps: 0.139 | len: 12
2025-05-19 17:18:02,300 [INFO] EP 0394 | steps: 024 | reward: 12.3 | eps: 0.139 | len: 4
2025-05-19 17:18:02,301 [INFO] EP 0395 | steps: 113 | reward: 61.2 | eps: 0.138 | len: 8
2025-05-19 17:18:02,302 [INFO] EP 0396 | steps: 103 | reward: 40.2 | eps: 0.137 | len: 6
2025-05-19 17:18:02,302 [INFO] EP 0397 | steps: 080 | reward: 37.9 | eps: 0.137 | len: 6
2025-05-19 17:18:02,303 [INFO] EP 0398 | steps: 061 | reward: 46.0 | eps: 0.136 | len: 7
2025-05-19 17:18:02,303 [INFO] EP 0399 | steps: 076 | reward: 47.5 | eps: 0.135 | len: 7
2025-05-19 17:18:02,304 [INFO] EP 0400 | steps: 190 | reward: 108.9 | eps: 0.135 | len: 12
