2025-05-19 17:28:22,295 [INFO] ==== Training started ====
2025-05-19 17:28:22,296 [INFO] EP 0001 | steps: 048 | reward: -5.3 | eps: 0.995 | len: 2
2025-05-19 17:28:22,297 [INFO] EP 0002 | steps: 116 | reward: 1.5 | eps: 0.990 | len: 2
2025-05-19 17:28:22,297 [INFO] EP 0003 | steps: 051 | reward: -5.0 | eps: 0.985 | len: 2
2025-05-19 17:28:22,298 [INFO] EP 0004 | steps: 050 | reward: -5.1 | eps: 0.980 | len: 2
2025-05-19 17:28:22,298 [INFO] EP 0005 | steps: 140 | reward: 3.9 | eps: 0.975 | len: 2
2025-05-19 17:28:22,299 [INFO] EP 0006 | steps: 045 | reward: -5.6 | eps: 0.970 | len: 2
2025-05-19 17:28:22,300 [INFO] EP 0007 | steps: 093 | reward: -0.8 | eps: 0.966 | len: 2
2025-05-19 17:28:22,301 [INFO] EP 0008 | steps: 065 | reward: -3.6 | eps: 0.961 | len: 2
2025-05-19 17:28:22,301 [INFO] EP 0009 | steps: 049 | reward: -5.2 | eps: 0.956 | len: 2
2025-05-19 17:28:22,302 [INFO] EP 0010 | steps: 102 | reward: 0.1 | eps: 0.951 | len: 2
2025-05-19 17:28:22,303 [INFO] Loop detected at EP 0011 after 220 steps.
2025-05-19 17:28:22,303 [INFO] EP 0011 | steps: 220 | reward: 22.0 | eps: 0.946 | len: 2
2025-05-19 17:28:22,304 [INFO] EP 0012 | steps: 096 | reward: -0.5 | eps: 0.942 | len: 2
2025-05-19 17:28:22,304 [INFO] EP 0013 | steps: 079 | reward: -2.2 | eps: 0.937 | len: 2
2025-05-19 17:28:22,305 [INFO] EP 0014 | steps: 168 | reward: 6.7 | eps: 0.932 | len: 2
2025-05-19 17:28:22,305 [INFO] EP 0015 | steps: 026 | reward: -7.5 | eps: 0.928 | len: 2
2025-05-19 17:28:22,306 [INFO] EP 0016 | steps: 067 | reward: -3.4 | eps: 0.923 | len: 2
2025-05-19 17:28:22,306 [INFO] EP 0017 | steps: 032 | reward: -6.9 | eps: 0.918 | len: 2
2025-05-19 17:28:22,307 [INFO] Loop detected at EP 0018 after 189 steps.
2025-05-19 17:28:22,307 [INFO] EP 0018 | steps: 189 | reward: 18.9 | eps: 0.914 | len: 2
2025-05-19 17:28:22,308 [INFO] EP 0019 | steps: 155 | reward: 5.4 | eps: 0.909 | len: 2
2025-05-19 17:28:22,309 [INFO] EP 0020 | steps: 135 | reward: 3.4 | eps: 0.905 | len: 2
2025-05-19 17:28:22,310 [INFO] EP 0021 | steps: 155 | reward: 5.4 | eps: 0.900 | len: 2
2025-05-19 17:28:22,310 [INFO] EP 0022 | steps: 028 | reward: -7.3 | eps: 0.896 | len: 2
2025-05-19 17:28:22,310 [INFO] EP 0023 | steps: 041 | reward: -6.0 | eps: 0.891 | len: 2
2025-05-19 17:28:22,311 [INFO] EP 0024 | steps: 106 | reward: 0.5 | eps: 0.887 | len: 2
2025-05-19 17:28:22,311 [INFO] EP 0025 | steps: 036 | reward: -6.5 | eps: 0.882 | len: 2
2025-05-19 17:28:22,311 [INFO] EP 0026 | steps: 028 | reward: -7.3 | eps: 0.878 | len: 2
2025-05-19 17:28:22,312 [INFO] EP 0027 | steps: 116 | reward: 1.5 | eps: 0.873 | len: 2
2025-05-19 17:28:22,312 [INFO] EP 0028 | steps: 051 | reward: -5.0 | eps: 0.869 | len: 2
2025-05-19 17:28:22,312 [INFO] EP 0029 | steps: 041 | reward: -6.0 | eps: 0.865 | len: 2
2025-05-19 17:28:22,313 [INFO] Loop detected at EP 0030 after 193 steps.
2025-05-19 17:28:22,313 [INFO] EP 0030 | steps: 193 | reward: 19.3 | eps: 0.860 | len: 2
2025-05-19 17:28:22,313 [INFO] EP 0031 | steps: 030 | reward: -7.1 | eps: 0.856 | len: 2
2025-05-19 17:28:22,314 [INFO] EP 0032 | steps: 058 | reward: -4.3 | eps: 0.852 | len: 2
2025-05-19 17:28:22,314 [INFO] EP 0033 | steps: 123 | reward: 2.2 | eps: 0.848 | len: 2
2025-05-19 17:28:22,315 [INFO] EP 0034 | steps: 044 | reward: -5.7 | eps: 0.843 | len: 2
2025-05-19 17:28:22,315 [INFO] EP 0035 | steps: 027 | reward: -7.4 | eps: 0.839 | len: 2
2025-05-19 17:28:22,315 [INFO] EP 0036 | steps: 040 | reward: -6.1 | eps: 0.835 | len: 2
2025-05-19 17:28:22,315 [INFO] EP 0037 | steps: 043 | reward: -5.8 | eps: 0.831 | len: 2
2025-05-19 17:28:22,316 [INFO] EP 0038 | steps: 049 | reward: -5.2 | eps: 0.827 | len: 2
2025-05-19 17:28:22,316 [INFO] EP 0039 | steps: 035 | reward: -6.6 | eps: 0.822 | len: 2
2025-05-19 17:28:22,316 [INFO] EP 0040 | steps: 091 | reward: -1.0 | eps: 0.818 | len: 2
2025-05-19 17:28:22,317 [INFO] EP 0041 | steps: 095 | reward: -0.6 | eps: 0.814 | len: 2
2025-05-19 17:28:22,317 [INFO] EP 0042 | steps: 022 | reward: -7.9 | eps: 0.810 | len: 2
2025-05-19 17:28:22,318 [INFO] EP 0043 | steps: 131 | reward: 3.0 | eps: 0.806 | len: 2
2025-05-19 17:28:22,318 [INFO] EP 0044 | steps: 119 | reward: 1.8 | eps: 0.802 | len: 2
2025-05-19 17:28:22,319 [INFO] EP 0045 | steps: 053 | reward: -4.8 | eps: 0.798 | len: 2
2025-05-19 17:28:22,319 [INFO] EP 0046 | steps: 122 | reward: 2.1 | eps: 0.794 | len: 2
2025-05-19 17:28:22,320 [INFO] EP 0047 | steps: 063 | reward: -3.8 | eps: 0.790 | len: 2
2025-05-19 17:28:22,320 [INFO] EP 0048 | steps: 079 | reward: -2.2 | eps: 0.786 | len: 2
2025-05-19 17:28:22,321 [INFO] EP 0049 | steps: 053 | reward: 5.2 | eps: 0.782 | len: 3
2025-05-19 17:28:22,321 [INFO] EP 0050 | steps: 045 | reward: -5.6 | eps: 0.778 | len: 2
2025-05-19 17:28:22,322 [INFO] EP 0051 | steps: 049 | reward: -5.2 | eps: 0.774 | len: 2
2025-05-19 17:28:22,322 [INFO] EP 0052 | steps: 069 | reward: -3.2 | eps: 0.771 | len: 2
2025-05-19 17:28:22,323 [INFO] EP 0053 | steps: 078 | reward: -2.3 | eps: 0.767 | len: 2
2025-05-19 17:28:22,323 [INFO] EP 0054 | steps: 081 | reward: -2.0 | eps: 0.763 | len: 2
2025-05-19 17:28:22,323 [INFO] EP 0055 | steps: 033 | reward: -6.8 | eps: 0.759 | len: 2
2025-05-19 17:28:22,324 [INFO] EP 0056 | steps: 077 | reward: -2.4 | eps: 0.755 | len: 2
2025-05-19 17:28:22,324 [INFO] EP 0057 | steps: 095 | reward: -0.6 | eps: 0.751 | len: 2
2025-05-19 17:28:22,325 [INFO] EP 0058 | steps: 095 | reward: -0.6 | eps: 0.748 | len: 2
2025-05-19 17:28:22,325 [INFO] EP 0059 | steps: 080 | reward: -2.1 | eps: 0.744 | len: 2
2025-05-19 17:28:22,325 [INFO] EP 0060 | steps: 053 | reward: -4.8 | eps: 0.740 | len: 2
2025-05-19 17:28:22,326 [INFO] EP 0061 | steps: 059 | reward: -4.2 | eps: 0.737 | len: 2
2025-05-19 17:28:22,326 [INFO] EP 0062 | steps: 111 | reward: 1.0 | eps: 0.733 | len: 2
2025-05-19 17:28:22,327 [INFO] EP 0063 | steps: 047 | reward: -5.4 | eps: 0.729 | len: 2
2025-05-19 17:28:22,327 [INFO] EP 0064 | steps: 052 | reward: -4.9 | eps: 0.726 | len: 2
2025-05-19 17:28:22,327 [INFO] EP 0065 | steps: 031 | reward: -7.0 | eps: 0.722 | len: 2
2025-05-19 17:28:22,327 [INFO] EP 0066 | steps: 039 | reward: -6.2 | eps: 0.718 | len: 2
2025-05-19 17:28:22,328 [INFO] EP 0067 | steps: 099 | reward: 19.8 | eps: 0.715 | len: 4
2025-05-19 17:28:22,329 [INFO] EP 0068 | steps: 049 | reward: -5.2 | eps: 0.711 | len: 2
2025-05-19 17:28:22,330 [INFO] EP 0069 | steps: 132 | reward: 13.1 | eps: 0.708 | len: 3
2025-05-19 17:28:22,330 [INFO] EP 0070 | steps: 066 | reward: -3.5 | eps: 0.704 | len: 2
2025-05-19 17:28:22,331 [INFO] Loop detected at EP 0071 after 178 steps.
2025-05-19 17:28:22,331 [INFO] EP 0071 | steps: 178 | reward: 17.8 | eps: 0.701 | len: 2
2025-05-19 17:28:22,331 [INFO] EP 0072 | steps: 031 | reward: -7.0 | eps: 0.697 | len: 2
2025-05-19 17:28:22,332 [INFO] EP 0073 | steps: 069 | reward: -3.2 | eps: 0.694 | len: 2
2025-05-19 17:28:22,332 [INFO] EP 0074 | steps: 077 | reward: -2.4 | eps: 0.690 | len: 2
2025-05-19 17:28:22,332 [INFO] EP 0075 | steps: 057 | reward: -4.4 | eps: 0.687 | len: 2
2025-05-19 17:28:22,333 [INFO] EP 0076 | steps: 073 | reward: -2.8 | eps: 0.683 | len: 2
2025-05-19 17:28:22,333 [INFO] EP 0077 | steps: 076 | reward: -2.5 | eps: 0.680 | len: 2
2025-05-19 17:28:22,334 [INFO] EP 0078 | steps: 114 | reward: 1.3 | eps: 0.676 | len: 2
2025-05-19 17:28:22,334 [INFO] EP 0079 | steps: 022 | reward: -7.9 | eps: 0.673 | len: 2
2025-05-19 17:28:22,334 [INFO] EP 0080 | steps: 055 | reward: -4.6 | eps: 0.670 | len: 2
2025-05-19 17:28:22,335 [INFO] EP 0081 | steps: 034 | reward: -6.7 | eps: 0.666 | len: 2
2025-05-19 17:28:22,335 [INFO] EP 0082 | steps: 115 | reward: 1.4 | eps: 0.663 | len: 2
2025-05-19 17:28:22,336 [INFO] EP 0083 | steps: 136 | reward: 3.5 | eps: 0.660 | len: 2
2025-05-19 17:28:22,337 [INFO] EP 0084 | steps: 103 | reward: 0.2 | eps: 0.656 | len: 2
2025-05-19 17:28:22,337 [INFO] EP 0085 | steps: 026 | reward: 12.5 | eps: 0.653 | len: 4
2025-05-19 17:28:22,338 [INFO] EP 0086 | steps: 090 | reward: 8.9 | eps: 0.650 | len: 3
2025-05-19 17:28:22,338 [INFO] EP 0087 | steps: 053 | reward: -4.8 | eps: 0.647 | len: 2
2025-05-19 17:28:22,339 [INFO] EP 0088 | steps: 203 | reward: 10.2 | eps: 0.643 | len: 2
2025-05-19 17:28:22,340 [INFO] EP 0089 | steps: 128 | reward: 2.7 | eps: 0.640 | len: 2
2025-05-19 17:28:22,341 [INFO] EP 0090 | steps: 131 | reward: 13.0 | eps: 0.637 | len: 3
2025-05-19 17:28:22,342 [INFO] EP 0091 | steps: 221 | reward: 32.0 | eps: 0.634 | len: 4
2025-05-19 17:28:22,342 [INFO] EP 0092 | steps: 027 | reward: -7.4 | eps: 0.631 | len: 2
2025-05-19 17:28:22,343 [INFO] EP 0093 | steps: 112 | reward: 21.1 | eps: 0.627 | len: 4
2025-05-19 17:28:22,343 [INFO] EP 0094 | steps: 079 | reward: 7.8 | eps: 0.624 | len: 3
2025-05-19 17:28:22,344 [INFO] EP 0095 | steps: 059 | reward: 5.8 | eps: 0.621 | len: 3
2025-05-19 17:28:22,344 [INFO] EP 0096 | steps: 065 | reward: -3.6 | eps: 0.618 | len: 2
2025-05-19 17:28:22,345 [INFO] EP 0097 | steps: 085 | reward: 18.4 | eps: 0.615 | len: 4
2025-05-19 17:28:22,345 [INFO] EP 0098 | steps: 097 | reward: -0.4 | eps: 0.612 | len: 2
2025-05-19 17:28:22,346 [INFO] EP 0099 | steps: 171 | reward: 17.0 | eps: 0.609 | len: 3
2025-05-19 17:28:22,347 [INFO] EP 0100 | steps: 103 | reward: 10.2 | eps: 0.606 | len: 3
2025-05-19 17:28:23,977 [INFO] Episode 100 saved to runs\ep_0100
2025-05-19 17:28:23,978 [INFO] EP 0101 | steps: 020 | reward: -8.1 | eps: 0.603 | len: 2
2025-05-19 17:28:23,979 [INFO] EP 0102 | steps: 122 | reward: 22.1 | eps: 0.600 | len: 4
2025-05-19 17:28:23,980 [INFO] EP 0103 | steps: 098 | reward: 9.7 | eps: 0.597 | len: 3
2025-05-19 17:28:23,981 [INFO] EP 0104 | steps: 087 | reward: 8.6 | eps: 0.594 | len: 3
2025-05-19 17:28:23,982 [INFO] EP 0105 | steps: 138 | reward: 23.7 | eps: 0.591 | len: 4
2025-05-19 17:28:23,983 [INFO] EP 0106 | steps: 035 | reward: -6.6 | eps: 0.588 | len: 2
2025-05-19 17:28:23,983 [INFO] EP 0107 | steps: 097 | reward: 9.6 | eps: 0.585 | len: 3
2025-05-19 17:28:23,983 [INFO] EP 0108 | steps: 022 | reward: 2.1 | eps: 0.582 | len: 3
2025-05-19 17:28:23,984 [INFO] EP 0109 | steps: 115 | reward: 21.4 | eps: 0.579 | len: 4
2025-05-19 17:28:23,984 [INFO] EP 0110 | steps: 031 | reward: 13.0 | eps: 0.576 | len: 4
2025-05-19 17:28:23,984 [INFO] EP 0111 | steps: 018 | reward: -8.3 | eps: 0.573 | len: 2
2025-05-19 17:28:23,985 [INFO] EP 0112 | steps: 118 | reward: 11.7 | eps: 0.570 | len: 3
2025-05-19 17:28:23,985 [INFO] EP 0113 | steps: 043 | reward: -5.8 | eps: 0.568 | len: 2
2025-05-19 17:28:23,986 [INFO] EP 0114 | steps: 076 | reward: -2.5 | eps: 0.565 | len: 2
2025-05-19 17:28:23,986 [INFO] EP 0115 | steps: 028 | reward: -7.3 | eps: 0.562 | len: 2
2025-05-19 17:28:23,986 [INFO] EP 0116 | steps: 053 | reward: 5.2 | eps: 0.559 | len: 3
2025-05-19 17:28:23,986 [INFO] EP 0117 | steps: 024 | reward: -7.7 | eps: 0.556 | len: 2
2025-05-19 17:28:23,987 [INFO] EP 0118 | steps: 017 | reward: -8.4 | eps: 0.554 | len: 2
2025-05-19 17:28:23,987 [INFO] EP 0119 | steps: 111 | reward: 1.0 | eps: 0.551 | len: 2
2025-05-19 17:28:23,988 [INFO] EP 0120 | steps: 079 | reward: 7.8 | eps: 0.548 | len: 3
2025-05-19 17:28:23,989 [INFO] EP 0121 | steps: 157 | reward: 25.6 | eps: 0.545 | len: 4
2025-05-19 17:28:23,989 [INFO] EP 0122 | steps: 114 | reward: 31.3 | eps: 0.543 | len: 5
2025-05-19 17:28:23,990 [INFO] EP 0123 | steps: 119 | reward: 21.8 | eps: 0.540 | len: 4
2025-05-19 17:28:23,991 [INFO] EP 0124 | steps: 015 | reward: -8.6 | eps: 0.537 | len: 2
2025-05-19 17:28:23,991 [INFO] EP 0125 | steps: 128 | reward: 32.7 | eps: 0.534 | len: 5
2025-05-19 17:28:23,992 [INFO] EP 0126 | steps: 127 | reward: 22.6 | eps: 0.532 | len: 4
2025-05-19 17:28:23,992 [INFO] EP 0127 | steps: 055 | reward: 5.4 | eps: 0.529 | len: 3
2025-05-19 17:28:23,993 [INFO] EP 0128 | steps: 125 | reward: 22.4 | eps: 0.526 | len: 4
2025-05-19 17:28:23,993 [INFO] EP 0129 | steps: 016 | reward: -8.5 | eps: 0.524 | len: 2
2025-05-19 17:28:23,995 [INFO] EP 0130 | steps: 235 | reward: 63.4 | eps: 0.521 | len: 7
2025-05-19 17:28:23,997 [INFO] EP 0131 | steps: 172 | reward: 37.1 | eps: 0.519 | len: 5
2025-05-19 17:28:23,997 [INFO] EP 0132 | steps: 040 | reward: 3.9 | eps: 0.516 | len: 3
2025-05-19 17:28:23,997 [INFO] EP 0133 | steps: 032 | reward: 3.1 | eps: 0.513 | len: 3
2025-05-19 17:28:23,998 [INFO] EP 0134 | steps: 080 | reward: 17.9 | eps: 0.511 | len: 4
2025-05-19 17:28:23,998 [INFO] EP 0135 | steps: 061 | reward: -4.0 | eps: 0.508 | len: 2
2025-05-19 17:28:23,999 [INFO] EP 0136 | steps: 092 | reward: 19.1 | eps: 0.506 | len: 4
2025-05-19 17:28:23,999 [INFO] EP 0137 | steps: 091 | reward: 19.0 | eps: 0.503 | len: 4
2025-05-19 17:28:24,000 [INFO] EP 0138 | steps: 159 | reward: 25.8 | eps: 0.501 | len: 4
2025-05-19 17:28:24,001 [INFO] EP 0139 | steps: 131 | reward: 43.0 | eps: 0.498 | len: 6
2025-05-19 17:28:24,001 [INFO] EP 0140 | steps: 078 | reward: 17.7 | eps: 0.496 | len: 4
2025-05-19 17:28:24,002 [INFO] EP 0141 | steps: 033 | reward: -6.8 | eps: 0.493 | len: 2
2025-05-19 17:28:24,002 [INFO] EP 0142 | steps: 044 | reward: -5.7 | eps: 0.491 | len: 2
2025-05-19 17:28:24,002 [INFO] EP 0143 | steps: 061 | reward: 6.0 | eps: 0.488 | len: 3
2025-05-19 17:28:24,003 [INFO] EP 0144 | steps: 079 | reward: 17.8 | eps: 0.486 | len: 4
2025-05-19 17:28:24,003 [INFO] EP 0145 | steps: 014 | reward: -8.7 | eps: 0.483 | len: 2
2025-05-19 17:28:24,003 [INFO] EP 0146 | steps: 103 | reward: 0.2 | eps: 0.481 | len: 2
2025-05-19 17:28:24,004 [INFO] EP 0147 | steps: 019 | reward: -8.2 | eps: 0.479 | len: 2
2025-05-19 17:28:24,004 [INFO] EP 0148 | steps: 069 | reward: 16.8 | eps: 0.476 | len: 4
2025-05-19 17:28:24,005 [INFO] EP 0149 | steps: 140 | reward: 53.9 | eps: 0.474 | len: 7
2025-05-19 17:28:24,005 [INFO] EP 0150 | steps: 011 | reward: -9.0 | eps: 0.471 | len: 2
2025-05-19 17:28:24,005 [INFO] EP 0151 | steps: 090 | reward: 8.9 | eps: 0.469 | len: 3
2025-05-19 17:28:24,006 [INFO] EP 0152 | steps: 088 | reward: 8.7 | eps: 0.467 | len: 3
2025-05-19 17:28:24,006 [INFO] EP 0153 | steps: 087 | reward: 18.6 | eps: 0.464 | len: 4
2025-05-19 17:28:24,007 [INFO] EP 0154 | steps: 036 | reward: -6.5 | eps: 0.462 | len: 2
2025-05-19 17:28:24,007 [INFO] EP 0155 | steps: 101 | reward: 30.0 | eps: 0.460 | len: 5
2025-05-19 17:28:24,007 [INFO] EP 0156 | steps: 023 | reward: -7.8 | eps: 0.458 | len: 2
2025-05-19 17:28:24,008 [INFO] EP 0157 | steps: 053 | reward: 5.2 | eps: 0.455 | len: 3
2025-05-19 17:28:24,008 [INFO] EP 0158 | steps: 022 | reward: -7.9 | eps: 0.453 | len: 2
2025-05-19 17:28:24,008 [INFO] EP 0159 | steps: 078 | reward: 7.7 | eps: 0.451 | len: 3
2025-05-19 17:28:24,008 [INFO] EP 0160 | steps: 022 | reward: -7.9 | eps: 0.448 | len: 2
2025-05-19 17:28:24,009 [INFO] EP 0161 | steps: 036 | reward: 3.5 | eps: 0.446 | len: 3
2025-05-19 17:28:24,009 [INFO] EP 0162 | steps: 081 | reward: -2.0 | eps: 0.444 | len: 2
2025-05-19 17:28:24,010 [INFO] EP 0163 | steps: 128 | reward: 22.7 | eps: 0.442 | len: 4
2025-05-19 17:28:24,010 [INFO] EP 0164 | steps: 068 | reward: 16.7 | eps: 0.440 | len: 4
2025-05-19 17:28:24,011 [INFO] EP 0165 | steps: 054 | reward: 5.3 | eps: 0.437 | len: 3
2025-05-19 17:28:24,011 [INFO] EP 0166 | steps: 135 | reward: 33.4 | eps: 0.435 | len: 5
2025-05-19 17:28:24,012 [INFO] EP 0167 | steps: 103 | reward: 30.2 | eps: 0.433 | len: 5
2025-05-19 17:28:24,013 [INFO] EP 0168 | steps: 125 | reward: 32.4 | eps: 0.431 | len: 5
2025-05-19 17:28:24,013 [INFO] EP 0169 | steps: 026 | reward: 12.5 | eps: 0.429 | len: 4
2025-05-19 17:28:24,013 [INFO] EP 0170 | steps: 084 | reward: 18.3 | eps: 0.427 | len: 4
2025-05-19 17:28:24,013 [INFO] EP 0171 | steps: 036 | reward: 13.5 | eps: 0.424 | len: 4
2025-05-19 17:28:24,014 [INFO] EP 0172 | steps: 047 | reward: 14.6 | eps: 0.422 | len: 4
2025-05-19 17:28:24,014 [INFO] EP 0173 | steps: 077 | reward: 17.6 | eps: 0.420 | len: 4
2025-05-19 17:28:24,014 [INFO] EP 0174 | steps: 024 | reward: 2.3 | eps: 0.418 | len: 3
2025-05-19 17:28:24,015 [INFO] EP 0175 | steps: 148 | reward: 24.7 | eps: 0.416 | len: 4
2025-05-19 17:28:24,016 [INFO] EP 0176 | steps: 101 | reward: 30.0 | eps: 0.414 | len: 5
2025-05-19 17:28:24,016 [INFO] EP 0177 | steps: 071 | reward: 17.0 | eps: 0.412 | len: 4
2025-05-19 17:28:24,016 [INFO] EP 0178 | steps: 041 | reward: -6.0 | eps: 0.410 | len: 2
2025-05-19 17:28:24,017 [INFO] EP 0179 | steps: 071 | reward: 17.0 | eps: 0.408 | len: 4
2025-05-19 17:28:24,017 [INFO] EP 0180 | steps: 032 | reward: 3.1 | eps: 0.406 | len: 3
2025-05-19 17:28:24,018 [INFO] EP 0181 | steps: 077 | reward: 17.6 | eps: 0.404 | len: 4
2025-05-19 17:28:24,018 [INFO] EP 0182 | steps: 012 | reward: -8.9 | eps: 0.402 | len: 2
2025-05-19 17:28:24,018 [INFO] EP 0183 | steps: 067 | reward: 6.6 | eps: 0.400 | len: 3
2025-05-19 17:28:24,018 [INFO] EP 0184 | steps: 017 | reward: 11.6 | eps: 0.398 | len: 4
2025-05-19 17:28:24,019 [INFO] EP 0185 | steps: 081 | reward: 18.0 | eps: 0.396 | len: 4
2025-05-19 17:28:24,019 [INFO] EP 0186 | steps: 016 | reward: -8.5 | eps: 0.394 | len: 2
2025-05-19 17:28:24,020 [INFO] EP 0187 | steps: 136 | reward: 13.5 | eps: 0.392 | len: 3
2025-05-19 17:28:24,020 [INFO] EP 0188 | steps: 130 | reward: 52.9 | eps: 0.390 | len: 7
2025-05-19 17:28:24,021 [INFO] EP 0189 | steps: 062 | reward: 16.1 | eps: 0.388 | len: 4
2025-05-19 17:28:24,021 [INFO] EP 0190 | steps: 050 | reward: 14.9 | eps: 0.386 | len: 4
2025-05-19 17:28:24,021 [INFO] EP 0191 | steps: 061 | reward: 16.0 | eps: 0.384 | len: 4
2025-05-19 17:28:24,022 [INFO] EP 0192 | steps: 044 | reward: 4.3 | eps: 0.382 | len: 3
2025-05-19 17:28:24,022 [INFO] EP 0193 | steps: 022 | reward: 2.1 | eps: 0.380 | len: 3
2025-05-19 17:28:24,022 [INFO] EP 0194 | steps: 014 | reward: -8.7 | eps: 0.378 | len: 2
2025-05-19 17:28:24,022 [INFO] EP 0195 | steps: 053 | reward: 5.2 | eps: 0.376 | len: 3
2025-05-19 17:28:24,023 [INFO] EP 0196 | steps: 107 | reward: 20.6 | eps: 0.374 | len: 4
2025-05-19 17:28:24,024 [INFO] EP 0197 | steps: 179 | reward: 47.8 | eps: 0.373 | len: 6
2025-05-19 17:28:24,024 [INFO] EP 0198 | steps: 088 | reward: 28.7 | eps: 0.371 | len: 5
2025-05-19 17:28:24,025 [INFO] EP 0199 | steps: 096 | reward: 19.5 | eps: 0.369 | len: 4
2025-05-19 17:28:24,025 [INFO] EP 0200 | steps: 015 | reward: -8.6 | eps: 0.367 | len: 2
