2025-05-19 17:56:52,875 [INFO] ==== DQN training started ====
2025-05-19 17:56:52,887 [INFO] EP 0001 | steps:084 | reward:  -1.70 | length:02 | eps:0.900
2025-05-19 17:56:52,928 [INFO] EP 0002 | steps:241 | reward:  64.00 | length:07 | eps:0.269
2025-05-19 17:56:53,000 [INFO] EP 0003 | steps:419 | reward: 181.80 | length:17 | eps:0.050
2025-05-19 17:56:53,069 [INFO] EP 0004 | steps:386 | reward: 188.50 | length:18 | eps:0.050
2025-05-19 17:56:53,095 [INFO] EP 0005 | steps:149 | reward:  74.80 | length:09 | eps:0.050
2025-05-19 17:56:53,216 [INFO] EP 0006 | steps:684 | reward: 288.30 | length:25 | eps:0.050
2025-05-19 17:56:53,257 [INFO] EP 0007 | steps:235 | reward:  83.40 | length:09 | eps:0.050
2025-05-19 17:56:53,294 [INFO] EP 0008 | steps:223 | reward: 112.20 | length:12 | eps:0.050
2025-05-19 17:56:53,419 [INFO] EP 0009 | steps:750 | reward: 325.00 | length:27 | eps:0.050
2025-05-19 17:56:53,465 [INFO] EP 0010 | steps:263 | reward:  76.20 | length:08 | eps:0.050
2025-05-19 17:56:53,484 [INFO] EP 0011 | steps:116 | reward:  21.50 | length:04 | eps:0.050
2025-05-19 17:56:53,627 [INFO] EP 0012 | steps:750 | reward: 355.00 | length:30 | eps:0.050
2025-05-19 17:56:53,754 [INFO] EP 0013 | steps:750 | reward: 365.00 | length:31 | eps:0.050
2025-05-19 17:56:53,772 [INFO] EP 0014 | steps:112 | reward:  51.10 | length:07 | eps:0.050
2025-05-19 17:56:53,824 [INFO] EP 0015 | steps:303 | reward: 120.20 | length:12 | eps:0.050
2025-05-19 17:56:53,878 [INFO] EP 0016 | steps:294 | reward: 139.30 | length:14 | eps:0.050
2025-05-19 17:56:53,914 [INFO] EP 0017 | steps:209 | reward:  70.80 | length:08 | eps:0.050
2025-05-19 17:56:53,972 [INFO] EP 0018 | steps:340 | reward: 123.90 | length:12 | eps:0.050
2025-05-19 17:56:53,991 [INFO] EP 0019 | steps:110 | reward:  40.90 | length:06 | eps:0.050
2025-05-19 17:56:54,017 [INFO] EP 0020 | steps:162 | reward:  56.10 | length:07 | eps:0.050
2025-05-19 17:56:54,027 [INFO] EP 0021 | steps:054 | reward:  15.30 | length:04 | eps:0.050
2025-05-19 17:56:54,061 [INFO] EP 0022 | steps:201 | reward:  70.00 | length:08 | eps:0.050
2025-05-19 17:56:54,113 [INFO] EP 0023 | steps:303 | reward: 120.20 | length:12 | eps:0.050
2025-05-19 17:56:54,124 [INFO] EP 0024 | steps:067 | reward:  16.60 | length:04 | eps:0.050
2025-05-19 17:56:54,195 [INFO] EP 0025 | steps:416 | reward: 161.50 | length:15 | eps:0.050
2025-05-19 17:56:54,321 [INFO] EP 0026 | steps:750 | reward: 295.00 | length:24 | eps:0.050
2025-05-19 17:56:54,371 [INFO] EP 0027 | steps:307 | reward: 120.60 | length:12 | eps:0.050
2025-05-19 17:56:54,452 [INFO] EP 0028 | steps:468 | reward: 186.70 | length:17 | eps:0.050
2025-05-19 17:56:54,533 [INFO] EP 0029 | steps:438 | reward: 213.70 | length:20 | eps:0.050
2025-05-19 17:56:54,638 [INFO] EP 0030 | steps:610 | reward: 290.90 | length:26 | eps:0.050
2025-05-19 17:56:54,675 [INFO] EP 0031 | steps:205 | reward:  80.40 | length:09 | eps:0.050
2025-05-19 17:56:54,697 [INFO] EP 0032 | steps:104 | reward:  30.30 | length:05 | eps:0.050
2025-05-19 17:56:54,754 [INFO] EP 0033 | steps:337 | reward: 133.60 | length:13 | eps:0.050
2025-05-19 17:56:54,758 [INFO] EP 0034 | steps:023 | reward:   2.20 | length:03 | eps:0.050
2025-05-19 17:56:54,777 [INFO] EP 0035 | steps:110 | reward:  30.90 | length:05 | eps:0.050
2025-05-19 17:56:54,847 [INFO] EP 0036 | steps:384 | reward: 148.30 | length:14 | eps:0.050
2025-05-19 17:56:54,870 [INFO] EP 0037 | steps:127 | reward:  72.60 | length:09 | eps:0.050
2025-05-19 17:56:54,959 [INFO] EP 0038 | steps:471 | reward: 257.00 | length:24 | eps:0.050
2025-05-19 17:56:55,033 [INFO] EP 0039 | steps:392 | reward: 179.10 | length:17 | eps:0.050
2025-05-19 17:56:55,102 [INFO] EP 0040 | steps:348 | reward: 164.70 | length:16 | eps:0.050
2025-05-19 17:56:55,141 [INFO] EP 0041 | steps:188 | reward:  78.70 | length:09 | eps:0.050
2025-05-19 17:56:55,182 [INFO] EP 0042 | steps:181 | reward:  78.00 | length:09 | eps:0.050
2025-05-19 17:56:55,253 [INFO] EP 0043 | steps:346 | reward: 154.50 | length:15 | eps:0.050
2025-05-19 17:56:55,301 [INFO] EP 0044 | steps:243 | reward: 104.20 | length:11 | eps:0.050
2025-05-19 17:56:55,338 [INFO] EP 0045 | steps:201 | reward:  80.00 | length:09 | eps:0.050
2025-05-19 17:56:55,363 [INFO] EP 0046 | steps:129 | reward:  62.80 | length:08 | eps:0.050
2025-05-19 17:56:55,421 [INFO] EP 0047 | steps:282 | reward: 128.10 | length:13 | eps:0.050
2025-05-19 17:56:55,444 [INFO] EP 0048 | steps:119 | reward:  31.80 | length:05 | eps:0.050
2025-05-19 17:56:55,528 [INFO] EP 0049 | steps:384 | reward: 158.30 | length:15 | eps:0.050
2025-05-19 17:56:55,600 [INFO] EP 0050 | steps:376 | reward: 177.50 | length:17 | eps:0.050
2025-05-19 17:56:55,739 [INFO] EP 0051 | steps:742 | reward: 364.10 | length:32 | eps:0.050
2025-05-19 17:56:55,828 [INFO] EP 0052 | steps:477 | reward: 237.60 | length:22 | eps:0.050
2025-05-19 17:56:55,871 [INFO] EP 0053 | steps:214 | reward:  91.30 | length:10 | eps:0.050
2025-05-19 17:56:55,985 [INFO] EP 0054 | steps:579 | reward: 317.80 | length:29 | eps:0.050
2025-05-19 17:56:56,065 [INFO] EP 0055 | steps:372 | reward: 217.10 | length:21 | eps:0.050
2025-05-19 17:56:56,189 [INFO] EP 0056 | steps:579 | reward: 317.80 | length:29 | eps:0.050
2025-05-19 17:56:56,232 [INFO] EP 0057 | steps:224 | reward: 132.30 | length:14 | eps:0.050
2025-05-19 17:56:56,322 [INFO] EP 0058 | steps:420 | reward: 231.90 | length:22 | eps:0.050
2025-05-19 17:56:56,401 [INFO] EP 0059 | steps:361 | reward: 176.00 | length:17 | eps:0.050
2025-05-19 17:56:56,543 [INFO] EP 0060 | steps:750 | reward: 365.00 | length:31 | eps:0.050
2025-05-19 17:56:56,635 [INFO] EP 0061 | steps:500 | reward: 209.90 | length:19 | eps:0.050
2025-05-19 17:56:56,775 [INFO] EP 0062 | steps:750 | reward: 315.00 | length:26 | eps:0.050
2025-05-19 17:56:56,911 [INFO] EP 0063 | steps:721 | reward: 312.00 | length:27 | eps:0.050
2025-05-19 17:56:57,052 [INFO] EP 0064 | steps:750 | reward: 365.00 | length:31 | eps:0.050
2025-05-19 17:56:57,155 [INFO] EP 0065 | steps:555 | reward: 215.40 | length:19 | eps:0.050
2025-05-19 17:56:57,254 [INFO] EP 0066 | steps:524 | reward: 192.30 | length:17 | eps:0.050
2025-05-19 17:56:57,389 [INFO] EP 0067 | steps:750 | reward: 365.00 | length:31 | eps:0.050
2025-05-19 17:56:57,449 [INFO] EP 0068 | steps:324 | reward: 182.30 | length:18 | eps:0.050
2025-05-19 17:56:57,493 [INFO] EP 0069 | steps:223 | reward:  82.20 | length:09 | eps:0.050
2025-05-19 17:56:57,645 [INFO] EP 0070 | steps:750 | reward: 305.00 | length:25 | eps:0.050
2025-05-19 17:56:57,796 [INFO] EP 0071 | steps:732 | reward: 343.10 | length:30 | eps:0.050
2025-05-19 17:56:57,825 [INFO] EP 0072 | steps:151 | reward:  75.00 | length:09 | eps:0.050
2025-05-19 17:56:57,982 [INFO] EP 0073 | steps:716 | reward: 291.50 | length:25 | eps:0.050
2025-05-19 17:56:58,124 [INFO] EP 0074 | steps:682 | reward: 338.10 | length:30 | eps:0.050
2025-05-19 17:56:58,186 [INFO] EP 0075 | steps:302 | reward: 150.10 | length:15 | eps:0.050
2025-05-19 17:56:58,278 [INFO] EP 0076 | steps:494 | reward: 229.30 | length:21 | eps:0.050
2025-05-19 17:56:58,322 [INFO] EP 0077 | steps:218 | reward: 111.70 | length:12 | eps:0.050
2025-05-19 17:56:58,408 [INFO] EP 0078 | steps:470 | reward: 216.90 | length:20 | eps:0.050
2025-05-19 17:56:58,477 [INFO] EP 0079 | steps:365 | reward: 146.40 | length:14 | eps:0.050
2025-05-19 17:56:58,483 [INFO] EP 0080 | steps:037 | reward:  13.60 | length:04 | eps:0.050
2025-05-19 17:56:58,512 [INFO] EP 0081 | steps:150 | reward:  74.90 | length:09 | eps:0.050
2025-05-19 17:56:58,621 [INFO] EP 0082 | steps:542 | reward: 214.10 | length:19 | eps:0.050
2025-05-19 17:56:58,756 [INFO] EP 0083 | steps:659 | reward: 315.80 | length:28 | eps:0.050
2025-05-19 17:56:58,806 [INFO] EP 0084 | steps:271 | reward:  97.00 | length:10 | eps:0.050
2025-05-19 17:56:58,826 [INFO] EP 0085 | steps:114 | reward:  21.30 | length:04 | eps:0.050
2025-05-19 17:56:58,855 [INFO] EP 0086 | steps:157 | reward:  85.60 | length:10 | eps:0.050
2025-05-19 17:56:58,999 [INFO] EP 0087 | steps:750 | reward: 385.00 | length:33 | eps:0.050
2025-05-19 17:56:59,109 [INFO] EP 0088 | steps:533 | reward: 273.20 | length:25 | eps:0.050
2025-05-19 17:56:59,263 [INFO] EP 0089 | steps:750 | reward: 355.00 | length:30 | eps:0.050
2025-05-19 17:56:59,311 [INFO] EP 0090 | steps:230 | reward: 102.90 | length:11 | eps:0.050
2025-05-19 17:56:59,318 [INFO] EP 0091 | steps:040 | reward:  33.90 | length:06 | eps:0.050
2025-05-19 17:56:59,420 [INFO] EP 0092 | steps:499 | reward: 269.80 | length:25 | eps:0.050
2025-05-19 17:56:59,509 [INFO] EP 0093 | steps:478 | reward: 247.70 | length:23 | eps:0.050
2025-05-19 17:56:59,618 [INFO] EP 0094 | steps:504 | reward: 220.30 | length:20 | eps:0.050
2025-05-19 17:56:59,663 [INFO] EP 0095 | steps:235 | reward: 103.40 | length:11 | eps:0.050
2025-05-19 17:56:59,686 [INFO] EP 0096 | steps:116 | reward:  31.50 | length:05 | eps:0.050
2025-05-19 17:56:59,857 [INFO] EP 0097 | steps:750 | reward: 345.00 | length:29 | eps:0.050
2025-05-19 17:57:00,005 [INFO] EP 0098 | steps:750 | reward: 355.00 | length:30 | eps:0.050
2025-05-19 17:57:00,156 [INFO] EP 0099 | steps:750 | reward: 385.00 | length:33 | eps:0.050
2025-05-19 17:57:06,787 [INFO] EP 0100 | steps:641 | reward: 304.00 | length:27 | eps:0.050
2025-05-19 17:57:15,329 [INFO] Episode 0100 video saved to runs\frames\ep_0100\ep_0100.mp4
2025-05-19 17:57:15,340 [INFO] EP 0101 | steps:053 | reward:  15.20 | length:04 | eps:0.050
2025-05-19 17:57:15,359 [INFO] EP 0102 | steps:098 | reward:  19.70 | length:04 | eps:0.050
2025-05-19 17:57:15,393 [INFO] EP 0103 | steps:190 | reward:  78.90 | length:09 | eps:0.050
2025-05-19 17:57:15,532 [INFO] EP 0104 | steps:737 | reward: 353.60 | length:31 | eps:0.050
2025-05-19 17:57:15,598 [INFO] EP 0105 | steps:335 | reward: 193.40 | length:19 | eps:0.050
2025-05-19 17:57:15,632 [INFO] EP 0106 | steps:170 | reward:  86.90 | length:10 | eps:0.050
2025-05-19 17:57:15,643 [INFO] EP 0107 | steps:059 | reward:  25.80 | length:05 | eps:0.050
2025-05-19 17:57:15,715 [INFO] EP 0108 | steps:379 | reward: 147.80 | length:14 | eps:0.050
2025-05-19 17:57:15,806 [INFO] EP 0109 | steps:501 | reward: 220.00 | length:20 | eps:0.050
2025-05-19 17:57:15,862 [INFO] EP 0110 | steps:294 | reward: 129.30 | length:13 | eps:0.050
2025-05-19 17:57:15,930 [INFO] EP 0111 | steps:334 | reward: 133.30 | length:13 | eps:0.050
2025-05-19 17:57:16,023 [INFO] EP 0112 | steps:484 | reward: 248.30 | length:23 | eps:0.050
2025-05-19 17:57:16,135 [INFO] EP 0113 | steps:569 | reward: 236.80 | length:21 | eps:0.050
2025-05-19 17:57:16,257 [INFO] EP 0114 | steps:611 | reward: 261.00 | length:23 | eps:0.050
2025-05-19 17:57:16,286 [INFO] EP 0115 | steps:154 | reward:  65.30 | length:08 | eps:0.050
2025-05-19 17:57:16,387 [INFO] EP 0116 | steps:551 | reward: 265.00 | length:24 | eps:0.050
2025-05-19 17:57:16,498 [INFO] EP 0117 | steps:466 | reward: 196.50 | length:18 | eps:0.050
2025-05-19 17:57:16,528 [INFO] EP 0118 | steps:105 | reward:  60.40 | length:08 | eps:0.050
2025-05-19 17:57:16,616 [INFO] EP 0119 | steps:445 | reward: 244.40 | length:23 | eps:0.050
2025-05-19 17:57:16,639 [INFO] EP 0120 | steps:093 | reward:  29.20 | length:05 | eps:0.050
2025-05-19 17:57:16,692 [INFO] EP 0121 | steps:237 | reward: 113.60 | length:12 | eps:0.050
2025-05-19 17:57:16,764 [INFO] EP 0122 | steps:344 | reward: 124.30 | length:12 | eps:0.050
2025-05-19 17:57:16,777 [INFO] EP 0123 | steps:061 | reward:  26.00 | length:05 | eps:0.050
2025-05-19 17:57:16,886 [INFO] EP 0124 | steps:525 | reward: 242.40 | length:22 | eps:0.050
2025-05-19 17:57:17,049 [INFO] EP 0125 | steps:750 | reward: 335.00 | length:28 | eps:0.050
2025-05-19 17:57:17,113 [INFO] EP 0126 | steps:309 | reward: 160.80 | length:16 | eps:0.050
2025-05-19 17:57:17,238 [INFO] EP 0127 | steps:608 | reward: 280.70 | length:25 | eps:0.050
2025-05-19 17:57:17,275 [INFO] EP 0128 | steps:201 | reward:  90.00 | length:10 | eps:0.050
2025-05-19 17:57:17,391 [INFO] EP 0129 | steps:531 | reward: 253.00 | length:23 | eps:0.050
2025-05-19 17:57:17,440 [INFO] EP 0130 | steps:208 | reward: 100.70 | length:11 | eps:0.050
2025-05-19 17:57:17,562 [INFO] EP 0131 | steps:502 | reward: 230.10 | length:21 | eps:0.050
2025-05-19 17:57:17,683 [INFO] EP 0132 | steps:613 | reward: 351.20 | length:32 | eps:0.050
2025-05-19 17:57:17,773 [INFO] EP 0133 | steps:442 | reward: 224.10 | length:21 | eps:0.050
2025-05-19 17:57:17,854 [INFO] EP 0134 | steps:392 | reward: 169.10 | length:16 | eps:0.050
2025-05-19 17:57:17,906 [INFO] EP 0135 | steps:256 | reward: 105.50 | length:11 | eps:0.050
2025-05-19 17:57:18,065 [INFO] EP 0136 | steps:750 | reward: 375.00 | length:32 | eps:0.050
2025-05-19 17:57:18,099 [INFO] EP 0137 | steps:157 | reward:  75.60 | length:09 | eps:0.050
2025-05-19 17:57:18,249 [INFO] EP 0138 | steps:699 | reward: 339.80 | length:30 | eps:0.050
2025-05-19 17:57:18,376 [INFO] EP 0139 | steps:625 | reward: 312.40 | length:28 | eps:0.050
2025-05-19 17:57:18,468 [INFO] EP 0140 | steps:409 | reward: 180.80 | length:17 | eps:0.050
2025-05-19 17:57:18,558 [INFO] EP 0141 | steps:430 | reward: 192.90 | length:18 | eps:0.050
2025-05-19 17:57:18,688 [INFO] EP 0142 | steps:613 | reward: 311.20 | length:28 | eps:0.050
2025-05-19 17:57:18,780 [INFO] EP 0143 | steps:438 | reward: 203.70 | length:19 | eps:0.050
2025-05-19 17:57:18,915 [INFO] EP 0144 | steps:634 | reward: 293.30 | length:26 | eps:0.050
2025-05-19 17:57:19,077 [INFO] EP 0145 | steps:750 | reward: 375.00 | length:32 | eps:0.050
2025-05-19 17:57:19,134 [INFO] EP 0146 | steps:283 | reward: 168.20 | length:17 | eps:0.050
2025-05-19 17:57:19,191 [INFO] EP 0147 | steps:236 | reward:  93.50 | length:10 | eps:0.050
2025-05-19 17:57:19,348 [INFO] EP 0148 | steps:750 | reward: 385.00 | length:33 | eps:0.050
2025-05-19 17:57:19,405 [INFO] EP 0149 | steps:294 | reward: 119.30 | length:12 | eps:0.050
2025-05-19 17:57:19,458 [INFO] EP 0150 | steps:259 | reward: 125.80 | length:13 | eps:0.050
2025-05-19 17:57:19,500 [INFO] EP 0151 | steps:194 | reward:  79.30 | length:09 | eps:0.050
2025-05-19 17:57:19,589 [INFO] EP 0152 | steps:412 | reward: 201.10 | length:19 | eps:0.050
2025-05-19 17:57:19,637 [INFO] EP 0153 | steps:240 | reward:  93.90 | length:10 | eps:0.050
2025-05-19 17:57:19,722 [INFO] EP 0154 | steps:387 | reward: 168.60 | length:16 | eps:0.050
2025-05-19 17:57:19,825 [INFO] EP 0155 | steps:486 | reward: 228.50 | length:21 | eps:0.050
2025-05-19 17:57:19,835 [INFO] EP 0156 | steps:032 | reward:   3.10 | length:03 | eps:0.050
2025-05-19 17:57:19,914 [INFO] EP 0157 | steps:378 | reward: 157.70 | length:15 | eps:0.050
2025-05-19 17:57:20,028 [INFO] EP 0158 | steps:571 | reward: 307.00 | length:28 | eps:0.050
2025-05-19 17:57:20,051 [INFO] EP 0159 | steps:110 | reward:  60.90 | length:08 | eps:0.050
2025-05-19 17:57:20,183 [INFO] EP 0160 | steps:596 | reward: 279.50 | length:25 | eps:0.050
2025-05-19 17:57:20,230 [INFO] EP 0161 | steps:225 | reward: 122.40 | length:13 | eps:0.050
2025-05-19 17:57:20,237 [INFO] EP 0162 | steps:032 | reward:  13.10 | length:04 | eps:0.050
2025-05-19 17:57:20,255 [INFO] EP 0163 | steps:095 | reward:   9.40 | length:03 | eps:0.050
2025-05-19 17:57:20,426 [INFO] EP 0164 | steps:730 | reward: 392.90 | length:35 | eps:0.050
2025-05-19 17:57:20,444 [INFO] EP 0165 | steps:097 | reward:  29.60 | length:05 | eps:0.050
2025-05-19 17:57:20,533 [INFO] EP 0166 | steps:419 | reward: 241.80 | length:23 | eps:0.050
2025-05-19 17:57:20,539 [INFO] EP 0167 | steps:035 | reward:   3.40 | length:03 | eps:0.050
2025-05-19 17:57:20,560 [INFO] EP 0168 | steps:111 | reward:  41.00 | length:06 | eps:0.050
2025-05-19 17:57:20,641 [INFO] EP 0169 | steps:387 | reward: 228.60 | length:22 | eps:0.050
2025-05-19 17:57:20,719 [INFO] EP 0170 | steps:356 | reward: 165.50 | length:16 | eps:0.050
2025-05-19 17:57:20,780 [INFO] EP 0171 | steps:314 | reward: 141.30 | length:14 | eps:0.050
2025-05-19 17:57:20,941 [INFO] EP 0172 | steps:750 | reward: 375.00 | length:32 | eps:0.050
2025-05-19 17:57:20,998 [INFO] EP 0173 | steps:303 | reward: 150.20 | length:15 | eps:0.050
2025-05-19 17:57:21,069 [INFO] EP 0174 | steps:378 | reward: 147.70 | length:14 | eps:0.050
2025-05-19 17:57:21,104 [INFO] EP 0175 | steps:190 | reward:  78.90 | length:09 | eps:0.050
2025-05-19 17:57:21,132 [INFO] EP 0176 | steps:144 | reward:  54.30 | length:07 | eps:0.050
2025-05-19 17:57:21,244 [INFO] EP 0177 | steps:561 | reward: 306.00 | length:28 | eps:0.050
2025-05-19 17:57:21,367 [INFO] EP 0178 | steps:630 | reward: 342.90 | length:31 | eps:0.050
2025-05-19 17:57:21,401 [INFO] EP 0179 | steps:147 | reward:  84.60 | length:10 | eps:0.050
2025-05-19 17:57:21,587 [INFO] EP 0180 | steps:750 | reward: 395.00 | length:34 | eps:0.050
2025-05-19 17:57:21,756 [INFO] EP 0181 | steps:750 | reward: 335.00 | length:28 | eps:0.050
2025-05-19 17:57:21,901 [INFO] EP 0182 | steps:750 | reward: 385.00 | length:33 | eps:0.050
2025-05-19 17:57:21,939 [INFO] EP 0183 | steps:180 | reward:  67.90 | length:08 | eps:0.050
2025-05-19 17:57:22,036 [INFO] EP 0184 | steps:426 | reward: 202.50 | length:19 | eps:0.050
2025-05-19 17:57:22,117 [INFO] EP 0185 | steps:393 | reward: 229.20 | length:22 | eps:0.050
2025-05-19 17:57:22,216 [INFO] EP 0186 | steps:481 | reward: 218.00 | length:20 | eps:0.050
2025-05-19 17:57:22,310 [INFO] EP 0187 | steps:498 | reward: 259.70 | length:24 | eps:0.050
2025-05-19 17:57:22,420 [INFO] EP 0188 | steps:576 | reward: 267.50 | length:24 | eps:0.050
2025-05-19 17:57:22,471 [INFO] EP 0189 | steps:287 | reward: 128.60 | length:13 | eps:0.050
2025-05-19 17:57:22,510 [INFO] EP 0190 | steps:206 | reward:  70.50 | length:08 | eps:0.050
2025-05-19 17:57:22,562 [INFO] EP 0191 | steps:286 | reward: 108.50 | length:11 | eps:0.050
2025-05-19 17:57:22,678 [INFO] EP 0192 | steps:614 | reward: 301.30 | length:27 | eps:0.050
2025-05-19 17:57:22,817 [INFO] EP 0193 | steps:743 | reward: 334.20 | length:29 | eps:0.050
2025-05-19 17:57:22,905 [INFO] EP 0194 | steps:443 | reward: 254.20 | length:24 | eps:0.050
2025-05-19 17:57:22,983 [INFO] EP 0195 | steps:368 | reward: 186.70 | length:18 | eps:0.050
2025-05-19 17:57:23,074 [INFO] EP 0196 | steps:407 | reward: 160.60 | length:15 | eps:0.050
2025-05-19 17:57:23,134 [INFO] EP 0197 | steps:267 | reward:  86.60 | length:09 | eps:0.050
2025-05-19 17:57:23,297 [INFO] EP 0198 | steps:710 | reward: 330.90 | length:29 | eps:0.050
2025-05-19 17:57:23,429 [INFO] EP 0199 | steps:601 | reward: 280.00 | length:25 | eps:0.050
2025-05-19 17:57:24,619 [INFO] EP 0200 | steps:118 | reward:  41.70 | length:06 | eps:0.050
2025-05-19 17:57:26,369 [INFO] Episode 0200 video saved to runs\frames\ep_0200\ep_0200.mp4
2025-05-19 17:57:26,434 [INFO] EP 0201 | steps:290 | reward: 168.90 | length:17 | eps:0.050
2025-05-19 17:57:26,458 [INFO] EP 0202 | steps:125 | reward:  62.40 | length:08 | eps:0.050
2025-05-19 17:57:26,539 [INFO] EP 0203 | steps:413 | reward: 171.20 | length:16 | eps:0.050
2025-05-19 17:57:26,698 [INFO] EP 0204 | steps:750 | reward: 325.00 | length:27 | eps:0.050
2025-05-19 17:57:26,737 [INFO] EP 0205 | steps:157 | reward:  85.60 | length:10 | eps:0.050
2025-05-19 17:57:26,842 [INFO] EP 0206 | steps:488 | reward: 218.70 | length:20 | eps:0.050
2025-05-19 17:57:26,896 [INFO] EP 0207 | steps:287 | reward: 148.60 | length:15 | eps:0.050
2025-05-19 17:57:26,969 [INFO] EP 0208 | steps:357 | reward: 175.60 | length:17 | eps:0.050
2025-05-19 17:57:27,020 [INFO] EP 0209 | steps:264 | reward: 126.30 | length:13 | eps:0.050
2025-05-19 17:57:27,174 [INFO] EP 0210 | steps:750 | reward: 395.00 | length:34 | eps:0.050
2025-05-19 17:57:27,215 [INFO] EP 0211 | steps:221 | reward: 102.00 | length:11 | eps:0.050
2025-05-19 17:57:27,257 [INFO] EP 0212 | steps:207 | reward: 100.60 | length:11 | eps:0.050
2025-05-19 17:57:27,401 [INFO] EP 0213 | steps:750 | reward: 355.00 | length:30 | eps:0.050
2025-05-19 17:57:27,538 [INFO] EP 0214 | steps:510 | reward: 230.90 | length:21 | eps:0.050
2025-05-19 17:57:27,548 [INFO] EP 0215 | steps:041 | reward:  14.00 | length:04 | eps:0.050
2025-05-19 17:57:27,691 [INFO] EP 0216 | steps:750 | reward: 345.00 | length:29 | eps:0.050
2025-05-19 17:57:27,786 [INFO] EP 0217 | steps:487 | reward: 208.60 | length:19 | eps:0.050
2025-05-19 17:57:27,859 [INFO] EP 0218 | steps:368 | reward: 186.70 | length:18 | eps:0.050
2025-05-19 17:57:27,971 [INFO] EP 0219 | steps:599 | reward: 269.80 | length:24 | eps:0.050
2025-05-19 17:57:28,016 [INFO] EP 0220 | steps:239 | reward: 113.80 | length:12 | eps:0.050
2025-05-19 17:57:28,106 [INFO] EP 0221 | steps:488 | reward: 228.70 | length:21 | eps:0.050
2025-05-19 17:57:28,232 [INFO] EP 0222 | steps:666 | reward: 316.50 | length:28 | eps:0.050
2025-05-19 17:57:28,339 [INFO] EP 0223 | steps:531 | reward: 253.00 | length:23 | eps:0.050
2025-05-19 17:57:28,374 [INFO] EP 0224 | steps:176 | reward:  77.50 | length:09 | eps:0.050
2025-05-19 17:57:28,446 [INFO] EP 0225 | steps:384 | reward: 158.30 | length:15 | eps:0.050
2025-05-19 17:57:28,486 [INFO] EP 0226 | steps:198 | reward:  79.70 | length:09 | eps:0.050
2025-05-19 17:57:28,533 [INFO] EP 0227 | steps:241 | reward:  74.00 | length:08 | eps:0.050
2025-05-19 17:57:28,666 [INFO] EP 0228 | steps:682 | reward: 318.10 | length:28 | eps:0.050
2025-05-19 17:57:28,809 [INFO] EP 0229 | steps:671 | reward: 287.00 | length:25 | eps:0.050
2025-05-19 17:57:28,838 [INFO] EP 0230 | steps:131 | reward:  33.00 | length:05 | eps:0.050
2025-05-19 17:57:28,981 [INFO] EP 0231 | steps:750 | reward: 395.00 | length:34 | eps:0.050
2025-05-19 17:57:29,017 [INFO] EP 0232 | steps:202 | reward:  80.10 | length:09 | eps:0.050
2025-05-19 17:57:29,140 [INFO] EP 0233 | steps:610 | reward: 330.90 | length:30 | eps:0.050
2025-05-19 17:57:29,180 [INFO] EP 0234 | steps:194 | reward:  69.30 | length:08 | eps:0.050
2025-05-19 17:57:29,213 [INFO] EP 0235 | steps:118 | reward:  31.70 | length:05 | eps:0.050
2025-05-19 17:57:29,316 [INFO] EP 0236 | steps:470 | reward: 206.90 | length:19 | eps:0.050
2025-05-19 17:57:29,403 [INFO] EP 0237 | steps:429 | reward: 202.80 | length:19 | eps:0.050
2025-05-19 17:57:29,468 [INFO] EP 0238 | steps:311 | reward: 121.00 | length:12 | eps:0.050
2025-05-19 17:57:29,496 [INFO] EP 0239 | steps:133 | reward:  43.20 | length:06 | eps:0.050
2025-05-19 17:57:29,527 [INFO] EP 0240 | steps:164 | reward:  66.30 | length:08 | eps:0.050
2025-05-19 17:57:29,577 [INFO] EP 0241 | steps:253 | reward: 115.20 | length:12 | eps:0.050
2025-05-19 17:57:29,584 [INFO] EP 0242 | steps:039 | reward:  13.80 | length:04 | eps:0.050
2025-05-19 17:57:29,598 [INFO] EP 0243 | steps:071 | reward:  37.00 | length:06 | eps:0.050
2025-05-19 17:57:29,724 [INFO] EP 0244 | steps:674 | reward: 327.30 | length:29 | eps:0.050
2025-05-19 17:57:29,790 [INFO] EP 0245 | steps:323 | reward: 212.20 | length:21 | eps:0.050
2025-05-19 17:57:29,841 [INFO] EP 0246 | steps:260 | reward:  95.90 | length:10 | eps:0.050
2025-05-19 17:57:29,866 [INFO] EP 0247 | steps:128 | reward:  52.70 | length:07 | eps:0.050
2025-05-19 17:57:29,993 [INFO] EP 0248 | steps:684 | reward: 368.30 | length:33 | eps:0.050
2025-05-19 17:57:30,055 [INFO] EP 0249 | steps:291 | reward: 129.00 | length:13 | eps:0.050
2025-05-19 17:57:30,197 [INFO] EP 0250 | steps:750 | reward: 305.00 | length:25 | eps:0.050
2025-05-19 17:57:30,242 [INFO] EP 0251 | steps:237 | reward: 103.60 | length:11 | eps:0.050
2025-05-19 17:57:30,366 [INFO] EP 0252 | steps:645 | reward: 304.40 | length:27 | eps:0.050
2025-05-19 17:57:30,511 [INFO] EP 0253 | steps:750 | reward: 375.00 | length:32 | eps:0.050
2025-05-19 17:57:30,530 [INFO] EP 0254 | steps:099 | reward:  39.80 | length:06 | eps:0.050
2025-05-19 17:57:30,591 [INFO] EP 0255 | steps:330 | reward: 132.90 | length:13 | eps:0.050
2025-05-19 17:57:30,706 [INFO] EP 0256 | steps:616 | reward: 301.50 | length:27 | eps:0.050
2025-05-19 17:57:30,765 [INFO] EP 0257 | steps:327 | reward: 152.60 | length:15 | eps:0.050
2025-05-19 17:57:30,852 [INFO] EP 0258 | steps:483 | reward: 218.20 | length:20 | eps:0.050
2025-05-19 17:57:30,938 [INFO] EP 0259 | steps:441 | reward: 184.00 | length:17 | eps:0.050
2025-05-19 17:57:31,076 [INFO] EP 0260 | steps:742 | reward: 274.10 | length:23 | eps:0.050
2025-05-19 17:57:31,182 [INFO] EP 0261 | steps:562 | reward: 276.10 | length:25 | eps:0.050
2025-05-19 17:57:31,224 [INFO] EP 0262 | steps:232 | reward: 113.10 | length:12 | eps:0.050
2025-05-19 17:57:31,232 [INFO] EP 0263 | steps:041 | reward:  14.00 | length:04 | eps:0.050
2025-05-19 17:57:31,328 [INFO] EP 0264 | steps:517 | reward: 201.60 | length:18 | eps:0.050
2025-05-19 17:57:31,372 [INFO] EP 0265 | steps:189 | reward:  78.80 | length:09 | eps:0.050
2025-05-19 17:57:31,482 [INFO] EP 0266 | steps:529 | reward: 242.80 | length:22 | eps:0.050
2025-05-19 17:57:31,634 [INFO] EP 0267 | steps:750 | reward: 345.00 | length:29 | eps:0.050
2025-05-19 17:57:31,786 [INFO] EP 0268 | steps:665 | reward: 276.40 | length:24 | eps:0.050
2025-05-19 17:57:31,793 [INFO] EP 0269 | steps:037 | reward:  23.60 | length:05 | eps:0.050
2025-05-19 17:57:31,813 [INFO] EP 0270 | steps:096 | reward:  19.50 | length:04 | eps:0.050
2025-05-19 17:57:31,869 [INFO] EP 0271 | steps:264 | reward:  96.30 | length:10 | eps:0.050
2025-05-19 17:57:31,996 [INFO] EP 0272 | steps:668 | reward: 286.70 | length:25 | eps:0.050
2025-05-19 17:57:32,170 [INFO] EP 0273 | steps:750 | reward: 285.00 | length:23 | eps:0.050
2025-05-19 17:57:32,228 [INFO] EP 0274 | steps:293 | reward: 149.20 | length:15 | eps:0.050
2025-05-19 17:57:32,372 [INFO] EP 0275 | steps:750 | reward: 315.00 | length:26 | eps:0.050
2025-05-19 17:57:32,416 [INFO] EP 0276 | steps:240 | reward: 113.90 | length:12 | eps:0.050
2025-05-19 17:57:32,503 [INFO] EP 0277 | steps:473 | reward: 227.20 | length:21 | eps:0.050
2025-05-19 17:57:32,528 [INFO] EP 0278 | steps:130 | reward:  52.90 | length:07 | eps:0.050
2025-05-19 17:57:32,580 [INFO] EP 0279 | steps:273 | reward: 127.20 | length:13 | eps:0.050
2025-05-19 17:57:32,612 [INFO] EP 0280 | steps:166 | reward:  56.50 | length:07 | eps:0.050
2025-05-19 17:57:32,635 [INFO] EP 0281 | steps:117 | reward:  61.60 | length:08 | eps:0.050
2025-05-19 17:57:32,781 [INFO] EP 0282 | steps:669 | reward: 316.80 | length:28 | eps:0.050
2025-05-19 17:57:32,827 [INFO] EP 0283 | steps:215 | reward:  91.40 | length:10 | eps:0.050
2025-05-19 17:57:32,975 [INFO] EP 0284 | steps:750 | reward: 355.00 | length:30 | eps:0.050
2025-05-19 17:57:33,107 [INFO] EP 0285 | steps:730 | reward: 342.90 | length:30 | eps:0.050
2025-05-19 17:57:33,176 [INFO] EP 0286 | steps:369 | reward: 146.80 | length:14 | eps:0.050
2025-05-19 17:57:33,225 [INFO] EP 0287 | steps:265 | reward:  96.40 | length:10 | eps:0.050
2025-05-19 17:57:33,293 [INFO] EP 0288 | steps:383 | reward: 208.20 | length:20 | eps:0.050
2025-05-19 17:57:33,347 [INFO] EP 0289 | steps:297 | reward: 109.60 | length:11 | eps:0.050
2025-05-19 17:57:33,488 [INFO] EP 0290 | steps:750 | reward: 315.00 | length:26 | eps:0.050
2025-05-19 17:57:33,542 [INFO] EP 0291 | steps:280 | reward:  87.90 | length:09 | eps:0.050
2025-05-19 17:57:33,568 [INFO] EP 0292 | steps:122 | reward:  82.10 | length:10 | eps:0.050
2025-05-19 17:57:33,676 [INFO] EP 0293 | steps:583 | reward: 278.20 | length:25 | eps:0.050
2025-05-19 17:57:33,776 [INFO] EP 0294 | steps:483 | reward: 208.20 | length:19 | eps:0.050
2025-05-19 17:57:33,833 [INFO] EP 0295 | steps:304 | reward: 150.30 | length:15 | eps:0.050
2025-05-19 17:57:33,953 [INFO] EP 0296 | steps:628 | reward: 272.70 | length:24 | eps:0.050
2025-05-19 17:57:34,045 [INFO] EP 0297 | steps:505 | reward: 240.40 | length:22 | eps:0.050
2025-05-19 17:57:34,161 [INFO] EP 0298 | steps:606 | reward: 340.50 | length:31 | eps:0.050
2025-05-19 17:57:34,275 [INFO] EP 0299 | steps:578 | reward: 247.70 | length:22 | eps:0.050
2025-05-19 17:57:36,200 [INFO] EP 0300 | steps:195 | reward:  59.40 | length:07 | eps:0.050
2025-05-19 17:57:38,989 [INFO] Episode 0300 video saved to runs\frames\ep_0300\ep_0300.mp4
2025-05-19 17:57:39,133 [INFO] EP 0301 | steps:750 | reward: 365.00 | length:31 | eps:0.050
2025-05-19 17:57:39,195 [INFO] EP 0302 | steps:350 | reward: 174.90 | length:17 | eps:0.050
2025-05-19 17:57:39,227 [INFO] EP 0303 | steps:175 | reward:  67.40 | length:08 | eps:0.050
2025-05-19 17:57:39,262 [INFO] EP 0304 | steps:190 | reward:  88.90 | length:10 | eps:0.050
2025-05-19 17:57:39,314 [INFO] EP 0305 | steps:279 | reward: 117.80 | length:12 | eps:0.050
2025-05-19 17:57:39,390 [INFO] EP 0306 | steps:343 | reward: 174.20 | length:17 | eps:0.050
2025-05-19 17:57:39,519 [INFO] EP 0307 | steps:594 | reward: 249.30 | length:22 | eps:0.050
2025-05-19 17:57:39,617 [INFO] EP 0308 | steps:463 | reward: 246.20 | length:23 | eps:0.050
2025-05-19 17:57:39,780 [INFO] EP 0309 | steps:750 | reward: 335.00 | length:28 | eps:0.050
2025-05-19 17:57:39,965 [INFO] EP 0310 | steps:750 | reward: 375.00 | length:32 | eps:0.050
2025-05-19 17:57:40,133 [INFO] EP 0311 | steps:750 | reward: 325.00 | length:27 | eps:0.050
2025-05-19 17:57:40,151 [INFO] EP 0312 | steps:088 | reward:  18.70 | length:04 | eps:0.050
2025-05-19 17:57:40,187 [INFO] EP 0313 | steps:111 | reward:  31.00 | length:05 | eps:0.050
2025-05-19 17:57:40,331 [INFO] EP 0314 | steps:684 | reward: 308.30 | length:27 | eps:0.050
2025-05-19 17:57:40,405 [INFO] EP 0315 | steps:403 | reward: 180.20 | length:17 | eps:0.050
2025-05-19 17:57:40,546 [INFO] EP 0316 | steps:750 | reward: 415.00 | length:36 | eps:0.050
2025-05-19 17:57:40,648 [INFO] EP 0317 | steps:500 | reward: 189.90 | length:17 | eps:0.050
2025-05-19 17:57:40,669 [INFO] EP 0318 | steps:112 | reward:  61.10 | length:08 | eps:0.050
2025-05-19 17:57:40,766 [INFO] EP 0319 | steps:499 | reward: 259.80 | length:24 | eps:0.050
2025-05-19 17:57:40,808 [INFO] EP 0320 | steps:222 | reward:  92.10 | length:10 | eps:0.050
2025-05-19 17:57:40,942 [INFO] EP 0321 | steps:718 | reward: 341.70 | length:30 | eps:0.050
2025-05-19 17:57:40,991 [INFO] EP 0322 | steps:241 | reward: 104.00 | length:11 | eps:0.050
2025-05-19 17:57:41,168 [INFO] EP 0323 | steps:689 | reward: 308.80 | length:27 | eps:0.050
2025-05-19 17:57:41,265 [INFO] EP 0324 | steps:398 | reward: 189.70 | length:18 | eps:0.050
2025-05-19 17:57:41,358 [INFO] EP 0325 | steps:420 | reward: 171.90 | length:16 | eps:0.050
2025-05-19 17:57:41,437 [INFO] EP 0326 | steps:383 | reward: 208.20 | length:20 | eps:0.050
2025-05-19 17:57:41,518 [INFO] EP 0327 | steps:410 | reward: 150.90 | length:14 | eps:0.050
2025-05-19 17:57:41,670 [INFO] EP 0328 | steps:750 | reward: 385.00 | length:33 | eps:0.050
2025-05-19 17:57:41,778 [INFO] EP 0329 | steps:554 | reward: 285.30 | length:26 | eps:0.050
2025-05-19 17:57:41,803 [INFO] EP 0330 | steps:125 | reward:  72.40 | length:09 | eps:0.050
2025-05-19 17:57:41,810 [INFO] EP 0331 | steps:032 | reward:   3.10 | length:03 | eps:0.050
2025-05-19 17:57:41,898 [INFO] EP 0332 | steps:425 | reward: 202.40 | length:19 | eps:0.050
2025-05-19 17:57:42,007 [INFO] EP 0333 | steps:389 | reward: 168.80 | length:16 | eps:0.050
2025-05-19 17:57:42,128 [INFO] EP 0334 | steps:525 | reward: 242.40 | length:22 | eps:0.050
2025-05-19 17:57:42,246 [INFO] EP 0335 | steps:534 | reward: 213.30 | length:19 | eps:0.050
2025-05-19 17:57:42,293 [INFO] EP 0336 | steps:226 | reward:  82.50 | length:09 | eps:0.050
2025-05-19 17:57:42,309 [INFO] EP 0337 | steps:078 | reward:  27.70 | length:05 | eps:0.050
2025-05-19 17:57:42,416 [INFO] EP 0338 | steps:421 | reward: 222.00 | length:21 | eps:0.050
2025-05-19 17:57:42,450 [INFO] EP 0339 | steps:092 | reward:  39.10 | length:06 | eps:0.050
2025-05-19 17:57:42,461 [INFO] EP 0340 | steps:051 | reward:  15.00 | length:04 | eps:0.050
2025-05-19 17:57:42,607 [INFO] EP 0341 | steps:428 | reward: 172.70 | length:16 | eps:0.050
2025-05-19 17:57:42,623 [INFO] EP 0342 | steps:063 | reward:  26.20 | length:05 | eps:0.050
2025-05-19 17:57:42,752 [INFO] EP 0343 | steps:568 | reward: 236.70 | length:21 | eps:0.050
2025-05-19 17:57:42,802 [INFO] EP 0344 | steps:236 | reward: 133.50 | length:14 | eps:0.050
2025-05-19 17:57:42,988 [INFO] EP 0345 | steps:750 | reward: 385.00 | length:33 | eps:0.050
2025-05-19 17:57:43,031 [INFO] EP 0346 | steps:168 | reward:  76.70 | length:09 | eps:0.050
2025-05-19 17:57:43,206 [INFO] EP 0347 | steps:750 | reward: 345.00 | length:29 | eps:0.050
2025-05-19 17:57:43,339 [INFO] EP 0348 | steps:614 | reward: 311.30 | length:28 | eps:0.050
2025-05-19 17:57:43,366 [INFO] EP 0349 | steps:129 | reward:  42.80 | length:06 | eps:0.050
2025-05-19 17:57:43,439 [INFO] EP 0350 | steps:352 | reward: 155.10 | length:15 | eps:0.050
2025-05-19 17:57:43,593 [INFO] EP 0351 | steps:750 | reward: 375.00 | length:32 | eps:0.050
2025-05-19 17:57:43,660 [INFO] EP 0352 | steps:345 | reward: 184.40 | length:18 | eps:0.050
2025-05-19 17:57:43,731 [INFO] EP 0353 | steps:320 | reward: 131.90 | length:13 | eps:0.050
2025-05-19 17:57:43,793 [INFO] EP 0354 | steps:307 | reward: 130.60 | length:13 | eps:0.050
2025-05-19 17:57:43,838 [INFO] EP 0355 | steps:237 | reward: 133.60 | length:14 | eps:0.050
2025-05-19 17:57:43,863 [INFO] EP 0356 | steps:139 | reward:  43.80 | length:06 | eps:0.050
2025-05-19 17:57:43,896 [INFO] EP 0357 | steps:122 | reward:  62.10 | length:08 | eps:0.050
2025-05-19 17:57:43,967 [INFO] EP 0358 | steps:350 | reward: 194.90 | length:19 | eps:0.050
2025-05-19 17:57:44,025 [INFO] EP 0359 | steps:247 | reward: 114.60 | length:12 | eps:0.050
2025-05-19 17:57:44,096 [INFO] EP 0360 | steps:352 | reward: 145.10 | length:14 | eps:0.050
2025-05-19 17:57:44,138 [INFO] EP 0361 | steps:207 | reward: 110.60 | length:12 | eps:0.050
2025-05-19 17:57:44,320 [INFO] EP 0362 | steps:750 | reward: 365.00 | length:31 | eps:0.050
2025-05-19 17:57:44,536 [INFO] EP 0363 | steps:750 | reward: 345.00 | length:29 | eps:0.050
2025-05-19 17:57:44,734 [INFO] EP 0364 | steps:707 | reward: 370.60 | length:33 | eps:0.050
2025-05-19 17:57:44,783 [INFO] EP 0365 | steps:205 | reward: 100.40 | length:11 | eps:0.050
2025-05-19 17:57:44,864 [INFO] EP 0366 | steps:258 | reward: 115.70 | length:12 | eps:0.050
2025-05-19 17:57:44,963 [INFO] EP 0367 | steps:388 | reward: 188.70 | length:18 | eps:0.050
2025-05-19 17:57:45,142 [INFO] EP 0368 | steps:750 | reward: 375.00 | length:32 | eps:0.050
2025-05-19 17:57:45,255 [INFO] EP 0369 | steps:493 | reward: 269.20 | length:25 | eps:0.050
2025-05-19 17:57:45,425 [INFO] EP 0370 | steps:750 | reward: 365.00 | length:31 | eps:0.050
2025-05-19 17:57:45,607 [INFO] EP 0371 | steps:750 | reward: 315.00 | length:26 | eps:0.050
2025-05-19 17:57:45,644 [INFO] EP 0372 | steps:130 | reward:  52.90 | length:07 | eps:0.050
2025-05-19 17:57:45,686 [INFO] EP 0373 | steps:166 | reward:  56.50 | length:07 | eps:0.050
2025-05-19 17:57:45,715 [INFO] EP 0374 | steps:130 | reward:  52.90 | length:07 | eps:0.050
2025-05-19 17:57:45,879 [INFO] EP 0375 | steps:750 | reward: 375.00 | length:32 | eps:0.050
2025-05-19 17:57:45,917 [INFO] EP 0376 | steps:180 | reward:  97.90 | length:11 | eps:0.050
2025-05-19 17:57:46,048 [INFO] EP 0377 | steps:476 | reward: 207.50 | length:19 | eps:0.050
2025-05-19 17:57:46,087 [INFO] EP 0378 | steps:136 | reward:  43.50 | length:06 | eps:0.050
2025-05-19 17:57:46,237 [INFO] EP 0379 | steps:663 | reward: 286.20 | length:25 | eps:0.050
2025-05-19 17:57:46,330 [INFO] EP 0380 | steps:285 | reward: 118.40 | length:12 | eps:0.050
2025-05-19 17:57:46,492 [INFO] EP 0381 | steps:678 | reward: 337.70 | length:30 | eps:0.050
2025-05-19 17:57:46,689 [INFO] EP 0382 | steps:750 | reward: 345.00 | length:29 | eps:0.050
2025-05-19 17:57:46,773 [INFO] EP 0383 | steps:333 | reward: 153.20 | length:15 | eps:0.050
2025-05-19 17:57:46,954 [INFO] EP 0384 | steps:586 | reward: 298.50 | length:27 | eps:0.050
2025-05-19 17:57:46,975 [INFO] EP 0385 | steps:069 | reward:  26.80 | length:05 | eps:0.050
2025-05-19 17:57:47,108 [INFO] EP 0386 | steps:545 | reward: 224.40 | length:20 | eps:0.050
2025-05-19 17:57:47,234 [INFO] EP 0387 | steps:538 | reward: 253.70 | length:23 | eps:0.050
2025-05-19 17:57:47,297 [INFO] EP 0388 | steps:275 | reward: 137.40 | length:14 | eps:0.050
2025-05-19 17:57:47,405 [INFO] EP 0389 | steps:477 | reward: 247.60 | length:23 | eps:0.050
2025-05-19 17:57:47,552 [INFO] EP 0390 | steps:629 | reward: 312.80 | length:28 | eps:0.050
2025-05-19 17:57:47,615 [INFO] EP 0391 | steps:253 | reward: 145.20 | length:15 | eps:0.050
2025-05-19 17:57:47,632 [INFO] EP 0392 | steps:061 | reward:  16.00 | length:04 | eps:0.050
2025-05-19 17:57:47,794 [INFO] EP 0393 | steps:750 | reward: 345.00 | length:29 | eps:0.050
2025-05-19 17:57:47,927 [INFO] EP 0394 | steps:631 | reward: 283.00 | length:25 | eps:0.050
2025-05-19 17:57:48,086 [INFO] EP 0395 | steps:656 | reward: 355.50 | length:32 | eps:0.050
2025-05-19 17:57:48,148 [INFO] EP 0396 | steps:307 | reward: 150.60 | length:15 | eps:0.050
2025-05-19 17:57:48,223 [INFO] EP 0397 | steps:263 | reward: 146.20 | length:15 | eps:0.050
2025-05-19 17:57:48,420 [INFO] EP 0398 | steps:750 | reward: 365.00 | length:31 | eps:0.050
2025-05-19 17:57:48,493 [INFO] EP 0399 | steps:321 | reward: 162.00 | length:16 | eps:0.050
2025-05-19 17:57:49,770 [INFO] EP 0400 | steps:076 | reward:  27.50 | length:05 | eps:0.050
2025-05-19 17:57:51,333 [INFO] Episode 0400 video saved to runs\frames\ep_0400\ep_0400.mp4
2025-05-19 17:57:51,415 [INFO] EP 0401 | steps:243 | reward:  94.20 | length:10 | eps:0.050
2025-05-19 17:57:51,445 [INFO] EP 0402 | steps:115 | reward:  41.40 | length:06 | eps:0.050
2025-05-19 17:57:51,519 [INFO] EP 0403 | steps:095 | reward:  29.40 | length:05 | eps:0.050
2025-05-19 17:57:52,045 [INFO] EP 0404 | steps:750 | reward: 385.00 | length:33 | eps:0.050
2025-05-19 17:57:52,190 [INFO] EP 0405 | steps:451 | reward: 215.00 | length:20 | eps:0.050
2025-05-19 17:57:52,414 [INFO] EP 0406 | steps:398 | reward: 189.70 | length:18 | eps:0.050
2025-05-19 17:57:52,910 [INFO] EP 0407 | steps:750 | reward: 345.00 | length:29 | eps:0.050
2025-05-19 17:57:52,950 [INFO] EP 0408 | steps:053 | reward:  15.20 | length:04 | eps:0.050
2025-05-19 17:57:53,151 [INFO] EP 0409 | steps:232 | reward: 113.10 | length:12 | eps:0.050
2025-05-19 17:57:53,342 [INFO] EP 0410 | steps:262 | reward: 106.10 | length:11 | eps:0.050
2025-05-19 17:57:53,468 [INFO] EP 0411 | steps:434 | reward: 213.30 | length:20 | eps:0.050
2025-05-19 17:57:53,480 [INFO] EP 0412 | steps:031 | reward:  13.00 | length:04 | eps:0.050
2025-05-19 17:57:53,811 [INFO] EP 0413 | steps:494 | reward: 259.30 | length:24 | eps:0.050
2025-05-19 17:57:54,104 [INFO] EP 0414 | steps:459 | reward: 205.80 | length:19 | eps:0.050
2025-05-19 17:57:54,471 [INFO] EP 0415 | steps:556 | reward: 265.50 | length:24 | eps:0.050
2025-05-19 17:57:54,716 [INFO] EP 0416 | steps:480 | reward: 197.90 | length:18 | eps:0.050
2025-05-19 17:57:54,970 [INFO] EP 0417 | steps:286 | reward: 138.50 | length:14 | eps:0.050
2025-05-19 17:57:55,076 [INFO] EP 0418 | steps:151 | reward:  55.00 | length:07 | eps:0.050
2025-05-19 17:57:55,579 [INFO] EP 0419 | steps:621 | reward: 252.00 | length:22 | eps:0.050
2025-05-19 17:57:56,097 [INFO] EP 0420 | steps:750 | reward: 345.00 | length:29 | eps:0.050
2025-05-19 17:57:56,285 [INFO] EP 0421 | steps:524 | reward: 212.30 | length:19 | eps:0.050
2025-05-19 17:57:56,600 [INFO] EP 0422 | steps:402 | reward: 180.10 | length:17 | eps:0.050
2025-05-19 17:57:56,809 [INFO] EP 0423 | steps:252 | reward:  95.10 | length:10 | eps:0.050
2025-05-19 17:57:56,977 [INFO] EP 0424 | steps:234 | reward: 113.30 | length:12 | eps:0.050
2025-05-19 17:57:57,543 [INFO] EP 0425 | steps:750 | reward: 335.00 | length:28 | eps:0.050
2025-05-19 17:57:57,570 [INFO] EP 0426 | steps:033 | reward:  13.20 | length:04 | eps:0.050
2025-05-19 17:57:58,100 [INFO] EP 0427 | steps:581 | reward: 268.00 | length:24 | eps:0.050
2025-05-19 17:57:58,387 [INFO] EP 0428 | steps:351 | reward: 195.00 | length:19 | eps:0.050
2025-05-19 17:57:58,523 [INFO] EP 0429 | steps:200 | reward: 119.90 | length:13 | eps:0.050
2025-05-19 17:57:58,963 [INFO] EP 0430 | steps:677 | reward: 297.60 | length:26 | eps:0.050
2025-05-19 17:57:59,212 [INFO] EP 0431 | steps:314 | reward: 111.30 | length:11 | eps:0.050
2025-05-19 17:57:59,408 [INFO] EP 0432 | steps:279 | reward: 137.80 | length:14 | eps:0.050
2025-05-19 17:57:59,746 [INFO] EP 0433 | steps:477 | reward: 257.60 | length:24 | eps:0.050
2025-05-19 17:58:00,035 [INFO] EP 0434 | steps:330 | reward: 162.90 | length:16 | eps:0.050
2025-05-19 17:58:00,074 [INFO] EP 0435 | steps:046 | reward:  14.50 | length:04 | eps:0.050
2025-05-19 17:58:00,364 [INFO] EP 0436 | steps:424 | reward: 232.30 | length:22 | eps:0.050
2025-05-19 17:58:00,703 [INFO] EP 0437 | steps:418 | reward: 211.70 | length:20 | eps:0.050
2025-05-19 17:58:01,014 [INFO] EP 0438 | steps:409 | reward: 160.80 | length:15 | eps:0.050
2025-05-19 17:58:01,187 [INFO] EP 0439 | steps:304 | reward: 120.30 | length:12 | eps:0.050
2025-05-19 17:58:01,423 [INFO] EP 0440 | steps:365 | reward: 156.40 | length:15 | eps:0.050
2025-05-19 17:58:01,572 [INFO] EP 0441 | steps:178 | reward:  77.70 | length:09 | eps:0.050
2025-05-19 17:58:01,722 [INFO] EP 0442 | steps:189 | reward:  68.80 | length:08 | eps:0.050
2025-05-19 17:58:02,204 [INFO] EP 0443 | steps:607 | reward: 360.60 | length:33 | eps:0.050
2025-05-19 17:58:02,809 [INFO] EP 0444 | steps:750 | reward: 355.00 | length:30 | eps:0.050
2025-05-19 17:58:03,130 [INFO] EP 0445 | steps:505 | reward: 200.40 | length:18 | eps:0.050
2025-05-19 17:58:03,536 [INFO] EP 0446 | steps:508 | reward: 250.70 | length:23 | eps:0.050
2025-05-19 17:58:03,933 [INFO] EP 0447 | steps:466 | reward: 256.50 | length:24 | eps:0.050
2025-05-19 17:58:03,981 [INFO] EP 0448 | steps:048 | reward:  14.70 | length:04 | eps:0.050
2025-05-19 17:58:04,523 [INFO] EP 0449 | steps:580 | reward: 257.90 | length:23 | eps:0.050
2025-05-19 17:58:05,085 [INFO] EP 0450 | steps:750 | reward: 345.00 | length:29 | eps:0.050
2025-05-19 17:58:05,257 [INFO] EP 0451 | steps:301 | reward: 130.00 | length:13 | eps:0.050
2025-05-19 17:58:05,429 [INFO] EP 0452 | steps:248 | reward: 114.70 | length:12 | eps:0.050
2025-05-19 17:58:05,444 [INFO] EP 0453 | steps:027 | reward:  -7.40 | length:02 | eps:0.050
2025-05-19 17:58:05,539 [INFO] EP 0454 | steps:121 | reward:  52.00 | length:07 | eps:0.050
2025-05-19 17:58:06,059 [INFO] EP 0455 | steps:750 | reward: 385.00 | length:33 | eps:0.050
2025-05-19 17:58:06,573 [INFO] EP 0456 | steps:750 | reward: 375.00 | length:32 | eps:0.050
2025-05-19 17:58:06,708 [INFO] EP 0457 | steps:220 | reward:  81.90 | length:09 | eps:0.050
2025-05-19 17:58:06,884 [INFO] EP 0458 | steps:259 | reward: 135.80 | length:14 | eps:0.050
2025-05-19 17:58:07,090 [INFO] EP 0459 | steps:346 | reward: 184.50 | length:18 | eps:0.050
2025-05-19 17:58:07,377 [INFO] EP 0460 | steps:526 | reward: 212.50 | length:19 | eps:0.050
2025-05-19 17:58:07,442 [INFO] EP 0461 | steps:104 | reward:  40.30 | length:06 | eps:0.050
2025-05-19 17:58:07,741 [INFO] EP 0462 | steps:548 | reward: 294.70 | length:27 | eps:0.050
2025-05-19 17:58:07,897 [INFO] EP 0463 | steps:276 | reward: 127.50 | length:13 | eps:0.050
2025-05-19 17:58:08,110 [INFO] EP 0464 | steps:346 | reward: 184.50 | length:18 | eps:0.050
2025-05-19 17:58:08,327 [INFO] EP 0465 | steps:428 | reward: 192.70 | length:18 | eps:0.050
2025-05-19 17:58:08,603 [INFO] EP 0466 | steps:536 | reward: 213.50 | length:19 | eps:0.050
2025-05-19 17:58:08,827 [INFO] EP 0467 | steps:276 | reward: 107.50 | length:11 | eps:0.050
2025-05-19 17:58:09,091 [INFO] EP 0468 | steps:394 | reward: 209.30 | length:20 | eps:0.050
2025-05-19 17:58:09,574 [INFO] EP 0469 | steps:679 | reward: 327.80 | length:29 | eps:0.050
2025-05-19 17:58:09,948 [INFO] EP 0470 | steps:515 | reward: 271.40 | length:25 | eps:0.050
2025-05-19 17:58:10,085 [INFO] EP 0471 | steps:146 | reward:  64.50 | length:08 | eps:0.050
2025-05-19 17:58:10,198 [INFO] EP 0472 | steps:160 | reward:  65.90 | length:08 | eps:0.050
2025-05-19 17:58:10,737 [INFO] EP 0473 | steps:750 | reward: 335.00 | length:28 | eps:0.050
2025-05-19 17:58:11,253 [INFO] EP 0474 | steps:750 | reward: 335.00 | length:28 | eps:0.050
2025-05-19 17:58:11,471 [INFO] EP 0475 | steps:342 | reward: 154.10 | length:15 | eps:0.050
2025-05-19 17:58:11,925 [INFO] EP 0476 | steps:684 | reward: 358.30 | length:32 | eps:0.050
2025-05-19 17:58:12,248 [INFO] EP 0477 | steps:541 | reward: 234.00 | length:21 | eps:0.050
2025-05-19 17:58:12,354 [INFO] EP 0478 | steps:152 | reward:  55.10 | length:07 | eps:0.050
2025-05-19 17:58:12,657 [INFO] EP 0479 | steps:750 | reward: 365.00 | length:31 | eps:0.050
2025-05-19 17:58:12,897 [INFO] EP 0480 | steps:461 | reward: 206.00 | length:19 | eps:0.050
2025-05-19 17:58:13,141 [INFO] EP 0481 | steps:750 | reward: 375.00 | length:32 | eps:0.050
2025-05-19 17:58:13,432 [INFO] EP 0482 | steps:750 | reward: 325.00 | length:27 | eps:0.050
2025-05-19 17:58:13,468 [INFO] EP 0483 | steps:107 | reward:  50.60 | length:07 | eps:0.050
2025-05-19 17:58:13,799 [INFO] EP 0484 | steps:713 | reward: 341.20 | length:30 | eps:0.050
2025-05-19 17:58:13,951 [INFO] EP 0485 | steps:246 | reward: 104.50 | length:11 | eps:0.050
2025-05-19 17:58:14,018 [INFO] EP 0486 | steps:076 | reward:  27.50 | length:05 | eps:0.050
2025-05-19 17:58:14,528 [INFO] EP 0487 | steps:606 | reward: 290.50 | length:26 | eps:0.050
2025-05-19 17:58:15,122 [INFO] EP 0488 | steps:708 | reward: 330.70 | length:29 | eps:0.050
2025-05-19 17:58:15,632 [INFO] EP 0489 | steps:649 | reward: 294.80 | length:26 | eps:0.050
2025-05-19 17:58:15,954 [INFO] EP 0490 | steps:396 | reward: 199.50 | length:19 | eps:0.050
2025-05-19 17:58:16,315 [INFO] EP 0491 | steps:472 | reward: 257.10 | length:24 | eps:0.050
2025-05-19 17:58:16,511 [INFO] EP 0492 | steps:270 | reward: 116.90 | length:12 | eps:0.050
2025-05-19 17:58:17,094 [INFO] EP 0493 | steps:750 | reward: 395.00 | length:34 | eps:0.050
2025-05-19 17:58:17,308 [INFO] EP 0494 | steps:258 | reward:  75.70 | length:08 | eps:0.050
2025-05-19 17:58:17,887 [INFO] EP 0495 | steps:750 | reward: 365.00 | length:31 | eps:0.050
2025-05-19 17:58:18,084 [INFO] EP 0496 | steps:239 | reward:  93.80 | length:10 | eps:0.050
2025-05-19 17:58:18,721 [INFO] EP 0497 | steps:750 | reward: 325.00 | length:27 | eps:0.050
2025-05-19 17:58:19,246 [INFO] EP 0498 | steps:750 | reward: 335.00 | length:28 | eps:0.050
2025-05-19 17:58:19,270 [INFO] EP 0499 | steps:033 | reward:  13.20 | length:04 | eps:0.050
2025-05-19 17:58:28,015 [INFO] EP 0500 | steps:463 | reward: 246.20 | length:23 | eps:0.050
2025-05-19 17:58:34,448 [INFO] Episode 0500 video saved to runs\frames\ep_0500\ep_0500.mp4
2025-05-19 17:58:34,921 [INFO] EP 0501 | steps:598 | reward: 279.70 | length:25 | eps:0.050
2025-05-19 17:58:35,107 [INFO] EP 0502 | steps:268 | reward: 126.70 | length:13 | eps:0.050
2025-05-19 17:58:35,615 [INFO] EP 0503 | steps:750 | reward: 375.00 | length:32 | eps:0.050
2025-05-19 17:58:36,105 [INFO] EP 0504 | steps:748 | reward: 354.70 | length:31 | eps:0.050
2025-05-19 17:58:36,159 [INFO] EP 0505 | steps:085 | reward:  38.40 | length:06 | eps:0.050
2025-05-19 17:58:36,497 [INFO] EP 0506 | steps:511 | reward: 231.00 | length:21 | eps:0.050
2025-05-19 17:58:36,843 [INFO] EP 0507 | steps:536 | reward: 213.50 | length:19 | eps:0.050
2025-05-19 17:58:37,017 [INFO] EP 0508 | steps:216 | reward: 101.50 | length:11 | eps:0.050
2025-05-19 17:58:37,368 [INFO] EP 0509 | steps:446 | reward: 234.50 | length:22 | eps:0.050
2025-05-19 17:58:37,918 [INFO] EP 0510 | steps:750 | reward: 385.00 | length:33 | eps:0.050
2025-05-19 17:58:38,249 [INFO] EP 0511 | steps:438 | reward: 193.70 | length:18 | eps:0.050
2025-05-19 17:58:38,616 [INFO] EP 0512 | steps:477 | reward: 207.60 | length:19 | eps:0.050
2025-05-19 17:58:38,814 [INFO] EP 0513 | steps:285 | reward: 148.40 | length:15 | eps:0.050
2025-05-19 17:58:38,832 [INFO] EP 0514 | steps:028 | reward:   2.70 | length:03 | eps:0.050
2025-05-19 17:58:39,242 [INFO] EP 0515 | steps:357 | reward: 155.60 | length:15 | eps:0.050
2025-05-19 17:58:39,520 [INFO] EP 0516 | steps:329 | reward: 142.80 | length:14 | eps:0.050
2025-05-19 17:58:39,599 [INFO] EP 0517 | steps:128 | reward:  72.70 | length:09 | eps:0.050
2025-05-19 17:58:39,791 [INFO] EP 0518 | steps:250 | reward:  94.90 | length:10 | eps:0.050
2025-05-19 17:58:39,852 [INFO] EP 0519 | steps:086 | reward:  18.50 | length:04 | eps:0.050
2025-05-19 17:58:40,466 [INFO] EP 0520 | steps:750 | reward: 365.00 | length:31 | eps:0.050
2025-05-19 17:58:40,762 [INFO] EP 0521 | steps:419 | reward: 231.80 | length:22 | eps:0.050
2025-05-19 17:58:40,925 [INFO] EP 0522 | steps:223 | reward: 112.20 | length:12 | eps:0.050
2025-05-19 17:58:40,946 [INFO] EP 0523 | steps:032 | reward:   3.10 | length:03 | eps:0.050
2025-05-19 17:58:40,990 [INFO] EP 0524 | steps:059 | reward:   5.80 | length:03 | eps:0.050
2025-05-19 17:58:41,583 [INFO] EP 0525 | steps:750 | reward: 335.00 | length:28 | eps:0.050
2025-05-19 17:58:42,170 [INFO] EP 0526 | steps:750 | reward: 335.00 | length:28 | eps:0.050
2025-05-19 17:58:42,624 [INFO] EP 0527 | steps:582 | reward: 278.10 | length:25 | eps:0.050
2025-05-19 17:58:42,842 [INFO] EP 0528 | steps:259 | reward: 175.80 | length:18 | eps:0.050
2025-05-19 17:58:43,253 [INFO] EP 0529 | steps:571 | reward: 287.00 | length:26 | eps:0.050
2025-05-19 17:58:43,539 [INFO] EP 0530 | steps:403 | reward: 210.20 | length:20 | eps:0.050
2025-05-19 17:58:43,590 [INFO] EP 0531 | steps:077 | reward:  27.60 | length:05 | eps:0.050
2025-05-19 17:58:43,841 [INFO] EP 0532 | steps:352 | reward: 125.10 | length:12 | eps:0.050
2025-05-19 17:58:44,074 [INFO] EP 0533 | steps:300 | reward: 119.90 | length:12 | eps:0.050
2025-05-19 17:58:44,641 [INFO] EP 0534 | steps:750 | reward: 375.00 | length:32 | eps:0.050
2025-05-19 17:58:44,842 [INFO] EP 0535 | steps:289 | reward: 138.80 | length:14 | eps:0.050
2025-05-19 17:58:45,415 [INFO] EP 0536 | steps:750 | reward: 315.00 | length:26 | eps:0.050
2025-05-19 17:58:45,489 [INFO] EP 0537 | steps:070 | reward:  46.90 | length:07 | eps:0.050
2025-05-19 17:58:45,561 [INFO] EP 0538 | steps:081 | reward:  28.00 | length:05 | eps:0.050
2025-05-19 17:58:46,092 [INFO] EP 0539 | steps:717 | reward: 361.60 | length:32 | eps:0.050
2025-05-19 17:58:46,416 [INFO] EP 0540 | steps:439 | reward: 233.80 | length:22 | eps:0.050
2025-05-19 17:58:46,540 [INFO] EP 0541 | steps:126 | reward:  72.50 | length:09 | eps:0.050
2025-05-19 17:58:47,040 [INFO] EP 0542 | steps:710 | reward: 330.90 | length:29 | eps:0.050
2025-05-19 17:58:47,587 [INFO] EP 0543 | steps:750 | reward: 375.00 | length:32 | eps:0.050
2025-05-19 17:58:47,710 [INFO] EP 0544 | steps:190 | reward: 118.90 | length:13 | eps:0.050
2025-05-19 17:58:47,890 [INFO] EP 0545 | steps:239 | reward: 123.80 | length:13 | eps:0.050
2025-05-19 17:58:48,053 [INFO] EP 0546 | steps:227 | reward:  92.60 | length:10 | eps:0.050
2025-05-19 17:58:48,172 [INFO] EP 0547 | steps:165 | reward:  66.40 | length:08 | eps:0.050
2025-05-19 17:58:48,532 [INFO] EP 0548 | steps:492 | reward: 259.10 | length:24 | eps:0.050
2025-05-19 17:58:48,994 [INFO] EP 0549 | steps:750 | reward: 355.00 | length:30 | eps:0.050
2025-05-19 17:58:49,395 [INFO] EP 0550 | steps:474 | reward: 177.30 | length:16 | eps:0.050
2025-05-19 17:58:49,448 [INFO] EP 0551 | steps:070 | reward:  26.90 | length:05 | eps:0.050
2025-05-19 17:58:49,676 [INFO] EP 0552 | steps:244 | reward: 114.30 | length:12 | eps:0.050
2025-05-19 17:58:49,865 [INFO] EP 0553 | steps:261 | reward: 116.00 | length:12 | eps:0.050
2025-05-19 17:58:50,018 [INFO] EP 0554 | steps:244 | reward:  84.30 | length:09 | eps:0.050
2025-05-19 17:58:50,571 [INFO] EP 0555 | steps:669 | reward: 296.80 | length:26 | eps:0.050
2025-05-19 17:58:50,889 [INFO] EP 0556 | steps:387 | reward: 128.60 | length:12 | eps:0.050
2025-05-19 17:58:51,431 [INFO] EP 0557 | steps:750 | reward: 345.00 | length:29 | eps:0.050
2025-05-19 17:58:51,782 [INFO] EP 0558 | steps:453 | reward: 205.20 | length:19 | eps:0.050
2025-05-19 17:58:52,054 [INFO] EP 0559 | steps:439 | reward: 173.80 | length:16 | eps:0.050
2025-05-19 17:58:52,302 [INFO] EP 0560 | steps:348 | reward: 174.70 | length:17 | eps:0.050
2025-05-19 17:58:52,385 [INFO] EP 0561 | steps:095 | reward:  39.40 | length:06 | eps:0.050
2025-05-19 17:58:52,887 [INFO] EP 0562 | steps:674 | reward: 337.30 | length:30 | eps:0.050
2025-05-19 17:58:53,223 [INFO] EP 0563 | steps:508 | reward: 270.70 | length:25 | eps:0.050
2025-05-19 17:58:53,663 [INFO] EP 0564 | steps:611 | reward: 291.00 | length:26 | eps:0.050
2025-05-19 17:58:54,517 [INFO] EP 0565 | steps:750 | reward: 315.00 | length:26 | eps:0.050
2025-05-19 17:58:54,988 [INFO] EP 0566 | steps:419 | reward: 181.80 | length:17 | eps:0.050
2025-05-19 17:58:55,686 [INFO] EP 0567 | steps:620 | reward: 321.90 | length:29 | eps:0.050
2025-05-19 17:58:56,097 [INFO] EP 0568 | steps:366 | reward: 166.50 | length:16 | eps:0.050
2025-05-19 17:58:56,514 [INFO] EP 0569 | steps:332 | reward: 133.10 | length:13 | eps:0.050
2025-05-19 17:58:56,607 [INFO] EP 0570 | steps:105 | reward:  30.40 | length:05 | eps:0.050
2025-05-19 17:58:57,070 [INFO] EP 0571 | steps:460 | reward: 235.90 | length:22 | eps:0.050
2025-05-19 17:58:57,389 [INFO] EP 0572 | steps:315 | reward: 141.40 | length:14 | eps:0.050
2025-05-19 17:58:58,208 [INFO] EP 0573 | steps:750 | reward: 345.00 | length:29 | eps:0.050
2025-05-19 17:58:58,355 [INFO] EP 0574 | steps:142 | reward:  44.10 | length:06 | eps:0.050
2025-05-19 17:58:58,858 [INFO] EP 0575 | steps:479 | reward: 197.80 | length:18 | eps:0.050
2025-05-19 17:58:58,910 [INFO] EP 0576 | steps:236 | reward:  93.50 | length:10 | eps:0.050
2025-05-19 17:58:58,958 [INFO] EP 0577 | steps:253 | reward: 145.20 | length:15 | eps:0.050
2025-05-19 17:58:58,974 [INFO] EP 0578 | steps:074 | reward:  27.30 | length:05 | eps:0.050
2025-05-19 17:58:59,076 [INFO] EP 0579 | steps:482 | reward: 188.10 | length:17 | eps:0.050
2025-05-19 17:58:59,232 [INFO] EP 0580 | steps:738 | reward: 373.70 | length:33 | eps:0.050
2025-05-19 17:58:59,312 [INFO] EP 0581 | steps:379 | reward: 167.80 | length:16 | eps:0.050
2025-05-19 17:58:59,343 [INFO] EP 0582 | steps:155 | reward:  65.40 | length:08 | eps:0.050
2025-05-19 17:58:59,412 [INFO] EP 0583 | steps:334 | reward: 173.30 | length:17 | eps:0.050
2025-05-19 17:58:59,510 [INFO] EP 0584 | steps:513 | reward: 251.20 | length:23 | eps:0.050
2025-05-19 17:58:59,667 [INFO] EP 0585 | steps:750 | reward: 325.00 | length:27 | eps:0.050
2025-05-19 17:58:59,721 [INFO] EP 0586 | steps:234 | reward:  83.30 | length:09 | eps:0.050
