2025-05-19 17:29:40,904 [INFO] ==== Training started ====
2025-05-19 17:29:40,905 [INFO] EP 0001 | steps: 066 | reward: -3.5 | eps: 0.995 | len: 2
2025-05-19 17:29:40,905 [INFO] EP 0002 | steps: 055 | reward: -4.6 | eps: 0.990 | len: 2
2025-05-19 17:29:40,906 [INFO] EP 0003 | steps: 089 | reward: -1.2 | eps: 0.985 | len: 2
2025-05-19 17:29:40,906 [INFO] EP 0004 | steps: 019 | reward: -8.2 | eps: 0.980 | len: 2
2025-05-19 17:29:40,906 [INFO] EP 0005 | steps: 031 | reward: -7.0 | eps: 0.975 | len: 2
2025-05-19 17:29:40,907 [INFO] EP 0006 | steps: 073 | reward: -2.8 | eps: 0.970 | len: 2
2025-05-19 17:29:40,917 [INFO] EP 0007 | steps: 016 | reward: -8.5 | eps: 0.966 | len: 2
2025-05-19 17:29:40,918 [INFO] EP 0008 | steps: 157 | reward: 5.6 | eps: 0.961 | len: 2
2025-05-19 17:29:40,918 [INFO] EP 0009 | steps: 110 | reward: 0.9 | eps: 0.956 | len: 2
2025-05-19 17:29:40,919 [INFO] EP 0010 | steps: 054 | reward: -4.7 | eps: 0.951 | len: 2
2025-05-19 17:29:40,919 [INFO] EP 0011 | steps: 019 | reward: -8.2 | eps: 0.946 | len: 2
2025-05-19 17:29:40,919 [INFO] EP 0012 | steps: 028 | reward: -7.3 | eps: 0.942 | len: 2
2025-05-19 17:29:40,920 [INFO] EP 0013 | steps: 063 | reward: -3.8 | eps: 0.937 | len: 2
2025-05-19 17:29:40,920 [INFO] EP 0014 | steps: 122 | reward: 2.1 | eps: 0.932 | len: 2
2025-05-19 17:29:40,921 [INFO] EP 0015 | steps: 122 | reward: 2.1 | eps: 0.928 | len: 2
2025-05-19 17:29:40,922 [INFO] EP 0016 | steps: 086 | reward: -1.5 | eps: 0.923 | len: 2
2025-05-19 17:29:40,923 [INFO] Loop detected at EP 0017 after 223 steps.
2025-05-19 17:29:40,923 [INFO] EP 0017 | steps: 223 | reward: 22.3 | eps: 0.918 | len: 2
2025-05-19 17:29:40,923 [INFO] EP 0018 | steps: 087 | reward: -1.4 | eps: 0.914 | len: 2
2025-05-19 17:29:40,924 [INFO] EP 0019 | steps: 081 | reward: 8.0 | eps: 0.909 | len: 3
2025-05-19 17:29:40,924 [INFO] EP 0020 | steps: 068 | reward: -3.3 | eps: 0.905 | len: 2
2025-05-19 17:29:40,925 [INFO] EP 0021 | steps: 044 | reward: -5.7 | eps: 0.900 | len: 2
2025-05-19 17:29:40,925 [INFO] EP 0022 | steps: 059 | reward: -4.2 | eps: 0.896 | len: 2
2025-05-19 17:29:40,926 [INFO] EP 0023 | steps: 043 | reward: -5.8 | eps: 0.891 | len: 2
2025-05-19 17:29:40,926 [INFO] EP 0024 | steps: 088 | reward: -1.3 | eps: 0.887 | len: 2
2025-05-19 17:29:40,926 [INFO] EP 0025 | steps: 021 | reward: -8.0 | eps: 0.882 | len: 2
2025-05-19 17:29:40,927 [INFO] EP 0026 | steps: 101 | reward: -0.0 | eps: 0.878 | len: 2
2025-05-19 17:29:40,927 [INFO] EP 0027 | steps: 048 | reward: -5.3 | eps: 0.873 | len: 2
2025-05-19 17:29:40,927 [INFO] EP 0028 | steps: 062 | reward: -3.9 | eps: 0.869 | len: 2
2025-05-19 17:29:40,928 [INFO] EP 0029 | steps: 071 | reward: -3.0 | eps: 0.865 | len: 2
2025-05-19 17:29:40,929 [INFO] EP 0030 | steps: 236 | reward: 13.5 | eps: 0.860 | len: 2
2025-05-19 17:29:40,929 [INFO] EP 0031 | steps: 063 | reward: 6.2 | eps: 0.856 | len: 3
2025-05-19 17:29:40,930 [INFO] EP 0032 | steps: 060 | reward: 5.9 | eps: 0.852 | len: 3
2025-05-19 17:29:40,930 [INFO] EP 0033 | steps: 036 | reward: -6.5 | eps: 0.848 | len: 2
2025-05-19 17:29:40,930 [INFO] EP 0034 | steps: 052 | reward: -4.9 | eps: 0.843 | len: 2
2025-05-19 17:29:40,930 [INFO] EP 0035 | steps: 054 | reward: -4.7 | eps: 0.839 | len: 2
2025-05-19 17:29:40,931 [INFO] EP 0036 | steps: 051 | reward: -5.0 | eps: 0.835 | len: 2
2025-05-19 17:29:40,931 [INFO] EP 0037 | steps: 019 | reward: -8.2 | eps: 0.831 | len: 2
2025-05-19 17:29:40,931 [INFO] EP 0038 | steps: 109 | reward: 0.8 | eps: 0.827 | len: 2
2025-05-19 17:29:40,932 [INFO] EP 0039 | steps: 049 | reward: -5.2 | eps: 0.822 | len: 2
2025-05-19 17:29:40,933 [INFO] EP 0040 | steps: 231 | reward: 13.0 | eps: 0.818 | len: 2
2025-05-19 17:29:40,933 [INFO] EP 0041 | steps: 094 | reward: -0.7 | eps: 0.814 | len: 2
2025-05-19 17:29:40,933 [INFO] EP 0042 | steps: 019 | reward: -8.2 | eps: 0.810 | len: 2
2025-05-19 17:29:40,934 [INFO] EP 0043 | steps: 060 | reward: -4.1 | eps: 0.806 | len: 2
2025-05-19 17:29:40,934 [INFO] EP 0044 | steps: 036 | reward: -6.5 | eps: 0.802 | len: 2
2025-05-19 17:29:40,934 [INFO] EP 0045 | steps: 041 | reward: -6.0 | eps: 0.798 | len: 2
2025-05-19 17:29:40,935 [INFO] EP 0046 | steps: 042 | reward: -5.9 | eps: 0.794 | len: 2
2025-05-19 17:29:40,935 [INFO] EP 0047 | steps: 016 | reward: -8.5 | eps: 0.790 | len: 2
2025-05-19 17:29:40,935 [INFO] EP 0048 | steps: 053 | reward: -4.8 | eps: 0.786 | len: 2
2025-05-19 17:29:40,936 [INFO] EP 0049 | steps: 107 | reward: 10.6 | eps: 0.782 | len: 3
2025-05-19 17:29:40,936 [INFO] EP 0050 | steps: 022 | reward: -7.9 | eps: 0.778 | len: 2
2025-05-19 17:29:40,936 [INFO] EP 0051 | steps: 074 | reward: -2.7 | eps: 0.774 | len: 2
2025-05-19 17:29:40,937 [INFO] Loop detected at EP 0052 after 158 steps.
2025-05-19 17:29:40,937 [INFO] EP 0052 | steps: 158 | reward: 15.8 | eps: 0.771 | len: 2
2025-05-19 17:29:40,937 [INFO] EP 0053 | steps: 057 | reward: -4.4 | eps: 0.767 | len: 2
2025-05-19 17:29:40,938 [INFO] EP 0054 | steps: 082 | reward: -1.9 | eps: 0.763 | len: 2
2025-05-19 17:29:40,938 [INFO] EP 0055 | steps: 028 | reward: -7.3 | eps: 0.759 | len: 2
2025-05-19 17:29:40,938 [INFO] EP 0056 | steps: 047 | reward: -5.4 | eps: 0.755 | len: 2
2025-05-19 17:29:40,938 [INFO] EP 0057 | steps: 023 | reward: -7.8 | eps: 0.751 | len: 2
2025-05-19 17:29:40,939 [INFO] EP 0058 | steps: 141 | reward: 24.0 | eps: 0.748 | len: 4
2025-05-19 17:29:40,940 [INFO] EP 0059 | steps: 085 | reward: -1.6 | eps: 0.744 | len: 2
2025-05-19 17:29:40,940 [INFO] EP 0060 | steps: 053 | reward: -4.8 | eps: 0.740 | len: 2
2025-05-19 17:29:40,941 [INFO] EP 0061 | steps: 096 | reward: -0.5 | eps: 0.737 | len: 2
2025-05-19 17:29:40,941 [INFO] EP 0062 | steps: 056 | reward: -4.5 | eps: 0.733 | len: 2
2025-05-19 17:29:40,942 [INFO] EP 0063 | steps: 191 | reward: 19.0 | eps: 0.729 | len: 3
2025-05-19 17:29:40,943 [INFO] EP 0064 | steps: 068 | reward: -3.3 | eps: 0.726 | len: 2
2025-05-19 17:29:40,943 [INFO] EP 0065 | steps: 073 | reward: -2.8 | eps: 0.722 | len: 2
2025-05-19 17:29:40,943 [INFO] EP 0066 | steps: 087 | reward: -1.4 | eps: 0.718 | len: 2
2025-05-19 17:29:40,945 [INFO] EP 0067 | steps: 305 | reward: 40.4 | eps: 0.715 | len: 4
2025-05-19 17:29:40,946 [INFO] EP 0068 | steps: 237 | reward: 23.6 | eps: 0.711 | len: 3
2025-05-19 17:29:40,947 [INFO] EP 0069 | steps: 183 | reward: 28.2 | eps: 0.708 | len: 4
2025-05-19 17:29:40,948 [INFO] EP 0070 | steps: 175 | reward: 27.4 | eps: 0.704 | len: 4
2025-05-19 17:29:40,948 [INFO] EP 0071 | steps: 033 | reward: -6.8 | eps: 0.701 | len: 2
2025-05-19 17:29:40,949 [INFO] EP 0072 | steps: 182 | reward: 18.1 | eps: 0.697 | len: 3
2025-05-19 17:29:40,950 [INFO] EP 0073 | steps: 121 | reward: 2.0 | eps: 0.694 | len: 2
2025-05-19 17:29:40,950 [INFO] EP 0074 | steps: 072 | reward: -2.9 | eps: 0.690 | len: 2
2025-05-19 17:29:40,951 [INFO] EP 0075 | steps: 111 | reward: 1.0 | eps: 0.687 | len: 2
2025-05-19 17:29:40,951 [INFO] EP 0076 | steps: 053 | reward: -4.8 | eps: 0.683 | len: 2
2025-05-19 17:29:40,951 [INFO] EP 0077 | steps: 058 | reward: 5.7 | eps: 0.680 | len: 3
2025-05-19 17:29:40,952 [INFO] EP 0078 | steps: 123 | reward: 12.2 | eps: 0.676 | len: 3
2025-05-19 17:29:40,952 [INFO] EP 0079 | steps: 032 | reward: -6.9 | eps: 0.673 | len: 2
2025-05-19 17:29:40,952 [INFO] EP 0080 | steps: 072 | reward: 17.1 | eps: 0.670 | len: 4
2025-05-19 17:29:40,953 [INFO] EP 0081 | steps: 047 | reward: -5.4 | eps: 0.666 | len: 2
2025-05-19 17:29:40,953 [INFO] EP 0082 | steps: 072 | reward: -2.9 | eps: 0.663 | len: 2
2025-05-19 17:29:40,953 [INFO] EP 0083 | steps: 045 | reward: 4.4 | eps: 0.660 | len: 3
2025-05-19 17:29:40,954 [INFO] EP 0084 | steps: 049 | reward: -5.2 | eps: 0.656 | len: 2
2025-05-19 17:29:40,954 [INFO] EP 0085 | steps: 052 | reward: -4.9 | eps: 0.653 | len: 2
2025-05-19 17:29:40,954 [INFO] EP 0086 | steps: 034 | reward: 3.3 | eps: 0.650 | len: 3
2025-05-19 17:29:40,955 [INFO] EP 0087 | steps: 067 | reward: 16.6 | eps: 0.647 | len: 4
2025-05-19 17:29:40,955 [INFO] EP 0088 | steps: 077 | reward: 7.6 | eps: 0.643 | len: 3
2025-05-19 17:29:40,955 [INFO] EP 0089 | steps: 051 | reward: 5.0 | eps: 0.640 | len: 3
2025-05-19 17:29:40,957 [INFO] EP 0090 | steps: 194 | reward: 29.3 | eps: 0.637 | len: 4
2025-05-19 17:29:40,957 [INFO] EP 0091 | steps: 042 | reward: -5.9 | eps: 0.634 | len: 2
2025-05-19 17:29:40,957 [INFO] EP 0092 | steps: 026 | reward: -7.5 | eps: 0.631 | len: 2
2025-05-19 17:29:40,958 [INFO] EP 0093 | steps: 144 | reward: 24.3 | eps: 0.627 | len: 4
2025-05-19 17:29:40,959 [INFO] EP 0094 | steps: 061 | reward: 16.0 | eps: 0.624 | len: 4
2025-05-19 17:29:40,959 [INFO] EP 0095 | steps: 064 | reward: -3.7 | eps: 0.621 | len: 2
2025-05-19 17:29:40,960 [INFO] EP 0096 | steps: 124 | reward: 22.3 | eps: 0.618 | len: 4
2025-05-19 17:29:40,960 [INFO] EP 0097 | steps: 059 | reward: -4.2 | eps: 0.615 | len: 2
2025-05-19 17:29:40,960 [INFO] EP 0098 | steps: 047 | reward: -5.4 | eps: 0.612 | len: 2
2025-05-19 17:29:40,961 [INFO] EP 0099 | steps: 031 | reward: -7.0 | eps: 0.609 | len: 2
2025-05-19 17:29:40,961 [INFO] EP 0100 | steps: 108 | reward: 10.7 | eps: 0.606 | len: 3
2025-05-19 17:29:41,538 [INFO] Episode 100 saved to runs\ep_0100
2025-05-19 17:29:41,539 [INFO] EP 0101 | steps: 111 | reward: 21.0 | eps: 0.603 | len: 4
2025-05-19 17:29:41,540 [INFO] EP 0102 | steps: 021 | reward: -8.0 | eps: 0.600 | len: 2
2025-05-19 17:29:41,540 [INFO] EP 0103 | steps: 024 | reward: -7.7 | eps: 0.597 | len: 2
2025-05-19 17:29:41,541 [INFO] EP 0104 | steps: 151 | reward: 25.0 | eps: 0.594 | len: 4
2025-05-19 17:29:41,542 [INFO] EP 0105 | steps: 065 | reward: -3.6 | eps: 0.591 | len: 2
2025-05-19 17:29:41,542 [INFO] EP 0106 | steps: 086 | reward: 18.5 | eps: 0.588 | len: 4
2025-05-19 17:29:41,543 [INFO] EP 0107 | steps: 101 | reward: 10.0 | eps: 0.585 | len: 3
2025-05-19 17:29:41,543 [INFO] EP 0108 | steps: 025 | reward: -7.6 | eps: 0.582 | len: 2
2025-05-19 17:29:41,543 [INFO] EP 0109 | steps: 030 | reward: 2.9 | eps: 0.579 | len: 3
2025-05-19 17:29:41,544 [INFO] EP 0110 | steps: 055 | reward: 25.4 | eps: 0.576 | len: 5
2025-05-19 17:29:41,545 [INFO] EP 0111 | steps: 021 | reward: -8.0 | eps: 0.573 | len: 2
2025-05-19 17:29:41,545 [INFO] EP 0112 | steps: 087 | reward: 18.6 | eps: 0.570 | len: 4
2025-05-19 17:29:41,546 [INFO] EP 0113 | steps: 086 | reward: 8.5 | eps: 0.568 | len: 3
2025-05-19 17:29:41,546 [INFO] EP 0114 | steps: 104 | reward: 20.3 | eps: 0.565 | len: 4
2025-05-19 17:29:41,547 [INFO] EP 0115 | steps: 048 | reward: -5.3 | eps: 0.562 | len: 2
2025-05-19 17:29:41,547 [INFO] EP 0116 | steps: 078 | reward: 7.7 | eps: 0.559 | len: 3
2025-05-19 17:29:41,548 [INFO] EP 0117 | steps: 138 | reward: 23.7 | eps: 0.556 | len: 4
2025-05-19 17:29:41,548 [INFO] EP 0118 | steps: 034 | reward: -6.7 | eps: 0.554 | len: 2
2025-05-19 17:29:41,548 [INFO] EP 0119 | steps: 066 | reward: 16.5 | eps: 0.551 | len: 4
2025-05-19 17:29:41,549 [INFO] EP 0120 | steps: 110 | reward: 30.9 | eps: 0.548 | len: 5
2025-05-19 17:29:41,549 [INFO] EP 0121 | steps: 033 | reward: 3.2 | eps: 0.545 | len: 3
2025-05-19 17:29:41,549 [INFO] EP 0122 | steps: 036 | reward: -6.5 | eps: 0.543 | len: 2
2025-05-19 17:29:41,550 [INFO] EP 0123 | steps: 046 | reward: 4.5 | eps: 0.540 | len: 3
2025-05-19 17:29:41,550 [INFO] EP 0124 | steps: 058 | reward: 5.7 | eps: 0.537 | len: 3
2025-05-19 17:29:41,551 [INFO] EP 0125 | steps: 094 | reward: 19.3 | eps: 0.534 | len: 4
2025-05-19 17:29:41,552 [INFO] EP 0126 | steps: 135 | reward: 33.4 | eps: 0.532 | len: 5
2025-05-19 17:29:41,552 [INFO] EP 0127 | steps: 025 | reward: -7.6 | eps: 0.529 | len: 2
2025-05-19 17:29:41,552 [INFO] EP 0128 | steps: 039 | reward: 3.8 | eps: 0.526 | len: 3
2025-05-19 17:29:41,553 [INFO] EP 0129 | steps: 076 | reward: 7.5 | eps: 0.524 | len: 3
2025-05-19 17:29:41,553 [INFO] EP 0130 | steps: 057 | reward: 5.6 | eps: 0.521 | len: 3
2025-05-19 17:29:41,554 [INFO] EP 0131 | steps: 184 | reward: 38.3 | eps: 0.519 | len: 5
2025-05-19 17:29:41,555 [INFO] EP 0132 | steps: 099 | reward: 19.8 | eps: 0.516 | len: 4
2025-05-19 17:29:41,556 [INFO] EP 0133 | steps: 084 | reward: 28.3 | eps: 0.513 | len: 5
2025-05-19 17:29:41,556 [INFO] EP 0134 | steps: 056 | reward: 5.5 | eps: 0.511 | len: 3
2025-05-19 17:29:41,557 [INFO] EP 0135 | steps: 154 | reward: 35.3 | eps: 0.508 | len: 5
2025-05-19 17:29:41,558 [INFO] EP 0136 | steps: 059 | reward: -4.2 | eps: 0.506 | len: 2
2025-05-19 17:29:41,558 [INFO] EP 0137 | steps: 055 | reward: 15.4 | eps: 0.503 | len: 4
2025-05-19 17:29:41,559 [INFO] EP 0138 | steps: 052 | reward: 5.1 | eps: 0.501 | len: 3
2025-05-19 17:29:41,559 [INFO] EP 0139 | steps: 024 | reward: -7.7 | eps: 0.498 | len: 2
2025-05-19 17:29:41,560 [INFO] EP 0140 | steps: 108 | reward: 20.7 | eps: 0.496 | len: 4
2025-05-19 17:29:41,560 [INFO] EP 0141 | steps: 124 | reward: 22.3 | eps: 0.493 | len: 4
2025-05-19 17:29:41,561 [INFO] EP 0142 | steps: 109 | reward: 20.8 | eps: 0.491 | len: 4
2025-05-19 17:29:41,562 [INFO] EP 0143 | steps: 077 | reward: 17.6 | eps: 0.488 | len: 4
2025-05-19 17:29:41,562 [INFO] EP 0144 | steps: 054 | reward: 15.3 | eps: 0.486 | len: 4
2025-05-19 17:29:41,563 [INFO] EP 0145 | steps: 056 | reward: 15.5 | eps: 0.483 | len: 4
2025-05-19 17:29:41,563 [INFO] EP 0146 | steps: 040 | reward: 3.9 | eps: 0.481 | len: 3
2025-05-19 17:29:41,564 [INFO] EP 0147 | steps: 062 | reward: 16.1 | eps: 0.479 | len: 4
2025-05-19 17:29:41,564 [INFO] EP 0148 | steps: 029 | reward: -7.2 | eps: 0.476 | len: 2
2025-05-19 17:29:41,565 [INFO] EP 0149 | steps: 112 | reward: 21.1 | eps: 0.474 | len: 4
2025-05-19 17:29:41,565 [INFO] EP 0150 | steps: 021 | reward: -8.0 | eps: 0.471 | len: 2
2025-05-19 17:29:41,566 [INFO] EP 0151 | steps: 055 | reward: 15.4 | eps: 0.469 | len: 4
2025-05-19 17:29:41,567 [INFO] EP 0152 | steps: 192 | reward: 39.1 | eps: 0.467 | len: 5
2025-05-19 17:29:41,568 [INFO] EP 0153 | steps: 139 | reward: 23.8 | eps: 0.464 | len: 4
2025-05-19 17:29:41,569 [INFO] EP 0154 | steps: 098 | reward: 19.7 | eps: 0.462 | len: 4
2025-05-19 17:29:41,570 [INFO] EP 0155 | steps: 114 | reward: 11.3 | eps: 0.460 | len: 3
2025-05-19 17:29:41,571 [INFO] EP 0156 | steps: 110 | reward: 30.9 | eps: 0.458 | len: 5
2025-05-19 17:29:41,571 [INFO] EP 0157 | steps: 056 | reward: 15.5 | eps: 0.455 | len: 4
2025-05-19 17:29:41,571 [INFO] EP 0158 | steps: 099 | reward: 19.8 | eps: 0.453 | len: 4
2025-05-19 17:29:41,572 [INFO] EP 0159 | steps: 028 | reward: -7.3 | eps: 0.451 | len: 2
2025-05-19 17:29:41,572 [INFO] EP 0160 | steps: 052 | reward: 5.1 | eps: 0.448 | len: 3
2025-05-19 17:29:41,573 [INFO] EP 0161 | steps: 152 | reward: 25.1 | eps: 0.446 | len: 4
2025-05-19 17:29:41,573 [INFO] EP 0162 | steps: 120 | reward: 11.9 | eps: 0.444 | len: 3
2025-05-19 17:29:41,574 [INFO] EP 0163 | steps: 101 | reward: 30.0 | eps: 0.442 | len: 5
2025-05-19 17:29:41,574 [INFO] EP 0164 | steps: 070 | reward: 16.9 | eps: 0.440 | len: 4
2025-05-19 17:29:41,575 [INFO] EP 0165 | steps: 073 | reward: 17.2 | eps: 0.437 | len: 4
2025-05-19 17:29:41,575 [INFO] EP 0166 | steps: 080 | reward: 17.9 | eps: 0.435 | len: 4
2025-05-19 17:29:41,576 [INFO] EP 0167 | steps: 122 | reward: 32.1 | eps: 0.433 | len: 5
2025-05-19 17:29:41,576 [INFO] EP 0168 | steps: 039 | reward: 3.8 | eps: 0.431 | len: 3
2025-05-19 17:29:41,577 [INFO] EP 0169 | steps: 046 | reward: 4.5 | eps: 0.429 | len: 3
2025-05-19 17:29:41,577 [INFO] EP 0170 | steps: 029 | reward: 2.8 | eps: 0.427 | len: 3
2025-05-19 17:29:41,577 [INFO] EP 0171 | steps: 044 | reward: -5.7 | eps: 0.424 | len: 2
2025-05-19 17:29:41,577 [INFO] EP 0172 | steps: 035 | reward: -6.6 | eps: 0.422 | len: 2
2025-05-19 17:29:41,578 [INFO] EP 0173 | steps: 067 | reward: 16.6 | eps: 0.420 | len: 4
2025-05-19 17:29:41,578 [INFO] EP 0174 | steps: 109 | reward: 20.8 | eps: 0.418 | len: 4
2025-05-19 17:29:41,578 [INFO] EP 0175 | steps: 044 | reward: 14.3 | eps: 0.416 | len: 4
2025-05-19 17:29:41,579 [INFO] EP 0176 | steps: 063 | reward: 16.2 | eps: 0.414 | len: 4
2025-05-19 17:29:41,579 [INFO] EP 0177 | steps: 065 | reward: 16.4 | eps: 0.412 | len: 4
2025-05-19 17:29:41,579 [INFO] EP 0178 | steps: 053 | reward: 5.2 | eps: 0.410 | len: 3
2025-05-19 17:29:41,580 [INFO] EP 0179 | steps: 135 | reward: 33.4 | eps: 0.408 | len: 5
2025-05-19 17:29:41,580 [INFO] EP 0180 | steps: 059 | reward: 15.8 | eps: 0.406 | len: 4
2025-05-19 17:29:41,581 [INFO] EP 0181 | steps: 047 | reward: 14.6 | eps: 0.404 | len: 4
2025-05-19 17:29:41,581 [INFO] EP 0182 | steps: 030 | reward: 12.9 | eps: 0.402 | len: 4
2025-05-19 17:29:41,582 [INFO] EP 0183 | steps: 138 | reward: 53.7 | eps: 0.400 | len: 7
2025-05-19 17:29:41,583 [INFO] EP 0184 | steps: 034 | reward: -6.7 | eps: 0.398 | len: 2
2025-05-19 17:29:41,584 [INFO] EP 0185 | steps: 175 | reward: 57.4 | eps: 0.396 | len: 7
2025-05-19 17:29:41,584 [INFO] EP 0186 | steps: 015 | reward: 11.4 | eps: 0.394 | len: 4
2025-05-19 17:29:41,584 [INFO] EP 0187 | steps: 113 | reward: 31.2 | eps: 0.392 | len: 5
2025-05-19 17:29:41,585 [INFO] EP 0188 | steps: 097 | reward: 19.6 | eps: 0.390 | len: 4
2025-05-19 17:29:41,585 [INFO] EP 0189 | steps: 074 | reward: 17.3 | eps: 0.388 | len: 4
2025-05-19 17:29:41,586 [INFO] EP 0190 | steps: 057 | reward: 15.6 | eps: 0.386 | len: 4
2025-05-19 17:29:41,586 [INFO] EP 0191 | steps: 135 | reward: 73.4 | eps: 0.384 | len: 9
2025-05-19 17:29:41,587 [INFO] EP 0192 | steps: 031 | reward: 13.0 | eps: 0.382 | len: 4
2025-05-19 17:29:41,587 [INFO] EP 0193 | steps: 064 | reward: 26.3 | eps: 0.380 | len: 5
2025-05-19 17:29:41,588 [INFO] EP 0194 | steps: 072 | reward: 17.1 | eps: 0.378 | len: 4
2025-05-19 17:29:41,589 [INFO] EP 0195 | steps: 094 | reward: 19.3 | eps: 0.376 | len: 4
2025-05-19 17:29:41,589 [INFO] EP 0196 | steps: 150 | reward: 54.9 | eps: 0.374 | len: 7
2025-05-19 17:29:41,590 [INFO] EP 0197 | steps: 096 | reward: 29.5 | eps: 0.373 | len: 5
2025-05-19 17:29:41,591 [INFO] EP 0198 | steps: 119 | reward: 31.8 | eps: 0.371 | len: 5
2025-05-19 17:29:41,591 [INFO] EP 0199 | steps: 056 | reward: 25.5 | eps: 0.369 | len: 5
2025-05-19 17:29:41,591 [INFO] EP 0200 | steps: 113 | reward: 31.2 | eps: 0.367 | len: 5
2025-05-19 17:29:46,068 [INFO] Episode 200 saved to runs\ep_0200
2025-05-19 17:29:46,069 [INFO] EP 0201 | steps: 139 | reward: 33.8 | eps: 0.365 | len: 5
2025-05-19 17:29:46,070 [INFO] EP 0202 | steps: 057 | reward: 15.6 | eps: 0.363 | len: 4
2025-05-19 17:29:46,070 [INFO] EP 0203 | steps: 073 | reward: 37.2 | eps: 0.361 | len: 6
2025-05-19 17:29:46,071 [INFO] EP 0204 | steps: 099 | reward: 39.8 | eps: 0.360 | len: 6
2025-05-19 17:29:46,071 [INFO] EP 0205 | steps: 058 | reward: 15.7 | eps: 0.358 | len: 4
2025-05-19 17:29:46,071 [INFO] EP 0206 | steps: 035 | reward: 13.4 | eps: 0.356 | len: 4
2025-05-19 17:29:46,071 [INFO] EP 0207 | steps: 031 | reward: -7.0 | eps: 0.354 | len: 2
2025-05-19 17:29:46,072 [INFO] EP 0208 | steps: 073 | reward: 17.2 | eps: 0.353 | len: 4
2025-05-19 17:29:46,072 [INFO] EP 0209 | steps: 068 | reward: 16.7 | eps: 0.351 | len: 4
2025-05-19 17:29:46,073 [INFO] EP 0210 | steps: 055 | reward: 15.4 | eps: 0.349 | len: 4
2025-05-19 17:29:46,073 [INFO] EP 0211 | steps: 091 | reward: 19.0 | eps: 0.347 | len: 4
2025-05-19 17:29:46,073 [INFO] EP 0212 | steps: 036 | reward: -6.5 | eps: 0.346 | len: 2
2025-05-19 17:29:46,074 [INFO] EP 0213 | steps: 083 | reward: 28.2 | eps: 0.344 | len: 5
2025-05-19 17:29:46,074 [INFO] EP 0214 | steps: 060 | reward: 15.9 | eps: 0.342 | len: 4
2025-05-19 17:29:46,075 [INFO] EP 0215 | steps: 085 | reward: 18.4 | eps: 0.340 | len: 4
2025-05-19 17:29:46,075 [INFO] EP 0216 | steps: 078 | reward: 17.7 | eps: 0.339 | len: 4
2025-05-19 17:29:46,075 [INFO] EP 0217 | steps: 033 | reward: 3.2 | eps: 0.337 | len: 3
2025-05-19 17:29:46,076 [INFO] EP 0218 | steps: 099 | reward: 19.8 | eps: 0.335 | len: 4
2025-05-19 17:29:46,076 [INFO] EP 0219 | steps: 061 | reward: 6.0 | eps: 0.334 | len: 3
2025-05-19 17:29:46,076 [INFO] EP 0220 | steps: 043 | reward: 4.2 | eps: 0.332 | len: 3
2025-05-19 17:29:46,077 [INFO] EP 0221 | steps: 066 | reward: 16.5 | eps: 0.330 | len: 4
2025-05-19 17:29:46,077 [INFO] EP 0222 | steps: 053 | reward: 25.2 | eps: 0.329 | len: 5
2025-05-19 17:29:46,077 [INFO] EP 0223 | steps: 060 | reward: 15.9 | eps: 0.327 | len: 4
2025-05-19 17:29:46,078 [INFO] EP 0224 | steps: 099 | reward: 29.8 | eps: 0.325 | len: 5
2025-05-19 17:29:46,078 [INFO] EP 0225 | steps: 066 | reward: 16.5 | eps: 0.324 | len: 4
2025-05-19 17:29:46,079 [INFO] EP 0226 | steps: 070 | reward: 26.9 | eps: 0.322 | len: 5
2025-05-19 17:29:46,079 [INFO] EP 0227 | steps: 070 | reward: 16.9 | eps: 0.321 | len: 4
2025-05-19 17:29:46,079 [INFO] EP 0228 | steps: 047 | reward: 14.6 | eps: 0.319 | len: 4
2025-05-19 17:29:46,080 [INFO] EP 0229 | steps: 152 | reward: 45.1 | eps: 0.317 | len: 6
2025-05-19 17:29:46,081 [INFO] EP 0230 | steps: 184 | reward: 78.3 | eps: 0.316 | len: 9
2025-05-19 17:29:46,081 [INFO] EP 0231 | steps: 049 | reward: 14.8 | eps: 0.314 | len: 4
2025-05-19 17:29:46,082 [INFO] EP 0232 | steps: 125 | reward: 42.4 | eps: 0.313 | len: 6
2025-05-19 17:29:46,083 [INFO] EP 0233 | steps: 110 | reward: 30.9 | eps: 0.311 | len: 5
2025-05-19 17:29:46,083 [INFO] EP 0234 | steps: 128 | reward: 32.7 | eps: 0.309 | len: 5
2025-05-19 17:29:46,084 [INFO] EP 0235 | steps: 061 | reward: 36.0 | eps: 0.308 | len: 6
2025-05-19 17:29:46,085 [INFO] EP 0236 | steps: 138 | reward: 53.7 | eps: 0.306 | len: 7
2025-05-19 17:29:46,085 [INFO] EP 0237 | steps: 060 | reward: 15.9 | eps: 0.305 | len: 4
2025-05-19 17:29:46,085 [INFO] EP 0238 | steps: 034 | reward: 3.3 | eps: 0.303 | len: 3
2025-05-19 17:29:46,086 [INFO] EP 0239 | steps: 078 | reward: 37.7 | eps: 0.302 | len: 6
2025-05-19 17:29:46,086 [INFO] EP 0240 | steps: 079 | reward: 17.8 | eps: 0.300 | len: 4
2025-05-19 17:29:46,088 [INFO] EP 0241 | steps: 228 | reward: 62.7 | eps: 0.299 | len: 7
2025-05-19 17:29:46,088 [INFO] EP 0242 | steps: 078 | reward: 17.7 | eps: 0.297 | len: 4
2025-05-19 17:29:46,088 [INFO] EP 0243 | steps: 027 | reward: -7.4 | eps: 0.296 | len: 2
2025-05-19 17:29:46,089 [INFO] EP 0244 | steps: 122 | reward: 22.1 | eps: 0.294 | len: 4
2025-05-19 17:29:46,089 [INFO] EP 0245 | steps: 067 | reward: 16.6 | eps: 0.293 | len: 4
2025-05-19 17:29:46,090 [INFO] EP 0246 | steps: 093 | reward: 29.2 | eps: 0.291 | len: 5
2025-05-19 17:29:46,091 [INFO] EP 0247 | steps: 166 | reward: 36.5 | eps: 0.290 | len: 5
2025-05-19 17:29:46,091 [INFO] EP 0248 | steps: 119 | reward: 21.8 | eps: 0.288 | len: 4
2025-05-19 17:29:46,092 [INFO] EP 0249 | steps: 024 | reward: 2.3 | eps: 0.287 | len: 3
2025-05-19 17:29:46,092 [INFO] EP 0250 | steps: 057 | reward: 25.6 | eps: 0.286 | len: 5
2025-05-19 17:29:46,092 [INFO] EP 0251 | steps: 058 | reward: 15.7 | eps: 0.284 | len: 4
2025-05-19 17:29:46,092 [INFO] EP 0252 | steps: 031 | reward: 13.0 | eps: 0.283 | len: 4
2025-05-19 17:29:46,093 [INFO] EP 0253 | steps: 144 | reward: 34.3 | eps: 0.281 | len: 5
2025-05-19 17:29:46,093 [INFO] EP 0254 | steps: 018 | reward: 1.7 | eps: 0.280 | len: 3
2025-05-19 17:29:46,094 [INFO] EP 0255 | steps: 036 | reward: 13.5 | eps: 0.279 | len: 4
2025-05-19 17:29:46,094 [INFO] EP 0256 | steps: 087 | reward: 28.6 | eps: 0.277 | len: 5
2025-05-19 17:29:46,094 [INFO] EP 0257 | steps: 066 | reward: 26.5 | eps: 0.276 | len: 5
2025-05-19 17:29:46,095 [INFO] EP 0258 | steps: 141 | reward: 54.0 | eps: 0.274 | len: 7
2025-05-19 17:29:46,095 [INFO] EP 0259 | steps: 054 | reward: 25.3 | eps: 0.273 | len: 5
2025-05-19 17:29:46,096 [INFO] EP 0260 | steps: 094 | reward: 49.3 | eps: 0.272 | len: 7
2025-05-19 17:29:46,097 [INFO] EP 0261 | steps: 078 | reward: 17.7 | eps: 0.270 | len: 4
2025-05-19 17:29:46,097 [INFO] EP 0262 | steps: 143 | reward: 74.2 | eps: 0.269 | len: 9
2025-05-19 17:29:46,098 [INFO] EP 0263 | steps: 036 | reward: 3.5 | eps: 0.268 | len: 3
2025-05-19 17:29:46,098 [INFO] EP 0264 | steps: 072 | reward: 17.1 | eps: 0.266 | len: 4
2025-05-19 17:29:46,099 [INFO] EP 0265 | steps: 152 | reward: 75.1 | eps: 0.265 | len: 9
2025-05-19 17:29:46,099 [INFO] EP 0266 | steps: 048 | reward: -5.3 | eps: 0.264 | len: 2
2025-05-19 17:29:46,100 [INFO] EP 0267 | steps: 068 | reward: 6.7 | eps: 0.262 | len: 3
2025-05-19 17:29:46,100 [INFO] EP 0268 | steps: 077 | reward: 37.6 | eps: 0.261 | len: 6
2025-05-19 17:29:46,100 [INFO] EP 0269 | steps: 055 | reward: 35.4 | eps: 0.260 | len: 6
2025-05-19 17:29:46,101 [INFO] EP 0270 | steps: 039 | reward: 13.8 | eps: 0.258 | len: 4
2025-05-19 17:29:46,101 [INFO] EP 0271 | steps: 031 | reward: 3.0 | eps: 0.257 | len: 3
2025-05-19 17:29:46,101 [INFO] EP 0272 | steps: 085 | reward: 28.4 | eps: 0.256 | len: 5
2025-05-19 17:29:46,102 [INFO] EP 0273 | steps: 082 | reward: 28.1 | eps: 0.255 | len: 5
2025-05-19 17:29:46,102 [INFO] EP 0274 | steps: 043 | reward: -5.8 | eps: 0.253 | len: 2
2025-05-19 17:29:46,102 [INFO] EP 0275 | steps: 098 | reward: 49.7 | eps: 0.252 | len: 7
2025-05-19 17:29:46,103 [INFO] EP 0276 | steps: 139 | reward: 63.8 | eps: 0.251 | len: 8
2025-05-19 17:29:46,103 [INFO] EP 0277 | steps: 019 | reward: -8.2 | eps: 0.249 | len: 2
2025-05-19 17:29:46,104 [INFO] EP 0278 | steps: 064 | reward: 6.3 | eps: 0.248 | len: 3
2025-05-19 17:29:46,104 [INFO] EP 0279 | steps: 043 | reward: 4.2 | eps: 0.247 | len: 3
2025-05-19 17:29:46,104 [INFO] EP 0280 | steps: 078 | reward: 27.7 | eps: 0.246 | len: 5
2025-05-19 17:29:46,105 [INFO] EP 0281 | steps: 042 | reward: 14.1 | eps: 0.245 | len: 4
2025-05-19 17:29:46,105 [INFO] EP 0282 | steps: 066 | reward: 6.5 | eps: 0.243 | len: 3
2025-05-19 17:29:46,105 [INFO] EP 0283 | steps: 068 | reward: 16.7 | eps: 0.242 | len: 4
2025-05-19 17:29:46,106 [INFO] EP 0284 | steps: 045 | reward: 14.4 | eps: 0.241 | len: 4
2025-05-19 17:29:46,106 [INFO] EP 0285 | steps: 028 | reward: 2.7 | eps: 0.240 | len: 3
2025-05-19 17:29:46,107 [INFO] EP 0286 | steps: 170 | reward: 56.9 | eps: 0.238 | len: 7
2025-05-19 17:29:46,107 [INFO] EP 0287 | steps: 066 | reward: 26.5 | eps: 0.237 | len: 5
2025-05-19 17:29:46,108 [INFO] EP 0288 | steps: 120 | reward: 41.9 | eps: 0.236 | len: 6
2025-05-19 17:29:46,108 [INFO] EP 0289 | steps: 035 | reward: 13.4 | eps: 0.235 | len: 4
2025-05-19 17:29:46,108 [INFO] EP 0290 | steps: 031 | reward: 3.0 | eps: 0.234 | len: 3
2025-05-19 17:29:46,109 [INFO] EP 0291 | steps: 069 | reward: 16.8 | eps: 0.233 | len: 4
2025-05-19 17:29:46,110 [INFO] EP 0292 | steps: 270 | reward: 96.9 | eps: 0.231 | len: 10
2025-05-19 17:29:46,112 [INFO] EP 0293 | steps: 175 | reward: 77.4 | eps: 0.230 | len: 9
2025-05-19 17:29:46,112 [INFO] EP 0294 | steps: 085 | reward: 28.4 | eps: 0.229 | len: 5
2025-05-19 17:29:46,112 [INFO] EP 0295 | steps: 080 | reward: 27.9 | eps: 0.228 | len: 5
2025-05-19 17:29:46,113 [INFO] EP 0296 | steps: 089 | reward: 38.8 | eps: 0.227 | len: 6
2025-05-19 17:29:46,114 [INFO] EP 0297 | steps: 067 | reward: 6.6 | eps: 0.226 | len: 3
2025-05-19 17:29:46,114 [INFO] EP 0298 | steps: 046 | reward: 14.5 | eps: 0.225 | len: 4
2025-05-19 17:29:46,114 [INFO] EP 0299 | steps: 021 | reward: 12.0 | eps: 0.223 | len: 4
2025-05-19 17:29:46,114 [INFO] EP 0300 | steps: 030 | reward: 12.9 | eps: 0.222 | len: 4
