2025-05-19 17:27:54,588 [INFO] ==== Training started ====
2025-05-19 17:27:54,589 [INFO] EP 0001 | steps: 105 | reward: 0.4 | eps: 0.995 | len: 2
2025-05-19 17:27:54,589 [INFO] EP 0002 | steps: 027 | reward: -7.4 | eps: 0.990 | len: 2
2025-05-19 17:27:54,590 [INFO] EP 0003 | steps: 115 | reward: 1.4 | eps: 0.985 | len: 2
2025-05-19 17:27:54,591 [INFO] EP 0004 | steps: 086 | reward: -1.5 | eps: 0.980 | len: 2
2025-05-19 17:27:54,591 [INFO] EP 0005 | steps: 098 | reward: -0.3 | eps: 0.975 | len: 2
2025-05-19 17:27:54,591 [INFO] EP 0006 | steps: 062 | reward: -3.9 | eps: 0.970 | len: 2
2025-05-19 17:27:54,602 [INFO] EP 0007 | steps: 074 | reward: -2.7 | eps: 0.966 | len: 2
2025-05-19 17:27:54,603 [INFO] EP 0008 | steps: 089 | reward: -1.2 | eps: 0.961 | len: 2
2025-05-19 17:27:54,604 [INFO] Loop detected at EP 0009 after 193 steps.
2025-05-19 17:27:54,604 [INFO] EP 0009 | steps: 193 | reward: 19.3 | eps: 0.956 | len: 2
2025-05-19 17:27:54,605 [INFO] EP 0010 | steps: 105 | reward: 0.4 | eps: 0.951 | len: 2
2025-05-19 17:27:54,605 [INFO] EP 0011 | steps: 068 | reward: -3.3 | eps: 0.946 | len: 2
2025-05-19 17:27:54,606 [INFO] EP 0012 | steps: 073 | reward: -2.8 | eps: 0.942 | len: 2
2025-05-19 17:27:54,607 [INFO] EP 0013 | steps: 221 | reward: 12.0 | eps: 0.937 | len: 2
2025-05-19 17:27:54,607 [INFO] EP 0014 | steps: 137 | reward: 3.6 | eps: 0.932 | len: 2
2025-05-19 17:27:54,608 [INFO] EP 0015 | steps: 050 | reward: -5.1 | eps: 0.928 | len: 2
2025-05-19 17:27:54,609 [INFO] EP 0016 | steps: 127 | reward: 2.6 | eps: 0.923 | len: 2
2025-05-19 17:27:54,609 [INFO] EP 0017 | steps: 068 | reward: -3.3 | eps: 0.918 | len: 2
2025-05-19 17:27:54,609 [INFO] EP 0018 | steps: 036 | reward: -6.5 | eps: 0.914 | len: 2
2025-05-19 17:27:54,610 [INFO] EP 0019 | steps: 122 | reward: 2.1 | eps: 0.909 | len: 2
2025-05-19 17:27:54,610 [INFO] EP 0020 | steps: 072 | reward: -2.9 | eps: 0.905 | len: 2
2025-05-19 17:27:54,611 [INFO] EP 0021 | steps: 074 | reward: 7.3 | eps: 0.900 | len: 3
2025-05-19 17:27:54,612 [INFO] EP 0022 | steps: 198 | reward: 9.7 | eps: 0.896 | len: 2
2025-05-19 17:27:54,613 [INFO] EP 0023 | steps: 087 | reward: -1.4 | eps: 0.891 | len: 2
2025-05-19 17:27:54,613 [INFO] EP 0024 | steps: 049 | reward: -5.2 | eps: 0.887 | len: 2
2025-05-19 17:27:54,613 [INFO] EP 0025 | steps: 086 | reward: -1.5 | eps: 0.882 | len: 2
2025-05-19 17:27:54,614 [INFO] EP 0026 | steps: 044 | reward: -5.7 | eps: 0.878 | len: 2
2025-05-19 17:27:54,614 [INFO] EP 0027 | steps: 052 | reward: -4.9 | eps: 0.873 | len: 2
2025-05-19 17:27:54,615 [INFO] EP 0028 | steps: 090 | reward: -1.1 | eps: 0.869 | len: 2
2025-05-19 17:27:54,616 [INFO] EP 0029 | steps: 198 | reward: 9.7 | eps: 0.865 | len: 2
2025-05-19 17:27:54,616 [INFO] EP 0030 | steps: 028 | reward: -7.3 | eps: 0.860 | len: 2
2025-05-19 17:27:54,616 [INFO] EP 0031 | steps: 038 | reward: -6.3 | eps: 0.856 | len: 2
2025-05-19 17:27:54,616 [INFO] EP 0032 | steps: 058 | reward: -4.3 | eps: 0.852 | len: 2
2025-05-19 17:27:54,617 [INFO] EP 0033 | steps: 032 | reward: -6.9 | eps: 0.848 | len: 2
2025-05-19 17:27:54,617 [INFO] EP 0034 | steps: 047 | reward: -5.4 | eps: 0.843 | len: 2
2025-05-19 17:27:54,617 [INFO] EP 0035 | steps: 069 | reward: -3.2 | eps: 0.839 | len: 2
2025-05-19 17:27:54,617 [INFO] EP 0036 | steps: 019 | reward: -8.2 | eps: 0.835 | len: 2
2025-05-19 17:27:54,618 [INFO] EP 0037 | steps: 040 | reward: -6.1 | eps: 0.831 | len: 2
2025-05-19 17:27:54,618 [INFO] EP 0038 | steps: 051 | reward: -5.0 | eps: 0.827 | len: 2
2025-05-19 17:27:54,618 [INFO] EP 0039 | steps: 037 | reward: -6.4 | eps: 0.822 | len: 2
2025-05-19 17:27:54,619 [INFO] EP 0040 | steps: 089 | reward: -1.2 | eps: 0.818 | len: 2
2025-05-19 17:27:54,619 [INFO] EP 0041 | steps: 118 | reward: 1.7 | eps: 0.814 | len: 2
2025-05-19 17:27:54,620 [INFO] EP 0042 | steps: 066 | reward: -3.5 | eps: 0.810 | len: 2
2025-05-19 17:27:54,620 [INFO] EP 0043 | steps: 050 | reward: -5.1 | eps: 0.806 | len: 2
2025-05-19 17:27:54,620 [INFO] EP 0044 | steps: 049 | reward: 4.8 | eps: 0.802 | len: 3
2025-05-19 17:27:54,620 [INFO] EP 0045 | steps: 035 | reward: -6.6 | eps: 0.798 | len: 2
2025-05-19 17:27:54,621 [INFO] EP 0046 | steps: 074 | reward: -2.7 | eps: 0.794 | len: 2
2025-05-19 17:27:54,621 [INFO] EP 0047 | steps: 054 | reward: -4.7 | eps: 0.790 | len: 2
2025-05-19 17:27:54,621 [INFO] EP 0048 | steps: 055 | reward: -4.6 | eps: 0.786 | len: 2
2025-05-19 17:27:54,622 [INFO] EP 0049 | steps: 166 | reward: 16.5 | eps: 0.782 | len: 3
2025-05-19 17:27:54,623 [INFO] EP 0050 | steps: 043 | reward: -5.8 | eps: 0.778 | len: 2
2025-05-19 17:27:54,623 [INFO] EP 0051 | steps: 065 | reward: -3.6 | eps: 0.774 | len: 2
2025-05-19 17:27:54,623 [INFO] EP 0052 | steps: 019 | reward: -8.2 | eps: 0.771 | len: 2
2025-05-19 17:27:54,624 [INFO] EP 0053 | steps: 119 | reward: 1.8 | eps: 0.767 | len: 2
2025-05-19 17:27:54,624 [INFO] EP 0054 | steps: 081 | reward: -2.0 | eps: 0.763 | len: 2
2025-05-19 17:27:54,624 [INFO] EP 0055 | steps: 027 | reward: 2.6 | eps: 0.759 | len: 3
2025-05-19 17:27:54,625 [INFO] EP 0056 | steps: 145 | reward: 4.4 | eps: 0.755 | len: 2
2025-05-19 17:27:54,625 [INFO] EP 0057 | steps: 019 | reward: -8.2 | eps: 0.751 | len: 2
2025-05-19 17:27:54,626 [INFO] EP 0058 | steps: 049 | reward: -5.2 | eps: 0.748 | len: 2
2025-05-19 17:27:54,626 [INFO] EP 0059 | steps: 097 | reward: -0.4 | eps: 0.744 | len: 2
2025-05-19 17:27:54,626 [INFO] EP 0060 | steps: 063 | reward: -3.8 | eps: 0.740 | len: 2
2025-05-19 17:27:54,627 [INFO] EP 0061 | steps: 125 | reward: 2.4 | eps: 0.737 | len: 2
2025-05-19 17:27:54,627 [INFO] EP 0062 | steps: 033 | reward: -6.8 | eps: 0.733 | len: 2
2025-05-19 17:27:54,628 [INFO] EP 0063 | steps: 168 | reward: 6.7 | eps: 0.729 | len: 2
2025-05-19 17:27:54,629 [INFO] EP 0064 | steps: 054 | reward: -4.7 | eps: 0.726 | len: 2
2025-05-19 17:27:54,630 [INFO] Loop detected at EP 0065 after 182 steps.
2025-05-19 17:27:54,630 [INFO] EP 0065 | steps: 182 | reward: 18.2 | eps: 0.722 | len: 2
2025-05-19 17:27:54,631 [INFO] EP 0066 | steps: 177 | reward: 7.6 | eps: 0.718 | len: 2
2025-05-19 17:27:54,631 [INFO] EP 0067 | steps: 021 | reward: -8.0 | eps: 0.715 | len: 2
2025-05-19 17:27:54,631 [INFO] EP 0068 | steps: 041 | reward: -6.0 | eps: 0.711 | len: 2
2025-05-19 17:27:54,632 [INFO] EP 0069 | steps: 052 | reward: -4.9 | eps: 0.708 | len: 2
2025-05-19 17:27:54,632 [INFO] EP 0070 | steps: 108 | reward: 0.7 | eps: 0.704 | len: 2
2025-05-19 17:27:54,633 [INFO] EP 0071 | steps: 049 | reward: -5.2 | eps: 0.701 | len: 2
2025-05-19 17:27:54,633 [INFO] EP 0072 | steps: 039 | reward: -6.2 | eps: 0.697 | len: 2
2025-05-19 17:27:54,633 [INFO] EP 0073 | steps: 050 | reward: -5.1 | eps: 0.694 | len: 2
2025-05-19 17:27:54,634 [INFO] EP 0074 | steps: 078 | reward: -2.3 | eps: 0.690 | len: 2
2025-05-19 17:27:54,634 [INFO] EP 0075 | steps: 091 | reward: 9.0 | eps: 0.687 | len: 3
2025-05-19 17:27:54,635 [INFO] EP 0076 | steps: 027 | reward: -7.4 | eps: 0.683 | len: 2
2025-05-19 17:27:54,635 [INFO] EP 0077 | steps: 082 | reward: -1.9 | eps: 0.680 | len: 2
2025-05-19 17:27:54,635 [INFO] EP 0078 | steps: 037 | reward: -6.4 | eps: 0.676 | len: 2
2025-05-19 17:27:54,636 [INFO] EP 0079 | steps: 093 | reward: 19.2 | eps: 0.673 | len: 4
2025-05-19 17:27:54,637 [INFO] EP 0080 | steps: 034 | reward: -6.7 | eps: 0.670 | len: 2
2025-05-19 17:27:54,637 [INFO] EP 0081 | steps: 033 | reward: -6.8 | eps: 0.666 | len: 2
2025-05-19 17:27:54,637 [INFO] EP 0082 | steps: 096 | reward: -0.5 | eps: 0.663 | len: 2
2025-05-19 17:27:54,638 [INFO] EP 0083 | steps: 040 | reward: -6.1 | eps: 0.660 | len: 2
2025-05-19 17:27:54,638 [INFO] EP 0084 | steps: 055 | reward: -4.6 | eps: 0.656 | len: 2
2025-05-19 17:27:54,638 [INFO] EP 0085 | steps: 046 | reward: -5.5 | eps: 0.653 | len: 2
2025-05-19 17:27:54,638 [INFO] EP 0086 | steps: 037 | reward: 3.6 | eps: 0.650 | len: 3
2025-05-19 17:27:54,639 [INFO] EP 0087 | steps: 133 | reward: 13.2 | eps: 0.647 | len: 3
2025-05-19 17:27:54,640 [INFO] EP 0088 | steps: 121 | reward: 2.0 | eps: 0.643 | len: 2
2025-05-19 17:27:54,640 [INFO] EP 0089 | steps: 037 | reward: -6.4 | eps: 0.640 | len: 2
2025-05-19 17:27:54,641 [INFO] EP 0090 | steps: 131 | reward: 23.0 | eps: 0.637 | len: 4
2025-05-19 17:27:54,641 [INFO] EP 0091 | steps: 037 | reward: -6.4 | eps: 0.634 | len: 2
2025-05-19 17:27:54,641 [INFO] EP 0092 | steps: 059 | reward: -4.2 | eps: 0.631 | len: 2
2025-05-19 17:27:54,643 [INFO] EP 0093 | steps: 313 | reward: 41.2 | eps: 0.627 | len: 4
2025-05-19 17:27:54,644 [INFO] EP 0094 | steps: 064 | reward: 6.3 | eps: 0.624 | len: 3
2025-05-19 17:27:54,644 [INFO] EP 0095 | steps: 022 | reward: -7.9 | eps: 0.621 | len: 2
2025-05-19 17:27:54,644 [INFO] EP 0096 | steps: 022 | reward: -7.9 | eps: 0.618 | len: 2
2025-05-19 17:27:54,644 [INFO] EP 0097 | steps: 034 | reward: -6.7 | eps: 0.615 | len: 2
2025-05-19 17:27:54,644 [INFO] EP 0098 | steps: 034 | reward: 3.3 | eps: 0.612 | len: 3
2025-05-19 17:27:54,645 [INFO] EP 0099 | steps: 101 | reward: 20.0 | eps: 0.609 | len: 4
2025-05-19 17:27:54,646 [INFO] EP 0100 | steps: 069 | reward: 26.8 | eps: 0.606 | len: 5
2025-05-19 17:27:55,663 [INFO] Episode 100 saved to runs\ep_0100
2025-05-19 17:27:55,665 [INFO] EP 0101 | steps: 142 | reward: 4.1 | eps: 0.603 | len: 2
2025-05-19 17:27:55,667 [INFO] EP 0102 | steps: 195 | reward: 29.4 | eps: 0.600 | len: 4
2025-05-19 17:27:55,667 [INFO] EP 0103 | steps: 072 | reward: 17.1 | eps: 0.597 | len: 4
2025-05-19 17:27:55,668 [INFO] EP 0104 | steps: 028 | reward: -7.3 | eps: 0.594 | len: 2
2025-05-19 17:27:55,668 [INFO] EP 0105 | steps: 066 | reward: 6.5 | eps: 0.591 | len: 3
2025-05-19 17:27:55,669 [INFO] EP 0106 | steps: 025 | reward: -7.6 | eps: 0.588 | len: 2
2025-05-19 17:27:55,670 [INFO] EP 0107 | steps: 156 | reward: 35.5 | eps: 0.585 | len: 5
2025-05-19 17:27:55,671 [INFO] EP 0108 | steps: 030 | reward: -7.1 | eps: 0.582 | len: 2
2025-05-19 17:27:55,672 [INFO] EP 0109 | steps: 151 | reward: 25.0 | eps: 0.579 | len: 4
2025-05-19 17:27:55,672 [INFO] EP 0110 | steps: 061 | reward: 6.0 | eps: 0.576 | len: 3
2025-05-19 17:27:55,673 [INFO] EP 0111 | steps: 051 | reward: 5.0 | eps: 0.573 | len: 3
2025-05-19 17:27:55,673 [INFO] EP 0112 | steps: 071 | reward: 17.0 | eps: 0.570 | len: 4
2025-05-19 17:27:55,674 [INFO] EP 0113 | steps: 032 | reward: -6.9 | eps: 0.568 | len: 2
2025-05-19 17:27:55,674 [INFO] EP 0114 | steps: 059 | reward: 15.8 | eps: 0.565 | len: 4
2025-05-19 17:27:55,674 [INFO] EP 0115 | steps: 061 | reward: 16.0 | eps: 0.562 | len: 4
2025-05-19 17:27:55,676 [INFO] EP 0116 | steps: 198 | reward: 29.7 | eps: 0.559 | len: 4
2025-05-19 17:27:55,676 [INFO] EP 0117 | steps: 088 | reward: 18.7 | eps: 0.556 | len: 4
2025-05-19 17:27:55,677 [INFO] EP 0118 | steps: 095 | reward: 9.4 | eps: 0.554 | len: 3
2025-05-19 17:27:55,677 [INFO] EP 0119 | steps: 028 | reward: 2.7 | eps: 0.551 | len: 3
2025-05-19 17:27:55,677 [INFO] EP 0120 | steps: 042 | reward: 14.1 | eps: 0.548 | len: 4
2025-05-19 17:27:55,678 [INFO] EP 0121 | steps: 143 | reward: 34.2 | eps: 0.545 | len: 5
2025-05-19 17:27:55,678 [INFO] EP 0122 | steps: 077 | reward: -2.4 | eps: 0.543 | len: 2
2025-05-19 17:27:55,679 [INFO] EP 0123 | steps: 027 | reward: -7.4 | eps: 0.540 | len: 2
2025-05-19 17:27:55,679 [INFO] EP 0124 | steps: 111 | reward: 11.0 | eps: 0.537 | len: 3
2025-05-19 17:27:55,680 [INFO] EP 0125 | steps: 133 | reward: 33.2 | eps: 0.534 | len: 5
2025-05-19 17:27:55,681 [INFO] EP 0126 | steps: 155 | reward: 45.4 | eps: 0.532 | len: 6
2025-05-19 17:27:55,682 [INFO] EP 0127 | steps: 074 | reward: 17.3 | eps: 0.529 | len: 4
2025-05-19 17:27:55,682 [INFO] EP 0128 | steps: 099 | reward: 39.8 | eps: 0.526 | len: 6
2025-05-19 17:27:55,683 [INFO] EP 0129 | steps: 026 | reward: -7.5 | eps: 0.524 | len: 2
2025-05-19 17:27:55,683 [INFO] EP 0130 | steps: 070 | reward: 26.9 | eps: 0.521 | len: 5
2025-05-19 17:27:55,683 [INFO] EP 0131 | steps: 056 | reward: 5.5 | eps: 0.519 | len: 3
2025-05-19 17:27:55,684 [INFO] EP 0132 | steps: 116 | reward: 21.5 | eps: 0.516 | len: 4
2025-05-19 17:27:55,684 [INFO] EP 0133 | steps: 050 | reward: 14.9 | eps: 0.513 | len: 4
2025-05-19 17:27:55,685 [INFO] EP 0134 | steps: 052 | reward: -4.9 | eps: 0.511 | len: 2
2025-05-19 17:27:55,685 [INFO] EP 0135 | steps: 018 | reward: -8.3 | eps: 0.508 | len: 2
2025-05-19 17:27:55,685 [INFO] EP 0136 | steps: 013 | reward: -8.8 | eps: 0.506 | len: 2
2025-05-19 17:27:55,685 [INFO] EP 0137 | steps: 079 | reward: 17.8 | eps: 0.503 | len: 4
2025-05-19 17:27:55,686 [INFO] EP 0138 | steps: 146 | reward: 14.5 | eps: 0.501 | len: 3
2025-05-19 17:27:55,687 [INFO] EP 0139 | steps: 098 | reward: 19.7 | eps: 0.498 | len: 4
2025-05-19 17:27:55,687 [INFO] EP 0140 | steps: 023 | reward: -7.8 | eps: 0.496 | len: 2
2025-05-19 17:27:55,687 [INFO] EP 0141 | steps: 059 | reward: -4.2 | eps: 0.493 | len: 2
2025-05-19 17:27:55,688 [INFO] EP 0142 | steps: 061 | reward: 6.0 | eps: 0.491 | len: 3
2025-05-19 17:27:55,688 [INFO] EP 0143 | steps: 123 | reward: 42.2 | eps: 0.488 | len: 6
2025-05-19 17:27:55,689 [INFO] EP 0144 | steps: 084 | reward: -1.7 | eps: 0.486 | len: 2
2025-05-19 17:27:55,689 [INFO] EP 0145 | steps: 052 | reward: 15.1 | eps: 0.483 | len: 4
2025-05-19 17:27:55,689 [INFO] EP 0146 | steps: 047 | reward: -5.4 | eps: 0.481 | len: 2
2025-05-19 17:27:55,690 [INFO] EP 0147 | steps: 075 | reward: 17.4 | eps: 0.479 | len: 4
2025-05-19 17:27:55,690 [INFO] EP 0148 | steps: 091 | reward: 29.0 | eps: 0.476 | len: 5
2025-05-19 17:27:55,691 [INFO] EP 0149 | steps: 065 | reward: 6.4 | eps: 0.474 | len: 3
2025-05-19 17:27:55,691 [INFO] EP 0150 | steps: 049 | reward: 4.8 | eps: 0.471 | len: 3
2025-05-19 17:27:55,692 [INFO] EP 0151 | steps: 103 | reward: 20.2 | eps: 0.469 | len: 4
2025-05-19 17:27:55,692 [INFO] EP 0152 | steps: 047 | reward: 14.6 | eps: 0.467 | len: 4
2025-05-19 17:27:55,692 [INFO] EP 0153 | steps: 058 | reward: 15.7 | eps: 0.464 | len: 4
2025-05-19 17:27:55,693 [INFO] EP 0154 | steps: 149 | reward: 44.8 | eps: 0.462 | len: 6
2025-05-19 17:27:55,694 [INFO] EP 0155 | steps: 121 | reward: 22.0 | eps: 0.460 | len: 4
2025-05-19 17:27:55,694 [INFO] EP 0156 | steps: 101 | reward: 30.0 | eps: 0.458 | len: 5
2025-05-19 17:27:55,695 [INFO] EP 0157 | steps: 169 | reward: 36.8 | eps: 0.455 | len: 5
2025-05-19 17:27:55,695 [INFO] EP 0158 | steps: 017 | reward: 1.6 | eps: 0.453 | len: 3
2025-05-19 17:27:55,696 [INFO] EP 0159 | steps: 041 | reward: 4.0 | eps: 0.451 | len: 3
2025-05-19 17:27:55,696 [INFO] EP 0160 | steps: 083 | reward: 28.2 | eps: 0.448 | len: 5
2025-05-19 17:27:55,697 [INFO] EP 0161 | steps: 106 | reward: 20.5 | eps: 0.446 | len: 4
2025-05-19 17:27:55,697 [INFO] EP 0162 | steps: 070 | reward: 16.9 | eps: 0.444 | len: 4
2025-05-19 17:27:55,698 [INFO] EP 0163 | steps: 081 | reward: 18.0 | eps: 0.442 | len: 4
2025-05-19 17:27:55,698 [INFO] EP 0164 | steps: 027 | reward: -7.4 | eps: 0.440 | len: 2
2025-05-19 17:27:55,698 [INFO] EP 0165 | steps: 078 | reward: 17.7 | eps: 0.437 | len: 4
2025-05-19 17:27:55,699 [INFO] EP 0166 | steps: 096 | reward: 29.5 | eps: 0.435 | len: 5
2025-05-19 17:27:55,699 [INFO] EP 0167 | steps: 048 | reward: 4.7 | eps: 0.433 | len: 3
2025-05-19 17:27:55,699 [INFO] EP 0168 | steps: 037 | reward: 13.6 | eps: 0.431 | len: 4
2025-05-19 17:27:55,700 [INFO] EP 0169 | steps: 068 | reward: 26.7 | eps: 0.429 | len: 5
2025-05-19 17:27:55,700 [INFO] EP 0170 | steps: 026 | reward: -7.5 | eps: 0.427 | len: 2
2025-05-19 17:27:55,700 [INFO] EP 0171 | steps: 088 | reward: 28.7 | eps: 0.424 | len: 5
2025-05-19 17:27:55,701 [INFO] EP 0172 | steps: 054 | reward: 5.3 | eps: 0.422 | len: 3
2025-05-19 17:27:55,701 [INFO] EP 0173 | steps: 037 | reward: 3.6 | eps: 0.420 | len: 3
2025-05-19 17:27:55,701 [INFO] EP 0174 | steps: 038 | reward: 13.7 | eps: 0.418 | len: 4
2025-05-19 17:27:55,702 [INFO] EP 0175 | steps: 117 | reward: 31.6 | eps: 0.416 | len: 5
2025-05-19 17:27:55,703 [INFO] EP 0176 | steps: 111 | reward: 31.0 | eps: 0.414 | len: 5
2025-05-19 17:27:55,703 [INFO] EP 0177 | steps: 015 | reward: -8.6 | eps: 0.412 | len: 2
2025-05-19 17:27:55,703 [INFO] EP 0178 | steps: 045 | reward: 24.4 | eps: 0.410 | len: 5
2025-05-19 17:27:55,703 [INFO] EP 0179 | steps: 034 | reward: -6.7 | eps: 0.408 | len: 2
2025-05-19 17:27:55,704 [INFO] EP 0180 | steps: 090 | reward: 18.9 | eps: 0.406 | len: 4
2025-05-19 17:27:55,704 [INFO] EP 0181 | steps: 045 | reward: 34.4 | eps: 0.404 | len: 6
2025-05-19 17:27:55,704 [INFO] EP 0182 | steps: 058 | reward: 15.7 | eps: 0.402 | len: 4
2025-05-19 17:27:55,705 [INFO] EP 0183 | steps: 053 | reward: 15.2 | eps: 0.400 | len: 4
2025-05-19 17:27:55,705 [INFO] EP 0184 | steps: 081 | reward: 38.0 | eps: 0.398 | len: 6
2025-05-19 17:27:55,705 [INFO] EP 0185 | steps: 031 | reward: -7.0 | eps: 0.396 | len: 2
2025-05-19 17:27:55,706 [INFO] EP 0186 | steps: 016 | reward: -8.5 | eps: 0.394 | len: 2
2025-05-19 17:27:55,706 [INFO] EP 0187 | steps: 043 | reward: 4.2 | eps: 0.392 | len: 3
2025-05-19 17:27:55,706 [INFO] EP 0188 | steps: 098 | reward: 19.7 | eps: 0.390 | len: 4
2025-05-19 17:27:55,707 [INFO] EP 0189 | steps: 031 | reward: -7.0 | eps: 0.388 | len: 2
2025-05-19 17:27:55,707 [INFO] EP 0190 | steps: 135 | reward: 43.4 | eps: 0.386 | len: 6
2025-05-19 17:27:55,708 [INFO] EP 0191 | steps: 056 | reward: 15.5 | eps: 0.384 | len: 4
2025-05-19 17:27:55,708 [INFO] EP 0192 | steps: 114 | reward: 31.3 | eps: 0.382 | len: 5
2025-05-19 17:27:55,708 [INFO] EP 0193 | steps: 015 | reward: 1.4 | eps: 0.380 | len: 3
2025-05-19 17:27:55,709 [INFO] EP 0194 | steps: 094 | reward: 39.3 | eps: 0.378 | len: 6
2025-05-19 17:27:55,710 [INFO] EP 0195 | steps: 122 | reward: 22.1 | eps: 0.376 | len: 4
2025-05-19 17:27:55,710 [INFO] EP 0196 | steps: 109 | reward: 40.8 | eps: 0.374 | len: 6
2025-05-19 17:27:55,710 [INFO] EP 0197 | steps: 025 | reward: -7.6 | eps: 0.373 | len: 2
2025-05-19 17:27:55,711 [INFO] EP 0198 | steps: 120 | reward: 31.9 | eps: 0.371 | len: 5
2025-05-19 17:27:55,711 [INFO] EP 0199 | steps: 056 | reward: 25.5 | eps: 0.369 | len: 5
2025-05-19 17:27:55,712 [INFO] EP 0200 | steps: 128 | reward: 42.7 | eps: 0.367 | len: 6
2025-05-19 17:27:57,760 [INFO] Episode 200 saved to runs\ep_0200
2025-05-19 17:27:57,760 [INFO] EP 0201 | steps: 054 | reward: 15.3 | eps: 0.365 | len: 4
2025-05-19 17:27:57,761 [INFO] EP 0202 | steps: 103 | reward: 60.2 | eps: 0.363 | len: 8
2025-05-19 17:27:57,762 [INFO] EP 0203 | steps: 082 | reward: 18.1 | eps: 0.361 | len: 4
2025-05-19 17:27:57,763 [INFO] EP 0204 | steps: 107 | reward: 40.6 | eps: 0.360 | len: 6
2025-05-19 17:27:57,763 [INFO] EP 0205 | steps: 018 | reward: -8.3 | eps: 0.358 | len: 2
2025-05-19 17:27:57,764 [INFO] EP 0206 | steps: 105 | reward: 40.4 | eps: 0.356 | len: 6
2025-05-19 17:27:57,765 [INFO] EP 0207 | steps: 020 | reward: -8.1 | eps: 0.354 | len: 2
2025-05-19 17:27:57,766 [INFO] EP 0208 | steps: 077 | reward: 37.6 | eps: 0.353 | len: 6
2025-05-19 17:27:57,767 [INFO] EP 0209 | steps: 104 | reward: 30.3 | eps: 0.351 | len: 5
2025-05-19 17:27:57,768 [INFO] EP 0210 | steps: 170 | reward: 46.9 | eps: 0.349 | len: 6
2025-05-19 17:27:57,768 [INFO] EP 0211 | steps: 035 | reward: 13.4 | eps: 0.347 | len: 4
2025-05-19 17:27:57,770 [INFO] EP 0212 | steps: 156 | reward: 65.5 | eps: 0.346 | len: 8
2025-05-19 17:27:57,770 [INFO] EP 0213 | steps: 062 | reward: 16.1 | eps: 0.344 | len: 4
2025-05-19 17:27:57,771 [INFO] EP 0214 | steps: 063 | reward: 26.2 | eps: 0.342 | len: 5
2025-05-19 17:27:57,771 [INFO] EP 0215 | steps: 069 | reward: 16.8 | eps: 0.340 | len: 4
2025-05-19 17:27:57,772 [INFO] EP 0216 | steps: 044 | reward: 4.3 | eps: 0.339 | len: 3
2025-05-19 17:27:57,772 [INFO] EP 0217 | steps: 054 | reward: 15.3 | eps: 0.337 | len: 4
2025-05-19 17:27:57,773 [INFO] EP 0218 | steps: 050 | reward: 24.9 | eps: 0.335 | len: 5
2025-05-19 17:27:57,774 [INFO] EP 0219 | steps: 154 | reward: 35.3 | eps: 0.334 | len: 5
2025-05-19 17:27:57,775 [INFO] EP 0220 | steps: 070 | reward: 26.9 | eps: 0.332 | len: 5
2025-05-19 17:27:57,775 [INFO] EP 0221 | steps: 070 | reward: 36.9 | eps: 0.330 | len: 6
2025-05-19 17:27:57,776 [INFO] EP 0222 | steps: 080 | reward: 7.9 | eps: 0.329 | len: 3
2025-05-19 17:27:57,777 [INFO] EP 0223 | steps: 093 | reward: 29.2 | eps: 0.327 | len: 5
2025-05-19 17:27:57,779 [INFO] EP 0224 | steps: 146 | reward: 24.5 | eps: 0.325 | len: 4
2025-05-19 17:27:57,780 [INFO] EP 0225 | steps: 097 | reward: 19.6 | eps: 0.324 | len: 4
2025-05-19 17:27:57,780 [INFO] EP 0226 | steps: 114 | reward: 51.3 | eps: 0.322 | len: 7
2025-05-19 17:27:57,781 [INFO] EP 0227 | steps: 112 | reward: 41.1 | eps: 0.321 | len: 6
2025-05-19 17:27:57,782 [INFO] EP 0228 | steps: 183 | reward: 68.2 | eps: 0.319 | len: 8
2025-05-19 17:27:57,783 [INFO] EP 0229 | steps: 123 | reward: 32.2 | eps: 0.317 | len: 5
2025-05-19 17:27:57,784 [INFO] EP 0230 | steps: 146 | reward: 44.5 | eps: 0.316 | len: 6
2025-05-19 17:27:57,785 [INFO] EP 0231 | steps: 141 | reward: 74.0 | eps: 0.314 | len: 9
2025-05-19 17:27:57,785 [INFO] EP 0232 | steps: 016 | reward: 11.5 | eps: 0.313 | len: 4
2025-05-19 17:27:57,786 [INFO] EP 0233 | steps: 135 | reward: 53.4 | eps: 0.311 | len: 7
2025-05-19 17:27:57,787 [INFO] EP 0234 | steps: 125 | reward: 32.4 | eps: 0.309 | len: 5
2025-05-19 17:27:57,787 [INFO] EP 0235 | steps: 050 | reward: 14.9 | eps: 0.308 | len: 4
2025-05-19 17:27:57,788 [INFO] EP 0236 | steps: 059 | reward: 25.8 | eps: 0.306 | len: 5
2025-05-19 17:27:57,788 [INFO] EP 0237 | steps: 078 | reward: 17.7 | eps: 0.305 | len: 4
2025-05-19 17:27:57,789 [INFO] EP 0238 | steps: 107 | reward: 20.6 | eps: 0.303 | len: 4
2025-05-19 17:27:57,789 [INFO] EP 0239 | steps: 108 | reward: 50.7 | eps: 0.302 | len: 7
2025-05-19 17:27:57,790 [INFO] EP 0240 | steps: 035 | reward: 13.4 | eps: 0.300 | len: 4
2025-05-19 17:27:57,790 [INFO] EP 0241 | steps: 084 | reward: 28.3 | eps: 0.299 | len: 5
2025-05-19 17:27:57,790 [INFO] EP 0242 | steps: 014 | reward: -8.7 | eps: 0.297 | len: 2
2025-05-19 17:27:57,791 [INFO] EP 0243 | steps: 086 | reward: 18.5 | eps: 0.296 | len: 4
2025-05-19 17:27:57,791 [INFO] EP 0244 | steps: 097 | reward: 39.6 | eps: 0.294 | len: 6
2025-05-19 17:27:57,792 [INFO] EP 0245 | steps: 046 | reward: 14.5 | eps: 0.293 | len: 4
2025-05-19 17:27:57,792 [INFO] EP 0246 | steps: 050 | reward: 14.9 | eps: 0.291 | len: 4
2025-05-19 17:27:57,793 [INFO] EP 0247 | steps: 104 | reward: 50.3 | eps: 0.290 | len: 7
2025-05-19 17:27:57,793 [INFO] EP 0248 | steps: 138 | reward: 63.7 | eps: 0.288 | len: 8
2025-05-19 17:27:57,794 [INFO] EP 0249 | steps: 036 | reward: 23.5 | eps: 0.287 | len: 5
2025-05-19 17:27:57,794 [INFO] EP 0250 | steps: 090 | reward: 18.9 | eps: 0.286 | len: 4
2025-05-19 17:27:57,794 [INFO] EP 0251 | steps: 061 | reward: 26.0 | eps: 0.284 | len: 5
2025-05-19 17:27:57,795 [INFO] EP 0252 | steps: 132 | reward: 53.1 | eps: 0.283 | len: 7
2025-05-19 17:27:57,796 [INFO] EP 0253 | steps: 065 | reward: 46.4 | eps: 0.281 | len: 7
2025-05-19 17:27:57,796 [INFO] EP 0254 | steps: 084 | reward: 58.3 | eps: 0.280 | len: 8
2025-05-19 17:27:57,796 [INFO] EP 0255 | steps: 029 | reward: 12.8 | eps: 0.279 | len: 4
2025-05-19 17:27:57,797 [INFO] EP 0256 | steps: 054 | reward: 15.3 | eps: 0.277 | len: 4
2025-05-19 17:27:57,797 [INFO] EP 0257 | steps: 072 | reward: 17.1 | eps: 0.276 | len: 4
2025-05-19 17:27:57,797 [INFO] EP 0258 | steps: 022 | reward: -7.9 | eps: 0.274 | len: 2
2025-05-19 17:27:57,798 [INFO] EP 0259 | steps: 067 | reward: 16.6 | eps: 0.273 | len: 4
2025-05-19 17:27:57,798 [INFO] EP 0260 | steps: 093 | reward: 49.2 | eps: 0.272 | len: 7
2025-05-19 17:27:57,799 [INFO] EP 0261 | steps: 101 | reward: 40.0 | eps: 0.270 | len: 6
2025-05-19 17:27:57,799 [INFO] EP 0262 | steps: 028 | reward: -7.3 | eps: 0.269 | len: 2
2025-05-19 17:27:57,799 [INFO] EP 0263 | steps: 018 | reward: -8.3 | eps: 0.268 | len: 2
2025-05-19 17:27:57,800 [INFO] EP 0264 | steps: 069 | reward: 36.8 | eps: 0.266 | len: 6
2025-05-19 17:27:57,800 [INFO] EP 0265 | steps: 015 | reward: -8.6 | eps: 0.265 | len: 2
2025-05-19 17:27:57,800 [INFO] EP 0266 | steps: 051 | reward: 15.0 | eps: 0.264 | len: 4
2025-05-19 17:27:57,800 [INFO] EP 0267 | steps: 032 | reward: 13.1 | eps: 0.262 | len: 4
2025-05-19 17:27:57,801 [INFO] EP 0268 | steps: 070 | reward: 16.9 | eps: 0.261 | len: 4
2025-05-19 17:27:57,801 [INFO] EP 0269 | steps: 026 | reward: 12.5 | eps: 0.260 | len: 4
2025-05-19 17:27:57,801 [INFO] EP 0270 | steps: 042 | reward: 14.1 | eps: 0.258 | len: 4
2025-05-19 17:27:57,802 [INFO] EP 0271 | steps: 195 | reward: 89.4 | eps: 0.257 | len: 10
2025-05-19 17:27:57,804 [INFO] EP 0272 | steps: 182 | reward: 58.1 | eps: 0.256 | len: 7
2025-05-19 17:27:57,804 [INFO] EP 0273 | steps: 056 | reward: 25.5 | eps: 0.255 | len: 5
2025-05-19 17:27:57,805 [INFO] EP 0274 | steps: 090 | reward: 58.9 | eps: 0.253 | len: 8
2025-05-19 17:27:57,805 [INFO] EP 0275 | steps: 066 | reward: 16.5 | eps: 0.252 | len: 4
2025-05-19 17:27:57,806 [INFO] EP 0276 | steps: 129 | reward: 62.8 | eps: 0.251 | len: 8
2025-05-19 17:27:57,807 [INFO] EP 0277 | steps: 186 | reward: 88.5 | eps: 0.249 | len: 10
2025-05-19 17:27:57,807 [INFO] EP 0278 | steps: 060 | reward: 5.9 | eps: 0.248 | len: 3
2025-05-19 17:27:57,808 [INFO] EP 0279 | steps: 068 | reward: 16.7 | eps: 0.247 | len: 4
2025-05-19 17:27:57,808 [INFO] EP 0280 | steps: 040 | reward: 3.9 | eps: 0.246 | len: 3
2025-05-19 17:27:57,809 [INFO] EP 0281 | steps: 043 | reward: 4.2 | eps: 0.245 | len: 3
2025-05-19 17:27:57,809 [INFO] EP 0282 | steps: 101 | reward: 40.0 | eps: 0.243 | len: 6
2025-05-19 17:27:57,809 [INFO] EP 0283 | steps: 033 | reward: 13.2 | eps: 0.242 | len: 4
2025-05-19 17:27:57,810 [INFO] EP 0284 | steps: 100 | reward: 49.9 | eps: 0.241 | len: 7
2025-05-19 17:27:57,811 [INFO] EP 0285 | steps: 097 | reward: 59.6 | eps: 0.240 | len: 8
2025-05-19 17:27:57,811 [INFO] EP 0286 | steps: 062 | reward: 26.1 | eps: 0.238 | len: 5
2025-05-19 17:27:57,811 [INFO] EP 0287 | steps: 073 | reward: 37.2 | eps: 0.237 | len: 6
2025-05-19 17:27:57,812 [INFO] EP 0288 | steps: 076 | reward: 37.5 | eps: 0.236 | len: 6
2025-05-19 17:27:57,813 [INFO] EP 0289 | steps: 168 | reward: 56.7 | eps: 0.235 | len: 7
2025-05-19 17:27:57,813 [INFO] EP 0290 | steps: 020 | reward: -8.1 | eps: 0.234 | len: 2
2025-05-19 17:27:57,813 [INFO] EP 0291 | steps: 057 | reward: 5.6 | eps: 0.233 | len: 3
2025-05-19 17:27:57,814 [INFO] EP 0292 | steps: 043 | reward: 14.2 | eps: 0.231 | len: 4
2025-05-19 17:27:57,814 [INFO] EP 0293 | steps: 053 | reward: 15.2 | eps: 0.230 | len: 4
2025-05-19 17:27:57,815 [INFO] EP 0294 | steps: 214 | reward: 101.3 | eps: 0.229 | len: 11
2025-05-19 17:27:57,816 [INFO] EP 0295 | steps: 080 | reward: 17.9 | eps: 0.228 | len: 4
2025-05-19 17:27:57,817 [INFO] EP 0296 | steps: 101 | reward: 60.0 | eps: 0.227 | len: 8
2025-05-19 17:27:57,817 [INFO] EP 0297 | steps: 065 | reward: 36.4 | eps: 0.226 | len: 6
2025-05-19 17:27:57,818 [INFO] EP 0298 | steps: 148 | reward: 84.7 | eps: 0.225 | len: 10
2025-05-19 17:27:57,818 [INFO] EP 0299 | steps: 073 | reward: 27.2 | eps: 0.223 | len: 5
2025-05-19 17:27:57,819 [INFO] EP 0300 | steps: 063 | reward: 26.2 | eps: 0.222 | len: 5
2025-05-19 17:27:58,666 [INFO] Episode 300 saved to runs\ep_0300
2025-05-19 17:27:58,667 [INFO] EP 0301 | steps: 163 | reward: 66.2 | eps: 0.221 | len: 8
2025-05-19 17:27:58,667 [INFO] EP 0302 | steps: 042 | reward: 4.1 | eps: 0.220 | len: 3
2025-05-19 17:27:58,668 [INFO] EP 0303 | steps: 146 | reward: 54.5 | eps: 0.219 | len: 7
2025-05-19 17:27:58,669 [INFO] EP 0304 | steps: 097 | reward: 49.6 | eps: 0.218 | len: 7
2025-05-19 17:27:58,669 [INFO] EP 0305 | steps: 092 | reward: 39.1 | eps: 0.217 | len: 6
2025-05-19 17:27:58,670 [INFO] EP 0306 | steps: 127 | reward: 42.6 | eps: 0.216 | len: 6
2025-05-19 17:27:58,670 [INFO] EP 0307 | steps: 037 | reward: 3.6 | eps: 0.215 | len: 3
2025-05-19 17:27:58,671 [INFO] EP 0308 | steps: 083 | reward: 28.2 | eps: 0.214 | len: 5
2025-05-19 17:27:58,672 [INFO] EP 0309 | steps: 093 | reward: 59.2 | eps: 0.212 | len: 8
2025-05-19 17:27:58,672 [INFO] EP 0310 | steps: 116 | reward: 41.5 | eps: 0.211 | len: 6
2025-05-19 17:27:58,673 [INFO] EP 0311 | steps: 087 | reward: 38.6 | eps: 0.210 | len: 6
2025-05-19 17:27:58,673 [INFO] EP 0312 | steps: 057 | reward: 15.6 | eps: 0.209 | len: 4
2025-05-19 17:27:58,673 [INFO] EP 0313 | steps: 051 | reward: 35.0 | eps: 0.208 | len: 6
2025-05-19 17:27:58,674 [INFO] EP 0314 | steps: 044 | reward: 14.3 | eps: 0.207 | len: 4
2025-05-19 17:27:58,674 [INFO] EP 0315 | steps: 071 | reward: 7.0 | eps: 0.206 | len: 3
2025-05-19 17:27:58,675 [INFO] EP 0316 | steps: 149 | reward: 34.8 | eps: 0.205 | len: 5
2025-05-19 17:27:58,676 [INFO] EP 0317 | steps: 084 | reward: 48.3 | eps: 0.204 | len: 7
2025-05-19 17:27:58,676 [INFO] EP 0318 | steps: 128 | reward: 102.7 | eps: 0.203 | len: 12
2025-05-19 17:27:58,677 [INFO] EP 0319 | steps: 049 | reward: 14.8 | eps: 0.202 | len: 4
2025-05-19 17:27:58,677 [INFO] EP 0320 | steps: 029 | reward: 12.8 | eps: 0.201 | len: 4
2025-05-19 17:27:58,678 [INFO] EP 0321 | steps: 111 | reward: 41.0 | eps: 0.200 | len: 6
2025-05-19 17:27:58,678 [INFO] EP 0322 | steps: 022 | reward: 12.1 | eps: 0.199 | len: 4
2025-05-19 17:27:58,678 [INFO] EP 0323 | steps: 025 | reward: 2.4 | eps: 0.198 | len: 3
2025-05-19 17:27:58,679 [INFO] EP 0324 | steps: 086 | reward: 58.5 | eps: 0.197 | len: 8
2025-05-19 17:27:58,679 [INFO] EP 0325 | steps: 058 | reward: 25.7 | eps: 0.196 | len: 5
2025-05-19 17:27:58,680 [INFO] EP 0326 | steps: 066 | reward: 26.5 | eps: 0.195 | len: 5
2025-05-19 17:27:58,680 [INFO] EP 0327 | steps: 082 | reward: 68.1 | eps: 0.194 | len: 9
2025-05-19 17:27:58,680 [INFO] EP 0328 | steps: 052 | reward: 15.1 | eps: 0.193 | len: 4
2025-05-19 17:27:58,682 [INFO] EP 0329 | steps: 270 | reward: 156.9 | eps: 0.192 | len: 16
2025-05-19 17:27:58,683 [INFO] EP 0330 | steps: 111 | reward: 31.0 | eps: 0.191 | len: 5
2025-05-19 17:27:58,683 [INFO] EP 0331 | steps: 030 | reward: 2.9 | eps: 0.190 | len: 3
2025-05-19 17:27:58,684 [INFO] EP 0332 | steps: 014 | reward: 1.3 | eps: 0.189 | len: 3
2025-05-19 17:27:58,684 [INFO] EP 0333 | steps: 149 | reward: 94.8 | eps: 0.188 | len: 11
2025-05-19 17:27:58,685 [INFO] EP 0334 | steps: 158 | reward: 75.7 | eps: 0.187 | len: 9
2025-05-19 17:27:58,686 [INFO] EP 0335 | steps: 036 | reward: 23.5 | eps: 0.187 | len: 5
2025-05-19 17:27:58,686 [INFO] EP 0336 | steps: 033 | reward: 3.2 | eps: 0.186 | len: 3
2025-05-19 17:27:58,686 [INFO] EP 0337 | steps: 012 | reward: 11.1 | eps: 0.185 | len: 4
2025-05-19 17:27:58,687 [INFO] EP 0338 | steps: 105 | reward: 50.4 | eps: 0.184 | len: 7
2025-05-19 17:27:58,688 [INFO] EP 0339 | steps: 154 | reward: 75.3 | eps: 0.183 | len: 9
2025-05-19 17:27:58,688 [INFO] EP 0340 | steps: 080 | reward: 37.9 | eps: 0.182 | len: 6
2025-05-19 17:27:58,689 [INFO] EP 0341 | steps: 116 | reward: 51.5 | eps: 0.181 | len: 7
2025-05-19 17:27:58,689 [INFO] EP 0342 | steps: 095 | reward: 59.4 | eps: 0.180 | len: 8
2025-05-19 17:27:58,690 [INFO] EP 0343 | steps: 051 | reward: 15.0 | eps: 0.179 | len: 4
2025-05-19 17:27:58,690 [INFO] EP 0344 | steps: 133 | reward: 53.2 | eps: 0.178 | len: 7
2025-05-19 17:27:58,691 [INFO] EP 0345 | steps: 088 | reward: 48.7 | eps: 0.177 | len: 7
2025-05-19 17:27:58,691 [INFO] EP 0346 | steps: 043 | reward: 24.2 | eps: 0.177 | len: 5
2025-05-19 17:27:58,692 [INFO] EP 0347 | steps: 095 | reward: 39.4 | eps: 0.176 | len: 6
2025-05-19 17:27:58,693 [INFO] EP 0348 | steps: 192 | reward: 129.1 | eps: 0.175 | len: 14
2025-05-19 17:27:58,693 [INFO] EP 0349 | steps: 053 | reward: 15.2 | eps: 0.174 | len: 4
2025-05-19 17:27:58,694 [INFO] EP 0350 | steps: 065 | reward: 36.4 | eps: 0.173 | len: 6
2025-05-19 17:27:58,694 [INFO] EP 0351 | steps: 093 | reward: 49.2 | eps: 0.172 | len: 7
2025-05-19 17:27:58,696 [INFO] EP 0352 | steps: 214 | reward: 121.3 | eps: 0.171 | len: 13
2025-05-19 17:27:58,697 [INFO] EP 0353 | steps: 180 | reward: 87.9 | eps: 0.170 | len: 10
2025-05-19 17:27:58,698 [INFO] EP 0354 | steps: 116 | reward: 51.5 | eps: 0.170 | len: 7
2025-05-19 17:27:58,698 [INFO] EP 0355 | steps: 065 | reward: 16.4 | eps: 0.169 | len: 4
2025-05-19 17:27:58,699 [INFO] EP 0356 | steps: 123 | reward: 72.2 | eps: 0.168 | len: 9
2025-05-19 17:27:58,700 [INFO] EP 0357 | steps: 106 | reward: 70.5 | eps: 0.167 | len: 9
2025-05-19 17:27:58,700 [INFO] EP 0358 | steps: 071 | reward: 17.0 | eps: 0.166 | len: 4
2025-05-19 17:27:58,700 [INFO] EP 0359 | steps: 011 | reward: -9.0 | eps: 0.165 | len: 2
2025-05-19 17:27:58,701 [INFO] EP 0360 | steps: 093 | reward: 29.2 | eps: 0.165 | len: 5
2025-05-19 17:27:58,701 [INFO] EP 0361 | steps: 069 | reward: 16.8 | eps: 0.164 | len: 4
2025-05-19 17:27:58,702 [INFO] EP 0362 | steps: 072 | reward: 27.1 | eps: 0.163 | len: 5
2025-05-19 17:27:58,702 [INFO] EP 0363 | steps: 090 | reward: 68.9 | eps: 0.162 | len: 9
2025-05-19 17:27:58,703 [INFO] EP 0364 | steps: 096 | reward: 49.5 | eps: 0.161 | len: 7
2025-05-19 17:27:58,704 [INFO] EP 0365 | steps: 199 | reward: 129.8 | eps: 0.160 | len: 14
2025-05-19 17:27:58,705 [INFO] EP 0366 | steps: 152 | reward: 55.1 | eps: 0.160 | len: 7
2025-05-19 17:27:58,706 [INFO] EP 0367 | steps: 234 | reward: 123.3 | eps: 0.159 | len: 13
2025-05-19 17:27:58,707 [INFO] EP 0368 | steps: 063 | reward: 26.2 | eps: 0.158 | len: 5
2025-05-19 17:27:58,707 [INFO] EP 0369 | steps: 101 | reward: 40.0 | eps: 0.157 | len: 6
2025-05-19 17:27:58,709 [INFO] EP 0370 | steps: 246 | reward: 134.5 | eps: 0.157 | len: 14
2025-05-19 17:27:58,709 [INFO] EP 0371 | steps: 080 | reward: 37.9 | eps: 0.156 | len: 6
2025-05-19 17:27:58,709 [INFO] EP 0372 | steps: 018 | reward: -8.3 | eps: 0.155 | len: 2
2025-05-19 17:27:58,710 [INFO] EP 0373 | steps: 055 | reward: 25.4 | eps: 0.154 | len: 5
2025-05-19 17:27:58,711 [INFO] EP 0374 | steps: 202 | reward: 120.1 | eps: 0.153 | len: 13
2025-05-19 17:27:58,711 [INFO] EP 0375 | steps: 052 | reward: 5.1 | eps: 0.153 | len: 3
2025-05-19 17:27:58,712 [INFO] EP 0376 | steps: 062 | reward: 16.1 | eps: 0.152 | len: 4
2025-05-19 17:27:58,712 [INFO] EP 0377 | steps: 129 | reward: 72.8 | eps: 0.151 | len: 9
2025-05-19 17:27:58,713 [INFO] EP 0378 | steps: 117 | reward: 61.6 | eps: 0.150 | len: 8
2025-05-19 17:27:58,714 [INFO] EP 0379 | steps: 111 | reward: 51.0 | eps: 0.150 | len: 7
2025-05-19 17:27:58,714 [INFO] EP 0380 | steps: 021 | reward: 2.0 | eps: 0.149 | len: 3
2025-05-19 17:27:58,715 [INFO] EP 0381 | steps: 209 | reward: 110.8 | eps: 0.148 | len: 12
2025-05-19 17:27:58,716 [INFO] EP 0382 | steps: 070 | reward: 16.9 | eps: 0.147 | len: 4
2025-05-19 17:27:58,716 [INFO] EP 0383 | steps: 110 | reward: 60.9 | eps: 0.147 | len: 8
2025-05-19 17:27:58,716 [INFO] EP 0384 | steps: 025 | reward: 2.4 | eps: 0.146 | len: 3
2025-05-19 17:27:58,717 [INFO] EP 0385 | steps: 065 | reward: 26.4 | eps: 0.145 | len: 5
2025-05-19 17:27:58,718 [INFO] EP 0386 | steps: 116 | reward: 41.5 | eps: 0.144 | len: 6
2025-05-19 17:27:58,718 [INFO] EP 0387 | steps: 102 | reward: 40.1 | eps: 0.144 | len: 6
2025-05-19 17:27:58,720 [INFO] EP 0388 | steps: 238 | reward: 113.7 | eps: 0.143 | len: 12
2025-05-19 17:27:58,720 [INFO] EP 0389 | steps: 058 | reward: 5.7 | eps: 0.142 | len: 3
2025-05-19 17:27:58,721 [INFO] EP 0390 | steps: 096 | reward: 29.5 | eps: 0.142 | len: 5
2025-05-19 17:27:58,721 [INFO] EP 0391 | steps: 083 | reward: 38.2 | eps: 0.141 | len: 6
2025-05-19 17:27:58,722 [INFO] EP 0392 | steps: 158 | reward: 65.7 | eps: 0.140 | len: 8
2025-05-19 17:27:58,722 [INFO] EP 0393 | steps: 075 | reward: 17.4 | eps: 0.139 | len: 4
2025-05-19 17:27:58,723 [INFO] EP 0394 | steps: 065 | reward: 46.4 | eps: 0.139 | len: 7
2025-05-19 17:27:58,725 [INFO] EP 0395 | steps: 184 | reward: 118.3 | eps: 0.138 | len: 13
2025-05-19 17:27:58,726 [INFO] EP 0396 | steps: 159 | reward: 75.8 | eps: 0.137 | len: 9
2025-05-19 17:27:58,726 [INFO] EP 0397 | steps: 068 | reward: 16.7 | eps: 0.137 | len: 4
2025-05-19 17:27:58,727 [INFO] EP 0398 | steps: 066 | reward: 36.5 | eps: 0.136 | len: 6
2025-05-19 17:27:58,728 [INFO] EP 0399 | steps: 172 | reward: 67.1 | eps: 0.135 | len: 8
2025-05-19 17:27:58,729 [INFO] EP 0400 | steps: 158 | reward: 85.7 | eps: 0.135 | len: 10
2025-05-19 17:28:04,202 [INFO] Episode 400 saved to runs\ep_0400
2025-05-19 17:28:04,203 [INFO] EP 0401 | steps: 155 | reward: 75.4 | eps: 0.134 | len: 9
2025-05-19 17:28:04,208 [INFO] EP 0402 | steps: 291 | reward: 179.0 | eps: 0.133 | len: 18
2025-05-19 17:28:04,211 [INFO] EP 0403 | steps: 148 | reward: 74.7 | eps: 0.133 | len: 9
2025-05-19 17:28:04,212 [INFO] EP 0404 | steps: 097 | reward: 49.6 | eps: 0.132 | len: 7
2025-05-19 17:28:04,214 [INFO] EP 0405 | steps: 203 | reward: 80.2 | eps: 0.131 | len: 9
2025-05-19 17:28:04,216 [INFO] EP 0406 | steps: 216 | reward: 131.5 | eps: 0.131 | len: 14
2025-05-19 17:28:04,217 [INFO] EP 0407 | steps: 143 | reward: 74.2 | eps: 0.130 | len: 9
2025-05-19 17:28:04,218 [INFO] EP 0408 | steps: 125 | reward: 62.4 | eps: 0.129 | len: 8
2025-05-19 17:28:04,220 [INFO] EP 0409 | steps: 137 | reward: 63.6 | eps: 0.129 | len: 8
2025-05-19 17:28:04,220 [INFO] EP 0410 | steps: 063 | reward: 26.2 | eps: 0.128 | len: 5
2025-05-19 17:28:04,222 [INFO] EP 0411 | steps: 228 | reward: 152.7 | eps: 0.127 | len: 16
2025-05-19 17:28:04,223 [INFO] EP 0412 | steps: 190 | reward: 98.9 | eps: 0.127 | len: 11
2025-05-19 17:28:04,223 [INFO] EP 0413 | steps: 082 | reward: 48.1 | eps: 0.126 | len: 7
2025-05-19 17:28:04,223 [INFO] EP 0414 | steps: 027 | reward: 2.6 | eps: 0.126 | len: 3
2025-05-19 17:28:04,224 [INFO] EP 0415 | steps: 071 | reward: 37.0 | eps: 0.125 | len: 6
2025-05-19 17:28:04,224 [INFO] EP 0416 | steps: 087 | reward: 38.6 | eps: 0.124 | len: 6
2025-05-19 17:28:04,225 [INFO] EP 0417 | steps: 102 | reward: 20.1 | eps: 0.124 | len: 4
2025-05-19 17:28:04,226 [INFO] EP 0418 | steps: 201 | reward: 70.0 | eps: 0.123 | len: 8
2025-05-19 17:28:04,228 [INFO] Loop detected at EP 0419 after 292 steps.
2025-05-19 17:28:04,228 [INFO] EP 0419 | steps: 292 | reward: 169.2 | eps: 0.122 | len: 16
2025-05-19 17:28:04,229 [INFO] EP 0420 | steps: 159 | reward: 75.8 | eps: 0.122 | len: 9
2025-05-19 17:28:04,230 [INFO] EP 0421 | steps: 223 | reward: 122.2 | eps: 0.121 | len: 13
2025-05-19 17:28:04,231 [INFO] EP 0422 | steps: 130 | reward: 62.9 | eps: 0.121 | len: 8
2025-05-19 17:28:04,232 [INFO] EP 0423 | steps: 063 | reward: 36.2 | eps: 0.120 | len: 6
2025-05-19 17:28:04,232 [INFO] EP 0424 | steps: 030 | reward: 22.9 | eps: 0.119 | len: 5
2025-05-19 17:28:04,234 [INFO] EP 0425 | steps: 371 | reward: 227.0 | eps: 0.119 | len: 22
2025-05-19 17:28:04,236 [INFO] EP 0426 | steps: 221 | reward: 122.0 | eps: 0.118 | len: 13
2025-05-19 17:28:04,236 [INFO] EP 0427 | steps: 046 | reward: 14.5 | eps: 0.118 | len: 4
2025-05-19 17:28:04,237 [INFO] EP 0428 | steps: 152 | reward: 75.1 | eps: 0.117 | len: 9
2025-05-19 17:28:04,238 [INFO] EP 0429 | steps: 072 | reward: 37.1 | eps: 0.116 | len: 6
2025-05-19 17:28:04,239 [INFO] EP 0430 | steps: 208 | reward: 80.7 | eps: 0.116 | len: 9
2025-05-19 17:28:04,240 [INFO] EP 0431 | steps: 162 | reward: 86.1 | eps: 0.115 | len: 10
2025-05-19 17:28:04,240 [INFO] EP 0432 | steps: 073 | reward: 27.2 | eps: 0.115 | len: 5
2025-05-19 17:28:04,241 [INFO] EP 0433 | steps: 206 | reward: 110.5 | eps: 0.114 | len: 12
2025-05-19 17:28:04,242 [INFO] EP 0434 | steps: 104 | reward: 60.3 | eps: 0.114 | len: 8
2025-05-19 17:28:04,243 [INFO] EP 0435 | steps: 130 | reward: 52.9 | eps: 0.113 | len: 7
2025-05-19 17:28:04,244 [INFO] EP 0436 | steps: 107 | reward: 60.6 | eps: 0.112 | len: 8
2025-05-19 17:28:04,244 [INFO] EP 0437 | steps: 035 | reward: 13.4 | eps: 0.112 | len: 4
2025-05-19 17:28:04,244 [INFO] EP 0438 | steps: 031 | reward: -7.0 | eps: 0.111 | len: 2
2025-05-19 17:28:04,245 [INFO] EP 0439 | steps: 217 | reward: 111.6 | eps: 0.111 | len: 12
2025-05-19 17:28:04,246 [INFO] EP 0440 | steps: 081 | reward: 38.0 | eps: 0.110 | len: 6
2025-05-19 17:28:04,246 [INFO] EP 0441 | steps: 087 | reward: 58.6 | eps: 0.110 | len: 8
2025-05-19 17:28:04,247 [INFO] EP 0442 | steps: 138 | reward: 93.7 | eps: 0.109 | len: 11
2025-05-19 17:28:04,248 [INFO] EP 0443 | steps: 103 | reward: 40.2 | eps: 0.109 | len: 6
2025-05-19 17:28:04,249 [INFO] EP 0444 | steps: 129 | reward: 62.8 | eps: 0.108 | len: 8
2025-05-19 17:28:04,250 [INFO] Loop detected at EP 0445 after 209 steps.
2025-05-19 17:28:04,250 [INFO] EP 0445 | steps: 209 | reward: 90.9 | eps: 0.107 | len: 9
2025-05-19 17:28:04,251 [INFO] EP 0446 | steps: 134 | reward: 83.3 | eps: 0.107 | len: 10
2025-05-19 17:28:04,252 [INFO] EP 0447 | steps: 214 | reward: 91.3 | eps: 0.106 | len: 10
2025-05-19 17:28:04,252 [INFO] EP 0448 | steps: 044 | reward: 14.3 | eps: 0.106 | len: 4
2025-05-19 17:28:04,253 [INFO] EP 0449 | steps: 170 | reward: 96.9 | eps: 0.105 | len: 11
2025-05-19 17:28:04,255 [INFO] EP 0450 | steps: 269 | reward: 116.8 | eps: 0.105 | len: 12
2025-05-19 17:28:04,256 [INFO] EP 0451 | steps: 108 | reward: 60.7 | eps: 0.104 | len: 8
2025-05-19 17:28:04,257 [INFO] Loop detected at EP 0452 after 181 steps.
2025-05-19 17:28:04,257 [INFO] EP 0452 | steps: 181 | reward: 78.1 | eps: 0.104 | len: 8
2025-05-19 17:28:04,258 [INFO] EP 0453 | steps: 132 | reward: 63.1 | eps: 0.103 | len: 8
2025-05-19 17:28:04,259 [INFO] Loop detected at EP 0454 after 287 steps.
2025-05-19 17:28:04,259 [INFO] EP 0454 | steps: 287 | reward: 148.7 | eps: 0.103 | len: 14
2025-05-19 17:28:04,261 [INFO] EP 0455 | steps: 201 | reward: 90.0 | eps: 0.102 | len: 10
2025-05-19 17:28:04,261 [INFO] EP 0456 | steps: 134 | reward: 53.3 | eps: 0.102 | len: 7
2025-05-19 17:28:04,262 [INFO] EP 0457 | steps: 129 | reward: 82.8 | eps: 0.101 | len: 10
2025-05-19 17:28:04,262 [INFO] EP 0458 | steps: 057 | reward: 25.6 | eps: 0.101 | len: 5
2025-05-19 17:28:04,263 [INFO] EP 0459 | steps: 101 | reward: 40.0 | eps: 0.100 | len: 6
2025-05-19 17:28:04,264 [INFO] EP 0460 | steps: 101 | reward: 40.0 | eps: 0.100 | len: 6
2025-05-19 17:28:04,265 [INFO] EP 0461 | steps: 245 | reward: 144.4 | eps: 0.099 | len: 15
2025-05-19 17:28:04,266 [INFO] EP 0462 | steps: 055 | reward: 15.4 | eps: 0.099 | len: 4
2025-05-19 17:28:04,266 [INFO] EP 0463 | steps: 027 | reward: 2.6 | eps: 0.098 | len: 3
2025-05-19 17:28:04,266 [INFO] EP 0464 | steps: 091 | reward: 29.0 | eps: 0.098 | len: 5
2025-05-19 17:28:04,267 [INFO] EP 0465 | steps: 093 | reward: 39.2 | eps: 0.097 | len: 6
2025-05-19 17:28:04,269 [INFO] EP 0466 | steps: 255 | reward: 115.4 | eps: 0.097 | len: 12
2025-05-19 17:28:04,269 [INFO] EP 0467 | steps: 029 | reward: 2.8 | eps: 0.096 | len: 3
2025-05-19 17:28:04,269 [INFO] EP 0468 | steps: 063 | reward: 16.2 | eps: 0.096 | len: 4
2025-05-19 17:28:04,270 [INFO] EP 0469 | steps: 216 | reward: 81.5 | eps: 0.095 | len: 9
2025-05-19 17:28:04,271 [INFO] EP 0470 | steps: 154 | reward: 85.3 | eps: 0.095 | len: 10
2025-05-19 17:28:04,273 [INFO] Loop detected at EP 0471 after 326 steps.
2025-05-19 17:28:04,273 [INFO] EP 0471 | steps: 326 | reward: 162.6 | eps: 0.094 | len: 15
2025-05-19 17:28:04,275 [INFO] EP 0472 | steps: 253 | reward: 135.2 | eps: 0.094 | len: 14
2025-05-19 17:28:04,276 [INFO] EP 0473 | steps: 210 | reward: 130.9 | eps: 0.093 | len: 14
2025-05-19 17:28:04,276 [INFO] EP 0474 | steps: 044 | reward: 14.3 | eps: 0.093 | len: 4
2025-05-19 17:28:04,279 [INFO] EP 0475 | steps: 358 | reward: 195.7 | eps: 0.092 | len: 19
2025-05-19 17:28:04,281 [INFO] EP 0476 | steps: 262 | reward: 156.1 | eps: 0.092 | len: 16
2025-05-19 17:28:04,283 [INFO] Loop detected at EP 0477 after 266 steps.
2025-05-19 17:28:04,283 [INFO] EP 0477 | steps: 266 | reward: 146.6 | eps: 0.092 | len: 14
2025-05-19 17:28:04,284 [INFO] EP 0478 | steps: 201 | reward: 110.0 | eps: 0.091 | len: 12
2025-05-19 17:28:04,285 [INFO] EP 0479 | steps: 156 | reward: 95.5 | eps: 0.091 | len: 11
2025-05-19 17:28:04,286 [INFO] EP 0480 | steps: 153 | reward: 75.2 | eps: 0.090 | len: 9
2025-05-19 17:28:04,287 [INFO] EP 0481 | steps: 186 | reward: 88.5 | eps: 0.090 | len: 10
2025-05-19 17:28:04,287 [INFO] EP 0482 | steps: 036 | reward: 13.5 | eps: 0.089 | len: 4
2025-05-19 17:28:04,288 [INFO] EP 0483 | steps: 097 | reward: 59.6 | eps: 0.089 | len: 8
2025-05-19 17:28:04,289 [INFO] EP 0484 | steps: 184 | reward: 98.3 | eps: 0.088 | len: 11
2025-05-19 17:28:04,290 [INFO] EP 0485 | steps: 186 | reward: 118.5 | eps: 0.088 | len: 13
2025-05-19 17:28:04,291 [INFO] EP 0486 | steps: 178 | reward: 37.7 | eps: 0.088 | len: 5
2025-05-19 17:28:04,293 [INFO] EP 0487 | steps: 120 | reward: 51.9 | eps: 0.087 | len: 7
2025-05-19 17:28:04,295 [INFO] EP 0488 | steps: 303 | reward: 160.2 | eps: 0.087 | len: 16
2025-05-19 17:28:04,296 [INFO] EP 0489 | steps: 147 | reward: 54.6 | eps: 0.086 | len: 7
2025-05-19 17:28:04,297 [INFO] Loop detected at EP 0490 after 279 steps.
2025-05-19 17:28:04,297 [INFO] EP 0490 | steps: 279 | reward: 147.9 | eps: 0.086 | len: 14
2025-05-19 17:28:04,300 [INFO] Loop detected at EP 0491 after 312 steps.
2025-05-19 17:28:04,300 [INFO] EP 0491 | steps: 312 | reward: 171.2 | eps: 0.085 | len: 16
2025-05-19 17:28:04,301 [INFO] EP 0492 | steps: 262 | reward: 166.1 | eps: 0.085 | len: 17
2025-05-19 17:28:04,302 [INFO] EP 0493 | steps: 137 | reward: 83.6 | eps: 0.084 | len: 10
2025-05-19 17:28:04,303 [INFO] Loop detected at EP 0494 after 169 steps.
2025-05-19 17:28:04,303 [INFO] EP 0494 | steps: 169 | reward: 86.9 | eps: 0.084 | len: 9
2025-05-19 17:28:04,305 [INFO] Loop detected at EP 0495 after 262 steps.
2025-05-19 17:28:04,305 [INFO] EP 0495 | steps: 262 | reward: 176.2 | eps: 0.084 | len: 17
2025-05-19 17:28:04,306 [INFO] EP 0496 | steps: 243 | reward: 94.2 | eps: 0.083 | len: 10
2025-05-19 17:28:04,308 [INFO] EP 0497 | steps: 213 | reward: 121.2 | eps: 0.083 | len: 13
2025-05-19 17:28:04,308 [INFO] EP 0498 | steps: 105 | reward: 50.4 | eps: 0.082 | len: 7
2025-05-19 17:28:04,309 [INFO] EP 0499 | steps: 193 | reward: 89.2 | eps: 0.082 | len: 10
2025-05-19 17:28:04,311 [INFO] EP 0500 | steps: 181 | reward: 98.0 | eps: 0.082 | len: 11
2025-05-19 17:28:11,405 [INFO] Episode 500 saved to runs\ep_0500
2025-05-19 17:28:11,406 [INFO] EP 0501 | steps: 182 | reward: 108.1 | eps: 0.081 | len: 12
2025-05-19 17:28:11,407 [INFO] EP 0502 | steps: 210 | reward: 110.9 | eps: 0.081 | len: 12
2025-05-19 17:28:11,409 [INFO] EP 0503 | steps: 172 | reward: 77.1 | eps: 0.080 | len: 9
2025-05-19 17:28:11,410 [INFO] EP 0504 | steps: 164 | reward: 56.3 | eps: 0.080 | len: 7
2025-05-19 17:28:11,411 [INFO] EP 0505 | steps: 155 | reward: 85.4 | eps: 0.080 | len: 10
2025-05-19 17:28:11,411 [INFO] EP 0506 | steps: 156 | reward: 95.5 | eps: 0.079 | len: 11
2025-05-19 17:28:11,412 [INFO] EP 0507 | steps: 072 | reward: 37.1 | eps: 0.079 | len: 6
2025-05-19 17:28:11,413 [INFO] EP 0508 | steps: 133 | reward: 83.2 | eps: 0.078 | len: 10
2025-05-19 17:28:11,414 [INFO] Loop detected at EP 0509 after 278 steps.
2025-05-19 17:28:11,415 [INFO] EP 0509 | steps: 278 | reward: 147.8 | eps: 0.078 | len: 14
2025-05-19 17:28:11,416 [INFO] EP 0510 | steps: 257 | reward: 95.6 | eps: 0.078 | len: 10
2025-05-19 17:28:11,417 [INFO] EP 0511 | steps: 119 | reward: 41.8 | eps: 0.077 | len: 6
2025-05-19 17:28:11,418 [INFO] EP 0512 | steps: 269 | reward: 146.8 | eps: 0.077 | len: 15
2025-05-19 17:28:11,420 [INFO] EP 0513 | steps: 239 | reward: 133.8 | eps: 0.076 | len: 14
2025-05-19 17:28:11,421 [INFO] EP 0514 | steps: 256 | reward: 165.5 | eps: 0.076 | len: 17
2025-05-19 17:28:11,422 [INFO] EP 0515 | steps: 158 | reward: 75.7 | eps: 0.076 | len: 9
2025-05-19 17:28:11,424 [INFO] EP 0516 | steps: 214 | reward: 101.3 | eps: 0.075 | len: 11
2025-05-19 17:28:11,426 [INFO] Loop detected at EP 0517 after 316 steps.
2025-05-19 17:28:11,426 [INFO] EP 0517 | steps: 316 | reward: 191.6 | eps: 0.075 | len: 18
2025-05-19 17:28:11,427 [INFO] EP 0518 | steps: 106 | reward: 40.5 | eps: 0.075 | len: 6
2025-05-19 17:28:11,428 [INFO] EP 0519 | steps: 225 | reward: 122.4 | eps: 0.074 | len: 13
2025-05-19 17:28:11,430 [INFO] EP 0520 | steps: 351 | reward: 225.0 | eps: 0.074 | len: 22
2025-05-19 17:28:11,431 [INFO] EP 0521 | steps: 071 | reward: 37.0 | eps: 0.073 | len: 6
2025-05-19 17:28:11,431 [INFO] EP 0522 | steps: 128 | reward: 72.7 | eps: 0.073 | len: 9
2025-05-19 17:28:11,432 [INFO] EP 0523 | steps: 101 | reward: 60.0 | eps: 0.073 | len: 8
2025-05-19 17:28:11,433 [INFO] EP 0524 | steps: 173 | reward: 77.2 | eps: 0.072 | len: 9
2025-05-19 17:28:11,434 [INFO] EP 0525 | steps: 070 | reward: -3.1 | eps: 0.072 | len: 2
2025-05-19 17:28:11,435 [INFO] EP 0526 | steps: 221 | reward: 102.0 | eps: 0.072 | len: 11
2025-05-19 17:28:11,436 [INFO] EP 0527 | steps: 214 | reward: 161.3 | eps: 0.071 | len: 17
2025-05-19 17:28:11,437 [INFO] EP 0528 | steps: 098 | reward: 49.7 | eps: 0.071 | len: 7
2025-05-19 17:28:11,438 [INFO] EP 0529 | steps: 164 | reward: 116.3 | eps: 0.071 | len: 13
2025-05-19 17:28:11,439 [INFO] EP 0530 | steps: 203 | reward: 150.2 | eps: 0.070 | len: 16
2025-05-19 17:28:11,439 [INFO] EP 0531 | steps: 040 | reward: 13.9 | eps: 0.070 | len: 4
2025-05-19 17:28:11,440 [INFO] EP 0532 | steps: 038 | reward: 13.7 | eps: 0.069 | len: 4
2025-05-19 17:28:11,441 [INFO] EP 0533 | steps: 199 | reward: 109.8 | eps: 0.069 | len: 12
2025-05-19 17:28:11,442 [INFO] EP 0534 | steps: 131 | reward: 63.0 | eps: 0.069 | len: 8
2025-05-19 17:28:11,443 [INFO] Loop detected at EP 0535 after 276 steps.
2025-05-19 17:28:11,443 [INFO] EP 0535 | steps: 276 | reward: 167.6 | eps: 0.068 | len: 16
2025-05-19 17:28:11,446 [INFO] Loop detected at EP 0536 after 430 steps.
2025-05-19 17:28:11,446 [INFO] EP 0536 | steps: 430 | reward: 253.0 | eps: 0.068 | len: 23
2025-05-19 17:28:11,449 [INFO] EP 0537 | steps: 343 | reward: 204.2 | eps: 0.068 | len: 20
2025-05-19 17:28:11,449 [INFO] EP 0538 | steps: 095 | reward: 49.4 | eps: 0.067 | len: 7
2025-05-19 17:28:11,451 [INFO] EP 0539 | steps: 332 | reward: 223.1 | eps: 0.067 | len: 22
2025-05-19 17:28:11,452 [INFO] EP 0540 | steps: 077 | reward: 27.6 | eps: 0.067 | len: 5
2025-05-19 17:28:11,453 [INFO] EP 0541 | steps: 196 | reward: 119.5 | eps: 0.066 | len: 13
2025-05-19 17:28:11,454 [INFO] EP 0542 | steps: 072 | reward: 47.1 | eps: 0.066 | len: 7
2025-05-19 17:28:11,455 [INFO] EP 0543 | steps: 168 | reward: 106.7 | eps: 0.066 | len: 12
2025-05-19 17:28:11,455 [INFO] EP 0544 | steps: 139 | reward: 53.8 | eps: 0.065 | len: 7
2025-05-19 17:28:11,457 [INFO] EP 0545 | steps: 228 | reward: 122.7 | eps: 0.065 | len: 13
2025-05-19 17:28:11,458 [INFO] EP 0546 | steps: 229 | reward: 122.8 | eps: 0.065 | len: 13
2025-05-19 17:28:11,460 [INFO] Loop detected at EP 0547 after 308 steps.
2025-05-19 17:28:11,460 [INFO] EP 0547 | steps: 308 | reward: 180.8 | eps: 0.064 | len: 17
2025-05-19 17:28:11,461 [INFO] EP 0548 | steps: 100 | reward: 69.9 | eps: 0.064 | len: 9
2025-05-19 17:28:11,462 [INFO] EP 0549 | steps: 219 | reward: 131.8 | eps: 0.064 | len: 14
2025-05-19 17:28:11,463 [INFO] EP 0550 | steps: 132 | reward: 73.1 | eps: 0.063 | len: 9
2025-05-19 17:28:11,464 [INFO] EP 0551 | steps: 188 | reward: 98.7 | eps: 0.063 | len: 11
2025-05-19 17:28:11,464 [INFO] EP 0552 | steps: 020 | reward: 11.9 | eps: 0.063 | len: 4
2025-05-19 17:28:11,465 [INFO] EP 0553 | steps: 088 | reward: 28.7 | eps: 0.063 | len: 5
2025-05-19 17:28:11,465 [INFO] EP 0554 | steps: 118 | reward: 51.7 | eps: 0.062 | len: 7
2025-05-19 17:28:11,466 [INFO] EP 0555 | steps: 161 | reward: 96.0 | eps: 0.062 | len: 11
2025-05-19 17:28:11,468 [INFO] Loop detected at EP 0556 after 310 steps.
2025-05-19 17:28:11,468 [INFO] EP 0556 | steps: 310 | reward: 161.0 | eps: 0.062 | len: 15
2025-05-19 17:28:11,469 [INFO] EP 0557 | steps: 022 | reward: 12.1 | eps: 0.061 | len: 4
2025-05-19 17:28:11,471 [INFO] EP 0558 | steps: 320 | reward: 191.9 | eps: 0.061 | len: 19
2025-05-19 17:28:11,472 [INFO] EP 0559 | steps: 220 | reward: 161.9 | eps: 0.061 | len: 17
2025-05-19 17:28:11,472 [INFO] EP 0560 | steps: 084 | reward: 78.3 | eps: 0.060 | len: 10
2025-05-19 17:28:11,473 [INFO] EP 0561 | steps: 034 | reward: 23.3 | eps: 0.060 | len: 5
2025-05-19 17:28:11,474 [INFO] Loop detected at EP 0562 after 256 steps.
2025-05-19 17:28:11,474 [INFO] EP 0562 | steps: 256 | reward: 145.6 | eps: 0.060 | len: 14
2025-05-19 17:28:11,475 [INFO] EP 0563 | steps: 059 | reward: 25.8 | eps: 0.059 | len: 5
2025-05-19 17:28:11,475 [INFO] EP 0564 | steps: 135 | reward: 43.4 | eps: 0.059 | len: 6
2025-05-19 17:28:11,477 [INFO] EP 0565 | steps: 318 | reward: 151.7 | eps: 0.059 | len: 15
2025-05-19 17:28:11,479 [INFO] EP 0566 | steps: 192 | reward: 109.1 | eps: 0.059 | len: 12
2025-05-19 17:28:11,480 [INFO] Loop detected at EP 0567 after 275 steps.
2025-05-19 17:28:11,480 [INFO] EP 0567 | steps: 275 | reward: 177.5 | eps: 0.058 | len: 17
2025-05-19 17:28:11,481 [INFO] EP 0568 | steps: 161 | reward: 86.0 | eps: 0.058 | len: 10
2025-05-19 17:28:11,482 [INFO] EP 0569 | steps: 060 | reward: 35.9 | eps: 0.058 | len: 6
2025-05-19 17:28:11,483 [INFO] EP 0570 | steps: 218 | reward: 151.7 | eps: 0.057 | len: 16
2025-05-19 17:28:11,483 [INFO] EP 0571 | steps: 042 | reward: 24.1 | eps: 0.057 | len: 5
2025-05-19 17:28:11,485 [INFO] EP 0572 | steps: 339 | reward: 203.8 | eps: 0.057 | len: 20
2025-05-19 17:28:11,487 [INFO] Loop detected at EP 0573 after 251 steps.
2025-05-19 17:28:11,487 [INFO] EP 0573 | steps: 251 | reward: 145.1 | eps: 0.057 | len: 14
2025-05-19 17:28:11,487 [INFO] EP 0574 | steps: 053 | reward: 15.2 | eps: 0.056 | len: 4
2025-05-19 17:28:11,488 [INFO] EP 0575 | steps: 044 | reward: 14.3 | eps: 0.056 | len: 4
2025-05-19 17:28:11,489 [INFO] EP 0576 | steps: 158 | reward: 95.7 | eps: 0.056 | len: 11
2025-05-19 17:28:11,491 [INFO] Loop detected at EP 0577 after 271 steps.
2025-05-19 17:28:11,491 [INFO] EP 0577 | steps: 271 | reward: 187.1 | eps: 0.055 | len: 18
2025-05-19 17:28:11,491 [INFO] EP 0578 | steps: 047 | reward: 34.6 | eps: 0.055 | len: 6
2025-05-19 17:28:11,492 [INFO] EP 0579 | steps: 211 | reward: 141.0 | eps: 0.055 | len: 15
2025-05-19 17:28:11,494 [INFO] Loop detected at EP 0580 after 335 steps.
2025-05-19 17:28:11,494 [INFO] EP 0580 | steps: 335 | reward: 153.5 | eps: 0.055 | len: 14
2025-05-19 17:28:11,496 [INFO] Loop detected at EP 0581 after 198 steps.
2025-05-19 17:28:11,496 [INFO] EP 0581 | steps: 198 | reward: 89.8 | eps: 0.054 | len: 9
2025-05-19 17:28:11,497 [INFO] Loop detected at EP 0582 after 296 steps.
2025-05-19 17:28:11,497 [INFO] EP 0582 | steps: 296 | reward: 159.6 | eps: 0.054 | len: 15
2025-05-19 17:28:11,499 [INFO] Loop detected at EP 0583 after 223 steps.
2025-05-19 17:28:11,499 [INFO] EP 0583 | steps: 223 | reward: 152.3 | eps: 0.054 | len: 15
2025-05-19 17:28:11,500 [INFO] Loop detected at EP 0584 after 252 steps.
2025-05-19 17:28:11,500 [INFO] EP 0584 | steps: 252 | reward: 155.2 | eps: 0.054 | len: 15
2025-05-19 17:28:11,501 [INFO] EP 0585 | steps: 128 | reward: 62.7 | eps: 0.053 | len: 8
2025-05-19 17:28:11,503 [INFO] EP 0586 | steps: 216 | reward: 121.5 | eps: 0.053 | len: 13
2025-05-19 17:28:11,504 [INFO] EP 0587 | steps: 236 | reward: 113.5 | eps: 0.053 | len: 12
2025-05-19 17:28:11,506 [INFO] EP 0588 | steps: 291 | reward: 159.0 | eps: 0.052 | len: 16
2025-05-19 17:28:11,506 [INFO] EP 0589 | steps: 056 | reward: 15.5 | eps: 0.052 | len: 4
2025-05-19 17:28:11,508 [INFO] EP 0590 | steps: 202 | reward: 130.1 | eps: 0.052 | len: 14
2025-05-19 17:28:11,508 [INFO] EP 0591 | steps: 054 | reward: 15.3 | eps: 0.052 | len: 4
2025-05-19 17:28:11,509 [INFO] EP 0592 | steps: 134 | reward: 83.3 | eps: 0.051 | len: 10
2025-05-19 17:28:11,511 [INFO] Loop detected at EP 0593 after 281 steps.
2025-05-19 17:28:11,511 [INFO] EP 0593 | steps: 281 | reward: 178.1 | eps: 0.051 | len: 17
2025-05-19 17:28:11,512 [INFO] Loop detected at EP 0594 after 276 steps.
2025-05-19 17:28:11,512 [INFO] EP 0594 | steps: 276 | reward: 187.6 | eps: 0.051 | len: 18
2025-05-19 17:28:11,515 [INFO] EP 0595 | steps: 389 | reward: 238.8 | eps: 0.051 | len: 23
2025-05-19 17:28:11,517 [INFO] EP 0596 | steps: 261 | reward: 166.0 | eps: 0.050 | len: 17
2025-05-19 17:28:11,518 [INFO] EP 0597 | steps: 066 | reward: 36.5 | eps: 0.050 | len: 6
2025-05-19 17:28:11,521 [INFO] Loop detected at EP 0598 after 470 steps.
2025-05-19 17:28:11,521 [INFO] EP 0598 | steps: 470 | reward: 307.0 | eps: 0.050 | len: 28
2025-05-19 17:28:11,521 [INFO] EP 0599 | steps: 039 | reward: 13.8 | eps: 0.050 | len: 4
2025-05-19 17:28:11,523 [INFO] EP 0600 | steps: 228 | reward: 112.7 | eps: 0.049 | len: 12
