2025-05-19 18:12:17,981 [INFO] ==== Training started ====
2025-05-19 18:12:17,982 [INFO] EP 0001 | steps: 043 | reward: -5.8 | eps: 0.995 | len: 2
2025-05-19 18:12:17,983 [INFO] EP 0002 | steps: 131 | reward: 3.0 | eps: 0.990 | len: 2
2025-05-19 18:12:17,983 [INFO] EP 0003 | steps: 067 | reward: -3.4 | eps: 0.985 | len: 2
2025-05-19 18:12:17,984 [INFO] EP 0004 | steps: 121 | reward: 2.0 | eps: 0.980 | len: 2
2025-05-19 18:12:17,984 [INFO] EP 0005 | steps: 090 | reward: -1.1 | eps: 0.975 | len: 2
2025-05-19 18:12:17,985 [INFO] EP 0006 | steps: 245 | reward: 14.4 | eps: 0.970 | len: 2
2025-05-19 18:12:17,996 [INFO] EP 0007 | steps: 047 | reward: -5.4 | eps: 0.966 | len: 2
2025-05-19 18:12:17,996 [INFO] EP 0008 | steps: 055 | reward: -4.6 | eps: 0.961 | len: 2
2025-05-19 18:12:17,996 [INFO] EP 0009 | steps: 044 | reward: -5.7 | eps: 0.956 | len: 2
2025-05-19 18:12:17,996 [INFO] EP 0010 | steps: 061 | reward: -4.0 | eps: 0.951 | len: 2
2025-05-19 18:12:17,997 [INFO] EP 0011 | steps: 139 | reward: 3.8 | eps: 0.946 | len: 2
2025-05-19 18:12:17,998 [INFO] EP 0012 | steps: 109 | reward: 0.8 | eps: 0.942 | len: 2
2025-05-19 18:12:17,998 [INFO] EP 0013 | steps: 022 | reward: -7.9 | eps: 0.937 | len: 2
2025-05-19 18:12:17,998 [INFO] EP 0014 | steps: 104 | reward: 0.3 | eps: 0.932 | len: 2
2025-05-19 18:12:17,999 [INFO] EP 0015 | steps: 059 | reward: -4.2 | eps: 0.928 | len: 2
2025-05-19 18:12:17,999 [INFO] EP 0016 | steps: 029 | reward: -7.2 | eps: 0.923 | len: 2
2025-05-19 18:12:17,999 [INFO] EP 0017 | steps: 025 | reward: 2.4 | eps: 0.918 | len: 3
2025-05-19 18:12:18,000 [INFO] EP 0018 | steps: 099 | reward: -0.2 | eps: 0.914 | len: 2
2025-05-19 18:12:18,000 [INFO] EP 0019 | steps: 087 | reward: -1.4 | eps: 0.909 | len: 2
2025-05-19 18:12:18,001 [INFO] EP 0020 | steps: 115 | reward: 1.4 | eps: 0.905 | len: 2
2025-05-19 18:12:18,002 [INFO] EP 0021 | steps: 147 | reward: 4.6 | eps: 0.900 | len: 2
2025-05-19 18:12:18,002 [INFO] EP 0022 | steps: 019 | reward: -8.2 | eps: 0.896 | len: 2
2025-05-19 18:12:18,002 [INFO] EP 0023 | steps: 141 | reward: 4.0 | eps: 0.891 | len: 2
2025-05-19 18:12:18,003 [INFO] EP 0024 | steps: 036 | reward: -6.5 | eps: 0.887 | len: 2
2025-05-19 18:12:18,003 [INFO] EP 0025 | steps: 016 | reward: -8.5 | eps: 0.882 | len: 2
2025-05-19 18:12:18,003 [INFO] EP 0026 | steps: 026 | reward: -7.5 | eps: 0.878 | len: 2
2025-05-19 18:12:18,003 [INFO] EP 0027 | steps: 056 | reward: -4.5 | eps: 0.873 | len: 2
2025-05-19 18:12:18,003 [INFO] EP 0028 | steps: 060 | reward: -4.1 | eps: 0.869 | len: 2
2025-05-19 18:12:18,004 [INFO] EP 0029 | steps: 135 | reward: 3.4 | eps: 0.865 | len: 2
2025-05-19 18:12:18,005 [INFO] EP 0030 | steps: 120 | reward: 1.9 | eps: 0.860 | len: 2
2025-05-19 18:12:18,005 [INFO] EP 0031 | steps: 036 | reward: -6.5 | eps: 0.856 | len: 2
2025-05-19 18:12:18,005 [INFO] EP 0032 | steps: 057 | reward: -4.4 | eps: 0.852 | len: 2
2025-05-19 18:12:18,005 [INFO] EP 0033 | steps: 055 | reward: -4.6 | eps: 0.848 | len: 2
2025-05-19 18:12:18,006 [INFO] EP 0034 | steps: 028 | reward: -7.3 | eps: 0.843 | len: 2
2025-05-19 18:12:18,006 [INFO] EP 0035 | steps: 055 | reward: -4.6 | eps: 0.839 | len: 2
2025-05-19 18:12:18,006 [INFO] EP 0036 | steps: 024 | reward: -7.7 | eps: 0.835 | len: 2
2025-05-19 18:12:18,006 [INFO] EP 0037 | steps: 062 | reward: -3.9 | eps: 0.831 | len: 2
2025-05-19 18:12:18,007 [INFO] EP 0038 | steps: 050 | reward: -5.1 | eps: 0.827 | len: 2
2025-05-19 18:12:18,007 [INFO] EP 0039 | steps: 041 | reward: -6.0 | eps: 0.822 | len: 2
2025-05-19 18:12:18,007 [INFO] EP 0040 | steps: 055 | reward: -4.6 | eps: 0.818 | len: 2
2025-05-19 18:12:18,008 [INFO] EP 0041 | steps: 121 | reward: 2.0 | eps: 0.814 | len: 2
2025-05-19 18:12:18,008 [INFO] EP 0042 | steps: 089 | reward: -1.2 | eps: 0.810 | len: 2
2025-05-19 18:12:18,009 [INFO] EP 0043 | steps: 077 | reward: -2.4 | eps: 0.806 | len: 2
2025-05-19 18:12:18,009 [INFO] EP 0044 | steps: 118 | reward: 1.7 | eps: 0.802 | len: 2
2025-05-19 18:12:18,010 [INFO] EP 0045 | steps: 061 | reward: -4.0 | eps: 0.798 | len: 2
2025-05-19 18:12:18,010 [INFO] EP 0046 | steps: 046 | reward: -5.5 | eps: 0.794 | len: 2
2025-05-19 18:12:18,010 [INFO] EP 0047 | steps: 043 | reward: -5.8 | eps: 0.790 | len: 2
2025-05-19 18:12:18,011 [INFO] EP 0048 | steps: 065 | reward: -3.6 | eps: 0.786 | len: 2
2025-05-19 18:12:18,011 [INFO] EP 0049 | steps: 072 | reward: -2.9 | eps: 0.782 | len: 2
2025-05-19 18:12:18,011 [INFO] EP 0050 | steps: 057 | reward: -4.4 | eps: 0.778 | len: 2
2025-05-19 18:12:18,012 [INFO] EP 0051 | steps: 064 | reward: -3.7 | eps: 0.774 | len: 2
2025-05-19 18:12:18,012 [INFO] EP 0052 | steps: 089 | reward: -1.2 | eps: 0.771 | len: 2
2025-05-19 18:12:18,012 [INFO] EP 0053 | steps: 024 | reward: -7.7 | eps: 0.767 | len: 2
2025-05-19 18:12:18,012 [INFO] EP 0054 | steps: 024 | reward: -7.7 | eps: 0.763 | len: 2
2025-05-19 18:12:18,013 [INFO] EP 0055 | steps: 076 | reward: -2.5 | eps: 0.759 | len: 2
2025-05-19 18:12:18,013 [INFO] EP 0056 | steps: 113 | reward: 1.2 | eps: 0.755 | len: 2
2025-05-19 18:12:18,014 [INFO] EP 0057 | steps: 093 | reward: -0.8 | eps: 0.751 | len: 2
2025-05-19 18:12:18,014 [INFO] EP 0058 | steps: 046 | reward: -5.5 | eps: 0.748 | len: 2
2025-05-19 18:12:18,014 [INFO] EP 0059 | steps: 069 | reward: -3.2 | eps: 0.744 | len: 2
2025-05-19 18:12:18,015 [INFO] EP 0060 | steps: 065 | reward: -3.6 | eps: 0.740 | len: 2
2025-05-19 18:12:18,015 [INFO] EP 0061 | steps: 100 | reward: -0.1 | eps: 0.737 | len: 2
2025-05-19 18:12:18,015 [INFO] EP 0062 | steps: 022 | reward: -7.9 | eps: 0.733 | len: 2
2025-05-19 18:12:18,016 [INFO] EP 0063 | steps: 169 | reward: 6.8 | eps: 0.729 | len: 2
2025-05-19 18:12:18,016 [INFO] EP 0064 | steps: 026 | reward: -7.5 | eps: 0.726 | len: 2
2025-05-19 18:12:18,017 [INFO] EP 0065 | steps: 081 | reward: -2.0 | eps: 0.722 | len: 2
2025-05-19 18:12:18,017 [INFO] EP 0066 | steps: 045 | reward: -5.6 | eps: 0.718 | len: 2
2025-05-19 18:12:18,017 [INFO] EP 0067 | steps: 100 | reward: -0.1 | eps: 0.715 | len: 2
2025-05-19 18:12:18,018 [INFO] EP 0068 | steps: 028 | reward: -7.3 | eps: 0.711 | len: 2
2025-05-19 18:12:18,018 [INFO] EP 0069 | steps: 083 | reward: -1.8 | eps: 0.708 | len: 2
2025-05-19 18:12:18,018 [INFO] EP 0070 | steps: 084 | reward: -1.7 | eps: 0.704 | len: 2
2025-05-19 18:12:18,019 [INFO] EP 0071 | steps: 072 | reward: -2.9 | eps: 0.701 | len: 2
2025-05-19 18:12:18,019 [INFO] EP 0072 | steps: 055 | reward: -4.6 | eps: 0.697 | len: 2
2025-05-19 18:12:18,019 [INFO] EP 0073 | steps: 053 | reward: -4.8 | eps: 0.694 | len: 2
2025-05-19 18:12:18,020 [INFO] EP 0074 | steps: 069 | reward: -3.2 | eps: 0.690 | len: 2
2025-05-19 18:12:18,020 [INFO] EP 0075 | steps: 032 | reward: -6.9 | eps: 0.687 | len: 2
2025-05-19 18:12:18,021 [INFO] EP 0076 | steps: 105 | reward: 0.4 | eps: 0.683 | len: 2
2025-05-19 18:12:18,021 [INFO] EP 0077 | steps: 102 | reward: 0.1 | eps: 0.680 | len: 2
2025-05-19 18:12:18,021 [INFO] EP 0078 | steps: 031 | reward: 3.0 | eps: 0.676 | len: 3
2025-05-19 18:12:18,022 [INFO] EP 0079 | steps: 056 | reward: -4.5 | eps: 0.673 | len: 2
2025-05-19 18:12:18,022 [INFO] EP 0080 | steps: 042 | reward: -5.9 | eps: 0.670 | len: 2
2025-05-19 18:12:18,022 [INFO] EP 0081 | steps: 062 | reward: -3.9 | eps: 0.666 | len: 2
2025-05-19 18:12:18,022 [INFO] EP 0082 | steps: 039 | reward: -6.2 | eps: 0.663 | len: 2
2025-05-19 18:12:18,023 [INFO] EP 0083 | steps: 045 | reward: -5.6 | eps: 0.660 | len: 2
2025-05-19 18:12:18,023 [INFO] EP 0084 | steps: 060 | reward: -4.1 | eps: 0.656 | len: 2
2025-05-19 18:12:18,024 [INFO] EP 0085 | steps: 182 | reward: 18.1 | eps: 0.653 | len: 3
2025-05-19 18:12:18,025 [INFO] EP 0086 | steps: 154 | reward: 5.3 | eps: 0.650 | len: 2
2025-05-19 18:12:18,025 [INFO] EP 0087 | steps: 044 | reward: -5.7 | eps: 0.647 | len: 2
2025-05-19 18:12:18,026 [INFO] EP 0088 | steps: 155 | reward: 5.4 | eps: 0.643 | len: 2
2025-05-19 18:12:18,026 [INFO] EP 0089 | steps: 038 | reward: -6.3 | eps: 0.640 | len: 2
2025-05-19 18:12:18,026 [INFO] EP 0090 | steps: 104 | reward: 0.3 | eps: 0.637 | len: 2
2025-05-19 18:12:18,027 [INFO] EP 0091 | steps: 035 | reward: -6.6 | eps: 0.634 | len: 2
2025-05-19 18:12:18,027 [INFO] EP 0092 | steps: 164 | reward: 16.3 | eps: 0.631 | len: 3
2025-05-19 18:12:18,028 [INFO] EP 0093 | steps: 105 | reward: 10.4 | eps: 0.627 | len: 3
2025-05-19 18:12:18,028 [INFO] EP 0094 | steps: 030 | reward: -7.1 | eps: 0.624 | len: 2
2025-05-19 18:12:18,029 [INFO] EP 0095 | steps: 068 | reward: -3.3 | eps: 0.621 | len: 2
2025-05-19 18:12:18,030 [INFO] Loop detected at EP 0096 after 174 steps.
2025-05-19 18:12:18,030 [INFO] EP 0096 | steps: 174 | reward: 17.4 | eps: 0.618 | len: 2
2025-05-19 18:12:18,030 [INFO] EP 0097 | steps: 050 | reward: -5.1 | eps: 0.615 | len: 2
2025-05-19 18:12:18,030 [INFO] EP 0098 | steps: 040 | reward: -6.1 | eps: 0.612 | len: 2
2025-05-19 18:12:18,030 [INFO] EP 0099 | steps: 028 | reward: -7.3 | eps: 0.609 | len: 2
2025-05-19 18:12:18,030 [INFO] EP 0100 | steps: 028 | reward: -7.3 | eps: 0.606 | len: 2
2025-05-19 18:12:45,921 [INFO] Episode 0100 video saved to runs\ep_0100\ep_0100.mp4
2025-05-19 18:12:45,921 [INFO] Episode 100 saved to runs\ep_0100
2025-05-19 18:12:45,922 [INFO] EP 0101 | steps: 059 | reward: 5.8 | eps: 0.603 | len: 3
2025-05-19 18:12:45,922 [INFO] EP 0102 | steps: 090 | reward: -1.1 | eps: 0.600 | len: 2
2025-05-19 18:12:45,923 [INFO] EP 0103 | steps: 125 | reward: 2.4 | eps: 0.597 | len: 2
2025-05-19 18:12:45,923 [INFO] EP 0104 | steps: 064 | reward: -3.7 | eps: 0.594 | len: 2
2025-05-19 18:12:45,924 [INFO] EP 0105 | steps: 044 | reward: -5.7 | eps: 0.591 | len: 2
2025-05-19 18:12:45,924 [INFO] EP 0106 | steps: 096 | reward: 19.5 | eps: 0.588 | len: 4
2025-05-19 18:12:45,927 [INFO] Loop detected at EP 0107 after 367 steps.
2025-05-19 18:12:45,927 [INFO] EP 0107 | steps: 367 | reward: 46.7 | eps: 0.585 | len: 3
2025-05-19 18:12:45,927 [INFO] EP 0108 | steps: 088 | reward: -1.3 | eps: 0.582 | len: 2
2025-05-19 18:12:45,927 [INFO] EP 0109 | steps: 021 | reward: -8.0 | eps: 0.579 | len: 2
2025-05-19 18:12:45,928 [INFO] EP 0110 | steps: 093 | reward: 19.2 | eps: 0.576 | len: 4
2025-05-19 18:12:45,928 [INFO] EP 0111 | steps: 027 | reward: -7.4 | eps: 0.573 | len: 2
2025-05-19 18:12:45,928 [INFO] EP 0112 | steps: 027 | reward: -7.4 | eps: 0.570 | len: 2
2025-05-19 18:12:45,928 [INFO] EP 0113 | steps: 022 | reward: -7.9 | eps: 0.568 | len: 2
2025-05-19 18:12:45,929 [INFO] EP 0114 | steps: 048 | reward: -5.3 | eps: 0.565 | len: 2
2025-05-19 18:12:45,930 [INFO] EP 0115 | steps: 153 | reward: 15.2 | eps: 0.562 | len: 3
2025-05-19 18:12:45,930 [INFO] EP 0116 | steps: 050 | reward: -5.1 | eps: 0.559 | len: 2
2025-05-19 18:12:45,931 [INFO] EP 0117 | steps: 152 | reward: 25.1 | eps: 0.556 | len: 4
2025-05-19 18:12:45,932 [INFO] EP 0118 | steps: 256 | reward: 35.5 | eps: 0.554 | len: 4
2025-05-19 18:12:45,934 [INFO] EP 0119 | steps: 234 | reward: 33.3 | eps: 0.551 | len: 4
2025-05-19 18:12:45,934 [INFO] EP 0120 | steps: 100 | reward: 39.9 | eps: 0.548 | len: 6
2025-05-19 18:12:45,935 [INFO] EP 0121 | steps: 049 | reward: 4.8 | eps: 0.545 | len: 3
2025-05-19 18:12:45,935 [INFO] EP 0122 | steps: 065 | reward: 6.4 | eps: 0.543 | len: 3
2025-05-19 18:12:45,936 [INFO] EP 0123 | steps: 206 | reward: 30.5 | eps: 0.540 | len: 4
2025-05-19 18:12:45,937 [INFO] EP 0124 | steps: 094 | reward: 19.3 | eps: 0.537 | len: 4
2025-05-19 18:12:45,937 [INFO] EP 0125 | steps: 047 | reward: -5.4 | eps: 0.534 | len: 2
2025-05-19 18:12:45,938 [INFO] EP 0126 | steps: 096 | reward: 19.5 | eps: 0.532 | len: 4
2025-05-19 18:12:45,940 [INFO] EP 0127 | steps: 230 | reward: 32.9 | eps: 0.529 | len: 4
2025-05-19 18:12:45,941 [INFO] EP 0128 | steps: 099 | reward: 19.8 | eps: 0.526 | len: 4
2025-05-19 18:12:45,942 [INFO] EP 0129 | steps: 051 | reward: -5.0 | eps: 0.524 | len: 2
2025-05-19 18:12:45,942 [INFO] EP 0130 | steps: 046 | reward: 4.5 | eps: 0.521 | len: 3
2025-05-19 18:12:45,943 [INFO] Loop detected at EP 0131 after 201 steps.
2025-05-19 18:12:45,943 [INFO] EP 0131 | steps: 201 | reward: 30.1 | eps: 0.519 | len: 3
2025-05-19 18:12:45,943 [INFO] EP 0132 | steps: 034 | reward: -6.7 | eps: 0.516 | len: 2
2025-05-19 18:12:45,943 [INFO] EP 0133 | steps: 019 | reward: -8.2 | eps: 0.513 | len: 2
2025-05-19 18:12:45,944 [INFO] EP 0134 | steps: 051 | reward: -5.0 | eps: 0.511 | len: 2
2025-05-19 18:12:45,945 [INFO] EP 0135 | steps: 159 | reward: 25.8 | eps: 0.508 | len: 4
2025-05-19 18:12:45,945 [INFO] EP 0136 | steps: 037 | reward: -6.4 | eps: 0.506 | len: 2
2025-05-19 18:12:45,945 [INFO] EP 0137 | steps: 057 | reward: 15.6 | eps: 0.503 | len: 4
2025-05-19 18:12:45,946 [INFO] EP 0138 | steps: 091 | reward: 19.0 | eps: 0.501 | len: 4
2025-05-19 18:12:45,946 [INFO] EP 0139 | steps: 105 | reward: 20.4 | eps: 0.498 | len: 4
2025-05-19 18:12:45,947 [INFO] EP 0140 | steps: 042 | reward: 14.1 | eps: 0.496 | len: 4
2025-05-19 18:12:45,947 [INFO] EP 0141 | steps: 117 | reward: 21.6 | eps: 0.493 | len: 4
2025-05-19 18:12:45,948 [INFO] EP 0142 | steps: 160 | reward: 15.9 | eps: 0.491 | len: 3
2025-05-19 18:12:45,949 [INFO] EP 0143 | steps: 086 | reward: 18.5 | eps: 0.488 | len: 4
2025-05-19 18:12:45,949 [INFO] EP 0144 | steps: 096 | reward: 29.5 | eps: 0.486 | len: 5
2025-05-19 18:12:45,950 [INFO] EP 0145 | steps: 204 | reward: 30.3 | eps: 0.483 | len: 4
2025-05-19 18:12:45,951 [INFO] EP 0146 | steps: 043 | reward: 14.2 | eps: 0.481 | len: 4
2025-05-19 18:12:45,951 [INFO] EP 0147 | steps: 038 | reward: -6.3 | eps: 0.479 | len: 2
2025-05-19 18:12:45,951 [INFO] EP 0148 | steps: 062 | reward: 6.1 | eps: 0.476 | len: 3
2025-05-19 18:12:45,952 [INFO] EP 0149 | steps: 076 | reward: 7.5 | eps: 0.474 | len: 3
2025-05-19 18:12:45,953 [INFO] EP 0150 | steps: 175 | reward: 27.4 | eps: 0.471 | len: 4
2025-05-19 18:12:45,953 [INFO] EP 0151 | steps: 111 | reward: 21.0 | eps: 0.469 | len: 4
2025-05-19 18:12:45,954 [INFO] EP 0152 | steps: 151 | reward: 25.0 | eps: 0.467 | len: 4
2025-05-19 18:12:45,955 [INFO] EP 0153 | steps: 117 | reward: 21.6 | eps: 0.464 | len: 4
2025-05-19 18:12:45,955 [INFO] EP 0154 | steps: 086 | reward: 8.5 | eps: 0.462 | len: 3
2025-05-19 18:12:45,956 [INFO] EP 0155 | steps: 068 | reward: 16.7 | eps: 0.460 | len: 4
2025-05-19 18:12:45,956 [INFO] EP 0156 | steps: 123 | reward: 22.2 | eps: 0.458 | len: 4
2025-05-19 18:12:45,957 [INFO] EP 0157 | steps: 160 | reward: 25.9 | eps: 0.455 | len: 4
2025-05-19 18:12:45,958 [INFO] EP 0158 | steps: 101 | reward: 20.0 | eps: 0.453 | len: 4
2025-05-19 18:12:45,958 [INFO] EP 0159 | steps: 096 | reward: 19.5 | eps: 0.451 | len: 4
2025-05-19 18:12:45,958 [INFO] EP 0160 | steps: 024 | reward: -7.7 | eps: 0.448 | len: 2
2025-05-19 18:12:45,959 [INFO] EP 0161 | steps: 049 | reward: 24.8 | eps: 0.446 | len: 5
2025-05-19 18:12:45,959 [INFO] EP 0162 | steps: 048 | reward: 14.7 | eps: 0.444 | len: 4
2025-05-19 18:12:45,959 [INFO] EP 0163 | steps: 065 | reward: 6.4 | eps: 0.442 | len: 3
2025-05-19 18:12:45,960 [INFO] EP 0164 | steps: 055 | reward: 15.4 | eps: 0.440 | len: 4
2025-05-19 18:12:45,960 [INFO] EP 0165 | steps: 039 | reward: 13.8 | eps: 0.437 | len: 4
2025-05-19 18:12:45,960 [INFO] EP 0166 | steps: 058 | reward: 15.7 | eps: 0.435 | len: 4
2025-05-19 18:12:45,960 [INFO] EP 0167 | steps: 062 | reward: 16.1 | eps: 0.433 | len: 4
2025-05-19 18:12:45,961 [INFO] EP 0168 | steps: 082 | reward: 18.1 | eps: 0.431 | len: 4
2025-05-19 18:12:45,961 [INFO] EP 0169 | steps: 059 | reward: 25.8 | eps: 0.429 | len: 5
2025-05-19 18:12:45,962 [INFO] EP 0170 | steps: 060 | reward: 15.9 | eps: 0.427 | len: 4
2025-05-19 18:12:45,962 [INFO] EP 0171 | steps: 066 | reward: 16.5 | eps: 0.424 | len: 4
2025-05-19 18:12:45,963 [INFO] EP 0172 | steps: 144 | reward: 24.3 | eps: 0.422 | len: 4
2025-05-19 18:12:45,963 [INFO] EP 0173 | steps: 106 | reward: 20.5 | eps: 0.420 | len: 4
2025-05-19 18:12:45,964 [INFO] EP 0174 | steps: 115 | reward: 31.4 | eps: 0.418 | len: 5
2025-05-19 18:12:45,965 [INFO] EP 0175 | steps: 040 | reward: 3.9 | eps: 0.416 | len: 3
2025-05-19 18:12:45,966 [INFO] EP 0176 | steps: 105 | reward: 20.4 | eps: 0.414 | len: 4
2025-05-19 18:12:45,966 [INFO] EP 0177 | steps: 035 | reward: -6.6 | eps: 0.412 | len: 2
2025-05-19 18:12:45,967 [INFO] EP 0178 | steps: 066 | reward: 16.5 | eps: 0.410 | len: 4
2025-05-19 18:12:45,969 [INFO] EP 0179 | steps: 126 | reward: 22.5 | eps: 0.408 | len: 4
2025-05-19 18:12:45,969 [INFO] EP 0180 | steps: 028 | reward: -7.3 | eps: 0.406 | len: 2
2025-05-19 18:12:45,970 [INFO] EP 0181 | steps: 046 | reward: -5.5 | eps: 0.404 | len: 2
2025-05-19 18:12:45,971 [INFO] EP 0182 | steps: 123 | reward: 22.2 | eps: 0.402 | len: 4
2025-05-19 18:12:45,972 [INFO] EP 0183 | steps: 057 | reward: 15.6 | eps: 0.400 | len: 4
2025-05-19 18:12:45,972 [INFO] EP 0184 | steps: 033 | reward: 3.2 | eps: 0.398 | len: 3
2025-05-19 18:12:45,973 [INFO] EP 0185 | steps: 077 | reward: 27.6 | eps: 0.396 | len: 5
2025-05-19 18:12:45,973 [INFO] EP 0186 | steps: 032 | reward: -6.9 | eps: 0.394 | len: 2
2025-05-19 18:12:45,974 [INFO] EP 0187 | steps: 099 | reward: 29.8 | eps: 0.392 | len: 5
2025-05-19 18:12:45,976 [INFO] EP 0188 | steps: 069 | reward: 16.8 | eps: 0.390 | len: 4
2025-05-19 18:12:45,976 [INFO] EP 0189 | steps: 066 | reward: 16.5 | eps: 0.388 | len: 4
2025-05-19 18:12:45,977 [INFO] EP 0190 | steps: 102 | reward: 20.1 | eps: 0.386 | len: 4
2025-05-19 18:12:45,978 [INFO] EP 0191 | steps: 040 | reward: 13.9 | eps: 0.384 | len: 4
2025-05-19 18:12:45,979 [INFO] EP 0192 | steps: 086 | reward: 38.5 | eps: 0.382 | len: 6
2025-05-19 18:12:45,980 [INFO] EP 0193 | steps: 139 | reward: 53.8 | eps: 0.380 | len: 7
2025-05-19 18:12:45,981 [INFO] EP 0194 | steps: 060 | reward: 15.9 | eps: 0.378 | len: 4
2025-05-19 18:12:45,982 [INFO] EP 0195 | steps: 101 | reward: 20.0 | eps: 0.376 | len: 4
2025-05-19 18:12:45,982 [INFO] EP 0196 | steps: 047 | reward: 14.6 | eps: 0.374 | len: 4
2025-05-19 18:12:45,983 [INFO] EP 0197 | steps: 077 | reward: 27.6 | eps: 0.373 | len: 5
2025-05-19 18:12:45,983 [INFO] EP 0198 | steps: 117 | reward: 31.6 | eps: 0.371 | len: 5
2025-05-19 18:12:45,984 [INFO] EP 0199 | steps: 026 | reward: 2.5 | eps: 0.369 | len: 3
2025-05-19 18:12:45,984 [INFO] EP 0200 | steps: 078 | reward: 7.7 | eps: 0.367 | len: 3
2025-05-19 18:12:50,662 [INFO] Episode 0200 video saved to runs\ep_0200\ep_0200.mp4
2025-05-19 18:12:50,662 [INFO] Episode 200 saved to runs\ep_0200
2025-05-19 18:12:50,663 [INFO] EP 0201 | steps: 130 | reward: 22.9 | eps: 0.365 | len: 4
2025-05-19 18:12:50,664 [INFO] EP 0202 | steps: 099 | reward: 19.8 | eps: 0.363 | len: 4
2025-05-19 18:12:50,665 [INFO] EP 0203 | steps: 125 | reward: 42.4 | eps: 0.361 | len: 6
2025-05-19 18:12:50,665 [INFO] EP 0204 | steps: 068 | reward: 16.7 | eps: 0.360 | len: 4
2025-05-19 18:12:50,666 [INFO] EP 0205 | steps: 106 | reward: 40.5 | eps: 0.358 | len: 6
2025-05-19 18:12:50,667 [INFO] EP 0206 | steps: 067 | reward: 26.6 | eps: 0.356 | len: 5
2025-05-19 18:12:50,668 [INFO] EP 0207 | steps: 144 | reward: 24.3 | eps: 0.354 | len: 4
2025-05-19 18:12:50,668 [INFO] EP 0208 | steps: 080 | reward: 17.9 | eps: 0.353 | len: 4
2025-05-19 18:12:50,669 [INFO] EP 0209 | steps: 069 | reward: 6.8 | eps: 0.351 | len: 3
2025-05-19 18:12:50,669 [INFO] EP 0210 | steps: 082 | reward: 18.1 | eps: 0.349 | len: 4
2025-05-19 18:12:50,669 [INFO] EP 0211 | steps: 025 | reward: -7.6 | eps: 0.347 | len: 2
2025-05-19 18:12:50,670 [INFO] EP 0212 | steps: 068 | reward: 16.7 | eps: 0.346 | len: 4
2025-05-19 18:12:50,670 [INFO] EP 0213 | steps: 156 | reward: 35.5 | eps: 0.344 | len: 5
2025-05-19 18:12:50,671 [INFO] EP 0214 | steps: 016 | reward: -8.5 | eps: 0.342 | len: 2
2025-05-19 18:12:50,671 [INFO] EP 0215 | steps: 034 | reward: 13.3 | eps: 0.340 | len: 4
2025-05-19 18:12:50,671 [INFO] EP 0216 | steps: 105 | reward: 40.4 | eps: 0.339 | len: 6
2025-05-19 18:12:50,672 [INFO] EP 0217 | steps: 067 | reward: 6.6 | eps: 0.337 | len: 3
2025-05-19 18:12:50,672 [INFO] EP 0218 | steps: 113 | reward: 21.2 | eps: 0.335 | len: 4
2025-05-19 18:12:50,673 [INFO] EP 0219 | steps: 067 | reward: 16.6 | eps: 0.334 | len: 4
2025-05-19 18:12:50,673 [INFO] EP 0220 | steps: 100 | reward: 29.9 | eps: 0.332 | len: 5
2025-05-19 18:12:50,674 [INFO] EP 0221 | steps: 158 | reward: 55.7 | eps: 0.330 | len: 7
2025-05-19 18:12:50,675 [INFO] EP 0222 | steps: 103 | reward: 20.2 | eps: 0.329 | len: 4
2025-05-19 18:12:50,675 [INFO] EP 0223 | steps: 056 | reward: 15.5 | eps: 0.327 | len: 4
2025-05-19 18:12:50,676 [INFO] EP 0224 | steps: 057 | reward: 15.6 | eps: 0.325 | len: 4
2025-05-19 18:12:50,676 [INFO] EP 0225 | steps: 067 | reward: 26.6 | eps: 0.324 | len: 5
2025-05-19 18:12:50,676 [INFO] EP 0226 | steps: 047 | reward: 14.6 | eps: 0.322 | len: 4
2025-05-19 18:12:50,677 [INFO] EP 0227 | steps: 047 | reward: 14.6 | eps: 0.321 | len: 4
2025-05-19 18:12:50,677 [INFO] EP 0228 | steps: 031 | reward: 13.0 | eps: 0.319 | len: 4
2025-05-19 18:12:50,678 [INFO] EP 0229 | steps: 132 | reward: 33.1 | eps: 0.317 | len: 5
2025-05-19 18:12:50,679 [INFO] EP 0230 | steps: 071 | reward: 17.0 | eps: 0.316 | len: 4
2025-05-19 18:12:50,680 [INFO] EP 0231 | steps: 088 | reward: 18.7 | eps: 0.314 | len: 4
2025-05-19 18:12:50,680 [INFO] EP 0232 | steps: 022 | reward: -7.9 | eps: 0.313 | len: 2
2025-05-19 18:12:50,681 [INFO] EP 0233 | steps: 055 | reward: 15.4 | eps: 0.311 | len: 4
2025-05-19 18:12:50,682 [INFO] EP 0234 | steps: 048 | reward: 14.7 | eps: 0.309 | len: 4
2025-05-19 18:12:50,683 [INFO] EP 0235 | steps: 167 | reward: 76.6 | eps: 0.308 | len: 9
2025-05-19 18:12:50,685 [INFO] EP 0236 | steps: 100 | reward: 49.9 | eps: 0.306 | len: 7
2025-05-19 18:12:50,686 [INFO] EP 0237 | steps: 038 | reward: 13.7 | eps: 0.305 | len: 4
2025-05-19 18:12:50,686 [INFO] EP 0238 | steps: 023 | reward: 12.2 | eps: 0.303 | len: 4
2025-05-19 18:12:50,688 [INFO] EP 0239 | steps: 113 | reward: 41.2 | eps: 0.302 | len: 6
2025-05-19 18:12:50,688 [INFO] EP 0240 | steps: 040 | reward: -6.1 | eps: 0.300 | len: 2
2025-05-19 18:12:50,688 [INFO] EP 0241 | steps: 021 | reward: 12.0 | eps: 0.299 | len: 4
2025-05-19 18:12:50,689 [INFO] EP 0242 | steps: 092 | reward: 29.1 | eps: 0.297 | len: 5
2025-05-19 18:12:50,690 [INFO] EP 0243 | steps: 033 | reward: 3.2 | eps: 0.296 | len: 3
2025-05-19 18:12:50,690 [INFO] EP 0244 | steps: 090 | reward: 18.9 | eps: 0.294 | len: 4
2025-05-19 18:12:50,691 [INFO] EP 0245 | steps: 020 | reward: -8.1 | eps: 0.293 | len: 2
2025-05-19 18:12:50,692 [INFO] EP 0246 | steps: 059 | reward: 15.8 | eps: 0.291 | len: 4
2025-05-19 18:12:50,692 [INFO] EP 0247 | steps: 054 | reward: 15.3 | eps: 0.290 | len: 4
2025-05-19 18:12:50,693 [INFO] EP 0248 | steps: 023 | reward: -7.8 | eps: 0.288 | len: 2
2025-05-19 18:12:50,693 [INFO] EP 0249 | steps: 079 | reward: 57.8 | eps: 0.287 | len: 8
2025-05-19 18:12:50,694 [INFO] EP 0250 | steps: 070 | reward: 16.9 | eps: 0.286 | len: 4
2025-05-19 18:12:50,694 [INFO] EP 0251 | steps: 055 | reward: 5.4 | eps: 0.284 | len: 3
2025-05-19 18:12:50,694 [INFO] EP 0252 | steps: 055 | reward: 15.4 | eps: 0.283 | len: 4
2025-05-19 18:12:50,696 [INFO] EP 0253 | steps: 206 | reward: 80.5 | eps: 0.281 | len: 9
2025-05-19 18:12:50,697 [INFO] EP 0254 | steps: 085 | reward: 28.4 | eps: 0.280 | len: 5
2025-05-19 18:12:50,697 [INFO] EP 0255 | steps: 035 | reward: 3.4 | eps: 0.279 | len: 3
2025-05-19 18:12:50,697 [INFO] EP 0256 | steps: 048 | reward: 14.7 | eps: 0.277 | len: 4
2025-05-19 18:12:50,698 [INFO] EP 0257 | steps: 058 | reward: 15.7 | eps: 0.276 | len: 4
2025-05-19 18:12:50,698 [INFO] EP 0258 | steps: 090 | reward: 18.9 | eps: 0.274 | len: 4
2025-05-19 18:12:50,699 [INFO] EP 0259 | steps: 136 | reward: 73.5 | eps: 0.273 | len: 9
2025-05-19 18:12:50,699 [INFO] EP 0260 | steps: 053 | reward: 15.2 | eps: 0.272 | len: 4
2025-05-19 18:12:50,700 [INFO] EP 0261 | steps: 112 | reward: 61.1 | eps: 0.270 | len: 8
2025-05-19 18:12:50,701 [INFO] EP 0262 | steps: 086 | reward: 18.5 | eps: 0.269 | len: 4
2025-05-19 18:12:50,702 [INFO] EP 0263 | steps: 154 | reward: 55.3 | eps: 0.268 | len: 7
2025-05-19 18:12:50,703 [INFO] EP 0264 | steps: 169 | reward: 76.8 | eps: 0.266 | len: 9
2025-05-19 18:12:50,704 [INFO] EP 0265 | steps: 150 | reward: 64.9 | eps: 0.265 | len: 8
2025-05-19 18:12:50,704 [INFO] EP 0266 | steps: 027 | reward: 12.6 | eps: 0.264 | len: 4
2025-05-19 18:12:50,705 [INFO] EP 0267 | steps: 067 | reward: 6.6 | eps: 0.262 | len: 3
2025-05-19 18:12:50,705 [INFO] EP 0268 | steps: 022 | reward: 2.1 | eps: 0.261 | len: 3
2025-05-19 18:12:50,706 [INFO] EP 0269 | steps: 184 | reward: 68.3 | eps: 0.260 | len: 8
2025-05-19 18:12:50,707 [INFO] EP 0270 | steps: 054 | reward: 15.3 | eps: 0.258 | len: 4
2025-05-19 18:12:50,708 [INFO] EP 0271 | steps: 150 | reward: 84.9 | eps: 0.257 | len: 10
2025-05-19 18:12:50,709 [INFO] EP 0272 | steps: 105 | reward: 20.4 | eps: 0.256 | len: 4
2025-05-19 18:12:50,709 [INFO] EP 0273 | steps: 057 | reward: 25.6 | eps: 0.255 | len: 5
2025-05-19 18:12:50,710 [INFO] EP 0274 | steps: 121 | reward: 32.0 | eps: 0.253 | len: 5
2025-05-19 18:12:50,710 [INFO] EP 0275 | steps: 049 | reward: 34.8 | eps: 0.252 | len: 6
2025-05-19 18:12:50,711 [INFO] EP 0276 | steps: 086 | reward: 58.5 | eps: 0.251 | len: 8
2025-05-19 18:12:50,712 [INFO] EP 0277 | steps: 123 | reward: 42.2 | eps: 0.249 | len: 6
2025-05-19 18:12:50,712 [INFO] EP 0278 | steps: 090 | reward: 28.9 | eps: 0.248 | len: 5
2025-05-19 18:12:50,712 [INFO] EP 0279 | steps: 037 | reward: 13.6 | eps: 0.247 | len: 4
2025-05-19 18:12:50,713 [INFO] EP 0280 | steps: 044 | reward: 14.3 | eps: 0.246 | len: 4
2025-05-19 18:12:50,713 [INFO] EP 0281 | steps: 095 | reward: 39.4 | eps: 0.245 | len: 6
2025-05-19 18:12:50,714 [INFO] EP 0282 | steps: 056 | reward: 15.5 | eps: 0.243 | len: 4
2025-05-19 18:12:50,714 [INFO] EP 0283 | steps: 059 | reward: 25.8 | eps: 0.242 | len: 5
2025-05-19 18:12:50,715 [INFO] EP 0284 | steps: 115 | reward: 51.4 | eps: 0.241 | len: 7
2025-05-19 18:12:50,716 [INFO] EP 0285 | steps: 099 | reward: 19.8 | eps: 0.240 | len: 4
2025-05-19 18:12:50,716 [INFO] EP 0286 | steps: 115 | reward: 61.4 | eps: 0.238 | len: 8
2025-05-19 18:12:50,717 [INFO] EP 0287 | steps: 130 | reward: 52.9 | eps: 0.237 | len: 7
2025-05-19 18:12:50,717 [INFO] EP 0288 | steps: 028 | reward: -7.3 | eps: 0.236 | len: 2
2025-05-19 18:12:50,718 [INFO] EP 0289 | steps: 037 | reward: 3.6 | eps: 0.235 | len: 3
2025-05-19 18:12:50,718 [INFO] EP 0290 | steps: 104 | reward: 30.3 | eps: 0.234 | len: 5
2025-05-19 18:12:50,719 [INFO] EP 0291 | steps: 148 | reward: 74.7 | eps: 0.233 | len: 9
2025-05-19 18:12:50,719 [INFO] EP 0292 | steps: 082 | reward: 38.1 | eps: 0.231 | len: 6
2025-05-19 18:12:50,720 [INFO] EP 0293 | steps: 083 | reward: 28.2 | eps: 0.230 | len: 5
2025-05-19 18:12:50,720 [INFO] EP 0294 | steps: 039 | reward: 13.8 | eps: 0.229 | len: 4
2025-05-19 18:12:50,721 [INFO] EP 0295 | steps: 056 | reward: 15.5 | eps: 0.228 | len: 4
2025-05-19 18:12:50,721 [INFO] EP 0296 | steps: 052 | reward: 15.1 | eps: 0.227 | len: 4
2025-05-19 18:12:50,722 [INFO] EP 0297 | steps: 179 | reward: 67.8 | eps: 0.226 | len: 8
2025-05-19 18:12:50,723 [INFO] EP 0298 | steps: 103 | reward: 50.2 | eps: 0.225 | len: 7
2025-05-19 18:12:50,725 [INFO] EP 0299 | steps: 184 | reward: 98.3 | eps: 0.223 | len: 11
2025-05-19 18:12:50,726 [INFO] EP 0300 | steps: 060 | reward: 5.9 | eps: 0.222 | len: 3
2025-05-19 18:12:55,634 [INFO] Episode 0300 video saved to runs\ep_0300\ep_0300.mp4
2025-05-19 18:12:55,634 [INFO] Episode 300 saved to runs\ep_0300
2025-05-19 18:12:55,635 [INFO] EP 0301 | steps: 087 | reward: 38.6 | eps: 0.221 | len: 6
2025-05-19 18:12:55,636 [INFO] EP 0302 | steps: 170 | reward: 76.9 | eps: 0.220 | len: 9
2025-05-19 18:12:55,637 [INFO] EP 0303 | steps: 091 | reward: 49.0 | eps: 0.219 | len: 7
2025-05-19 18:12:55,638 [INFO] EP 0304 | steps: 154 | reward: 65.3 | eps: 0.218 | len: 8
2025-05-19 18:12:55,638 [INFO] EP 0305 | steps: 109 | reward: 70.8 | eps: 0.217 | len: 9
2025-05-19 18:12:55,639 [INFO] EP 0306 | steps: 115 | reward: 31.4 | eps: 0.216 | len: 5
2025-05-19 18:12:55,640 [INFO] EP 0307 | steps: 083 | reward: 48.2 | eps: 0.215 | len: 7
2025-05-19 18:12:55,641 [INFO] EP 0308 | steps: 064 | reward: 26.3 | eps: 0.214 | len: 5
2025-05-19 18:12:55,641 [INFO] EP 0309 | steps: 057 | reward: 15.6 | eps: 0.212 | len: 4
2025-05-19 18:12:55,642 [INFO] EP 0310 | steps: 080 | reward: 37.9 | eps: 0.211 | len: 6
2025-05-19 18:12:55,642 [INFO] EP 0311 | steps: 066 | reward: 16.5 | eps: 0.210 | len: 4
2025-05-19 18:12:55,642 [INFO] EP 0312 | steps: 076 | reward: 27.5 | eps: 0.209 | len: 5
2025-05-19 18:12:55,643 [INFO] EP 0313 | steps: 128 | reward: 62.7 | eps: 0.208 | len: 8
2025-05-19 18:12:55,644 [INFO] EP 0314 | steps: 037 | reward: 13.6 | eps: 0.207 | len: 4
2025-05-19 18:12:55,644 [INFO] EP 0315 | steps: 035 | reward: 3.4 | eps: 0.206 | len: 3
2025-05-19 18:12:55,646 [INFO] EP 0316 | steps: 201 | reward: 70.0 | eps: 0.205 | len: 8
2025-05-19 18:12:55,647 [INFO] EP 0317 | steps: 132 | reward: 63.1 | eps: 0.204 | len: 8
2025-05-19 18:12:55,647 [INFO] EP 0318 | steps: 028 | reward: -7.3 | eps: 0.203 | len: 2
2025-05-19 18:12:55,648 [INFO] EP 0319 | steps: 153 | reward: 65.2 | eps: 0.202 | len: 8
2025-05-19 18:12:55,649 [INFO] EP 0320 | steps: 099 | reward: 49.8 | eps: 0.201 | len: 7
2025-05-19 18:12:55,649 [INFO] EP 0321 | steps: 062 | reward: 16.1 | eps: 0.200 | len: 4
2025-05-19 18:12:55,650 [INFO] EP 0322 | steps: 167 | reward: 36.6 | eps: 0.199 | len: 5
2025-05-19 18:12:55,651 [INFO] EP 0323 | steps: 077 | reward: 27.6 | eps: 0.198 | len: 5
2025-05-19 18:12:55,651 [INFO] EP 0324 | steps: 109 | reward: 30.8 | eps: 0.197 | len: 5
2025-05-19 18:12:55,652 [INFO] EP 0325 | steps: 080 | reward: 17.9 | eps: 0.196 | len: 4
2025-05-19 18:12:55,652 [INFO] EP 0326 | steps: 080 | reward: 17.9 | eps: 0.195 | len: 4
2025-05-19 18:12:55,653 [INFO] EP 0327 | steps: 096 | reward: 59.5 | eps: 0.194 | len: 8
2025-05-19 18:12:55,653 [INFO] EP 0328 | steps: 092 | reward: 29.1 | eps: 0.193 | len: 5
2025-05-19 18:12:55,654 [INFO] EP 0329 | steps: 061 | reward: 26.0 | eps: 0.192 | len: 5
2025-05-19 18:12:55,654 [INFO] EP 0330 | steps: 019 | reward: -8.2 | eps: 0.191 | len: 2
2025-05-19 18:12:55,655 [INFO] EP 0331 | steps: 168 | reward: 56.7 | eps: 0.190 | len: 7
2025-05-19 18:12:55,655 [INFO] EP 0332 | steps: 050 | reward: 24.9 | eps: 0.189 | len: 5
2025-05-19 18:12:55,656 [INFO] EP 0333 | steps: 124 | reward: 42.3 | eps: 0.188 | len: 6
2025-05-19 18:12:55,657 [INFO] EP 0334 | steps: 118 | reward: 71.7 | eps: 0.187 | len: 9
2025-05-19 18:12:55,657 [INFO] EP 0335 | steps: 136 | reward: 83.5 | eps: 0.187 | len: 10
2025-05-19 18:12:55,658 [INFO] EP 0336 | steps: 047 | reward: 24.6 | eps: 0.186 | len: 5
2025-05-19 18:12:55,658 [INFO] EP 0337 | steps: 089 | reward: 58.8 | eps: 0.185 | len: 8
2025-05-19 18:12:55,659 [INFO] EP 0338 | steps: 215 | reward: 131.4 | eps: 0.184 | len: 14
2025-05-19 18:12:55,660 [INFO] EP 0339 | steps: 048 | reward: 14.7 | eps: 0.183 | len: 4
2025-05-19 18:12:55,661 [INFO] EP 0340 | steps: 131 | reward: 43.0 | eps: 0.182 | len: 6
2025-05-19 18:12:55,661 [INFO] EP 0341 | steps: 013 | reward: -8.8 | eps: 0.181 | len: 2
2025-05-19 18:12:55,662 [INFO] EP 0342 | steps: 111 | reward: 51.0 | eps: 0.180 | len: 7
2025-05-19 18:12:55,662 [INFO] EP 0343 | steps: 053 | reward: 15.2 | eps: 0.179 | len: 4
2025-05-19 18:12:55,663 [INFO] EP 0344 | steps: 139 | reward: 53.8 | eps: 0.178 | len: 7
2025-05-19 18:12:55,664 [INFO] EP 0345 | steps: 219 | reward: 111.8 | eps: 0.177 | len: 12
2025-05-19 18:12:55,665 [INFO] EP 0346 | steps: 037 | reward: 3.6 | eps: 0.177 | len: 3
2025-05-19 18:12:55,665 [INFO] EP 0347 | steps: 045 | reward: 4.4 | eps: 0.176 | len: 3
2025-05-19 18:12:55,665 [INFO] EP 0348 | steps: 015 | reward: -8.6 | eps: 0.175 | len: 2
2025-05-19 18:12:55,667 [INFO] EP 0349 | steps: 230 | reward: 122.9 | eps: 0.174 | len: 13
2025-05-19 18:12:55,667 [INFO] EP 0350 | steps: 067 | reward: 26.6 | eps: 0.173 | len: 5
2025-05-19 18:12:55,667 [INFO] EP 0351 | steps: 055 | reward: 25.4 | eps: 0.172 | len: 5
2025-05-19 18:12:55,668 [INFO] EP 0352 | steps: 142 | reward: 64.1 | eps: 0.171 | len: 8
2025-05-19 18:12:55,668 [INFO] EP 0353 | steps: 042 | reward: 14.1 | eps: 0.170 | len: 4
2025-05-19 18:12:55,669 [INFO] EP 0354 | steps: 048 | reward: 24.7 | eps: 0.170 | len: 5
2025-05-19 18:12:55,669 [INFO] EP 0355 | steps: 034 | reward: 23.3 | eps: 0.169 | len: 5
2025-05-19 18:12:55,670 [INFO] EP 0356 | steps: 145 | reward: 84.4 | eps: 0.168 | len: 10
2025-05-19 18:12:55,670 [INFO] EP 0357 | steps: 119 | reward: 81.8 | eps: 0.167 | len: 10
2025-05-19 18:12:55,672 [INFO] EP 0358 | steps: 204 | reward: 100.3 | eps: 0.166 | len: 11
2025-05-19 18:12:55,672 [INFO] EP 0359 | steps: 181 | reward: 48.0 | eps: 0.165 | len: 6
2025-05-19 18:12:55,674 [INFO] EP 0360 | steps: 226 | reward: 122.5 | eps: 0.165 | len: 13
2025-05-19 18:12:55,674 [INFO] EP 0361 | steps: 070 | reward: 26.9 | eps: 0.164 | len: 5
2025-05-19 18:12:55,675 [INFO] EP 0362 | steps: 189 | reward: 98.8 | eps: 0.163 | len: 11
2025-05-19 18:12:55,676 [INFO] EP 0363 | steps: 192 | reward: 99.1 | eps: 0.162 | len: 11
2025-05-19 18:12:55,676 [INFO] EP 0364 | steps: 040 | reward: 13.9 | eps: 0.161 | len: 4
2025-05-19 18:12:55,677 [INFO] EP 0365 | steps: 217 | reward: 81.6 | eps: 0.160 | len: 9
2025-05-19 18:12:55,678 [INFO] EP 0366 | steps: 184 | reward: 78.3 | eps: 0.160 | len: 9
2025-05-19 18:12:55,679 [INFO] EP 0367 | steps: 028 | reward: 2.7 | eps: 0.159 | len: 3
2025-05-19 18:12:55,679 [INFO] EP 0368 | steps: 134 | reward: 73.3 | eps: 0.158 | len: 9
2025-05-19 18:12:55,680 [INFO] EP 0369 | steps: 140 | reward: 73.9 | eps: 0.157 | len: 9
2025-05-19 18:12:55,681 [INFO] EP 0370 | steps: 176 | reward: 87.5 | eps: 0.157 | len: 10
2025-05-19 18:12:55,682 [INFO] EP 0371 | steps: 098 | reward: 69.7 | eps: 0.156 | len: 9
2025-05-19 18:12:55,682 [INFO] EP 0372 | steps: 045 | reward: 4.4 | eps: 0.155 | len: 3
2025-05-19 18:12:55,682 [INFO] EP 0373 | steps: 090 | reward: 48.9 | eps: 0.154 | len: 7
2025-05-19 18:12:55,684 [INFO] Loop detected at EP 0374 after 178 steps.
2025-05-19 18:12:55,684 [INFO] EP 0374 | steps: 178 | reward: 97.8 | eps: 0.153 | len: 10
2025-05-19 18:12:55,684 [INFO] EP 0375 | steps: 125 | reward: 72.4 | eps: 0.153 | len: 9
2025-05-19 18:12:55,684 [INFO] EP 0376 | steps: 020 | reward: 1.9 | eps: 0.152 | len: 3
2025-05-19 18:12:55,685 [INFO] EP 0377 | steps: 110 | reward: 50.9 | eps: 0.151 | len: 7
2025-05-19 18:12:55,685 [INFO] EP 0378 | steps: 083 | reward: 38.2 | eps: 0.150 | len: 6
2025-05-19 18:12:55,686 [INFO] EP 0379 | steps: 102 | reward: 40.1 | eps: 0.150 | len: 6
2025-05-19 18:12:55,686 [INFO] EP 0380 | steps: 025 | reward: -7.6 | eps: 0.149 | len: 2
2025-05-19 18:12:55,686 [INFO] EP 0381 | steps: 039 | reward: 13.8 | eps: 0.148 | len: 4
2025-05-19 18:12:55,687 [INFO] EP 0382 | steps: 139 | reward: 63.8 | eps: 0.147 | len: 8
2025-05-19 18:12:55,688 [INFO] EP 0383 | steps: 080 | reward: 57.9 | eps: 0.147 | len: 8
2025-05-19 18:12:55,690 [INFO] EP 0384 | steps: 461 | reward: 186.0 | eps: 0.146 | len: 17
2025-05-19 18:12:55,691 [INFO] EP 0385 | steps: 062 | reward: 66.1 | eps: 0.145 | len: 9
2025-05-19 18:12:55,691 [INFO] EP 0386 | steps: 059 | reward: 15.8 | eps: 0.144 | len: 4
2025-05-19 18:12:55,692 [INFO] EP 0387 | steps: 185 | reward: 98.4 | eps: 0.144 | len: 11
2025-05-19 18:12:55,693 [INFO] EP 0388 | steps: 058 | reward: 15.7 | eps: 0.143 | len: 4
2025-05-19 18:12:55,693 [INFO] EP 0389 | steps: 088 | reward: 28.7 | eps: 0.142 | len: 5
2025-05-19 18:12:55,694 [INFO] EP 0390 | steps: 188 | reward: 118.7 | eps: 0.142 | len: 13
2025-05-19 18:12:55,695 [INFO] EP 0391 | steps: 091 | reward: 29.0 | eps: 0.141 | len: 5
2025-05-19 18:12:55,696 [INFO] EP 0392 | steps: 257 | reward: 155.6 | eps: 0.140 | len: 16
2025-05-19 18:12:55,697 [INFO] EP 0393 | steps: 177 | reward: 87.6 | eps: 0.139 | len: 10
2025-05-19 18:12:55,698 [INFO] EP 0394 | steps: 107 | reward: 60.6 | eps: 0.139 | len: 8
2025-05-19 18:12:55,698 [INFO] EP 0395 | steps: 030 | reward: 2.9 | eps: 0.138 | len: 3
2025-05-19 18:12:55,699 [INFO] EP 0396 | steps: 183 | reward: 78.2 | eps: 0.137 | len: 9
2025-05-19 18:12:55,700 [INFO] EP 0397 | steps: 143 | reward: 74.2 | eps: 0.137 | len: 9
2025-05-19 18:12:55,700 [INFO] EP 0398 | steps: 108 | reward: 40.7 | eps: 0.136 | len: 6
2025-05-19 18:12:55,701 [INFO] EP 0399 | steps: 084 | reward: 38.3 | eps: 0.135 | len: 6
2025-05-19 18:12:55,702 [INFO] EP 0400 | steps: 132 | reward: 53.1 | eps: 0.135 | len: 7
2025-05-19 18:13:07,604 [INFO] Episode 0400 video saved to runs\ep_0400\ep_0400.mp4
2025-05-19 18:13:07,604 [INFO] Episode 400 saved to runs\ep_0400
2025-05-19 18:13:07,605 [INFO] EP 0401 | steps: 176 | reward: 97.5 | eps: 0.134 | len: 11
2025-05-19 18:13:07,605 [INFO] EP 0402 | steps: 044 | reward: 24.3 | eps: 0.133 | len: 5
2025-05-19 18:13:07,606 [INFO] EP 0403 | steps: 110 | reward: 50.9 | eps: 0.133 | len: 7
2025-05-19 18:13:07,607 [INFO] EP 0404 | steps: 126 | reward: 72.5 | eps: 0.132 | len: 9
2025-05-19 18:13:07,607 [INFO] EP 0405 | steps: 123 | reward: 62.2 | eps: 0.131 | len: 8
2025-05-19 18:13:07,609 [INFO] EP 0406 | steps: 203 | reward: 110.2 | eps: 0.131 | len: 12
2025-05-19 18:13:07,609 [INFO] EP 0407 | steps: 085 | reward: 68.4 | eps: 0.130 | len: 9
2025-05-19 18:13:07,611 [INFO] Loop detected at EP 0408 after 257 steps.
2025-05-19 18:13:07,611 [INFO] EP 0408 | steps: 257 | reward: 145.7 | eps: 0.129 | len: 14
2025-05-19 18:13:07,612 [INFO] Loop detected at EP 0409 after 282 steps.
2025-05-19 18:13:07,612 [INFO] EP 0409 | steps: 282 | reward: 138.2 | eps: 0.129 | len: 13
2025-05-19 18:13:07,613 [INFO] EP 0410 | steps: 116 | reward: 71.5 | eps: 0.128 | len: 9
2025-05-19 18:13:07,614 [INFO] EP 0411 | steps: 260 | reward: 175.9 | eps: 0.127 | len: 18
2025-05-19 18:13:07,616 [INFO] Loop detected at EP 0412 after 176 steps.
2025-05-19 18:13:07,616 [INFO] EP 0412 | steps: 176 | reward: 87.6 | eps: 0.127 | len: 9
2025-05-19 18:13:07,616 [INFO] EP 0413 | steps: 031 | reward: 13.0 | eps: 0.126 | len: 4
2025-05-19 18:13:07,617 [INFO] Loop detected at EP 0414 after 251 steps.
2025-05-19 18:13:07,617 [INFO] EP 0414 | steps: 251 | reward: 145.1 | eps: 0.126 | len: 14
2025-05-19 18:13:07,618 [INFO] EP 0415 | steps: 016 | reward: 1.5 | eps: 0.125 | len: 3
2025-05-19 18:13:07,618 [INFO] EP 0416 | steps: 102 | reward: 40.1 | eps: 0.124 | len: 6
2025-05-19 18:13:07,619 [INFO] EP 0417 | steps: 200 | reward: 129.9 | eps: 0.124 | len: 14
2025-05-19 18:13:07,620 [INFO] EP 0418 | steps: 100 | reward: 39.9 | eps: 0.123 | len: 6
2025-05-19 18:13:07,620 [INFO] EP 0419 | steps: 066 | reward: 26.5 | eps: 0.122 | len: 5
2025-05-19 18:13:07,621 [INFO] EP 0420 | steps: 109 | reward: 50.8 | eps: 0.122 | len: 7
2025-05-19 18:13:07,621 [INFO] EP 0421 | steps: 123 | reward: 62.2 | eps: 0.121 | len: 8
2025-05-19 18:13:07,622 [INFO] EP 0422 | steps: 089 | reward: 28.8 | eps: 0.121 | len: 5
2025-05-19 18:13:07,623 [INFO] EP 0423 | steps: 232 | reward: 133.1 | eps: 0.120 | len: 14
2025-05-19 18:13:07,624 [INFO] EP 0424 | steps: 124 | reward: 52.3 | eps: 0.119 | len: 7
2025-05-19 18:13:07,625 [INFO] EP 0425 | steps: 136 | reward: 73.5 | eps: 0.119 | len: 9
2025-05-19 18:13:07,625 [INFO] EP 0426 | steps: 106 | reward: 50.5 | eps: 0.118 | len: 7
2025-05-19 18:13:07,625 [INFO] EP 0427 | steps: 028 | reward: 12.7 | eps: 0.118 | len: 4
2025-05-19 18:13:07,626 [INFO] EP 0428 | steps: 046 | reward: 14.5 | eps: 0.117 | len: 4
2025-05-19 18:13:07,626 [INFO] EP 0429 | steps: 053 | reward: 15.2 | eps: 0.116 | len: 4
2025-05-19 18:13:07,627 [INFO] EP 0430 | steps: 230 | reward: 142.9 | eps: 0.116 | len: 15
2025-05-19 18:13:07,628 [INFO] EP 0431 | steps: 205 | reward: 70.4 | eps: 0.115 | len: 8
2025-05-19 18:13:07,630 [INFO] EP 0432 | steps: 242 | reward: 134.1 | eps: 0.115 | len: 14
2025-05-19 18:13:07,631 [INFO] EP 0433 | steps: 234 | reward: 103.3 | eps: 0.114 | len: 11
2025-05-19 18:13:07,632 [INFO] EP 0434 | steps: 196 | reward: 129.5 | eps: 0.114 | len: 14
2025-05-19 18:13:07,633 [INFO] EP 0435 | steps: 187 | reward: 78.6 | eps: 0.113 | len: 9
2025-05-19 18:13:07,635 [INFO] Loop detected at EP 0436 after 239 steps.
2025-05-19 18:13:07,635 [INFO] EP 0436 | steps: 239 | reward: 163.9 | eps: 0.112 | len: 16
2025-05-19 18:13:07,636 [INFO] EP 0437 | steps: 202 | reward: 110.1 | eps: 0.112 | len: 12
2025-05-19 18:13:07,638 [INFO] EP 0438 | steps: 328 | reward: 202.7 | eps: 0.111 | len: 20
2025-05-19 18:13:07,639 [INFO] EP 0439 | steps: 152 | reward: 115.1 | eps: 0.111 | len: 13
2025-05-19 18:13:07,640 [INFO] Loop detected at EP 0440 after 189 steps.
2025-05-19 18:13:07,640 [INFO] EP 0440 | steps: 189 | reward: 118.9 | eps: 0.110 | len: 12
2025-05-19 18:13:07,641 [INFO] EP 0441 | steps: 181 | reward: 98.0 | eps: 0.110 | len: 11
2025-05-19 18:13:07,642 [INFO] EP 0442 | steps: 149 | reward: 74.8 | eps: 0.109 | len: 9
2025-05-19 18:13:07,643 [INFO] EP 0443 | steps: 203 | reward: 140.2 | eps: 0.109 | len: 15
2025-05-19 18:13:07,643 [INFO] EP 0444 | steps: 016 | reward: -8.5 | eps: 0.108 | len: 2
2025-05-19 18:13:07,643 [INFO] EP 0445 | steps: 066 | reward: 26.5 | eps: 0.107 | len: 5
2025-05-19 18:13:07,644 [INFO] EP 0446 | steps: 062 | reward: 16.1 | eps: 0.107 | len: 4
2025-05-19 18:13:07,645 [INFO] EP 0447 | steps: 176 | reward: 87.5 | eps: 0.106 | len: 10
2025-05-19 18:13:07,645 [INFO] EP 0448 | steps: 052 | reward: 15.1 | eps: 0.106 | len: 4
2025-05-19 18:13:07,646 [INFO] EP 0449 | steps: 217 | reward: 121.6 | eps: 0.105 | len: 13
2025-05-19 18:13:07,647 [INFO] EP 0450 | steps: 068 | reward: 26.7 | eps: 0.105 | len: 5
2025-05-19 18:13:07,648 [INFO] EP 0451 | steps: 265 | reward: 146.4 | eps: 0.104 | len: 15
2025-05-19 18:13:07,649 [INFO] EP 0452 | steps: 160 | reward: 85.9 | eps: 0.104 | len: 10
2025-05-19 18:13:07,650 [INFO] EP 0453 | steps: 196 | reward: 109.5 | eps: 0.103 | len: 12
2025-05-19 18:13:07,651 [INFO] EP 0454 | steps: 136 | reward: 63.5 | eps: 0.103 | len: 8
2025-05-19 18:13:07,651 [INFO] EP 0455 | steps: 034 | reward: 13.3 | eps: 0.102 | len: 4
2025-05-19 18:13:07,652 [INFO] EP 0456 | steps: 127 | reward: 42.6 | eps: 0.102 | len: 6
2025-05-19 18:13:07,652 [INFO] Loop detected at EP 0457 after 161 steps.
2025-05-19 18:13:07,653 [INFO] EP 0457 | steps: 161 | reward: 76.1 | eps: 0.101 | len: 8
2025-05-19 18:13:07,654 [INFO] Loop detected at EP 0458 after 206 steps.
2025-05-19 18:13:07,654 [INFO] EP 0458 | steps: 206 | reward: 130.6 | eps: 0.101 | len: 13
2025-05-19 18:13:07,654 [INFO] EP 0459 | steps: 094 | reward: 29.3 | eps: 0.100 | len: 5
2025-05-19 18:13:07,655 [INFO] EP 0460 | steps: 176 | reward: 107.5 | eps: 0.100 | len: 12
2025-05-19 18:13:07,656 [INFO] EP 0461 | steps: 147 | reward: 94.6 | eps: 0.099 | len: 11
2025-05-19 18:13:07,657 [INFO] EP 0462 | steps: 180 | reward: 117.9 | eps: 0.099 | len: 13
2025-05-19 18:13:07,658 [INFO] EP 0463 | steps: 113 | reward: 31.2 | eps: 0.098 | len: 5
2025-05-19 18:13:07,660 [INFO] EP 0464 | steps: 251 | reward: 105.0 | eps: 0.098 | len: 11
2025-05-19 18:13:07,661 [INFO] EP 0465 | steps: 182 | reward: 88.1 | eps: 0.097 | len: 10
2025-05-19 18:13:07,662 [INFO] EP 0466 | steps: 145 | reward: 44.4 | eps: 0.097 | len: 6
2025-05-19 18:13:07,662 [INFO] EP 0467 | steps: 025 | reward: 2.4 | eps: 0.096 | len: 3
2025-05-19 18:13:07,663 [INFO] EP 0468 | steps: 081 | reward: 28.0 | eps: 0.096 | len: 5
2025-05-19 18:13:07,665 [INFO] EP 0469 | steps: 310 | reward: 210.9 | eps: 0.095 | len: 21
2025-05-19 18:13:07,667 [INFO] EP 0470 | steps: 266 | reward: 156.5 | eps: 0.095 | len: 16
2025-05-19 18:13:07,668 [INFO] EP 0471 | steps: 123 | reward: 52.2 | eps: 0.094 | len: 7
2025-05-19 18:13:07,668 [INFO] EP 0472 | steps: 091 | reward: 39.0 | eps: 0.094 | len: 6
2025-05-19 18:13:07,669 [INFO] EP 0473 | steps: 203 | reward: 90.2 | eps: 0.093 | len: 10
2025-05-19 18:13:07,671 [INFO] EP 0474 | steps: 261 | reward: 146.0 | eps: 0.093 | len: 15
2025-05-19 18:13:07,672 [INFO] EP 0475 | steps: 115 | reward: 71.4 | eps: 0.092 | len: 9
2025-05-19 18:13:07,673 [INFO] Loop detected at EP 0476 after 296 steps.
2025-05-19 18:13:07,673 [INFO] EP 0476 | steps: 296 | reward: 139.6 | eps: 0.092 | len: 13
2025-05-19 18:13:07,674 [INFO] EP 0477 | steps: 043 | reward: 14.2 | eps: 0.092 | len: 4
2025-05-19 18:13:07,674 [INFO] EP 0478 | steps: 108 | reward: 40.7 | eps: 0.091 | len: 6
2025-05-19 18:13:07,675 [INFO] EP 0479 | steps: 103 | reward: 30.2 | eps: 0.091 | len: 5
2025-05-19 18:13:07,676 [INFO] EP 0480 | steps: 130 | reward: 52.9 | eps: 0.090 | len: 7
2025-05-19 18:13:07,676 [INFO] EP 0481 | steps: 034 | reward: 3.3 | eps: 0.090 | len: 3
2025-05-19 18:13:07,676 [INFO] EP 0482 | steps: 038 | reward: 13.7 | eps: 0.089 | len: 4
2025-05-19 18:13:07,677 [INFO] EP 0483 | steps: 126 | reward: 72.5 | eps: 0.089 | len: 9
2025-05-19 18:13:07,678 [INFO] EP 0484 | steps: 155 | reward: 85.4 | eps: 0.088 | len: 10
2025-05-19 18:13:07,679 [INFO] EP 0485 | steps: 264 | reward: 96.3 | eps: 0.088 | len: 10
2025-05-19 18:13:07,679 [INFO] EP 0486 | steps: 019 | reward: -8.2 | eps: 0.088 | len: 2
2025-05-19 18:13:07,680 [INFO] EP 0487 | steps: 133 | reward: 53.2 | eps: 0.087 | len: 7
2025-05-19 18:13:07,681 [INFO] EP 0488 | steps: 209 | reward: 160.8 | eps: 0.087 | len: 17
2025-05-19 18:13:07,682 [INFO] Loop detected at EP 0489 after 233 steps.
2025-05-19 18:13:07,682 [INFO] EP 0489 | steps: 233 | reward: 143.3 | eps: 0.086 | len: 14
2025-05-19 18:13:07,683 [INFO] EP 0490 | steps: 137 | reward: 83.6 | eps: 0.086 | len: 10
2025-05-19 18:13:07,684 [INFO] EP 0491 | steps: 158 | reward: 105.7 | eps: 0.085 | len: 12
2025-05-19 18:13:07,685 [INFO] EP 0492 | steps: 066 | reward: 26.5 | eps: 0.085 | len: 5
2025-05-19 18:13:07,686 [INFO] Loop detected at EP 0493 after 217 steps.
2025-05-19 18:13:07,686 [INFO] EP 0493 | steps: 217 | reward: 121.7 | eps: 0.084 | len: 12
2025-05-19 18:13:07,687 [INFO] Loop detected at EP 0494 after 219 steps.
2025-05-19 18:13:07,687 [INFO] EP 0494 | steps: 219 | reward: 131.9 | eps: 0.084 | len: 13
2025-05-19 18:13:07,688 [INFO] EP 0495 | steps: 055 | reward: 15.4 | eps: 0.084 | len: 4
2025-05-19 18:13:07,689 [INFO] EP 0496 | steps: 153 | reward: 95.2 | eps: 0.083 | len: 11
2025-05-19 18:13:07,689 [INFO] EP 0497 | steps: 037 | reward: 3.6 | eps: 0.083 | len: 3
2025-05-19 18:13:07,690 [INFO] Loop detected at EP 0498 after 210 steps.
2025-05-19 18:13:07,690 [INFO] EP 0498 | steps: 210 | reward: 121.0 | eps: 0.082 | len: 12
2025-05-19 18:13:07,691 [INFO] EP 0499 | steps: 219 | reward: 101.8 | eps: 0.082 | len: 11
2025-05-19 18:13:07,693 [INFO] Loop detected at EP 0500 after 308 steps.
2025-05-19 18:13:07,693 [INFO] EP 0500 | steps: 308 | reward: 190.8 | eps: 0.082 | len: 18
2025-05-19 18:13:13,290 [INFO] Episode 0500 video saved to runs\ep_0500\ep_0500.mp4
2025-05-19 18:13:13,290 [INFO] Episode 500 saved to runs\ep_0500
2025-05-19 18:13:13,291 [INFO] Loop detected at EP 0501 after 233 steps.
2025-05-19 18:13:13,292 [INFO] EP 0501 | steps: 233 | reward: 133.3 | eps: 0.081 | len: 13
2025-05-19 18:13:13,293 [INFO] Loop detected at EP 0502 after 199 steps.
2025-05-19 18:13:13,293 [INFO] EP 0502 | steps: 199 | reward: 119.9 | eps: 0.081 | len: 12
2025-05-19 18:13:13,294 [INFO] EP 0503 | steps: 136 | reward: 83.5 | eps: 0.080 | len: 10
2025-05-19 18:13:13,295 [INFO] Loop detected at EP 0504 after 184 steps.
2025-05-19 18:13:13,295 [INFO] EP 0504 | steps: 184 | reward: 108.4 | eps: 0.080 | len: 11
2025-05-19 18:13:13,296 [INFO] Loop detected at EP 0505 after 192 steps.
2025-05-19 18:13:13,296 [INFO] EP 0505 | steps: 192 | reward: 99.2 | eps: 0.080 | len: 10
2025-05-19 18:13:13,296 [INFO] EP 0506 | steps: 024 | reward: -7.7 | eps: 0.079 | len: 2
2025-05-19 18:13:13,297 [INFO] EP 0507 | steps: 224 | reward: 122.3 | eps: 0.079 | len: 13
2025-05-19 18:13:13,298 [INFO] EP 0508 | steps: 094 | reward: 49.3 | eps: 0.078 | len: 7
2025-05-19 18:13:13,298 [INFO] EP 0509 | steps: 065 | reward: 16.4 | eps: 0.078 | len: 4
2025-05-19 18:13:13,299 [INFO] EP 0510 | steps: 091 | reward: 59.0 | eps: 0.078 | len: 8
2025-05-19 18:13:13,299 [INFO] EP 0511 | steps: 117 | reward: 71.6 | eps: 0.077 | len: 9
2025-05-19 18:13:13,299 [INFO] EP 0512 | steps: 030 | reward: 2.9 | eps: 0.077 | len: 3
2025-05-19 18:13:13,300 [INFO] EP 0513 | steps: 116 | reward: 61.5 | eps: 0.076 | len: 8
2025-05-19 18:13:13,301 [INFO] EP 0514 | steps: 104 | reward: 40.3 | eps: 0.076 | len: 6
2025-05-19 18:13:13,302 [INFO] Loop detected at EP 0515 after 267 steps.
2025-05-19 18:13:13,302 [INFO] EP 0515 | steps: 267 | reward: 136.7 | eps: 0.076 | len: 13
2025-05-19 18:13:13,303 [INFO] EP 0516 | steps: 120 | reward: 61.9 | eps: 0.075 | len: 8
2025-05-19 18:13:13,304 [INFO] EP 0517 | steps: 087 | reward: 28.6 | eps: 0.075 | len: 5
2025-05-19 18:13:13,304 [INFO] EP 0518 | steps: 047 | reward: 14.6 | eps: 0.075 | len: 4
2025-05-19 18:13:13,304 [INFO] EP 0519 | steps: 081 | reward: 48.0 | eps: 0.074 | len: 7
2025-05-19 18:13:13,305 [INFO] EP 0520 | steps: 157 | reward: 85.6 | eps: 0.074 | len: 10
2025-05-19 18:13:13,306 [INFO] EP 0521 | steps: 043 | reward: 34.2 | eps: 0.073 | len: 6
2025-05-19 18:13:13,306 [INFO] EP 0522 | steps: 050 | reward: 4.9 | eps: 0.073 | len: 3
2025-05-19 18:13:13,307 [INFO] Loop detected at EP 0523 after 240 steps.
2025-05-19 18:13:13,307 [INFO] EP 0523 | steps: 240 | reward: 134.0 | eps: 0.073 | len: 13
2025-05-19 18:13:13,308 [INFO] EP 0524 | steps: 088 | reward: 48.7 | eps: 0.072 | len: 7
2025-05-19 18:13:13,310 [INFO] EP 0525 | steps: 298 | reward: 139.7 | eps: 0.072 | len: 14
2025-05-19 18:13:13,311 [INFO] EP 0526 | steps: 196 | reward: 99.5 | eps: 0.072 | len: 11
2025-05-19 18:13:13,312 [INFO] EP 0527 | steps: 122 | reward: 62.1 | eps: 0.071 | len: 8
2025-05-19 18:13:13,312 [INFO] EP 0528 | steps: 090 | reward: 28.9 | eps: 0.071 | len: 5
2025-05-19 18:13:13,313 [INFO] EP 0529 | steps: 063 | reward: 16.2 | eps: 0.071 | len: 4
2025-05-19 18:13:13,315 [INFO] Loop detected at EP 0530 after 416 steps.
2025-05-19 18:13:13,315 [INFO] EP 0530 | steps: 416 | reward: 231.6 | eps: 0.070 | len: 21
2025-05-19 18:13:13,316 [INFO] EP 0531 | steps: 182 | reward: 118.1 | eps: 0.070 | len: 13
2025-05-19 18:13:13,317 [INFO] EP 0532 | steps: 153 | reward: 95.2 | eps: 0.069 | len: 11
2025-05-19 18:13:13,318 [INFO] EP 0533 | steps: 044 | reward: 14.3 | eps: 0.069 | len: 4
2025-05-19 18:13:13,318 [INFO] EP 0534 | steps: 169 | reward: 76.8 | eps: 0.069 | len: 9
2025-05-19 18:13:13,319 [INFO] EP 0535 | steps: 026 | reward: -7.5 | eps: 0.068 | len: 2
2025-05-19 18:13:13,319 [INFO] EP 0536 | steps: 077 | reward: 37.6 | eps: 0.068 | len: 6
2025-05-19 18:13:13,323 [INFO] Loop detected at EP 0537 after 297 steps.
2025-05-19 18:13:13,323 [INFO] EP 0537 | steps: 297 | reward: 199.7 | eps: 0.068 | len: 19
2025-05-19 18:13:13,323 [INFO] EP 0538 | steps: 012 | reward: 1.1 | eps: 0.067 | len: 3
2025-05-19 18:13:13,324 [INFO] EP 0539 | steps: 057 | reward: 15.6 | eps: 0.067 | len: 4
2025-05-19 18:13:13,326 [INFO] Loop detected at EP 0540 after 256 steps.
2025-05-19 18:13:13,326 [INFO] EP 0540 | steps: 256 | reward: 165.6 | eps: 0.067 | len: 16
2025-05-19 18:13:13,328 [INFO] Loop detected at EP 0541 after 203 steps.
2025-05-19 18:13:13,328 [INFO] EP 0541 | steps: 203 | reward: 150.3 | eps: 0.066 | len: 15
2025-05-19 18:13:13,328 [INFO] EP 0542 | steps: 062 | reward: 16.1 | eps: 0.066 | len: 4
2025-05-19 18:13:13,329 [INFO] EP 0543 | steps: 121 | reward: 82.0 | eps: 0.066 | len: 10
2025-05-19 18:13:13,330 [INFO] EP 0544 | steps: 129 | reward: 92.8 | eps: 0.065 | len: 11
2025-05-19 18:13:13,330 [INFO] EP 0545 | steps: 068 | reward: 36.7 | eps: 0.065 | len: 6
2025-05-19 18:13:13,331 [INFO] EP 0546 | steps: 147 | reward: 94.6 | eps: 0.065 | len: 11
2025-05-19 18:13:13,332 [INFO] EP 0547 | steps: 236 | reward: 123.5 | eps: 0.064 | len: 13
2025-05-19 18:13:13,333 [INFO] EP 0548 | steps: 086 | reward: 38.5 | eps: 0.064 | len: 6
2025-05-19 18:13:13,333 [INFO] EP 0549 | steps: 027 | reward: 12.6 | eps: 0.064 | len: 4
2025-05-19 18:13:13,334 [INFO] Loop detected at EP 0550 after 293 steps.
2025-05-19 18:13:13,334 [INFO] EP 0550 | steps: 293 | reward: 159.3 | eps: 0.063 | len: 15
2025-05-19 18:13:13,336 [INFO] Loop detected at EP 0551 after 192 steps.
2025-05-19 18:13:13,336 [INFO] EP 0551 | steps: 192 | reward: 99.2 | eps: 0.063 | len: 10
2025-05-19 18:13:13,337 [INFO] Loop detected at EP 0552 after 248 steps.
2025-05-19 18:13:13,337 [INFO] EP 0552 | steps: 248 | reward: 164.8 | eps: 0.063 | len: 16
2025-05-19 18:13:13,338 [INFO] Loop detected at EP 0553 after 135 steps.
2025-05-19 18:13:13,338 [INFO] EP 0553 | steps: 135 | reward: 73.5 | eps: 0.063 | len: 8
2025-05-19 18:13:13,338 [INFO] EP 0554 | steps: 124 | reward: 52.3 | eps: 0.062 | len: 7
2025-05-19 18:13:13,339 [INFO] EP 0555 | steps: 069 | reward: 26.8 | eps: 0.062 | len: 5
2025-05-19 18:13:13,340 [INFO] Loop detected at EP 0556 after 201 steps.
2025-05-19 18:13:13,340 [INFO] EP 0556 | steps: 201 | reward: 120.1 | eps: 0.062 | len: 12
2025-05-19 18:13:13,342 [INFO] EP 0557 | steps: 237 | reward: 133.6 | eps: 0.061 | len: 14
2025-05-19 18:13:13,342 [INFO] EP 0558 | steps: 032 | reward: 13.1 | eps: 0.061 | len: 4
2025-05-19 18:13:13,343 [INFO] EP 0559 | steps: 086 | reward: 48.5 | eps: 0.061 | len: 7
2025-05-19 18:13:13,345 [INFO] Loop detected at EP 0560 after 245 steps.
2025-05-19 18:13:13,345 [INFO] EP 0560 | steps: 245 | reward: 204.5 | eps: 0.060 | len: 20
2025-05-19 18:13:13,346 [INFO] EP 0561 | steps: 125 | reward: 72.4 | eps: 0.060 | len: 9
2025-05-19 18:13:13,346 [INFO] EP 0562 | steps: 058 | reward: 35.7 | eps: 0.060 | len: 6
2025-05-19 18:13:13,348 [INFO] EP 0563 | steps: 261 | reward: 156.0 | eps: 0.059 | len: 16
2025-05-19 18:13:13,351 [INFO] Loop detected at EP 0564 after 272 steps.
2025-05-19 18:13:13,351 [INFO] EP 0564 | steps: 272 | reward: 177.2 | eps: 0.059 | len: 17
2025-05-19 18:13:13,352 [INFO] EP 0565 | steps: 167 | reward: 76.6 | eps: 0.059 | len: 9
2025-05-19 18:13:13,353 [INFO] EP 0566 | steps: 136 | reward: 83.5 | eps: 0.059 | len: 10
2025-05-19 18:13:13,355 [INFO] EP 0567 | steps: 199 | reward: 119.8 | eps: 0.058 | len: 13
2025-05-19 18:13:13,355 [INFO] EP 0568 | steps: 037 | reward: 13.6 | eps: 0.058 | len: 4
2025-05-19 18:13:13,356 [INFO] EP 0569 | steps: 094 | reward: 49.3 | eps: 0.058 | len: 7
2025-05-19 18:13:13,356 [INFO] EP 0570 | steps: 037 | reward: 13.6 | eps: 0.057 | len: 4
2025-05-19 18:13:13,359 [INFO] EP 0571 | steps: 305 | reward: 180.4 | eps: 0.057 | len: 18
2025-05-19 18:13:13,359 [INFO] EP 0572 | steps: 012 | reward: -8.9 | eps: 0.057 | len: 2
2025-05-19 18:13:13,362 [INFO] Loop detected at EP 0573 after 310 steps.
2025-05-19 18:13:13,363 [INFO] EP 0573 | steps: 310 | reward: 181.0 | eps: 0.057 | len: 17
2025-05-19 18:13:13,365 [INFO] Loop detected at EP 0574 after 210 steps.
2025-05-19 18:13:13,365 [INFO] EP 0574 | steps: 210 | reward: 111.0 | eps: 0.056 | len: 11
2025-05-19 18:13:13,366 [INFO] EP 0575 | steps: 080 | reward: 57.9 | eps: 0.056 | len: 8
2025-05-19 18:13:13,367 [INFO] EP 0576 | steps: 178 | reward: 127.7 | eps: 0.056 | len: 14
2025-05-19 18:13:13,368 [INFO] Loop detected at EP 0577 after 201 steps.
2025-05-19 18:13:13,369 [INFO] EP 0577 | steps: 201 | reward: 110.1 | eps: 0.055 | len: 11
2025-05-19 18:13:13,370 [INFO] EP 0578 | steps: 159 | reward: 75.8 | eps: 0.055 | len: 9
2025-05-19 18:13:13,371 [INFO] Loop detected at EP 0579 after 240 steps.
2025-05-19 18:13:13,371 [INFO] EP 0579 | steps: 240 | reward: 154.0 | eps: 0.055 | len: 15
2025-05-19 18:13:13,372 [INFO] Loop detected at EP 0580 after 184 steps.
2025-05-19 18:13:13,372 [INFO] EP 0580 | steps: 184 | reward: 98.4 | eps: 0.055 | len: 10
2025-05-19 18:13:13,373 [INFO] EP 0581 | steps: 151 | reward: 75.0 | eps: 0.054 | len: 9
2025-05-19 18:13:13,374 [INFO] Loop detected at EP 0582 after 217 steps.
2025-05-19 18:13:13,374 [INFO] EP 0582 | steps: 217 | reward: 141.7 | eps: 0.054 | len: 14
2025-05-19 18:13:13,375 [INFO] Loop detected at EP 0583 after 239 steps.
2025-05-19 18:13:13,375 [INFO] EP 0583 | steps: 239 | reward: 143.9 | eps: 0.054 | len: 14
2025-05-19 18:13:13,377 [INFO] Loop detected at EP 0584 after 236 steps.
2025-05-19 18:13:13,377 [INFO] EP 0584 | steps: 236 | reward: 153.6 | eps: 0.054 | len: 15
2025-05-19 18:13:13,377 [INFO] EP 0585 | steps: 035 | reward: 23.4 | eps: 0.053 | len: 5
2025-05-19 18:13:13,378 [INFO] Loop detected at EP 0586 after 233 steps.
2025-05-19 18:13:13,379 [INFO] EP 0586 | steps: 233 | reward: 183.3 | eps: 0.053 | len: 18
2025-05-19 18:13:13,380 [INFO] Loop detected at EP 0587 after 149 steps.
2025-05-19 18:13:13,380 [INFO] EP 0587 | steps: 149 | reward: 74.9 | eps: 0.053 | len: 8
2025-05-19 18:13:13,381 [INFO] EP 0588 | steps: 117 | reward: 61.6 | eps: 0.052 | len: 8
2025-05-19 18:13:13,383 [INFO] Loop detected at EP 0589 after 200 steps.
2025-05-19 18:13:13,383 [INFO] EP 0589 | steps: 200 | reward: 100.0 | eps: 0.052 | len: 10
2025-05-19 18:13:13,386 [INFO] Loop detected at EP 0590 after 201 steps.
2025-05-19 18:13:13,386 [INFO] EP 0590 | steps: 201 | reward: 120.1 | eps: 0.052 | len: 12
2025-05-19 18:13:13,388 [INFO] Loop detected at EP 0591 after 236 steps.
2025-05-19 18:13:13,388 [INFO] EP 0591 | steps: 236 | reward: 133.6 | eps: 0.052 | len: 13
2025-05-19 18:13:13,390 [INFO] Loop detected at EP 0592 after 220 steps.
2025-05-19 18:13:13,390 [INFO] EP 0592 | steps: 220 | reward: 152.0 | eps: 0.051 | len: 15
2025-05-19 18:13:13,391 [INFO] EP 0593 | steps: 104 | reward: 60.3 | eps: 0.051 | len: 8
2025-05-19 18:13:13,391 [INFO] EP 0594 | steps: 118 | reward: 71.7 | eps: 0.051 | len: 9
2025-05-19 18:13:13,393 [INFO] EP 0595 | steps: 164 | reward: 116.3 | eps: 0.051 | len: 13
2025-05-19 18:13:13,393 [INFO] EP 0596 | steps: 044 | reward: 24.3 | eps: 0.050 | len: 5
2025-05-19 18:13:13,395 [INFO] EP 0597 | steps: 299 | reward: 189.8 | eps: 0.050 | len: 19
2025-05-19 18:13:13,396 [INFO] EP 0598 | steps: 081 | reward: 58.0 | eps: 0.050 | len: 8
2025-05-19 18:13:13,396 [INFO] EP 0599 | steps: 037 | reward: 13.6 | eps: 0.050 | len: 4
2025-05-19 18:13:13,397 [INFO] Loop detected at EP 0600 after 251 steps.
2025-05-19 18:13:13,397 [INFO] EP 0600 | steps: 251 | reward: 155.1 | eps: 0.049 | len: 15
2025-05-19 18:13:31,770 [INFO] Episode 0600 video saved to runs\ep_0600\ep_0600.mp4
2025-05-19 18:13:31,770 [INFO] Episode 600 saved to runs\ep_0600
2025-05-19 18:13:31,771 [INFO] EP 0601 | steps: 110 | reward: 60.9 | eps: 0.049 | len: 8
2025-05-19 18:13:31,772 [INFO] EP 0602 | steps: 070 | reward: 46.9 | eps: 0.049 | len: 7
2025-05-19 18:13:31,773 [INFO] EP 0603 | steps: 148 | reward: 84.7 | eps: 0.049 | len: 10
2025-05-19 18:13:31,773 [INFO] EP 0604 | steps: 124 | reward: 62.3 | eps: 0.048 | len: 8
2025-05-19 18:13:31,775 [INFO] EP 0605 | steps: 241 | reward: 184.0 | eps: 0.048 | len: 19
2025-05-19 18:13:31,775 [INFO] EP 0606 | steps: 064 | reward: 36.3 | eps: 0.048 | len: 6
2025-05-19 18:13:31,776 [INFO] EP 0607 | steps: 201 | reward: 100.0 | eps: 0.048 | len: 11
2025-05-19 18:13:31,778 [INFO] Loop detected at EP 0608 after 310 steps.
2025-05-19 18:13:31,778 [INFO] EP 0608 | steps: 310 | reward: 201.0 | eps: 0.047 | len: 19
2025-05-19 18:13:31,781 [INFO] EP 0609 | steps: 278 | reward: 197.7 | eps: 0.047 | len: 20
2025-05-19 18:13:31,783 [INFO] EP 0610 | steps: 079 | reward: 47.8 | eps: 0.047 | len: 7
2025-05-19 18:13:31,784 [INFO] EP 0611 | steps: 114 | reward: 51.3 | eps: 0.047 | len: 7
2025-05-19 18:13:31,788 [INFO] Loop detected at EP 0612 after 214 steps.
2025-05-19 18:13:31,788 [INFO] EP 0612 | steps: 214 | reward: 131.4 | eps: 0.047 | len: 13
2025-05-19 18:13:31,790 [INFO] Loop detected at EP 0613 after 147 steps.
2025-05-19 18:13:31,790 [INFO] EP 0613 | steps: 147 | reward: 74.7 | eps: 0.046 | len: 8
2025-05-19 18:13:31,793 [INFO] Loop detected at EP 0614 after 221 steps.
2025-05-19 18:13:31,793 [INFO] EP 0614 | steps: 221 | reward: 142.1 | eps: 0.046 | len: 14
2025-05-19 18:13:31,795 [INFO] EP 0615 | steps: 151 | reward: 75.0 | eps: 0.046 | len: 9
2025-05-19 18:13:31,796 [INFO] EP 0616 | steps: 185 | reward: 118.4 | eps: 0.046 | len: 13
2025-05-19 18:13:31,798 [INFO] Loop detected at EP 0617 after 236 steps.
2025-05-19 18:13:31,798 [INFO] EP 0617 | steps: 236 | reward: 183.6 | eps: 0.045 | len: 18
2025-05-19 18:13:31,799 [INFO] EP 0618 | steps: 066 | reward: 56.5 | eps: 0.045 | len: 8
2025-05-19 18:13:31,800 [INFO] Loop detected at EP 0619 after 243 steps.
2025-05-19 18:13:31,800 [INFO] EP 0619 | steps: 243 | reward: 164.3 | eps: 0.045 | len: 16
2025-05-19 18:13:31,802 [INFO] Loop detected at EP 0620 after 169 steps.
2025-05-19 18:13:31,802 [INFO] EP 0620 | steps: 169 | reward: 116.9 | eps: 0.045 | len: 12
2025-05-19 18:13:31,804 [INFO] Loop detected at EP 0621 after 279 steps.
2025-05-19 18:13:31,804 [INFO] EP 0621 | steps: 279 | reward: 167.9 | eps: 0.044 | len: 16
2025-05-19 18:13:31,804 [INFO] EP 0622 | steps: 062 | reward: 36.1 | eps: 0.044 | len: 6
2025-05-19 18:13:31,805 [INFO] Loop detected at EP 0623 after 199 steps.
2025-05-19 18:13:31,805 [INFO] EP 0623 | steps: 199 | reward: 99.9 | eps: 0.044 | len: 10
2025-05-19 18:13:31,807 [INFO] EP 0624 | steps: 237 | reward: 153.6 | eps: 0.044 | len: 16
2025-05-19 18:13:31,808 [INFO] Loop detected at EP 0625 after 215 steps.
2025-05-19 18:13:31,808 [INFO] EP 0625 | steps: 215 | reward: 151.5 | eps: 0.044 | len: 15
2025-05-19 18:13:31,810 [INFO] EP 0626 | steps: 241 | reward: 104.0 | eps: 0.043 | len: 11
2025-05-19 18:13:31,810 [INFO] EP 0627 | steps: 111 | reward: 61.0 | eps: 0.043 | len: 8
2025-05-19 18:13:31,811 [INFO] EP 0628 | steps: 139 | reward: 63.8 | eps: 0.043 | len: 8
2025-05-19 18:13:31,812 [INFO] EP 0629 | steps: 237 | reward: 93.6 | eps: 0.043 | len: 10
2025-05-19 18:13:31,814 [INFO] EP 0630 | steps: 312 | reward: 121.1 | eps: 0.043 | len: 12
2025-05-19 18:13:31,815 [INFO] Loop detected at EP 0631 after 188 steps.
2025-05-19 18:13:31,815 [INFO] EP 0631 | steps: 188 | reward: 108.8 | eps: 0.042 | len: 11
2025-05-19 18:13:31,816 [INFO] EP 0632 | steps: 103 | reward: 50.2 | eps: 0.042 | len: 7
2025-05-19 18:13:31,817 [INFO] Loop detected at EP 0633 after 206 steps.
2025-05-19 18:13:31,817 [INFO] EP 0633 | steps: 206 | reward: 120.6 | eps: 0.042 | len: 12
2025-05-19 18:13:31,819 [INFO] Loop detected at EP 0634 after 315 steps.
2025-05-19 18:13:31,819 [INFO] EP 0634 | steps: 315 | reward: 221.5 | eps: 0.042 | len: 21
2025-05-19 18:13:31,821 [INFO] Loop detected at EP 0635 after 283 steps.
2025-05-19 18:13:31,821 [INFO] EP 0635 | steps: 283 | reward: 188.3 | eps: 0.041 | len: 18
2025-05-19 18:13:31,823 [INFO] EP 0636 | steps: 276 | reward: 177.5 | eps: 0.041 | len: 18
2025-05-19 18:13:31,825 [INFO] Loop detected at EP 0637 after 206 steps.
2025-05-19 18:13:31,825 [INFO] EP 0637 | steps: 206 | reward: 100.6 | eps: 0.041 | len: 10
2025-05-19 18:13:31,825 [INFO] EP 0638 | steps: 054 | reward: 15.3 | eps: 0.041 | len: 4
2025-05-19 18:13:31,827 [INFO] EP 0639 | steps: 256 | reward: 155.5 | eps: 0.041 | len: 16
2025-05-19 18:13:31,828 [INFO] EP 0640 | steps: 084 | reward: 38.3 | eps: 0.040 | len: 6
2025-05-19 18:13:31,829 [INFO] EP 0641 | steps: 188 | reward: 108.7 | eps: 0.040 | len: 12
2025-05-19 18:13:31,830 [INFO] Loop detected at EP 0642 after 199 steps.
2025-05-19 18:13:31,831 [INFO] EP 0642 | steps: 199 | reward: 139.9 | eps: 0.040 | len: 14
2025-05-19 18:13:31,832 [INFO] EP 0643 | steps: 147 | reward: 84.6 | eps: 0.040 | len: 10
2025-05-19 18:13:31,834 [INFO] Loop detected at EP 0644 after 266 steps.
2025-05-19 18:13:31,834 [INFO] EP 0644 | steps: 266 | reward: 196.6 | eps: 0.040 | len: 19
2025-05-19 18:13:31,835 [INFO] Loop detected at EP 0645 after 217 steps.
2025-05-19 18:13:31,835 [INFO] EP 0645 | steps: 217 | reward: 151.7 | eps: 0.039 | len: 15
2025-05-19 18:13:31,837 [INFO] Loop detected at EP 0646 after 207 steps.
2025-05-19 18:13:31,837 [INFO] EP 0646 | steps: 207 | reward: 140.7 | eps: 0.039 | len: 14
2025-05-19 18:13:31,837 [INFO] EP 0647 | steps: 105 | reward: 40.4 | eps: 0.039 | len: 6
2025-05-19 18:13:31,839 [INFO] EP 0648 | steps: 307 | reward: 190.6 | eps: 0.039 | len: 19
2025-05-19 18:13:31,840 [INFO] EP 0649 | steps: 084 | reward: 48.3 | eps: 0.039 | len: 7
2025-05-19 18:13:31,840 [INFO] EP 0650 | steps: 055 | reward: 25.4 | eps: 0.038 | len: 5
2025-05-19 18:13:31,843 [INFO] Loop detected at EP 0651 after 317 steps.
2025-05-19 18:13:31,843 [INFO] EP 0651 | steps: 317 | reward: 171.7 | eps: 0.038 | len: 16
2025-05-19 18:13:31,844 [INFO] EP 0652 | steps: 115 | reward: 51.4 | eps: 0.038 | len: 7
2025-05-19 18:13:31,845 [INFO] Loop detected at EP 0653 after 201 steps.
2025-05-19 18:13:31,845 [INFO] EP 0653 | steps: 201 | reward: 140.1 | eps: 0.038 | len: 14
2025-05-19 18:13:31,847 [INFO] Loop detected at EP 0654 after 341 steps.
2025-05-19 18:13:31,847 [INFO] EP 0654 | steps: 341 | reward: 214.1 | eps: 0.038 | len: 20
2025-05-19 18:13:31,848 [INFO] EP 0655 | steps: 033 | reward: 3.2 | eps: 0.038 | len: 3
2025-05-19 18:13:31,849 [INFO] EP 0656 | steps: 188 | reward: 98.7 | eps: 0.037 | len: 11
2025-05-19 18:13:31,849 [INFO] EP 0657 | steps: 033 | reward: 13.2 | eps: 0.037 | len: 4
2025-05-19 18:13:31,849 [INFO] EP 0658 | steps: 040 | reward: 3.9 | eps: 0.037 | len: 3
2025-05-19 18:13:31,850 [INFO] EP 0659 | steps: 140 | reward: 53.9 | eps: 0.037 | len: 7
2025-05-19 18:13:31,853 [INFO] Loop detected at EP 0660 after 371 steps.
2025-05-19 18:13:31,853 [INFO] EP 0660 | steps: 371 | reward: 227.1 | eps: 0.037 | len: 21
2025-05-19 18:13:31,855 [INFO] Loop detected at EP 0661 after 188 steps.
2025-05-19 18:13:31,856 [INFO] EP 0661 | steps: 188 | reward: 88.8 | eps: 0.036 | len: 9
2025-05-19 18:13:31,857 [INFO] EP 0662 | steps: 071 | reward: 47.0 | eps: 0.036 | len: 7
2025-05-19 18:13:31,860 [INFO] Loop detected at EP 0663 after 257 steps.
2025-05-19 18:13:31,860 [INFO] EP 0663 | steps: 257 | reward: 155.7 | eps: 0.036 | len: 15
2025-05-19 18:13:31,862 [INFO] EP 0664 | steps: 134 | reward: 83.3 | eps: 0.036 | len: 10
2025-05-19 18:13:31,865 [INFO] Loop detected at EP 0665 after 268 steps.
2025-05-19 18:13:31,865 [INFO] EP 0665 | steps: 268 | reward: 146.8 | eps: 0.036 | len: 14
2025-05-19 18:13:31,866 [INFO] EP 0666 | steps: 152 | reward: 105.1 | eps: 0.035 | len: 12
2025-05-19 18:13:31,868 [INFO] Loop detected at EP 0667 after 180 steps.
2025-05-19 18:13:31,868 [INFO] EP 0667 | steps: 180 | reward: 108.0 | eps: 0.035 | len: 11
2025-05-19 18:13:31,871 [INFO] Loop detected at EP 0668 after 287 steps.
2025-05-19 18:13:31,871 [INFO] EP 0668 | steps: 287 | reward: 168.7 | eps: 0.035 | len: 16
2025-05-19 18:13:31,873 [INFO] Loop detected at EP 0669 after 208 steps.
2025-05-19 18:13:31,873 [INFO] EP 0669 | steps: 208 | reward: 100.8 | eps: 0.035 | len: 10
2025-05-19 18:13:31,875 [INFO] EP 0670 | steps: 304 | reward: 160.3 | eps: 0.035 | len: 16
2025-05-19 18:13:31,877 [INFO] Loop detected at EP 0671 after 194 steps.
2025-05-19 18:13:31,877 [INFO] EP 0671 | steps: 194 | reward: 119.4 | eps: 0.035 | len: 12
2025-05-19 18:13:31,878 [INFO] EP 0672 | steps: 147 | reward: 94.6 | eps: 0.034 | len: 11
2025-05-19 18:13:31,879 [INFO] EP 0673 | steps: 154 | reward: 95.3 | eps: 0.034 | len: 11
2025-05-19 18:13:31,880 [INFO] EP 0674 | steps: 214 | reward: 131.3 | eps: 0.034 | len: 14
2025-05-19 18:13:31,882 [INFO] EP 0675 | steps: 303 | reward: 160.2 | eps: 0.034 | len: 16
2025-05-19 18:13:31,883 [INFO] EP 0676 | steps: 152 | reward: 75.1 | eps: 0.034 | len: 9
2025-05-19 18:13:31,884 [INFO] EP 0677 | steps: 176 | reward: 147.5 | eps: 0.034 | len: 16
2025-05-19 18:13:31,886 [INFO] Loop detected at EP 0678 after 224 steps.
2025-05-19 18:13:31,886 [INFO] EP 0678 | steps: 224 | reward: 132.4 | eps: 0.033 | len: 13
2025-05-19 18:13:31,887 [INFO] Loop detected at EP 0679 after 215 steps.
2025-05-19 18:13:31,887 [INFO] EP 0679 | steps: 215 | reward: 141.5 | eps: 0.033 | len: 14
2025-05-19 18:13:31,889 [INFO] Loop detected at EP 0680 after 236 steps.
2025-05-19 18:13:31,889 [INFO] EP 0680 | steps: 236 | reward: 143.6 | eps: 0.033 | len: 14
2025-05-19 18:13:31,890 [INFO] EP 0681 | steps: 246 | reward: 124.5 | eps: 0.033 | len: 13
2025-05-19 18:13:31,892 [INFO] EP 0682 | steps: 360 | reward: 215.9 | eps: 0.033 | len: 21
2025-05-19 18:13:31,894 [INFO] Loop detected at EP 0683 after 289 steps.
2025-05-19 18:13:31,894 [INFO] EP 0683 | steps: 289 | reward: 158.9 | eps: 0.033 | len: 15
2025-05-19 18:13:31,895 [INFO] Loop detected at EP 0684 after 217 steps.
2025-05-19 18:13:31,895 [INFO] EP 0684 | steps: 217 | reward: 141.7 | eps: 0.032 | len: 14
2025-05-19 18:13:31,897 [INFO] Loop detected at EP 0685 after 212 steps.
2025-05-19 18:13:31,897 [INFO] EP 0685 | steps: 212 | reward: 131.2 | eps: 0.032 | len: 13
2025-05-19 18:13:31,899 [INFO] Loop detected at EP 0686 after 180 steps.
2025-05-19 18:13:31,899 [INFO] EP 0686 | steps: 180 | reward: 138.0 | eps: 0.032 | len: 14
2025-05-19 18:13:31,903 [INFO] EP 0687 | steps: 247 | reward: 124.6 | eps: 0.032 | len: 13
2025-05-19 18:13:31,906 [INFO] Loop detected at EP 0688 after 176 steps.
2025-05-19 18:13:31,906 [INFO] EP 0688 | steps: 176 | reward: 87.6 | eps: 0.032 | len: 9
2025-05-19 18:13:31,911 [INFO] Loop detected at EP 0689 after 368 steps.
2025-05-19 18:13:31,911 [INFO] EP 0689 | steps: 368 | reward: 266.8 | eps: 0.032 | len: 25
2025-05-19 18:13:31,915 [INFO] EP 0690 | steps: 331 | reward: 213.0 | eps: 0.031 | len: 21
2025-05-19 18:13:31,918 [INFO] Loop detected at EP 0691 after 270 steps.
2025-05-19 18:13:31,918 [INFO] EP 0691 | steps: 270 | reward: 157.0 | eps: 0.031 | len: 15
2025-05-19 18:13:31,918 [INFO] EP 0692 | steps: 024 | reward: 2.3 | eps: 0.031 | len: 3
2025-05-19 18:13:31,918 [INFO] EP 0693 | steps: 015 | reward: -8.6 | eps: 0.031 | len: 2
2025-05-19 18:13:31,920 [INFO] Loop detected at EP 0694 after 248 steps.
2025-05-19 18:13:31,920 [INFO] EP 0694 | steps: 248 | reward: 114.8 | eps: 0.031 | len: 11
2025-05-19 18:13:31,921 [INFO] EP 0695 | steps: 091 | reward: 79.0 | eps: 0.031 | len: 10
2025-05-19 18:13:31,923 [INFO] Loop detected at EP 0696 after 252 steps.
2025-05-19 18:13:31,923 [INFO] EP 0696 | steps: 252 | reward: 165.2 | eps: 0.031 | len: 16
2025-05-19 18:13:31,924 [INFO] EP 0697 | steps: 129 | reward: 102.8 | eps: 0.030 | len: 12
2025-05-19 18:13:31,925 [INFO] Loop detected at EP 0698 after 204 steps.
2025-05-19 18:13:31,925 [INFO] EP 0698 | steps: 204 | reward: 110.4 | eps: 0.030 | len: 11
2025-05-19 18:13:31,926 [INFO] EP 0699 | steps: 149 | reward: 84.8 | eps: 0.030 | len: 10
2025-05-19 18:13:31,928 [INFO] Loop detected at EP 0700 after 194 steps.
2025-05-19 18:13:31,928 [INFO] EP 0700 | steps: 194 | reward: 119.4 | eps: 0.030 | len: 12
