2025-05-19 18:02:23,893 [INFO] ==== DQN training started ====
2025-05-19 18:02:23,967 [INFO] EP 0001 | steps:456 | reward: 105.50 | length:09 | eps:0.139
2025-05-19 18:02:23,984 [INFO] EP 0002 | steps:098 | reward:  39.70 | length:06 | eps:0.085
2025-05-19 18:02:24,113 [INFO] EP 0003 | steps:750 | reward: 325.00 | length:27 | eps:0.050
2025-05-19 18:02:24,174 [INFO] EP 0004 | steps:373 | reward: 167.20 | length:16 | eps:0.050
2025-05-19 18:02:24,191 [INFO] EP 0005 | steps:099 | reward:  19.80 | length:04 | eps:0.050
2025-05-19 18:02:24,223 [INFO] EP 0006 | steps:173 | reward:  67.20 | length:08 | eps:0.050
2025-05-19 18:02:24,324 [INFO] EP 0007 | steps:412 | reward: 221.10 | length:21 | eps:0.050
2025-05-19 18:02:24,459 [INFO] EP 0008 | steps:750 | reward: 325.00 | length:27 | eps:0.050
2025-05-19 18:02:24,477 [INFO] EP 0009 | steps:105 | reward:  10.40 | length:03 | eps:0.050
2025-05-19 18:02:24,534 [INFO] EP 0010 | steps:312 | reward: 151.10 | length:15 | eps:0.050
2025-05-19 18:02:24,674 [INFO] EP 0011 | steps:750 | reward: 325.00 | length:27 | eps:0.050
2025-05-19 18:02:24,765 [INFO] EP 0012 | steps:473 | reward: 147.20 | length:13 | eps:0.050
2025-05-19 18:02:24,802 [INFO] EP 0013 | steps:196 | reward:  79.50 | length:09 | eps:0.050
2025-05-19 18:02:24,816 [INFO] EP 0014 | steps:084 | reward:  38.30 | length:06 | eps:0.050
2025-05-19 18:02:24,829 [INFO] EP 0015 | steps:065 | reward:  16.40 | length:04 | eps:0.050
2025-05-19 18:02:24,858 [INFO] EP 0016 | steps:162 | reward:  56.10 | length:07 | eps:0.050
2025-05-19 18:02:24,884 [INFO] EP 0017 | steps:149 | reward:  64.80 | length:08 | eps:0.050
2025-05-19 18:02:24,949 [INFO] EP 0018 | steps:327 | reward: 102.60 | length:10 | eps:0.050
2025-05-19 18:02:25,035 [INFO] EP 0019 | steps:426 | reward: 162.50 | length:15 | eps:0.050
2025-05-19 18:02:25,101 [INFO] EP 0020 | steps:355 | reward: 125.40 | length:12 | eps:0.050
2025-05-19 18:02:25,169 [INFO] EP 0021 | steps:261 | reward: 106.00 | length:11 | eps:0.050
2025-05-19 18:02:25,244 [INFO] EP 0022 | steps:297 | reward: 119.60 | length:12 | eps:0.050
2025-05-19 18:02:25,296 [INFO] EP 0023 | steps:254 | reward:  95.30 | length:10 | eps:0.050
2025-05-19 18:02:25,430 [INFO] EP 0024 | steps:674 | reward: 227.30 | length:19 | eps:0.050
2025-05-19 18:02:25,510 [INFO] EP 0025 | steps:443 | reward: 224.20 | length:21 | eps:0.050
2025-05-19 18:02:25,533 [INFO] EP 0026 | steps:120 | reward:  41.90 | length:06 | eps:0.050
2025-05-19 18:02:25,580 [INFO] EP 0027 | steps:246 | reward: 114.50 | length:12 | eps:0.050
2025-05-19 18:02:25,639 [INFO] EP 0028 | steps:298 | reward:  99.70 | length:10 | eps:0.050
2025-05-19 18:02:25,677 [INFO] EP 0029 | steps:214 | reward:  71.30 | length:08 | eps:0.050
2025-05-19 18:02:25,696 [INFO] EP 0030 | steps:103 | reward:  20.20 | length:04 | eps:0.050
2025-05-19 18:02:25,719 [INFO] EP 0031 | steps:119 | reward:  41.80 | length:06 | eps:0.050
2025-05-19 18:02:25,858 [INFO] EP 0032 | steps:716 | reward: 331.50 | length:29 | eps:0.050
2025-05-19 18:02:26,001 [INFO] EP 0033 | steps:750 | reward: 335.00 | length:28 | eps:0.050
2025-05-19 18:02:26,024 [INFO] EP 0034 | steps:118 | reward:  61.70 | length:08 | eps:0.050
2025-05-19 18:02:26,086 [INFO] EP 0035 | steps:346 | reward: 164.50 | length:16 | eps:0.050
2025-05-19 18:02:26,209 [INFO] EP 0036 | steps:720 | reward: 341.90 | length:30 | eps:0.050
2025-05-19 18:02:26,236 [INFO] EP 0037 | steps:149 | reward:  54.80 | length:07 | eps:0.050
2025-05-19 18:02:26,271 [INFO] EP 0038 | steps:211 | reward:  81.00 | length:09 | eps:0.050
2025-05-19 18:02:26,367 [INFO] EP 0039 | steps:548 | reward: 224.70 | length:20 | eps:0.050
2025-05-19 18:02:26,385 [INFO] EP 0040 | steps:111 | reward:  41.00 | length:06 | eps:0.050
2025-05-19 18:02:26,400 [INFO] EP 0041 | steps:090 | reward:  28.90 | length:05 | eps:0.050
2025-05-19 18:02:26,454 [INFO] EP 0042 | steps:298 | reward: 109.70 | length:11 | eps:0.050
2025-05-19 18:02:26,481 [INFO] EP 0043 | steps:158 | reward:  85.70 | length:10 | eps:0.050
2025-05-19 18:02:26,512 [INFO] EP 0044 | steps:176 | reward:  77.50 | length:09 | eps:0.050
2025-05-19 18:02:26,532 [INFO] EP 0045 | steps:109 | reward:  30.80 | length:05 | eps:0.050
2025-05-19 18:02:26,554 [INFO] EP 0046 | steps:114 | reward:  41.30 | length:06 | eps:0.050
2025-05-19 18:02:26,629 [INFO] EP 0047 | steps:425 | reward: 212.40 | length:20 | eps:0.050
2025-05-19 18:02:26,683 [INFO] EP 0048 | steps:313 | reward: 141.20 | length:14 | eps:0.050
2025-05-19 18:02:26,753 [INFO] EP 0049 | steps:411 | reward: 191.00 | length:18 | eps:0.050
2025-05-19 18:02:26,794 [INFO] EP 0050 | steps:239 | reward:  93.80 | length:10 | eps:0.050
2025-05-19 18:02:26,903 [INFO] EP 0051 | steps:601 | reward: 240.00 | length:21 | eps:0.050
2025-05-19 18:02:26,946 [INFO] EP 0052 | steps:203 | reward:  70.20 | length:08 | eps:0.050
2025-05-19 18:02:27,037 [INFO] EP 0053 | steps:478 | reward: 177.70 | length:16 | eps:0.050
2025-05-19 18:02:27,046 [INFO] EP 0054 | steps:047 | reward:  14.60 | length:04 | eps:0.050
2025-05-19 18:02:27,188 [INFO] EP 0055 | steps:750 | reward: 325.00 | length:27 | eps:0.050
2025-05-19 18:02:27,203 [INFO] EP 0056 | steps:085 | reward:  38.40 | length:06 | eps:0.050
2025-05-19 18:02:27,291 [INFO] EP 0057 | steps:481 | reward: 288.00 | length:27 | eps:0.050
2025-05-19 18:02:27,322 [INFO] EP 0058 | steps:150 | reward:  64.90 | length:08 | eps:0.050
2025-05-19 18:02:27,339 [INFO] EP 0059 | steps:082 | reward:  28.10 | length:05 | eps:0.050
2025-05-19 18:02:27,455 [INFO] EP 0060 | steps:587 | reward: 288.60 | length:26 | eps:0.050
2025-05-19 18:02:27,606 [INFO] EP 0061 | steps:750 | reward: 305.00 | length:25 | eps:0.050
2025-05-19 18:02:27,630 [INFO] EP 0062 | steps:125 | reward:  32.40 | length:05 | eps:0.050
2025-05-19 18:02:27,667 [INFO] EP 0063 | steps:190 | reward:  88.90 | length:10 | eps:0.050
2025-05-19 18:02:27,721 [INFO] EP 0064 | steps:274 | reward: 127.30 | length:13 | eps:0.050
2025-05-19 18:02:27,802 [INFO] EP 0065 | steps:422 | reward: 172.10 | length:16 | eps:0.050
2025-05-19 18:02:27,825 [INFO] EP 0066 | steps:119 | reward:  51.80 | length:07 | eps:0.050
2025-05-19 18:02:27,880 [INFO] EP 0067 | steps:302 | reward: 140.10 | length:14 | eps:0.050
2025-05-19 18:02:27,970 [INFO] EP 0068 | steps:463 | reward: 206.20 | length:19 | eps:0.050
2025-05-19 18:02:28,029 [INFO] EP 0069 | steps:315 | reward: 161.40 | length:16 | eps:0.050
2025-05-19 18:02:28,038 [INFO] EP 0070 | steps:043 | reward:  14.20 | length:04 | eps:0.050
2025-05-19 18:02:28,063 [INFO] EP 0071 | steps:129 | reward:  52.80 | length:07 | eps:0.050
2025-05-19 18:02:28,097 [INFO] EP 0072 | steps:185 | reward:  68.40 | length:08 | eps:0.050
2025-05-19 18:02:28,110 [INFO] EP 0073 | steps:073 | reward:  17.20 | length:04 | eps:0.050
2025-05-19 18:02:28,172 [INFO] EP 0074 | steps:329 | reward: 152.80 | length:15 | eps:0.050
2025-05-19 18:02:28,306 [INFO] EP 0075 | steps:750 | reward: 345.00 | length:29 | eps:0.050
2025-05-19 18:02:28,389 [INFO] EP 0076 | steps:465 | reward: 216.40 | length:20 | eps:0.050
2025-05-19 18:02:28,395 [INFO] EP 0077 | steps:032 | reward:  13.10 | length:04 | eps:0.050
2025-05-19 18:02:28,506 [INFO] EP 0078 | steps:595 | reward: 299.40 | length:27 | eps:0.050
2025-05-19 18:02:28,627 [INFO] EP 0079 | steps:657 | reward: 285.60 | length:25 | eps:0.050
2025-05-19 18:02:28,767 [INFO] EP 0080 | steps:750 | reward: 375.00 | length:32 | eps:0.050
2025-05-19 18:02:28,811 [INFO] EP 0081 | steps:243 | reward: 114.20 | length:12 | eps:0.050
2025-05-19 18:02:28,823 [INFO] EP 0082 | steps:065 | reward:  26.40 | length:05 | eps:0.050
2025-05-19 18:02:28,928 [INFO] EP 0083 | steps:574 | reward: 257.30 | length:23 | eps:0.050
2025-05-19 18:02:28,959 [INFO] EP 0084 | steps:165 | reward:  46.40 | length:06 | eps:0.050
2025-05-19 18:02:29,032 [INFO] EP 0085 | steps:405 | reward: 200.40 | length:19 | eps:0.050
2025-05-19 18:02:29,080 [INFO] EP 0086 | steps:258 | reward:  75.70 | length:08 | eps:0.050
2025-05-19 18:02:29,126 [INFO] EP 0087 | steps:251 | reward: 135.00 | length:14 | eps:0.050
2025-05-19 18:02:29,232 [INFO] EP 0088 | steps:561 | reward: 266.00 | length:24 | eps:0.050
2025-05-19 18:02:29,299 [INFO] EP 0089 | steps:362 | reward: 196.10 | length:19 | eps:0.050
2025-05-19 18:02:29,400 [INFO] EP 0090 | steps:532 | reward: 263.10 | length:24 | eps:0.050
2025-05-19 18:02:29,443 [INFO] EP 0091 | steps:229 | reward: 102.80 | length:11 | eps:0.050
2025-05-19 18:02:29,492 [INFO] EP 0092 | steps:262 | reward: 116.10 | length:12 | eps:0.050
2025-05-19 18:02:29,628 [INFO] EP 0093 | steps:750 | reward: 375.00 | length:32 | eps:0.050
2025-05-19 18:02:29,687 [INFO] EP 0094 | steps:326 | reward: 162.50 | length:16 | eps:0.050
2025-05-19 18:02:29,765 [INFO] EP 0095 | steps:413 | reward: 181.20 | length:17 | eps:0.050
2025-05-19 18:02:29,770 [INFO] EP 0096 | steps:026 | reward:   2.50 | length:03 | eps:0.050
2025-05-19 18:02:29,803 [INFO] EP 0097 | steps:175 | reward:  67.40 | length:08 | eps:0.050
2025-05-19 18:02:29,871 [INFO] EP 0098 | steps:376 | reward: 187.50 | length:18 | eps:0.050
2025-05-19 18:02:29,975 [INFO] EP 0099 | steps:575 | reward: 237.40 | length:21 | eps:0.050
2025-05-19 18:02:34,247 [INFO] EP 0100 | steps:401 | reward: 190.00 | length:18 | eps:0.050
2025-05-19 18:02:39,639 [INFO] Episode 0100 video saved to runs\frames\ep_0100\ep_0100.mp4
2025-05-19 18:02:39,836 [INFO] EP 0101 | steps:750 | reward: 375.00 | length:32 | eps:0.050
2025-05-19 18:02:39,911 [INFO] EP 0102 | steps:345 | reward: 144.40 | length:14 | eps:0.050
2025-05-19 18:02:40,026 [INFO] EP 0103 | steps:423 | reward: 182.20 | length:17 | eps:0.050
2025-05-19 18:02:40,099 [INFO] EP 0104 | steps:239 | reward: 153.80 | length:16 | eps:0.050
2025-05-19 18:02:40,122 [INFO] EP 0105 | steps:099 | reward:  39.80 | length:06 | eps:0.050
2025-05-19 18:02:40,206 [INFO] EP 0106 | steps:337 | reward: 143.60 | length:14 | eps:0.050
2025-05-19 18:02:40,346 [INFO] EP 0107 | steps:525 | reward: 282.40 | length:26 | eps:0.050
2025-05-19 18:02:40,484 [INFO] EP 0108 | steps:568 | reward: 256.70 | length:23 | eps:0.050
2025-05-19 18:02:40,652 [INFO] EP 0109 | steps:682 | reward: 318.10 | length:28 | eps:0.050
2025-05-19 18:02:40,690 [INFO] EP 0110 | steps:149 | reward:  44.80 | length:06 | eps:0.050
2025-05-19 18:02:40,798 [INFO] EP 0111 | steps:473 | reward: 217.20 | length:20 | eps:0.050
2025-05-19 18:02:40,985 [INFO] EP 0112 | steps:697 | reward: 309.60 | length:27 | eps:0.050
2025-05-19 18:02:41,075 [INFO] EP 0113 | steps:401 | reward: 200.00 | length:19 | eps:0.050
2025-05-19 18:02:41,192 [INFO] EP 0114 | steps:517 | reward: 241.60 | length:22 | eps:0.050
2025-05-19 18:02:41,286 [INFO] EP 0115 | steps:457 | reward: 205.60 | length:19 | eps:0.050
2025-05-19 18:02:41,339 [INFO] EP 0116 | steps:241 | reward: 114.00 | length:12 | eps:0.050
2025-05-19 18:02:41,449 [INFO] EP 0117 | steps:506 | reward: 210.50 | length:19 | eps:0.050
2025-05-19 18:02:41,607 [INFO] EP 0118 | steps:750 | reward: 395.00 | length:34 | eps:0.050
2025-05-19 18:02:41,698 [INFO] EP 0119 | steps:427 | reward: 192.60 | length:18 | eps:0.050
2025-05-19 18:02:41,742 [INFO] EP 0120 | steps:205 | reward:  90.40 | length:10 | eps:0.050
2025-05-19 18:02:41,800 [INFO] EP 0121 | steps:300 | reward: 129.90 | length:13 | eps:0.050
2025-05-19 18:02:41,834 [INFO] EP 0122 | steps:181 | reward:  58.00 | length:07 | eps:0.050
2025-05-19 18:02:41,933 [INFO] EP 0123 | steps:525 | reward: 252.40 | length:23 | eps:0.050
2025-05-19 18:02:42,008 [INFO] EP 0124 | steps:345 | reward: 124.40 | length:12 | eps:0.050
2025-05-19 18:02:42,021 [INFO] EP 0125 | steps:048 | reward:  24.70 | length:05 | eps:0.050
2025-05-19 18:02:42,041 [INFO] EP 0126 | steps:099 | reward:  29.80 | length:05 | eps:0.050
2025-05-19 18:02:42,106 [INFO] EP 0127 | steps:324 | reward: 152.30 | length:15 | eps:0.050
2025-05-19 18:02:42,174 [INFO] EP 0128 | steps:327 | reward: 152.60 | length:15 | eps:0.050
2025-05-19 18:02:42,331 [INFO] EP 0129 | steps:750 | reward: 355.00 | length:30 | eps:0.050
2025-05-19 18:02:42,411 [INFO] EP 0130 | steps:378 | reward: 147.70 | length:14 | eps:0.050
2025-05-19 18:02:42,489 [INFO] EP 0131 | steps:369 | reward: 166.80 | length:16 | eps:0.050
2025-05-19 18:02:42,647 [INFO] EP 0132 | steps:750 | reward: 375.00 | length:32 | eps:0.050
2025-05-19 18:02:42,759 [INFO] EP 0133 | steps:577 | reward: 277.60 | length:25 | eps:0.050
2025-05-19 18:02:42,841 [INFO] EP 0134 | steps:417 | reward: 201.60 | length:19 | eps:0.050
2025-05-19 18:02:42,922 [INFO] EP 0135 | steps:410 | reward: 210.90 | length:20 | eps:0.050
2025-05-19 18:02:42,944 [INFO] EP 0136 | steps:113 | reward:  31.20 | length:05 | eps:0.050
2025-05-19 18:02:43,012 [INFO] EP 0137 | steps:342 | reward: 144.10 | length:14 | eps:0.050
2025-05-19 18:02:43,026 [INFO] EP 0138 | steps:067 | reward:  16.60 | length:04 | eps:0.050
2025-05-19 18:02:43,113 [INFO] EP 0139 | steps:433 | reward: 233.20 | length:22 | eps:0.050
2025-05-19 18:02:43,195 [INFO] EP 0140 | steps:404 | reward: 210.30 | length:20 | eps:0.050
2025-05-19 18:02:43,329 [INFO] EP 0141 | steps:617 | reward: 281.60 | length:25 | eps:0.050
2025-05-19 18:02:43,481 [INFO] EP 0142 | steps:750 | reward: 355.00 | length:30 | eps:0.050
2025-05-19 18:02:43,586 [INFO] EP 0143 | steps:505 | reward: 250.40 | length:23 | eps:0.050
2025-05-19 18:02:43,973 [INFO] EP 0144 | steps:750 | reward: 355.00 | length:30 | eps:0.050
2025-05-19 18:02:44,562 [INFO] EP 0145 | steps:750 | reward: 385.00 | length:33 | eps:0.050
2025-05-19 18:02:44,723 [INFO] EP 0146 | steps:214 | reward:  91.30 | length:10 | eps:0.050
2025-05-19 18:02:44,887 [INFO] EP 0147 | steps:211 | reward:  71.00 | length:08 | eps:0.050
2025-05-19 18:02:45,325 [INFO] EP 0148 | steps:507 | reward: 260.60 | length:24 | eps:0.050
2025-05-19 18:02:45,427 [INFO] EP 0149 | steps:128 | reward:  72.70 | length:09 | eps:0.050
2025-05-19 18:02:45,760 [INFO] EP 0150 | steps:356 | reward: 205.50 | length:20 | eps:0.050
2025-05-19 18:02:45,867 [INFO] EP 0151 | steps:138 | reward:  33.70 | length:05 | eps:0.050
2025-05-19 18:02:46,272 [INFO] EP 0152 | steps:451 | reward: 195.00 | length:18 | eps:0.050
2025-05-19 18:02:46,601 [INFO] EP 0153 | steps:407 | reward: 190.60 | length:18 | eps:0.050
2025-05-19 18:02:46,663 [INFO] EP 0154 | steps:090 | reward:  38.90 | length:06 | eps:0.050
2025-05-19 18:02:46,682 [INFO] EP 0155 | steps:031 | reward:  -7.00 | length:02 | eps:0.050
2025-05-19 18:02:47,167 [INFO] EP 0156 | steps:548 | reward: 254.70 | length:23 | eps:0.050
2025-05-19 18:02:47,617 [INFO] EP 0157 | steps:629 | reward: 302.80 | length:27 | eps:0.050
2025-05-19 18:02:47,906 [INFO] EP 0158 | steps:469 | reward: 226.80 | length:21 | eps:0.050
2025-05-19 18:02:48,223 [INFO] EP 0159 | steps:419 | reward: 211.80 | length:20 | eps:0.050
2025-05-19 18:02:48,439 [INFO] EP 0160 | steps:297 | reward: 129.60 | length:13 | eps:0.050
2025-05-19 18:02:48,636 [INFO] EP 0161 | steps:267 | reward:  76.60 | length:08 | eps:0.050
2025-05-19 18:02:48,656 [INFO] EP 0162 | steps:030 | reward:  -7.10 | length:02 | eps:0.050
2025-05-19 18:02:49,067 [INFO] EP 0163 | steps:750 | reward: 345.00 | length:29 | eps:0.050
2025-05-19 18:02:49,149 [INFO] EP 0164 | steps:201 | reward: 130.00 | length:14 | eps:0.050
2025-05-19 18:02:49,256 [INFO] EP 0165 | steps:274 | reward: 137.30 | length:14 | eps:0.050
2025-05-19 18:02:49,637 [INFO] EP 0166 | steps:711 | reward: 351.00 | length:31 | eps:0.050
2025-05-19 18:02:49,915 [INFO] EP 0167 | steps:688 | reward: 368.70 | length:33 | eps:0.050
2025-05-19 18:02:50,113 [INFO] EP 0168 | steps:495 | reward: 279.40 | length:26 | eps:0.050
2025-05-19 18:02:50,324 [INFO] EP 0169 | steps:489 | reward: 228.80 | length:21 | eps:0.050
2025-05-19 18:02:50,418 [INFO] EP 0170 | steps:112 | reward:  21.10 | length:04 | eps:0.050
2025-05-19 18:02:50,539 [INFO] EP 0171 | steps:225 | reward: 112.40 | length:12 | eps:0.050
2025-05-19 18:02:50,735 [INFO] EP 0172 | steps:438 | reward: 193.70 | length:18 | eps:0.050
2025-05-19 18:02:50,855 [INFO] EP 0173 | steps:176 | reward:  97.50 | length:11 | eps:0.050
2025-05-19 18:02:51,456 [INFO] EP 0174 | steps:700 | reward: 309.90 | length:27 | eps:0.050
2025-05-19 18:02:52,022 [INFO] EP 0175 | steps:750 | reward: 365.00 | length:31 | eps:0.050
2025-05-19 18:02:52,456 [INFO] EP 0176 | steps:488 | reward: 258.70 | length:24 | eps:0.050
2025-05-19 18:02:52,739 [INFO] EP 0177 | steps:332 | reward: 153.10 | length:15 | eps:0.050
2025-05-19 18:02:53,402 [INFO] EP 0178 | steps:750 | reward: 355.00 | length:30 | eps:0.050
2025-05-19 18:02:54,045 [INFO] EP 0179 | steps:750 | reward: 375.00 | length:32 | eps:0.050
2025-05-19 18:02:54,631 [INFO] EP 0180 | steps:750 | reward: 345.00 | length:29 | eps:0.050
2025-05-19 18:02:54,983 [INFO] EP 0181 | steps:588 | reward: 268.70 | length:24 | eps:0.050
2025-05-19 18:02:55,172 [INFO] EP 0182 | steps:257 | reward: 105.60 | length:11 | eps:0.050
2025-05-19 18:02:55,319 [INFO] EP 0183 | steps:211 | reward:  71.00 | length:08 | eps:0.050
2025-05-19 18:02:55,556 [INFO] EP 0184 | steps:312 | reward: 141.10 | length:14 | eps:0.050
2025-05-19 18:02:55,640 [INFO] EP 0185 | steps:107 | reward:  10.60 | length:03 | eps:0.050
2025-05-19 18:02:55,692 [INFO] EP 0186 | steps:055 | reward:  15.40 | length:04 | eps:0.050
2025-05-19 18:02:55,853 [INFO] EP 0187 | steps:205 | reward: 120.40 | length:13 | eps:0.050
2025-05-19 18:02:55,905 [INFO] EP 0188 | steps:064 | reward:  16.30 | length:04 | eps:0.050
2025-05-19 18:02:56,140 [INFO] EP 0189 | steps:311 | reward: 151.00 | length:15 | eps:0.050
2025-05-19 18:02:56,468 [INFO] EP 0190 | steps:491 | reward: 239.00 | length:22 | eps:0.050
2025-05-19 18:02:56,759 [INFO] EP 0191 | steps:441 | reward: 224.00 | length:21 | eps:0.050
2025-05-19 18:02:56,991 [INFO] EP 0192 | steps:339 | reward: 133.80 | length:13 | eps:0.050
2025-05-19 18:02:57,081 [INFO] EP 0193 | steps:138 | reward:  53.70 | length:07 | eps:0.050
2025-05-19 18:02:57,404 [INFO] EP 0194 | steps:543 | reward: 224.20 | length:20 | eps:0.050
2025-05-19 18:02:57,754 [INFO] EP 0195 | steps:493 | reward: 239.20 | length:22 | eps:0.050
2025-05-19 18:02:57,897 [INFO] EP 0196 | steps:234 | reward: 103.30 | length:11 | eps:0.050
2025-05-19 18:02:58,186 [INFO] EP 0197 | steps:430 | reward: 112.90 | length:10 | eps:0.050
2025-05-19 18:02:58,202 [INFO] EP 0198 | steps:032 | reward:   3.10 | length:03 | eps:0.050
2025-05-19 18:02:58,456 [INFO] EP 0199 | steps:319 | reward: 131.80 | length:13 | eps:0.050
2025-05-19 18:03:08,957 [INFO] EP 0200 | steps:474 | reward: 197.30 | length:18 | eps:0.050
2025-05-19 18:03:17,776 [INFO] Episode 0200 video saved to runs\frames\ep_0200\ep_0200.mp4
2025-05-19 18:03:18,051 [INFO] EP 0201 | steps:344 | reward: 164.30 | length:16 | eps:0.050
2025-05-19 18:03:18,114 [INFO] EP 0202 | steps:092 | reward:  19.10 | length:04 | eps:0.050
2025-05-19 18:03:18,496 [INFO] EP 0203 | steps:536 | reward: 253.50 | length:23 | eps:0.050
2025-05-19 18:03:19,181 [INFO] EP 0204 | steps:750 | reward: 345.00 | length:29 | eps:0.050
2025-05-19 18:03:19,695 [INFO] EP 0205 | steps:415 | reward: 221.40 | length:21 | eps:0.050
2025-05-19 18:03:20,997 [INFO] EP 0206 | steps:750 | reward: 345.00 | length:29 | eps:0.050
2025-05-19 18:03:21,139 [INFO] EP 0207 | steps:150 | reward:  64.90 | length:08 | eps:0.050
2025-05-19 18:03:21,379 [INFO] EP 0208 | steps:266 | reward: 156.50 | length:16 | eps:0.050
2025-05-19 18:03:21,724 [INFO] EP 0209 | steps:224 | reward: 102.30 | length:11 | eps:0.050
2025-05-19 18:03:22,497 [INFO] EP 0210 | steps:750 | reward: 375.00 | length:32 | eps:0.050
2025-05-19 18:03:22,853 [INFO] EP 0211 | steps:490 | reward: 238.90 | length:22 | eps:0.050
2025-05-19 18:03:22,913 [INFO] EP 0212 | steps:076 | reward:  47.50 | length:07 | eps:0.050
2025-05-19 18:03:23,225 [INFO] EP 0213 | steps:439 | reward: 223.80 | length:21 | eps:0.050
2025-05-19 18:03:23,755 [INFO] EP 0214 | steps:708 | reward: 340.70 | length:30 | eps:0.050
2025-05-19 18:03:23,874 [INFO] EP 0215 | steps:174 | reward:  67.30 | length:08 | eps:0.050
2025-05-19 18:03:23,969 [INFO] EP 0216 | steps:420 | reward: 191.90 | length:18 | eps:0.050
2025-05-19 18:03:24,014 [INFO] EP 0217 | steps:250 | reward:  94.90 | length:10 | eps:0.050
2025-05-19 18:03:24,157 [INFO] EP 0218 | steps:750 | reward: 355.00 | length:30 | eps:0.050
2025-05-19 18:03:24,246 [INFO] EP 0219 | steps:434 | reward: 223.30 | length:21 | eps:0.050
2025-05-19 18:03:24,279 [INFO] EP 0220 | steps:142 | reward:  54.10 | length:07 | eps:0.050
2025-05-19 18:03:24,303 [INFO] EP 0221 | steps:118 | reward:  31.70 | length:05 | eps:0.050
2025-05-19 18:03:24,373 [INFO] EP 0222 | steps:308 | reward: 190.70 | length:19 | eps:0.050
2025-05-19 18:03:24,523 [INFO] EP 0223 | steps:750 | reward: 355.00 | length:30 | eps:0.050
2025-05-19 18:03:24,627 [INFO] EP 0224 | steps:541 | reward: 214.00 | length:19 | eps:0.050
2025-05-19 18:03:24,756 [INFO] EP 0225 | steps:665 | reward: 306.40 | length:27 | eps:0.050
2025-05-19 18:03:24,822 [INFO] EP 0226 | steps:320 | reward: 111.90 | length:11 | eps:0.050
2025-05-19 18:03:24,882 [INFO] EP 0227 | steps:307 | reward: 150.60 | length:15 | eps:0.050
2025-05-19 18:03:24,923 [INFO] EP 0228 | steps:198 | reward:  69.70 | length:08 | eps:0.050
2025-05-19 18:03:24,938 [INFO] EP 0229 | steps:085 | reward:  28.40 | length:05 | eps:0.050
2025-05-19 18:03:25,027 [INFO] EP 0230 | steps:465 | reward: 206.40 | length:19 | eps:0.050
2025-05-19 18:03:25,168 [INFO] EP 0231 | steps:750 | reward: 375.00 | length:32 | eps:0.050
2025-05-19 18:03:25,263 [INFO] EP 0232 | steps:484 | reward: 198.30 | length:18 | eps:0.050
2025-05-19 18:03:25,400 [INFO] EP 0233 | steps:690 | reward: 328.90 | length:29 | eps:0.050
2025-05-19 18:03:25,411 [INFO] EP 0234 | steps:059 | reward:  25.80 | length:05 | eps:0.050
2025-05-19 18:03:25,531 [INFO] EP 0235 | steps:609 | reward: 310.80 | length:28 | eps:0.050
2025-05-19 18:03:25,672 [INFO] EP 0236 | steps:677 | reward: 337.60 | length:30 | eps:0.050
2025-05-19 18:03:25,730 [INFO] EP 0237 | steps:258 | reward: 125.70 | length:13 | eps:0.050
2025-05-19 18:03:25,884 [INFO] EP 0238 | steps:709 | reward: 350.80 | length:31 | eps:0.050
2025-05-19 18:03:26,027 [INFO] EP 0239 | steps:750 | reward: 295.00 | length:24 | eps:0.050
2025-05-19 18:03:26,116 [INFO] EP 0240 | steps:478 | reward: 257.70 | length:24 | eps:0.050
2025-05-19 18:03:26,130 [INFO] EP 0241 | steps:072 | reward:  27.10 | length:05 | eps:0.050
2025-05-19 18:03:26,274 [INFO] EP 0242 | steps:750 | reward: 385.00 | length:33 | eps:0.050
2025-05-19 18:03:26,292 [INFO] EP 0243 | steps:095 | reward:  29.40 | length:05 | eps:0.050
2025-05-19 18:03:26,303 [INFO] EP 0244 | steps:050 | reward:  24.90 | length:05 | eps:0.050
2025-05-19 18:03:26,334 [INFO] EP 0245 | steps:162 | reward:  46.10 | length:06 | eps:0.050
2025-05-19 18:03:26,428 [INFO] EP 0246 | steps:511 | reward: 261.00 | length:24 | eps:0.050
2025-05-19 18:03:26,565 [INFO] EP 0247 | steps:750 | reward: 365.00 | length:31 | eps:0.050
2025-05-19 18:03:26,690 [INFO] EP 0248 | steps:639 | reward: 263.80 | length:23 | eps:0.050
2025-05-19 18:03:26,868 [INFO] EP 0249 | steps:750 | reward: 365.00 | length:31 | eps:0.050
2025-05-19 18:03:26,992 [INFO] EP 0250 | steps:548 | reward: 294.70 | length:27 | eps:0.050
2025-05-19 18:03:27,116 [INFO] EP 0251 | steps:581 | reward: 268.00 | length:24 | eps:0.050
2025-05-19 18:03:27,137 [INFO] EP 0252 | steps:097 | reward:  19.60 | length:04 | eps:0.050
2025-05-19 18:03:27,306 [INFO] EP 0253 | steps:645 | reward: 304.40 | length:27 | eps:0.050
2025-05-19 18:03:27,492 [INFO] EP 0254 | steps:750 | reward: 305.00 | length:25 | eps:0.050
2025-05-19 18:03:27,573 [INFO] EP 0255 | steps:372 | reward: 157.10 | length:15 | eps:0.050
2025-05-19 18:03:27,681 [INFO] EP 0256 | steps:542 | reward: 264.10 | length:24 | eps:0.050
2025-05-19 18:03:27,728 [INFO] EP 0257 | steps:189 | reward: 108.80 | length:12 | eps:0.050
2025-05-19 18:03:27,877 [INFO] EP 0258 | steps:643 | reward: 334.20 | length:30 | eps:0.050
2025-05-19 18:03:27,984 [INFO] EP 0259 | steps:457 | reward: 185.60 | length:17 | eps:0.050
2025-05-19 18:03:28,073 [INFO] EP 0260 | steps:431 | reward: 223.00 | length:21 | eps:0.050
2025-05-19 18:03:28,237 [INFO] EP 0261 | steps:635 | reward: 313.40 | length:28 | eps:0.050
2025-05-19 18:03:28,368 [INFO] EP 0262 | steps:637 | reward: 303.60 | length:27 | eps:0.050
2025-05-19 18:03:28,469 [INFO] EP 0263 | steps:453 | reward: 265.20 | length:25 | eps:0.050
2025-05-19 18:03:28,539 [INFO] EP 0264 | steps:299 | reward: 159.80 | length:16 | eps:0.050
2025-05-19 18:03:28,675 [INFO] EP 0265 | steps:514 | reward: 201.30 | length:18 | eps:0.050
2025-05-19 18:03:28,897 [INFO] EP 0266 | steps:750 | reward: 325.00 | length:27 | eps:0.050
2025-05-19 18:03:28,921 [INFO] EP 0267 | steps:082 | reward:  18.10 | length:04 | eps:0.050
2025-05-19 18:03:29,010 [INFO] EP 0268 | steps:390 | reward: 188.90 | length:18 | eps:0.050
2025-05-19 18:03:29,184 [INFO] EP 0269 | steps:750 | reward: 395.00 | length:34 | eps:0.050
2025-05-19 18:03:29,369 [INFO] EP 0270 | steps:750 | reward: 325.00 | length:27 | eps:0.050
2025-05-19 18:03:29,549 [INFO] EP 0271 | steps:750 | reward: 345.00 | length:29 | eps:0.050
2025-05-19 18:03:29,624 [INFO] EP 0272 | steps:328 | reward: 152.70 | length:15 | eps:0.050
2025-05-19 18:03:29,674 [INFO] EP 0273 | steps:194 | reward:  99.30 | length:11 | eps:0.050
2025-05-19 18:03:29,729 [INFO] EP 0274 | steps:242 | reward: 104.10 | length:11 | eps:0.050
2025-05-19 18:03:29,838 [INFO] EP 0275 | steps:483 | reward: 218.20 | length:20 | eps:0.050
2025-05-19 18:03:29,960 [INFO] EP 0276 | steps:578 | reward: 247.70 | length:22 | eps:0.050
2025-05-19 18:03:30,023 [INFO] EP 0277 | steps:295 | reward: 149.40 | length:15 | eps:0.050
2025-05-19 18:03:30,115 [INFO] EP 0278 | steps:416 | reward: 201.50 | length:19 | eps:0.050
2025-05-19 18:03:30,171 [INFO] EP 0279 | steps:245 | reward: 114.40 | length:12 | eps:0.050
2025-05-19 18:03:30,206 [INFO] EP 0280 | steps:131 | reward:  53.00 | length:07 | eps:0.050
2025-05-19 18:03:30,350 [INFO] EP 0281 | steps:528 | reward: 312.70 | length:29 | eps:0.050
2025-05-19 18:03:30,413 [INFO] EP 0282 | steps:237 | reward:  83.60 | length:09 | eps:0.050
2025-05-19 18:03:30,506 [INFO] EP 0283 | steps:413 | reward: 201.20 | length:19 | eps:0.050
2025-05-19 18:03:30,565 [INFO] EP 0284 | steps:220 | reward:  71.90 | length:08 | eps:0.050
2025-05-19 18:03:30,573 [INFO] EP 0285 | steps:039 | reward:  -6.20 | length:02 | eps:0.050
2025-05-19 18:03:30,668 [INFO] EP 0286 | steps:442 | reward: 174.10 | length:16 | eps:0.050
2025-05-19 18:03:30,704 [INFO] EP 0287 | steps:177 | reward:  67.60 | length:08 | eps:0.050
2025-05-19 18:03:30,730 [INFO] EP 0288 | steps:131 | reward:  53.00 | length:07 | eps:0.050
2025-05-19 18:03:30,894 [INFO] EP 0289 | steps:750 | reward: 355.00 | length:30 | eps:0.050
2025-05-19 18:03:30,983 [INFO] EP 0290 | steps:445 | reward: 204.40 | length:19 | eps:0.050
2025-05-19 18:03:31,152 [INFO] EP 0291 | steps:750 | reward: 315.00 | length:26 | eps:0.050
2025-05-19 18:03:31,177 [INFO] EP 0292 | steps:112 | reward:  51.10 | length:07 | eps:0.050
2025-05-19 18:03:31,219 [INFO] EP 0293 | steps:152 | reward:  85.10 | length:10 | eps:0.050
2025-05-19 18:03:31,403 [INFO] EP 0294 | steps:750 | reward: 355.00 | length:30 | eps:0.050
2025-05-19 18:03:31,424 [INFO] EP 0295 | steps:086 | reward:  38.50 | length:06 | eps:0.050
2025-05-19 18:03:31,589 [INFO] EP 0296 | steps:750 | reward: 375.00 | length:32 | eps:0.050
2025-05-19 18:03:31,745 [INFO] EP 0297 | steps:706 | reward: 330.50 | length:29 | eps:0.050
2025-05-19 18:03:31,809 [INFO] EP 0298 | steps:322 | reward: 132.10 | length:13 | eps:0.050
2025-05-19 18:03:31,872 [INFO] EP 0299 | steps:276 | reward: 157.50 | length:16 | eps:0.050
2025-05-19 18:03:36,241 [INFO] EP 0300 | steps:404 | reward: 150.30 | length:14 | eps:0.050
2025-05-19 18:03:41,684 [INFO] Episode 0300 video saved to runs\frames\ep_0300\ep_0300.mp4
2025-05-19 18:03:41,818 [INFO] EP 0301 | steps:671 | reward: 297.00 | length:26 | eps:0.050
2025-05-19 18:03:41,938 [INFO] EP 0302 | steps:635 | reward: 353.40 | length:32 | eps:0.050
2025-05-19 18:03:42,056 [INFO] EP 0303 | steps:471 | reward: 247.00 | length:23 | eps:0.050
2025-05-19 18:03:42,099 [INFO] EP 0304 | steps:189 | reward:  98.80 | length:11 | eps:0.050
2025-05-19 18:03:42,140 [INFO] EP 0305 | steps:172 | reward:  77.10 | length:09 | eps:0.050
2025-05-19 18:03:42,215 [INFO] EP 0306 | steps:389 | reward: 208.80 | length:20 | eps:0.050
2025-05-19 18:03:42,302 [INFO] EP 0307 | steps:339 | reward: 153.80 | length:15 | eps:0.050
2025-05-19 18:03:42,340 [INFO] EP 0308 | steps:153 | reward:  55.20 | length:07 | eps:0.050
2025-05-19 18:03:42,351 [INFO] EP 0309 | steps:057 | reward:  15.60 | length:04 | eps:0.050
2025-05-19 18:03:42,515 [INFO] EP 0310 | steps:750 | reward: 325.00 | length:27 | eps:0.050
2025-05-19 18:03:42,586 [INFO] EP 0311 | steps:307 | reward: 160.60 | length:16 | eps:0.050
2025-05-19 18:03:42,693 [INFO] EP 0312 | steps:434 | reward: 203.30 | length:19 | eps:0.050
2025-05-19 18:03:42,842 [INFO] EP 0313 | steps:664 | reward: 306.30 | length:27 | eps:0.050
2025-05-19 18:03:42,850 [INFO] EP 0314 | steps:040 | reward:  13.90 | length:04 | eps:0.050
2025-05-19 18:03:42,934 [INFO] EP 0315 | steps:390 | reward: 188.90 | length:18 | eps:0.050
2025-05-19 18:03:43,046 [INFO] EP 0316 | steps:504 | reward: 230.30 | length:21 | eps:0.050
2025-05-19 18:03:43,151 [INFO] EP 0317 | steps:498 | reward: 219.70 | length:20 | eps:0.050
2025-05-19 18:03:43,252 [INFO] EP 0318 | steps:495 | reward: 249.40 | length:23 | eps:0.050
2025-05-19 18:03:43,372 [INFO] EP 0319 | steps:560 | reward: 255.90 | length:23 | eps:0.050
2025-05-19 18:03:43,460 [INFO] EP 0320 | steps:387 | reward: 138.60 | length:13 | eps:0.050
2025-05-19 18:03:43,538 [INFO] EP 0321 | steps:390 | reward: 168.90 | length:16 | eps:0.050
2025-05-19 18:03:43,613 [INFO] EP 0322 | steps:378 | reward: 197.70 | length:19 | eps:0.050
2025-05-19 18:03:43,638 [INFO] EP 0323 | steps:134 | reward:  43.30 | length:06 | eps:0.050
2025-05-19 18:03:43,753 [INFO] EP 0324 | steps:565 | reward: 256.40 | length:23 | eps:0.050
2025-05-19 18:03:43,897 [INFO] EP 0325 | steps:727 | reward: 352.60 | length:31 | eps:0.050
2025-05-19 18:03:43,929 [INFO] EP 0326 | steps:162 | reward:  66.10 | length:08 | eps:0.050
2025-05-19 18:03:44,083 [INFO] EP 0327 | steps:750 | reward: 345.00 | length:29 | eps:0.050
2025-05-19 18:03:44,225 [INFO] EP 0328 | steps:704 | reward: 360.30 | length:32 | eps:0.050
2025-05-19 18:03:44,333 [INFO] EP 0329 | steps:467 | reward: 246.60 | length:23 | eps:0.050
2025-05-19 18:03:44,395 [INFO] EP 0330 | steps:276 | reward: 107.50 | length:11 | eps:0.050
2025-05-19 18:03:44,436 [INFO] EP 0331 | steps:202 | reward: 100.10 | length:11 | eps:0.050
2025-05-19 18:03:44,583 [INFO] EP 0332 | steps:668 | reward: 316.70 | length:28 | eps:0.050
2025-05-19 18:03:44,659 [INFO] EP 0333 | steps:289 | reward: 118.80 | length:12 | eps:0.050
2025-05-19 18:03:44,746 [INFO] EP 0334 | steps:417 | reward: 191.60 | length:18 | eps:0.050
2025-05-19 18:03:44,801 [INFO] EP 0335 | steps:256 | reward: 105.50 | length:11 | eps:0.050
2025-05-19 18:03:44,874 [INFO] EP 0336 | steps:336 | reward: 143.50 | length:14 | eps:0.050
2025-05-19 18:03:44,893 [INFO] EP 0337 | steps:089 | reward:  38.80 | length:06 | eps:0.050
2025-05-19 18:03:45,026 [INFO] EP 0338 | steps:629 | reward: 252.80 | length:22 | eps:0.050
2025-05-19 18:03:45,083 [INFO] EP 0339 | steps:280 | reward: 157.90 | length:16 | eps:0.050
2025-05-19 18:03:45,108 [INFO] EP 0340 | steps:110 | reward:  20.90 | length:04 | eps:0.050
2025-05-19 18:03:45,211 [INFO] EP 0341 | steps:506 | reward: 230.50 | length:21 | eps:0.050
2025-05-19 18:03:45,306 [INFO] EP 0342 | steps:463 | reward: 196.20 | length:18 | eps:0.050
2025-05-19 18:03:45,329 [INFO] EP 0343 | steps:125 | reward:  32.40 | length:05 | eps:0.050
2025-05-19 18:03:45,356 [INFO] EP 0344 | steps:143 | reward:  44.20 | length:06 | eps:0.050
2025-05-19 18:03:45,363 [INFO] EP 0345 | steps:039 | reward:   3.80 | length:03 | eps:0.050
2025-05-19 18:03:45,419 [INFO] EP 0346 | steps:281 | reward: 108.00 | length:11 | eps:0.050
2025-05-19 18:03:45,570 [INFO] EP 0347 | steps:741 | reward: 324.00 | length:28 | eps:0.050
2025-05-19 18:03:45,640 [INFO] EP 0348 | steps:380 | reward: 177.90 | length:17 | eps:0.050
2025-05-19 18:03:45,758 [INFO] EP 0349 | steps:598 | reward: 279.70 | length:25 | eps:0.050
2025-05-19 18:03:45,795 [INFO] EP 0350 | steps:215 | reward: 101.40 | length:11 | eps:0.050
2025-05-19 18:03:45,895 [INFO] EP 0351 | steps:502 | reward: 230.10 | length:21 | eps:0.050
2025-05-19 18:03:45,969 [INFO] EP 0352 | steps:384 | reward: 178.30 | length:17 | eps:0.050
2025-05-19 18:03:46,041 [INFO] EP 0353 | steps:374 | reward: 157.30 | length:15 | eps:0.050
2025-05-19 18:03:46,196 [INFO] EP 0354 | steps:750 | reward: 365.00 | length:31 | eps:0.050
2025-05-19 18:03:46,207 [INFO] EP 0355 | steps:052 | reward:  25.10 | length:05 | eps:0.050
2025-05-19 18:03:46,328 [INFO] EP 0356 | steps:652 | reward: 315.10 | length:28 | eps:0.050
2025-05-19 18:03:46,363 [INFO] EP 0357 | steps:185 | reward:  68.40 | length:08 | eps:0.050
2025-05-19 18:03:46,511 [INFO] EP 0358 | steps:708 | reward: 390.70 | length:35 | eps:0.050
2025-05-19 18:03:46,657 [INFO] EP 0359 | steps:694 | reward: 299.30 | length:26 | eps:0.050
2025-05-19 18:03:46,708 [INFO] EP 0360 | steps:288 | reward: 138.70 | length:14 | eps:0.050
2025-05-19 18:03:46,800 [INFO] EP 0361 | steps:514 | reward: 251.30 | length:23 | eps:0.050
2025-05-19 18:03:46,879 [INFO] EP 0362 | steps:443 | reward: 244.20 | length:23 | eps:0.050
2025-05-19 18:03:46,907 [INFO] EP 0363 | steps:146 | reward:  64.50 | length:08 | eps:0.050
2025-05-19 18:03:47,052 [INFO] EP 0364 | steps:750 | reward: 395.00 | length:34 | eps:0.050
2025-05-19 18:03:47,081 [INFO] EP 0365 | steps:158 | reward:  45.70 | length:06 | eps:0.050
2025-05-19 18:03:47,151 [INFO] EP 0366 | steps:379 | reward: 167.80 | length:16 | eps:0.050
2025-05-19 18:03:47,267 [INFO] EP 0367 | steps:551 | reward: 275.00 | length:25 | eps:0.050
2025-05-19 18:03:47,320 [INFO] EP 0368 | steps:262 | reward: 116.10 | length:12 | eps:0.050
2025-05-19 18:03:47,359 [INFO] EP 0369 | steps:183 | reward: 118.20 | length:13 | eps:0.050
2025-05-19 18:03:47,467 [INFO] EP 0370 | steps:540 | reward: 233.90 | length:21 | eps:0.050
2025-05-19 18:03:47,497 [INFO] EP 0371 | steps:128 | reward:  32.70 | length:05 | eps:0.050
2025-05-19 18:03:47,645 [INFO] EP 0372 | steps:750 | reward: 395.00 | length:34 | eps:0.050
2025-05-19 18:03:47,695 [INFO] EP 0373 | steps:262 | reward: 116.10 | length:12 | eps:0.050
2025-05-19 18:03:47,793 [INFO] EP 0374 | steps:512 | reward: 191.10 | length:17 | eps:0.050
2025-05-19 18:03:47,937 [INFO] EP 0375 | steps:750 | reward: 335.00 | length:28 | eps:0.050
2025-05-19 18:03:48,005 [INFO] EP 0376 | steps:384 | reward: 208.30 | length:20 | eps:0.050
2025-05-19 18:03:48,128 [INFO] EP 0377 | steps:674 | reward: 317.30 | length:28 | eps:0.050
2025-05-19 18:03:48,245 [INFO] EP 0378 | steps:639 | reward: 303.80 | length:27 | eps:0.050
2025-05-19 18:03:48,291 [INFO] EP 0379 | steps:242 | reward: 104.10 | length:11 | eps:0.050
2025-05-19 18:03:48,337 [INFO] EP 0380 | steps:248 | reward: 114.70 | length:12 | eps:0.050
2025-05-19 18:03:48,363 [INFO] EP 0381 | steps:144 | reward:  74.30 | length:09 | eps:0.050
2025-05-19 18:03:48,485 [INFO] EP 0382 | steps:655 | reward: 285.40 | length:25 | eps:0.050
2025-05-19 18:03:48,536 [INFO] EP 0383 | steps:263 | reward: 116.20 | length:12 | eps:0.050
2025-05-19 18:03:48,593 [INFO] EP 0384 | steps:307 | reward: 130.60 | length:13 | eps:0.050
2025-05-19 18:03:48,636 [INFO] EP 0385 | steps:222 | reward:  72.10 | length:08 | eps:0.050
2025-05-19 18:03:48,714 [INFO] EP 0386 | steps:426 | reward: 182.50 | length:17 | eps:0.050
2025-05-19 18:03:48,741 [INFO] EP 0387 | steps:144 | reward:  84.30 | length:10 | eps:0.050
2025-05-19 18:03:48,778 [INFO] EP 0388 | steps:207 | reward:  80.60 | length:09 | eps:0.050
2025-05-19 18:03:48,911 [INFO] EP 0389 | steps:750 | reward: 325.00 | length:27 | eps:0.050
2025-05-19 18:03:49,019 [INFO] EP 0390 | steps:589 | reward: 258.80 | length:23 | eps:0.050
2025-05-19 18:03:49,101 [INFO] EP 0391 | steps:470 | reward: 236.90 | length:22 | eps:0.050
2025-05-19 18:03:49,131 [INFO] EP 0392 | steps:169 | reward:  86.80 | length:10 | eps:0.050
2025-05-19 18:03:49,181 [INFO] EP 0393 | steps:243 | reward:  84.20 | length:09 | eps:0.050
2025-05-19 18:03:49,229 [INFO] EP 0394 | steps:255 | reward: 125.40 | length:13 | eps:0.050
2025-05-19 18:03:49,241 [INFO] EP 0395 | steps:052 | reward:  15.10 | length:04 | eps:0.050
2025-05-19 18:03:49,250 [INFO] EP 0396 | steps:038 | reward:  13.70 | length:04 | eps:0.050
2025-05-19 18:03:49,294 [INFO] EP 0397 | steps:228 | reward:  92.70 | length:10 | eps:0.050
2025-05-19 18:03:49,310 [INFO] EP 0398 | steps:084 | reward:  48.30 | length:07 | eps:0.050
2025-05-19 18:03:49,432 [INFO] EP 0399 | steps:597 | reward: 319.60 | length:29 | eps:0.050
2025-05-19 18:03:50,289 [INFO] EP 0400 | steps:077 | reward:  17.60 | length:04 | eps:0.050
2025-05-19 18:03:51,215 [INFO] Episode 0400 video saved to runs\frames\ep_0400\ep_0400.mp4
2025-05-19 18:03:51,295 [INFO] EP 0401 | steps:395 | reward: 169.40 | length:16 | eps:0.050
2025-05-19 18:03:51,363 [INFO] EP 0402 | steps:348 | reward: 164.70 | length:16 | eps:0.050
2025-05-19 18:03:51,457 [INFO] EP 0403 | steps:395 | reward: 179.40 | length:17 | eps:0.050
2025-05-19 18:03:51,594 [INFO] EP 0404 | steps:620 | reward: 301.90 | length:27 | eps:0.050
2025-05-19 18:03:51,654 [INFO] EP 0405 | steps:303 | reward: 140.20 | length:14 | eps:0.050
2025-05-19 18:03:51,665 [INFO] EP 0406 | steps:059 | reward:  15.80 | length:04 | eps:0.050
2025-05-19 18:03:51,754 [INFO] EP 0407 | steps:421 | reward: 192.00 | length:18 | eps:0.050
2025-05-19 18:03:51,844 [INFO] EP 0408 | steps:406 | reward: 210.50 | length:20 | eps:0.050
2025-05-19 18:03:51,912 [INFO] EP 0409 | steps:322 | reward: 122.10 | length:12 | eps:0.050
2025-05-19 18:03:52,008 [INFO] EP 0410 | steps:454 | reward: 225.30 | length:21 | eps:0.050
2025-05-19 18:03:52,019 [INFO] EP 0411 | steps:051 | reward:  15.00 | length:04 | eps:0.050
2025-05-19 18:03:52,110 [INFO] EP 0412 | steps:471 | reward: 237.00 | length:22 | eps:0.050
2025-05-19 18:03:52,174 [INFO] EP 0413 | steps:306 | reward: 160.50 | length:16 | eps:0.050
2025-05-19 18:03:52,306 [INFO] EP 0414 | steps:597 | reward: 279.60 | length:25 | eps:0.050
2025-05-19 18:03:52,406 [INFO] EP 0415 | steps:443 | reward: 204.20 | length:19 | eps:0.050
2025-05-19 18:03:52,430 [INFO] EP 0416 | steps:105 | reward:  40.40 | length:06 | eps:0.050
2025-05-19 18:03:52,453 [INFO] EP 0417 | steps:099 | reward:  29.80 | length:05 | eps:0.050
2025-05-19 18:03:52,553 [INFO] EP 0418 | steps:368 | reward: 186.70 | length:18 | eps:0.050
2025-05-19 18:03:52,669 [INFO] EP 0419 | steps:593 | reward: 269.20 | length:24 | eps:0.050
2025-05-19 18:03:52,820 [INFO] EP 0420 | steps:732 | reward: 333.10 | length:29 | eps:0.050
2025-05-19 18:03:52,909 [INFO] EP 0421 | steps:446 | reward: 224.50 | length:21 | eps:0.050
2025-05-19 18:03:52,955 [INFO] EP 0422 | steps:139 | reward:  63.80 | length:08 | eps:0.050
2025-05-19 18:03:53,065 [INFO] EP 0423 | steps:565 | reward: 276.40 | length:25 | eps:0.050
2025-05-19 18:03:53,129 [INFO] EP 0424 | steps:329 | reward: 142.80 | length:14 | eps:0.050
2025-05-19 18:03:53,283 [INFO] EP 0425 | steps:750 | reward: 355.00 | length:30 | eps:0.050
2025-05-19 18:03:53,325 [INFO] EP 0426 | steps:211 | reward:  81.00 | length:09 | eps:0.050
2025-05-19 18:03:53,378 [INFO] EP 0427 | steps:255 | reward: 115.40 | length:12 | eps:0.050
2025-05-19 18:03:53,409 [INFO] EP 0428 | steps:152 | reward:  45.10 | length:06 | eps:0.050
2025-05-19 18:03:53,488 [INFO] EP 0429 | steps:369 | reward: 176.80 | length:17 | eps:0.050
2025-05-19 18:03:53,508 [INFO] EP 0430 | steps:099 | reward:  29.80 | length:05 | eps:0.050
2025-05-19 18:03:53,653 [INFO] EP 0431 | steps:750 | reward: 325.00 | length:27 | eps:0.050
2025-05-19 18:03:53,692 [INFO] EP 0432 | steps:144 | reward:  74.30 | length:09 | eps:0.050
2025-05-19 18:03:53,749 [INFO] EP 0433 | steps:131 | reward:  73.00 | length:09 | eps:0.050
2025-05-19 18:03:53,787 [INFO] EP 0434 | steps:165 | reward:  66.40 | length:08 | eps:0.050
