2025-05-19 17:25:15,203 [INFO] ==== Training started ====
2025-05-19 17:25:15,203 [INFO] EP 0001 | steps: 028 | reward: -7.3 | eps: 0.995 | len: 2
2025-05-19 17:25:15,204 [INFO] EP 0002 | steps: 043 | reward: 4.2 | eps: 0.990 | len: 3
2025-05-19 17:25:15,205 [INFO] EP 0003 | steps: 066 | reward: -3.5 | eps: 0.985 | len: 2
2025-05-19 17:25:15,206 [INFO] Loop detected at EP 0004 after 190 steps.
2025-05-19 17:25:15,206 [INFO] EP 0004 | steps: 190 | reward: 19.0 | eps: 0.980 | len: 2
2025-05-19 17:25:15,206 [INFO] EP 0005 | steps: 080 | reward: -2.1 | eps: 0.975 | len: 2
2025-05-19 17:25:15,217 [INFO] EP 0006 | steps: 151 | reward: 5.0 | eps: 0.970 | len: 2
2025-05-19 17:25:15,218 [INFO] EP 0007 | steps: 054 | reward: -4.7 | eps: 0.966 | len: 2
2025-05-19 17:25:15,218 [INFO] EP 0008 | steps: 041 | reward: 4.0 | eps: 0.961 | len: 3
2025-05-19 17:25:15,218 [INFO] EP 0009 | steps: 119 | reward: 11.8 | eps: 0.956 | len: 3
2025-05-19 17:25:15,219 [INFO] EP 0010 | steps: 018 | reward: -8.3 | eps: 0.951 | len: 2
2025-05-19 17:25:15,219 [INFO] EP 0011 | steps: 039 | reward: -6.2 | eps: 0.946 | len: 2
2025-05-19 17:25:15,219 [INFO] EP 0012 | steps: 117 | reward: 1.6 | eps: 0.942 | len: 2
2025-05-19 17:25:15,220 [INFO] EP 0013 | steps: 065 | reward: 6.4 | eps: 0.937 | len: 3
2025-05-19 17:25:15,221 [INFO] Loop detected at EP 0014 after 214 steps.
2025-05-19 17:25:15,221 [INFO] EP 0014 | steps: 214 | reward: 31.4 | eps: 0.932 | len: 3
2025-05-19 17:25:15,221 [INFO] EP 0015 | steps: 033 | reward: -6.8 | eps: 0.928 | len: 2
2025-05-19 17:25:15,222 [INFO] EP 0016 | steps: 065 | reward: -3.6 | eps: 0.923 | len: 2
2025-05-19 17:25:15,222 [INFO] EP 0017 | steps: 072 | reward: -2.9 | eps: 0.918 | len: 2
2025-05-19 17:25:15,222 [INFO] EP 0018 | steps: 041 | reward: -6.0 | eps: 0.914 | len: 2
2025-05-19 17:25:15,222 [INFO] EP 0019 | steps: 041 | reward: -6.0 | eps: 0.909 | len: 2
2025-05-19 17:25:15,223 [INFO] EP 0020 | steps: 043 | reward: -5.8 | eps: 0.905 | len: 2
2025-05-19 17:25:15,223 [INFO] EP 0021 | steps: 082 | reward: -1.9 | eps: 0.900 | len: 2
2025-05-19 17:25:15,224 [INFO] EP 0022 | steps: 141 | reward: 4.0 | eps: 0.896 | len: 2
2025-05-19 17:25:15,225 [INFO] EP 0023 | steps: 132 | reward: 3.1 | eps: 0.891 | len: 2
2025-05-19 17:25:15,226 [INFO] EP 0024 | steps: 110 | reward: 0.9 | eps: 0.887 | len: 2
2025-05-19 17:25:15,226 [INFO] EP 0025 | steps: 026 | reward: -7.5 | eps: 0.882 | len: 2
2025-05-19 17:25:15,227 [INFO] EP 0026 | steps: 114 | reward: 11.3 | eps: 0.878 | len: 3
2025-05-19 17:25:15,227 [INFO] EP 0027 | steps: 054 | reward: -4.7 | eps: 0.873 | len: 2
2025-05-19 17:25:15,228 [INFO] EP 0028 | steps: 150 | reward: 4.9 | eps: 0.869 | len: 2
2025-05-19 17:25:15,229 [INFO] EP 0029 | steps: 146 | reward: 4.5 | eps: 0.865 | len: 2
2025-05-19 17:25:15,229 [INFO] EP 0030 | steps: 075 | reward: -2.6 | eps: 0.860 | len: 2
2025-05-19 17:25:15,230 [INFO] EP 0031 | steps: 104 | reward: 0.3 | eps: 0.856 | len: 2
2025-05-19 17:25:15,230 [INFO] EP 0032 | steps: 100 | reward: -0.1 | eps: 0.852 | len: 2
2025-05-19 17:25:15,231 [INFO] EP 0033 | steps: 146 | reward: 4.5 | eps: 0.848 | len: 2
2025-05-19 17:25:15,232 [INFO] EP 0034 | steps: 168 | reward: 6.7 | eps: 0.843 | len: 2
2025-05-19 17:25:15,232 [INFO] EP 0035 | steps: 029 | reward: -7.2 | eps: 0.839 | len: 2
2025-05-19 17:25:15,233 [INFO] Loop detected at EP 0036 after 158 steps.
2025-05-19 17:25:15,233 [INFO] EP 0036 | steps: 158 | reward: 15.8 | eps: 0.835 | len: 2
2025-05-19 17:25:15,233 [INFO] EP 0037 | steps: 033 | reward: -6.8 | eps: 0.831 | len: 2
2025-05-19 17:25:15,234 [INFO] EP 0038 | steps: 043 | reward: -5.8 | eps: 0.827 | len: 2
2025-05-19 17:25:15,234 [INFO] EP 0039 | steps: 079 | reward: -2.2 | eps: 0.822 | len: 2
2025-05-19 17:25:15,234 [INFO] EP 0040 | steps: 073 | reward: -2.8 | eps: 0.818 | len: 2
2025-05-19 17:25:15,235 [INFO] EP 0041 | steps: 063 | reward: -3.8 | eps: 0.814 | len: 2
2025-05-19 17:25:15,235 [INFO] EP 0042 | steps: 040 | reward: -6.1 | eps: 0.810 | len: 2
2025-05-19 17:25:15,236 [INFO] EP 0043 | steps: 115 | reward: 1.4 | eps: 0.806 | len: 2
2025-05-19 17:25:15,236 [INFO] EP 0044 | steps: 059 | reward: -4.2 | eps: 0.802 | len: 2
2025-05-19 17:25:15,236 [INFO] EP 0045 | steps: 053 | reward: 5.2 | eps: 0.798 | len: 3
2025-05-19 17:25:15,236 [INFO] EP 0046 | steps: 033 | reward: -6.8 | eps: 0.794 | len: 2
2025-05-19 17:25:15,237 [INFO] EP 0047 | steps: 107 | reward: 10.6 | eps: 0.790 | len: 3
2025-05-19 17:25:15,237 [INFO] EP 0048 | steps: 054 | reward: 15.3 | eps: 0.786 | len: 4
2025-05-19 17:25:15,238 [INFO] EP 0049 | steps: 018 | reward: -8.3 | eps: 0.782 | len: 2
2025-05-19 17:25:15,238 [INFO] EP 0050 | steps: 052 | reward: -4.9 | eps: 0.778 | len: 2
2025-05-19 17:25:15,239 [INFO] EP 0051 | steps: 159 | reward: 25.8 | eps: 0.774 | len: 4
2025-05-19 17:25:15,240 [INFO] EP 0052 | steps: 119 | reward: 1.8 | eps: 0.771 | len: 2
2025-05-19 17:25:15,240 [INFO] EP 0053 | steps: 038 | reward: 3.7 | eps: 0.767 | len: 3
2025-05-19 17:25:15,241 [INFO] EP 0054 | steps: 134 | reward: 3.3 | eps: 0.763 | len: 2
2025-05-19 17:25:15,241 [INFO] EP 0055 | steps: 081 | reward: 8.0 | eps: 0.759 | len: 3
2025-05-19 17:25:15,241 [INFO] EP 0056 | steps: 035 | reward: 3.4 | eps: 0.755 | len: 3
2025-05-19 17:25:15,243 [INFO] EP 0057 | steps: 279 | reward: 27.8 | eps: 0.751 | len: 3
2025-05-19 17:25:15,244 [INFO] EP 0058 | steps: 183 | reward: 8.2 | eps: 0.748 | len: 2
2025-05-19 17:25:15,244 [INFO] EP 0059 | steps: 097 | reward: 19.6 | eps: 0.744 | len: 4
2025-05-19 17:25:15,244 [INFO] EP 0060 | steps: 023 | reward: -7.8 | eps: 0.740 | len: 2
2025-05-19 17:25:15,245 [INFO] EP 0061 | steps: 133 | reward: 13.2 | eps: 0.737 | len: 3
2025-05-19 17:25:15,246 [INFO] EP 0062 | steps: 120 | reward: 11.9 | eps: 0.733 | len: 3
2025-05-19 17:25:15,246 [INFO] EP 0063 | steps: 048 | reward: -5.3 | eps: 0.729 | len: 2
2025-05-19 17:25:15,247 [INFO] EP 0064 | steps: 204 | reward: 10.3 | eps: 0.726 | len: 2
2025-05-19 17:25:15,247 [INFO] EP 0065 | steps: 015 | reward: -8.6 | eps: 0.722 | len: 2
2025-05-19 17:25:15,248 [INFO] EP 0066 | steps: 071 | reward: 17.0 | eps: 0.718 | len: 4
2025-05-19 17:25:15,248 [INFO] EP 0067 | steps: 045 | reward: 14.4 | eps: 0.715 | len: 4
2025-05-19 17:25:15,248 [INFO] EP 0068 | steps: 041 | reward: 4.0 | eps: 0.711 | len: 3
2025-05-19 17:25:15,248 [INFO] EP 0069 | steps: 023 | reward: -7.8 | eps: 0.708 | len: 2
2025-05-19 17:25:15,249 [INFO] EP 0070 | steps: 101 | reward: 10.0 | eps: 0.704 | len: 3
2025-05-19 17:25:15,249 [INFO] EP 0071 | steps: 061 | reward: 16.0 | eps: 0.701 | len: 4
2025-05-19 17:25:15,250 [INFO] EP 0072 | steps: 068 | reward: -3.3 | eps: 0.697 | len: 2
2025-05-19 17:25:15,250 [INFO] EP 0073 | steps: 050 | reward: -5.1 | eps: 0.694 | len: 2
2025-05-19 17:25:15,250 [INFO] EP 0074 | steps: 077 | reward: -2.4 | eps: 0.690 | len: 2
2025-05-19 17:25:15,251 [INFO] EP 0075 | steps: 125 | reward: 12.4 | eps: 0.687 | len: 3
2025-05-19 17:25:15,251 [INFO] EP 0076 | steps: 027 | reward: -7.4 | eps: 0.683 | len: 2
2025-05-19 17:25:15,252 [INFO] EP 0077 | steps: 139 | reward: 23.8 | eps: 0.680 | len: 4
2025-05-19 17:25:15,252 [INFO] EP 0078 | steps: 076 | reward: 17.5 | eps: 0.676 | len: 4
2025-05-19 17:25:15,253 [INFO] EP 0079 | steps: 115 | reward: 1.4 | eps: 0.673 | len: 2
2025-05-19 17:25:15,254 [INFO] EP 0080 | steps: 191 | reward: 29.0 | eps: 0.670 | len: 4
2025-05-19 17:25:15,255 [INFO] EP 0081 | steps: 168 | reward: 26.7 | eps: 0.666 | len: 4
2025-05-19 17:25:15,256 [INFO] EP 0082 | steps: 140 | reward: 23.9 | eps: 0.663 | len: 4
2025-05-19 17:25:15,256 [INFO] EP 0083 | steps: 046 | reward: 4.5 | eps: 0.660 | len: 3
2025-05-19 17:25:15,256 [INFO] EP 0084 | steps: 022 | reward: -7.9 | eps: 0.656 | len: 2
2025-05-19 17:25:15,257 [INFO] EP 0085 | steps: 043 | reward: -5.8 | eps: 0.653 | len: 2
2025-05-19 17:25:15,258 [INFO] EP 0086 | steps: 235 | reward: 23.4 | eps: 0.650 | len: 3
2025-05-19 17:25:15,258 [INFO] EP 0087 | steps: 106 | reward: 20.5 | eps: 0.647 | len: 4
2025-05-19 17:25:15,259 [INFO] EP 0088 | steps: 064 | reward: -3.7 | eps: 0.643 | len: 2
2025-05-19 17:25:15,259 [INFO] EP 0089 | steps: 042 | reward: 4.1 | eps: 0.640 | len: 3
2025-05-19 17:25:15,261 [INFO] EP 0090 | steps: 308 | reward: 40.7 | eps: 0.637 | len: 4
2025-05-19 17:25:15,261 [INFO] EP 0091 | steps: 062 | reward: -3.9 | eps: 0.634 | len: 2
2025-05-19 17:25:15,262 [INFO] EP 0092 | steps: 174 | reward: 27.3 | eps: 0.631 | len: 4
2025-05-19 17:25:15,262 [INFO] EP 0093 | steps: 046 | reward: 4.5 | eps: 0.627 | len: 3
2025-05-19 17:25:15,263 [INFO] EP 0094 | steps: 084 | reward: 8.3 | eps: 0.624 | len: 3
2025-05-19 17:25:15,263 [INFO] EP 0095 | steps: 094 | reward: -0.7 | eps: 0.621 | len: 2
2025-05-19 17:25:15,265 [INFO] EP 0096 | steps: 201 | reward: 30.0 | eps: 0.618 | len: 4
2025-05-19 17:25:15,265 [INFO] EP 0097 | steps: 032 | reward: -6.9 | eps: 0.615 | len: 2
2025-05-19 17:25:15,266 [INFO] EP 0098 | steps: 140 | reward: 23.9 | eps: 0.612 | len: 4
2025-05-19 17:25:15,267 [INFO] EP 0099 | steps: 185 | reward: 28.4 | eps: 0.609 | len: 4
2025-05-19 17:25:15,267 [INFO] EP 0100 | steps: 141 | reward: 24.0 | eps: 0.606 | len: 4
2025-05-19 17:25:16,513 [INFO] Episode 100 saved to runs\ep_0100
2025-05-19 17:25:16,514 [INFO] EP 0101 | steps: 054 | reward: -4.7 | eps: 0.603 | len: 2
2025-05-19 17:25:16,514 [INFO] EP 0102 | steps: 064 | reward: -3.7 | eps: 0.600 | len: 2
2025-05-19 17:25:16,515 [INFO] EP 0103 | steps: 090 | reward: 18.9 | eps: 0.597 | len: 4
2025-05-19 17:25:16,517 [INFO] EP 0104 | steps: 186 | reward: 38.5 | eps: 0.594 | len: 5
2025-05-19 17:25:16,518 [INFO] EP 0105 | steps: 037 | reward: -6.4 | eps: 0.591 | len: 2
2025-05-19 17:25:16,518 [INFO] EP 0106 | steps: 047 | reward: 4.6 | eps: 0.588 | len: 3
2025-05-19 17:25:16,518 [INFO] EP 0107 | steps: 064 | reward: 16.3 | eps: 0.585 | len: 4
2025-05-19 17:25:16,519 [INFO] EP 0108 | steps: 121 | reward: 22.0 | eps: 0.582 | len: 4
2025-05-19 17:25:16,520 [INFO] EP 0109 | steps: 137 | reward: 23.6 | eps: 0.579 | len: 4
2025-05-19 17:25:16,521 [INFO] EP 0110 | steps: 051 | reward: 5.0 | eps: 0.576 | len: 3
2025-05-19 17:25:16,522 [INFO] EP 0111 | steps: 149 | reward: 34.8 | eps: 0.573 | len: 5
2025-05-19 17:25:16,522 [INFO] EP 0112 | steps: 134 | reward: 23.3 | eps: 0.570 | len: 4
2025-05-19 17:25:16,523 [INFO] EP 0113 | steps: 100 | reward: 19.9 | eps: 0.568 | len: 4
2025-05-19 17:25:16,524 [INFO] EP 0114 | steps: 083 | reward: 8.2 | eps: 0.565 | len: 3
2025-05-19 17:25:16,525 [INFO] EP 0115 | steps: 217 | reward: 51.6 | eps: 0.562 | len: 6
2025-05-19 17:25:16,528 [INFO] EP 0116 | steps: 409 | reward: 60.8 | eps: 0.559 | len: 5
2025-05-19 17:25:16,528 [INFO] EP 0117 | steps: 100 | reward: 19.9 | eps: 0.556 | len: 4
2025-05-19 17:25:16,529 [INFO] EP 0118 | steps: 133 | reward: 43.2 | eps: 0.554 | len: 6
2025-05-19 17:25:16,529 [INFO] EP 0119 | steps: 049 | reward: 4.8 | eps: 0.551 | len: 3
2025-05-19 17:25:16,530 [INFO] EP 0120 | steps: 078 | reward: 7.7 | eps: 0.548 | len: 3
2025-05-19 17:25:16,530 [INFO] EP 0121 | steps: 072 | reward: 17.1 | eps: 0.545 | len: 4
2025-05-19 17:25:16,531 [INFO] EP 0122 | steps: 035 | reward: -6.6 | eps: 0.543 | len: 2
2025-05-19 17:25:16,531 [INFO] EP 0123 | steps: 025 | reward: -7.6 | eps: 0.540 | len: 2
2025-05-19 17:25:16,531 [INFO] EP 0124 | steps: 119 | reward: 31.8 | eps: 0.537 | len: 5
2025-05-19 17:25:16,532 [INFO] EP 0125 | steps: 051 | reward: -5.0 | eps: 0.534 | len: 2
2025-05-19 17:25:16,532 [INFO] EP 0126 | steps: 138 | reward: 33.7 | eps: 0.532 | len: 5
2025-05-19 17:25:16,533 [INFO] EP 0127 | steps: 115 | reward: 51.4 | eps: 0.529 | len: 7
2025-05-19 17:25:16,535 [INFO] EP 0128 | steps: 164 | reward: 26.3 | eps: 0.526 | len: 4
2025-05-19 17:25:16,535 [INFO] EP 0129 | steps: 076 | reward: 17.5 | eps: 0.524 | len: 4
2025-05-19 17:25:16,536 [INFO] EP 0130 | steps: 144 | reward: 34.3 | eps: 0.521 | len: 5
2025-05-19 17:25:16,537 [INFO] EP 0131 | steps: 102 | reward: 20.1 | eps: 0.519 | len: 4
2025-05-19 17:25:16,537 [INFO] EP 0132 | steps: 023 | reward: -7.8 | eps: 0.516 | len: 2
2025-05-19 17:25:16,537 [INFO] EP 0133 | steps: 061 | reward: 16.0 | eps: 0.513 | len: 4
2025-05-19 17:25:16,538 [INFO] EP 0134 | steps: 145 | reward: 24.4 | eps: 0.511 | len: 4
2025-05-19 17:25:16,539 [INFO] EP 0135 | steps: 111 | reward: 31.0 | eps: 0.508 | len: 5
2025-05-19 17:25:16,539 [INFO] EP 0136 | steps: 038 | reward: 3.7 | eps: 0.506 | len: 3
2025-05-19 17:25:16,539 [INFO] EP 0137 | steps: 044 | reward: -5.7 | eps: 0.503 | len: 2
2025-05-19 17:25:16,540 [INFO] EP 0138 | steps: 048 | reward: 14.7 | eps: 0.501 | len: 4
2025-05-19 17:25:16,540 [INFO] EP 0139 | steps: 095 | reward: 19.4 | eps: 0.498 | len: 4
2025-05-19 17:25:16,541 [INFO] EP 0140 | steps: 110 | reward: 20.9 | eps: 0.496 | len: 4
2025-05-19 17:25:16,542 [INFO] EP 0141 | steps: 150 | reward: 24.9 | eps: 0.493 | len: 4
2025-05-19 17:25:16,542 [INFO] EP 0142 | steps: 062 | reward: 6.1 | eps: 0.491 | len: 3
2025-05-19 17:25:16,542 [INFO] EP 0143 | steps: 039 | reward: 13.8 | eps: 0.488 | len: 4
2025-05-19 17:25:16,543 [INFO] EP 0144 | steps: 053 | reward: 15.2 | eps: 0.486 | len: 4
2025-05-19 17:25:16,543 [INFO] EP 0145 | steps: 057 | reward: 15.6 | eps: 0.483 | len: 4
2025-05-19 17:25:16,543 [INFO] EP 0146 | steps: 074 | reward: 7.3 | eps: 0.481 | len: 3
2025-05-19 17:25:16,544 [INFO] EP 0147 | steps: 111 | reward: 11.0 | eps: 0.479 | len: 3
2025-05-19 17:25:16,544 [INFO] EP 0148 | steps: 043 | reward: 4.2 | eps: 0.476 | len: 3
2025-05-19 17:25:16,545 [INFO] EP 0149 | steps: 064 | reward: 26.3 | eps: 0.474 | len: 5
2025-05-19 17:25:16,545 [INFO] EP 0150 | steps: 063 | reward: 6.2 | eps: 0.471 | len: 3
2025-05-19 17:25:16,546 [INFO] EP 0151 | steps: 068 | reward: 26.7 | eps: 0.469 | len: 5
2025-05-19 17:25:16,546 [INFO] EP 0152 | steps: 033 | reward: 3.2 | eps: 0.467 | len: 3
2025-05-19 17:25:16,546 [INFO] EP 0153 | steps: 091 | reward: 19.0 | eps: 0.464 | len: 4
2025-05-19 17:25:16,547 [INFO] EP 0154 | steps: 048 | reward: -5.3 | eps: 0.462 | len: 2
2025-05-19 17:25:16,547 [INFO] EP 0155 | steps: 016 | reward: -8.5 | eps: 0.460 | len: 2
2025-05-19 17:25:16,547 [INFO] EP 0156 | steps: 033 | reward: -6.8 | eps: 0.458 | len: 2
2025-05-19 17:25:16,547 [INFO] EP 0157 | steps: 017 | reward: 1.6 | eps: 0.455 | len: 3
2025-05-19 17:25:16,548 [INFO] EP 0158 | steps: 096 | reward: 39.5 | eps: 0.453 | len: 6
2025-05-19 17:25:16,548 [INFO] EP 0159 | steps: 090 | reward: 18.9 | eps: 0.451 | len: 4
2025-05-19 17:25:16,549 [INFO] EP 0160 | steps: 203 | reward: 40.2 | eps: 0.448 | len: 5
2025-05-19 17:25:16,550 [INFO] EP 0161 | steps: 025 | reward: -7.6 | eps: 0.446 | len: 2
2025-05-19 17:25:16,550 [INFO] EP 0162 | steps: 068 | reward: 16.7 | eps: 0.444 | len: 4
2025-05-19 17:25:16,551 [INFO] EP 0163 | steps: 070 | reward: 16.9 | eps: 0.442 | len: 4
2025-05-19 17:25:16,551 [INFO] EP 0164 | steps: 030 | reward: 12.9 | eps: 0.440 | len: 4
2025-05-19 17:25:16,551 [INFO] EP 0165 | steps: 038 | reward: 3.7 | eps: 0.437 | len: 3
2025-05-19 17:25:16,552 [INFO] EP 0166 | steps: 058 | reward: 15.7 | eps: 0.435 | len: 4
2025-05-19 17:25:16,552 [INFO] EP 0167 | steps: 030 | reward: 12.9 | eps: 0.433 | len: 4
2025-05-19 17:25:16,552 [INFO] EP 0168 | steps: 036 | reward: 3.5 | eps: 0.431 | len: 3
2025-05-19 17:25:16,553 [INFO] EP 0169 | steps: 115 | reward: 21.4 | eps: 0.429 | len: 4
2025-05-19 17:25:16,553 [INFO] EP 0170 | steps: 034 | reward: 3.3 | eps: 0.427 | len: 3
2025-05-19 17:25:16,553 [INFO] EP 0171 | steps: 061 | reward: 16.0 | eps: 0.424 | len: 4
2025-05-19 17:25:16,554 [INFO] EP 0172 | steps: 026 | reward: -7.5 | eps: 0.422 | len: 2
2025-05-19 17:25:16,554 [INFO] EP 0173 | steps: 034 | reward: -6.7 | eps: 0.420 | len: 2
2025-05-19 17:25:16,554 [INFO] EP 0174 | steps: 055 | reward: 25.4 | eps: 0.418 | len: 5
2025-05-19 17:25:16,555 [INFO] EP 0175 | steps: 093 | reward: 39.2 | eps: 0.416 | len: 6
2025-05-19 17:25:16,555 [INFO] EP 0176 | steps: 015 | reward: -8.6 | eps: 0.414 | len: 2
2025-05-19 17:25:16,555 [INFO] EP 0177 | steps: 065 | reward: 16.4 | eps: 0.412 | len: 4
2025-05-19 17:25:16,556 [INFO] EP 0178 | steps: 062 | reward: 16.1 | eps: 0.410 | len: 4
2025-05-19 17:25:16,556 [INFO] EP 0179 | steps: 119 | reward: 31.8 | eps: 0.408 | len: 5
2025-05-19 17:25:16,558 [INFO] EP 0180 | steps: 218 | reward: 71.7 | eps: 0.406 | len: 8
2025-05-19 17:25:16,559 [INFO] EP 0181 | steps: 093 | reward: 19.2 | eps: 0.404 | len: 4
2025-05-19 17:25:16,560 [INFO] EP 0182 | steps: 084 | reward: 28.3 | eps: 0.402 | len: 5
2025-05-19 17:25:16,560 [INFO] EP 0183 | steps: 110 | reward: 40.9 | eps: 0.400 | len: 6
2025-05-19 17:25:16,562 [INFO] EP 0184 | steps: 167 | reward: 66.6 | eps: 0.398 | len: 8
2025-05-19 17:25:16,562 [INFO] EP 0185 | steps: 051 | reward: 15.0 | eps: 0.396 | len: 4
2025-05-19 17:25:16,563 [INFO] EP 0186 | steps: 079 | reward: 27.8 | eps: 0.394 | len: 5
2025-05-19 17:25:16,564 [INFO] EP 0187 | steps: 055 | reward: 5.4 | eps: 0.392 | len: 3
2025-05-19 17:25:16,565 [INFO] EP 0188 | steps: 120 | reward: 51.9 | eps: 0.390 | len: 7
2025-05-19 17:25:16,566 [INFO] EP 0189 | steps: 102 | reward: 30.1 | eps: 0.388 | len: 5
2025-05-19 17:25:16,566 [INFO] EP 0190 | steps: 053 | reward: 25.2 | eps: 0.386 | len: 5
2025-05-19 17:25:16,567 [INFO] EP 0191 | steps: 087 | reward: 28.6 | eps: 0.384 | len: 5
2025-05-19 17:25:16,567 [INFO] EP 0192 | steps: 043 | reward: 14.2 | eps: 0.382 | len: 4
2025-05-19 17:25:16,569 [INFO] EP 0193 | steps: 185 | reward: 18.4 | eps: 0.380 | len: 3
2025-05-19 17:25:16,570 [INFO] EP 0194 | steps: 087 | reward: 18.6 | eps: 0.378 | len: 4
2025-05-19 17:25:16,570 [INFO] EP 0195 | steps: 105 | reward: 30.4 | eps: 0.376 | len: 5
2025-05-19 17:25:16,571 [INFO] EP 0196 | steps: 041 | reward: 4.0 | eps: 0.374 | len: 3
2025-05-19 17:25:16,571 [INFO] EP 0197 | steps: 020 | reward: 1.9 | eps: 0.373 | len: 3
2025-05-19 17:25:16,571 [INFO] EP 0198 | steps: 041 | reward: -6.0 | eps: 0.371 | len: 2
2025-05-19 17:25:16,572 [INFO] EP 0199 | steps: 034 | reward: -6.7 | eps: 0.369 | len: 2
2025-05-19 17:25:16,572 [INFO] EP 0200 | steps: 023 | reward: -7.8 | eps: 0.367 | len: 2
2025-05-19 17:25:21,792 [INFO] Episode 200 saved to runs\ep_0200
2025-05-19 17:25:21,793 [INFO] EP 0201 | steps: 029 | reward: 2.8 | eps: 0.365 | len: 3
2025-05-19 17:25:21,793 [INFO] EP 0202 | steps: 080 | reward: 27.9 | eps: 0.363 | len: 5
2025-05-19 17:25:21,794 [INFO] EP 0203 | steps: 024 | reward: -7.7 | eps: 0.361 | len: 2
2025-05-19 17:25:21,794 [INFO] EP 0204 | steps: 026 | reward: 12.5 | eps: 0.360 | len: 4
2025-05-19 17:25:21,795 [INFO] EP 0205 | steps: 081 | reward: 18.0 | eps: 0.358 | len: 4
2025-05-19 17:25:21,795 [INFO] EP 0206 | steps: 062 | reward: 26.1 | eps: 0.356 | len: 5
2025-05-19 17:25:21,796 [INFO] EP 0207 | steps: 076 | reward: 47.5 | eps: 0.354 | len: 7
2025-05-19 17:25:21,797 [INFO] EP 0208 | steps: 169 | reward: 16.8 | eps: 0.353 | len: 3
2025-05-19 17:25:21,798 [INFO] EP 0209 | steps: 170 | reward: 26.9 | eps: 0.351 | len: 4
2025-05-19 17:25:21,798 [INFO] EP 0210 | steps: 032 | reward: 3.1 | eps: 0.349 | len: 3
2025-05-19 17:25:21,798 [INFO] EP 0211 | steps: 043 | reward: 4.2 | eps: 0.347 | len: 3
2025-05-19 17:25:21,799 [INFO] EP 0212 | steps: 092 | reward: 39.1 | eps: 0.346 | len: 6
2025-05-19 17:25:21,799 [INFO] EP 0213 | steps: 064 | reward: 16.3 | eps: 0.344 | len: 4
2025-05-19 17:25:21,799 [INFO] EP 0214 | steps: 031 | reward: 13.0 | eps: 0.342 | len: 4
2025-05-19 17:25:21,800 [INFO] EP 0215 | steps: 117 | reward: 31.6 | eps: 0.340 | len: 5
2025-05-19 17:25:21,801 [INFO] EP 0216 | steps: 030 | reward: 2.9 | eps: 0.339 | len: 3
2025-05-19 17:25:21,802 [INFO] EP 0217 | steps: 111 | reward: 21.0 | eps: 0.337 | len: 4
2025-05-19 17:25:21,802 [INFO] EP 0218 | steps: 052 | reward: 15.1 | eps: 0.335 | len: 4
2025-05-19 17:25:21,802 [INFO] EP 0219 | steps: 030 | reward: 2.9 | eps: 0.334 | len: 3
2025-05-19 17:25:21,802 [INFO] EP 0220 | steps: 026 | reward: -7.5 | eps: 0.332 | len: 2
2025-05-19 17:25:21,803 [INFO] EP 0221 | steps: 081 | reward: 38.0 | eps: 0.330 | len: 6
2025-05-19 17:25:21,804 [INFO] EP 0222 | steps: 045 | reward: 24.4 | eps: 0.329 | len: 5
2025-05-19 17:25:21,804 [INFO] EP 0223 | steps: 051 | reward: 25.0 | eps: 0.327 | len: 5
2025-05-19 17:25:21,805 [INFO] EP 0224 | steps: 034 | reward: 13.3 | eps: 0.325 | len: 4
2025-05-19 17:25:21,806 [INFO] EP 0225 | steps: 124 | reward: 52.3 | eps: 0.324 | len: 7
2025-05-19 17:25:21,807 [INFO] EP 0226 | steps: 042 | reward: 4.1 | eps: 0.322 | len: 3
2025-05-19 17:25:21,809 [INFO] EP 0227 | steps: 183 | reward: 78.2 | eps: 0.321 | len: 9
2025-05-19 17:25:21,811 [INFO] EP 0228 | steps: 144 | reward: 64.3 | eps: 0.319 | len: 8
2025-05-19 17:25:21,813 [INFO] EP 0229 | steps: 129 | reward: 42.8 | eps: 0.317 | len: 6
2025-05-19 17:25:21,813 [INFO] EP 0230 | steps: 058 | reward: 25.7 | eps: 0.316 | len: 5
2025-05-19 17:25:21,814 [INFO] EP 0231 | steps: 099 | reward: 29.8 | eps: 0.314 | len: 5
2025-05-19 17:25:21,815 [INFO] EP 0232 | steps: 137 | reward: 33.6 | eps: 0.313 | len: 5
2025-05-19 17:25:21,816 [INFO] EP 0233 | steps: 076 | reward: 17.5 | eps: 0.311 | len: 4
2025-05-19 17:25:21,817 [INFO] EP 0234 | steps: 078 | reward: 27.7 | eps: 0.309 | len: 5
2025-05-19 17:25:21,818 [INFO] EP 0235 | steps: 081 | reward: 18.0 | eps: 0.308 | len: 4
2025-05-19 17:25:21,818 [INFO] EP 0236 | steps: 065 | reward: 16.4 | eps: 0.306 | len: 4
2025-05-19 17:25:21,819 [INFO] EP 0237 | steps: 105 | reward: 60.4 | eps: 0.305 | len: 8
2025-05-19 17:25:21,820 [INFO] EP 0238 | steps: 060 | reward: 15.9 | eps: 0.303 | len: 4
2025-05-19 17:25:21,820 [INFO] EP 0239 | steps: 051 | reward: 25.0 | eps: 0.302 | len: 5
2025-05-19 17:25:21,822 [INFO] EP 0240 | steps: 127 | reward: 22.6 | eps: 0.300 | len: 4
2025-05-19 17:25:21,822 [INFO] EP 0241 | steps: 099 | reward: 49.8 | eps: 0.299 | len: 7
2025-05-19 17:25:21,823 [INFO] EP 0242 | steps: 023 | reward: -7.8 | eps: 0.297 | len: 2
2025-05-19 17:25:21,823 [INFO] EP 0243 | steps: 117 | reward: 41.6 | eps: 0.296 | len: 6
2025-05-19 17:25:21,824 [INFO] EP 0244 | steps: 111 | reward: 41.0 | eps: 0.294 | len: 6
2025-05-19 17:25:21,825 [INFO] EP 0245 | steps: 119 | reward: 41.8 | eps: 0.293 | len: 6
2025-05-19 17:25:21,826 [INFO] EP 0246 | steps: 158 | reward: 45.7 | eps: 0.291 | len: 6
2025-05-19 17:25:21,826 [INFO] EP 0247 | steps: 067 | reward: 16.6 | eps: 0.290 | len: 4
2025-05-19 17:25:21,827 [INFO] EP 0248 | steps: 129 | reward: 42.8 | eps: 0.288 | len: 6
2025-05-19 17:25:21,827 [INFO] EP 0249 | steps: 071 | reward: 37.0 | eps: 0.287 | len: 6
2025-05-19 17:25:21,829 [INFO] EP 0250 | steps: 217 | reward: 101.6 | eps: 0.286 | len: 11
2025-05-19 17:25:21,830 [INFO] EP 0251 | steps: 154 | reward: 65.3 | eps: 0.284 | len: 8
2025-05-19 17:25:21,830 [INFO] EP 0252 | steps: 035 | reward: 13.4 | eps: 0.283 | len: 4
2025-05-19 17:25:21,831 [INFO] EP 0253 | steps: 097 | reward: 29.6 | eps: 0.281 | len: 5
2025-05-19 17:25:21,831 [INFO] EP 0254 | steps: 071 | reward: 27.0 | eps: 0.280 | len: 5
2025-05-19 17:25:21,832 [INFO] EP 0255 | steps: 103 | reward: 40.2 | eps: 0.279 | len: 6
2025-05-19 17:25:21,832 [INFO] EP 0256 | steps: 020 | reward: -8.1 | eps: 0.277 | len: 2
2025-05-19 17:25:21,833 [INFO] EP 0257 | steps: 069 | reward: 36.8 | eps: 0.276 | len: 6
2025-05-19 17:25:21,833 [INFO] EP 0258 | steps: 034 | reward: 3.3 | eps: 0.274 | len: 3
2025-05-19 17:25:21,833 [INFO] EP 0259 | steps: 112 | reward: 51.1 | eps: 0.273 | len: 7
2025-05-19 17:25:21,834 [INFO] EP 0260 | steps: 054 | reward: 35.3 | eps: 0.272 | len: 6
2025-05-19 17:25:21,834 [INFO] EP 0261 | steps: 050 | reward: 34.9 | eps: 0.270 | len: 6
2025-05-19 17:25:21,835 [INFO] EP 0262 | steps: 067 | reward: 16.6 | eps: 0.269 | len: 4
2025-05-19 17:25:21,835 [INFO] EP 0263 | steps: 027 | reward: 12.6 | eps: 0.268 | len: 4
2025-05-19 17:25:21,835 [INFO] EP 0264 | steps: 067 | reward: 26.6 | eps: 0.266 | len: 5
2025-05-19 17:25:21,836 [INFO] EP 0265 | steps: 072 | reward: 17.1 | eps: 0.265 | len: 4
2025-05-19 17:25:21,836 [INFO] EP 0266 | steps: 022 | reward: 2.1 | eps: 0.264 | len: 3
2025-05-19 17:25:21,836 [INFO] EP 0267 | steps: 088 | reward: 58.7 | eps: 0.262 | len: 8
2025-05-19 17:25:21,837 [INFO] EP 0268 | steps: 175 | reward: 27.4 | eps: 0.261 | len: 4
2025-05-19 17:25:21,837 [INFO] EP 0269 | steps: 032 | reward: -6.9 | eps: 0.260 | len: 2
2025-05-19 17:25:21,838 [INFO] EP 0270 | steps: 075 | reward: 27.4 | eps: 0.258 | len: 5
2025-05-19 17:25:21,839 [INFO] EP 0271 | steps: 133 | reward: 63.2 | eps: 0.257 | len: 8
2025-05-19 17:25:21,839 [INFO] EP 0272 | steps: 020 | reward: -8.1 | eps: 0.256 | len: 2
2025-05-19 17:25:21,839 [INFO] EP 0273 | steps: 096 | reward: 39.5 | eps: 0.255 | len: 6
2025-05-19 17:25:21,840 [INFO] EP 0274 | steps: 022 | reward: -7.9 | eps: 0.253 | len: 2
2025-05-19 17:25:21,840 [INFO] EP 0275 | steps: 069 | reward: 26.8 | eps: 0.252 | len: 5
2025-05-19 17:25:21,840 [INFO] EP 0276 | steps: 077 | reward: 27.6 | eps: 0.251 | len: 5
2025-05-19 17:25:21,841 [INFO] EP 0277 | steps: 109 | reward: 30.8 | eps: 0.249 | len: 5
2025-05-19 17:25:21,841 [INFO] EP 0278 | steps: 064 | reward: 16.3 | eps: 0.248 | len: 4
2025-05-19 17:25:21,842 [INFO] EP 0279 | steps: 073 | reward: 17.2 | eps: 0.247 | len: 4
2025-05-19 17:25:21,842 [INFO] EP 0280 | steps: 038 | reward: 23.7 | eps: 0.246 | len: 5
2025-05-19 17:25:21,843 [INFO] EP 0281 | steps: 121 | reward: 42.0 | eps: 0.245 | len: 6
2025-05-19 17:25:21,843 [INFO] EP 0282 | steps: 020 | reward: -8.1 | eps: 0.243 | len: 2
2025-05-19 17:25:21,843 [INFO] EP 0283 | steps: 014 | reward: -8.7 | eps: 0.242 | len: 2
2025-05-19 17:25:21,843 [INFO] EP 0284 | steps: 050 | reward: 4.9 | eps: 0.241 | len: 3
2025-05-19 17:25:21,844 [INFO] EP 0285 | steps: 072 | reward: 37.1 | eps: 0.240 | len: 6
2025-05-19 17:25:21,844 [INFO] EP 0286 | steps: 082 | reward: 18.1 | eps: 0.238 | len: 4
2025-05-19 17:25:21,845 [INFO] EP 0287 | steps: 093 | reward: 39.2 | eps: 0.237 | len: 6
2025-05-19 17:25:21,846 [INFO] EP 0288 | steps: 107 | reward: 40.6 | eps: 0.236 | len: 6
2025-05-19 17:25:21,846 [INFO] EP 0289 | steps: 051 | reward: 5.0 | eps: 0.235 | len: 3
2025-05-19 17:25:21,846 [INFO] EP 0290 | steps: 029 | reward: -7.2 | eps: 0.234 | len: 2
2025-05-19 17:25:21,847 [INFO] EP 0291 | steps: 103 | reward: 60.2 | eps: 0.233 | len: 8
2025-05-19 17:25:21,847 [INFO] EP 0292 | steps: 079 | reward: 27.8 | eps: 0.231 | len: 5
2025-05-19 17:25:21,848 [INFO] EP 0293 | steps: 135 | reward: 53.4 | eps: 0.230 | len: 7
2025-05-19 17:25:21,849 [INFO] EP 0294 | steps: 191 | reward: 79.0 | eps: 0.229 | len: 9
2025-05-19 17:25:21,850 [INFO] EP 0295 | steps: 063 | reward: 26.2 | eps: 0.228 | len: 5
2025-05-19 17:25:21,850 [INFO] EP 0296 | steps: 112 | reward: 41.1 | eps: 0.227 | len: 6
2025-05-19 17:25:21,851 [INFO] EP 0297 | steps: 043 | reward: 14.2 | eps: 0.226 | len: 4
2025-05-19 17:25:21,852 [INFO] EP 0298 | steps: 149 | reward: 54.8 | eps: 0.225 | len: 7
2025-05-19 17:25:21,852 [INFO] EP 0299 | steps: 092 | reward: 19.1 | eps: 0.223 | len: 4
2025-05-19 17:25:21,852 [INFO] EP 0300 | steps: 047 | reward: 14.6 | eps: 0.222 | len: 4
